Event 20080918194353069 Model scak_072 FM  230 42.387215  -20 Mw 4.80 rms 8.869e-05   420 ERR   0   0   0 ISO   0.000000 0.00 CLVD 0.00 0.00 VR 28.9 data2 1.052e-04
# Hypocenter_sac_header elat 5.950290e+01 elon -1.527928e+02 edep 9.015180e+01
# tensor = 1.995e+23 -0.4240 -0.2777  0.4223  0.7646  0.5517 -0.3406
# norm L1    # Pwin 15 Swin 120    # N 30 Np 30 Ns 0
BRLK_AK   110.0/-0.00 1   0.41 88 -0.22  0.46 2.48e-09 1.57e-09 1   0.77 49 -0.22  0.49 1.95e-09 1.20e-09 0   2.57 53 -10.00 -1.32 7.83e-10 2.93e-09 0   4.56 49 -10.00  1.02 4.53e-09 1.63e-09 0   3.95 70  6.74  0.49 4.80e-09 2.94e-09 0 0
SOLD_YV   143.5/-0.00 1   3.22 65  2.36  0.31 1.02e-08 7.46e-09 1   4.31 13  2.36  0.42 9.04e-09 5.94e-09 0   2.09 54 -10.00 -0.67 1.22e-09 2.39e-09 0   2.77  2 -10.00 -0.38 1.54e-09 2.25e-09 0   1.96 65  2.90  0.07 2.46e-09 2.29e-09 0 0
NSKI_YV   154.3/-0.00 1   2.35 66  1.58 -0.11 7.53e-09 8.39e-09 0   5.88 24  1.58  0.50 1.12e-08 6.78e-09 0   2.95  0  7.78 -0.54 1.28e-09 2.19e-09 0   4.94 82  7.78  0.75 4.85e-09 2.30e-09 0   2.98 45  1.94  0.53 2.77e-09 1.64e-09 0 0
KAKN_AV   187.6/-0.00 1   1.18 56 -1.18  0.70 3.51e-09 1.75e-09 0   1.53 54 -1.18  1.10 4.45e-09 1.48e-09 0   2.26 25  8.28 -0.50 1.21e-09 2.01e-09 0   1.16 68  8.28 -0.13 1.26e-09 1.44e-09 0   2.14 40 -2.40 -0.93 8.89e-10 2.25e-09 0 0
MPEN_YV   188.0/-0.00 1   3.02 67  1.48  0.52 8.28e-09 4.94e-09 1   3.13  0  1.48  0.34 5.79e-09 4.14e-09 0   2.29  0 -3.72 -1.21 5.92e-10 1.99e-09 0   2.28 27 -3.72 -0.07 1.76e-09 1.90e-09 0   1.98 41  1.18 -0.59 1.16e-09 2.10e-09 0 0
RUSS_YV   189.2/-0.00 1   1.20 50 -1.56  0.35 3.15e-09 2.21e-09 1   0.85 54 -1.56  0.31 2.55e-09 1.86e-09 0   2.31  0 -3.60 -1.53 4.28e-10 1.97e-09 0   2.41 35 -3.60 -0.11 1.60e-09 1.79e-09 0   3.96 38  4.06  0.25 3.13e-09 2.43e-09 0 0
KDAK_II   192.0/-0.00 1   1.62 41 -0.10  0.30 3.79e-09 2.81e-09 1   1.28 56 -0.10  0.22 2.94e-09 2.35e-09 0   0.93 67  7.20 -1.24 3.11e-10 1.07e-09 0   1.09 55  7.20  0.84 1.20e-09 5.20e-10 0   0.65 94  1.40 -0.69 6.34e-10 1.26e-09 0 0
SPCG_AV   203.7/-0.00 1   0.95 92 -0.02 -0.26 5.66e-09 7.30e-09 1   1.38 90 -0.02  0.25 7.94e-09 6.17e-09 0   3.78 60  2.16  0.85 3.47e-09 1.49e-09 0   2.80 70  2.16  0.49 2.65e-09 1.63e-09 0   5.68 23  5.78  2.84 4.35e-09 2.54e-10 0 0
LSUM_YV   225.6/-0.00 1   1.11 30  0.82  0.79 2.26e-09 1.02e-09 1   1.29 51  0.82  1.24 3.08e-09 8.96e-10 0   1.97  0 -3.86 -1.74 2.55e-10 1.45e-09 0   1.41 63 -3.86 -0.48 1.05e-09 1.70e-09 0   1.78 66  2.38 -0.80 9.26e-10 2.07e-09 0 0
HOPE_YV   234.0/-0.00 1   1.25 44  0.82  0.27 2.75e-09 2.10e-09 1   1.09 41  0.82  0.41 2.75e-09 1.82e-09 0   1.96  0 -4.20 -1.63 2.90e-10 1.48e-09 0   2.44 43 -4.20  0.18 2.01e-09 1.68e-09 0   7.21 19 10.00  1.10 5.76e-09 1.92e-09 0 0
FIB_AK    234.9/-0.00 1   4.37 55  1.08  1.02 1.20e-08 4.34e-09 1   5.37 48  1.08  1.05 1.07e-08 3.72e-09 0   3.78 55  4.36  0.85 3.58e-09 1.53e-09 0   4.22  0  4.36  0.58 2.97e-09 1.66e-09 0   4.35 49 -10.00  0.94 3.99e-09 1.56e-09 0 0
RC01_AK   244.4/-0.00 1   0.62 81  0.84 -0.18 2.54e-09 3.04e-09 1   0.95 65  0.84 -0.18 2.20e-09 2.62e-09 0   2.00  0 -4.30 -1.43 3.63e-10 1.51e-09 0   1.27 71 -4.30 -0.71 8.12e-10 1.65e-09 0   1.55 59  3.86 -0.76 7.95e-10 1.70e-09 0 0
SSN_AK    245.7/-0.00 1   1.46 88  1.06  0.46 8.66e-09 5.47e-09 1   2.37 79  1.06  0.66 9.09e-09 4.71e-09 0   1.92  0 -6.84 -0.91 5.92e-10 1.48e-09 0   1.17 75 -6.84 -0.11 1.40e-09 1.57e-09 0   2.83 58  0.72  1.05 2.82e-09 9.87e-10 0 0
TUPA_YV   247.2/-0.00 1   0.61 38  0.82  0.61 1.34e-09 7.23e-10 1   0.97 30  0.82  1.08 1.94e-09 6.63e-10 0   1.82  5 -5.08 -1.75 2.67e-10 1.54e-09 0   1.22 73 -5.08 -0.79 7.37e-10 1.62e-09 0   2.62 21  0.48 -0.21 1.52e-09 1.86e-09 0 0
OHAK_AT   255.6/-0.00 1   1.51 47  1.56  0.13 4.53e-09 3.99e-09 1   1.53 26  1.56 -0.08 3.15e-09 3.42e-09 0   1.48  0  0.12 -1.05 3.59e-10 1.03e-09 0   3.46 77  0.12  1.52 3.94e-09 8.62e-10 0   4.75 58 10.00  1.96 4.08e-09 5.74e-10 0 0
ALPI_YV   264.3/-0.00 1   0.71 71 -2.24 -0.21 2.26e-09 2.78e-09 1   1.74 36 -2.24  0.58 4.28e-09 2.40e-09 0   1.83 12 -2.34 -1.10 5.21e-10 1.57e-09 0   1.55 43 -2.34 -0.78 7.32e-10 1.59e-09 0   1.42 62  4.78 -0.64 7.96e-10 1.51e-09 0 0
BLAK_YV   281.3/-0.00 1   1.50 46 -1.52  1.14 3.42e-09 1.09e-09 1   0.68 14 -1.52  0.50 1.57e-09 9.48e-10 0   1.57 41 -3.58 -1.25 4.76e-10 1.66e-09 0   2.54  0 -3.58 -0.32 1.11e-09 1.53e-09 0   3.34 10  0.58  0.57 2.71e-09 1.53e-09 0 0
BIGB_YV   284.3/-0.00 1   3.09 38  0.94  0.67 7.15e-09 3.65e-09 1   2.04  5  0.94  0.43 4.86e-09 3.16e-09 0   2.12  0 -6.70 -0.67 8.05e-10 1.58e-09 0   2.07 33 -6.70 -0.11 1.40e-09 1.56e-09 0   1.61 34 10.00  0.12 1.29e-09 1.14e-09 0 0
SKN_AK    284.4/-0.00 1   0.55 95  0.70 -0.13 4.55e-09 5.21e-09 1   0.77 86  0.70 -0.20 3.70e-09 4.51e-09 0   1.26 54 -1.30 -0.60 7.24e-10 1.32e-09 0   1.33 50 -1.30 -0.37 9.46e-10 1.37e-09 0   0.96 20  1.20  0.60 7.14e-10 3.91e-10 0 0
PERI_YV   300.8/-0.00 1   1.68  0  0.58  0.63 3.86e-09 2.05e-09 1   3.28 48  0.58  1.34 6.76e-09 1.77e-09 0   1.48 56  0.20 -1.35 4.38e-10 1.70e-09 0   3.01 39  0.20  0.35 2.20e-09 1.55e-09 0   1.90 27 -10.00 -0.58 8.28e-10 1.49e-09 0 0
KASH_YV   301.8/-0.00 1   3.15 62  1.30  0.93 1.02e-08 4.01e-09 1   5.89 47  1.30  1.63 1.77e-08 3.46e-09 0   1.38 55 -1.88 -0.80 7.03e-10 1.56e-09 0   1.84 17 -1.88 -0.47 9.53e-10 1.53e-09 0   1.49 10 10.00  0.15 1.01e-09 8.64e-10 0 0
PMR_AT    307.4/-0.00 1   1.01 52  0.34  0.05 2.49e-09 2.37e-09 1   1.14 21  0.34  0.12 2.32e-09 2.05e-09 0   1.29 73  0.90 -1.11 5.46e-10 1.66e-09 0   1.80  7  0.90 -0.88 6.58e-10 1.58e-09 0   1.28 58  5.56 -0.53 7.23e-10 1.23e-09 0 0
PPLA_AK   379.5/-0.00 1   1.31 88  1.12  0.61 6.24e-09 3.38e-09 1   1.61 79  1.12  0.86 6.91e-09 2.92e-09 0   1.67  0 -10.00 -0.57 6.83e-10 1.21e-09 0   4.08 52 -10.00  0.95 3.04e-09 1.17e-09 0   2.14 34 10.00  0.88 1.66e-09 6.84e-10 0 0
VMT_PS    396.2/-0.00 1   2.57 36  1.30  1.12 6.95e-09 2.26e-09 0   0.92 75  1.30  0.37 2.85e-09 1.96e-09 0   1.23 94 -2.70 -1.22 5.18e-10 1.76e-09 0   1.46 58 -2.70 -1.63 3.30e-10 1.68e-09 0   1.45 57  2.16 -1.76 2.74e-10 1.59e-09 0 0
TRF_AK    459.6/-0.00 1   0.73 84  0.30  0.45 4.05e-09 2.58e-09 1   1.57 84  0.30  1.14 6.90e-09 2.21e-09 0   1.04 66  0.22 -0.98 5.22e-10 1.40e-09 0   1.80 66  0.22  0.30 1.69e-09 1.25e-09 0   1.23 35  1.74  0.74 8.58e-10 4.11e-10 0 0
PS12_PS   473.9/-0.00 1   1.39 26  1.74  0.66 3.72e-09 1.92e-09 1   1.58 72  1.74  1.08 4.84e-09 1.64e-09 0   1.74 12 -8.96 -1.13 5.53e-10 1.71e-09 0   1.36 46 -8.96 -0.90 6.33e-10 1.56e-09 0   1.68  6 10.00 -1.03 5.58e-10 1.57e-09 0 0
RND_AK    482.6/-0.00 1   0.81 42 -1.96 -0.10 1.84e-09 2.03e-09 1   1.38 37 -1.96  0.50 2.86e-09 1.73e-09 0   1.31 39  1.20 -1.35 3.87e-10 1.50e-09 0   1.19 44  1.20 -0.80 5.88e-10 1.31e-09 0   1.57 27 10.00  0.70 1.34e-09 6.63e-10 0 0
CHUM_AK   488.7/-0.00 1   1.62 83  0.30  1.10 6.66e-09 2.21e-09 1   1.70 85  0.30  1.29 6.85e-09 1.88e-09 0   1.13 67  1.98  0.18 1.31e-09 1.10e-09 0   1.79  0  1.98  0.29 1.28e-09 9.63e-10 0   2.40 12  5.18  0.81 1.69e-09 7.49e-10 0 0
PS11_PS   490.7/-0.00 0   6.75 48 -0.28  2.76 1.30e-08 8.23e-10 1   4.49 33 -0.28  2.56 9.09e-09 7.03e-10 0   1.51 58 -1.08 -2.38 1.54e-10 1.66e-09 0   1.12 68 -1.08 -0.91 6.05e-10 1.51e-09 0   1.37 39  8.14 -1.07 5.18e-10 1.51e-09 0 0
DHY_AK    492.4/-0.00 1   0.79 50  0.12  0.69 2.37e-09 1.19e-09 1   1.03  0  0.12  0.61 1.89e-09 1.03e-09 0   1.37 53 -7.02 -1.85 2.48e-10 1.58e-09 0   5.15  0 -7.02  1.07 4.04e-09 1.39e-09 0   4.81 24  9.00  1.00 2.85e-09 1.05e-09 0 0
INPUT_PAR scak_72 P_win 15 S_win 120 P 3e-8 p 2 NCOM 5 spiB 20 spiS 60 Body:2.00-5.00. Surf:16.67-40.00 FMT false
