Event 20090407201255351 Model 20090407201255351_scak_041 FM  207 47.583485  -78 Mw 4.50 rms 9.263e-07  4003 CLVD 0.00 ISO   0.000000 VR 45.7 data2 1.257e-06
# Hypocenter_sac_header elat 6.145420e+01 elon -1.497428e+02 edep 3.900000e+01
# tensor = 7.079e+22  0.0830 -0.3118  0.1641  0.8915 -0.0140 -0.9745
# norm L1    # Pwin 15 Swin 120    # N 24 Np 38 Ns 62
20090407201255351.YV.BIGB..BH  15.9/-0.00 1   5.02 84 -0.66  1.11 5.03e-04 1.66e-04 1   2.17  0 -0.66  1.19 1.57e-04 4.78e-05 1   0.61 97 -0.58  0.16 4.97e-04 4.21e-04 1   0.20 97 -0.58 -0.11 1.96e-04 2.19e-04 0   0.00 93 -3.92 -0.55 2.90e-05 5.01e-05 0 0
20090407201255351.AT.PMR..BH  36.0/-0.00 1   4.49 34 -1.02  2.02 5.22e-04 6.95e-05 1   6.82  7 -1.02  2.46 7.55e-04 6.46e-05 1   0.35 95  0.62  0.07 2.60e-04 2.42e-04 1   0.24 97  0.62  0.03 2.48e-04 2.41e-04 1   0.21 96  1.24  0.15 1.76e-04 1.52e-04 0 0
20090407201255351.YV.KASH..BH  49.0/-0.00 0   0.00 63  2.86  3.08 8.27e-04 3.79e-05 0   0.00  5  2.86  3.41 9.47e-04 3.12e-05 1   0.58 91 -0.58  0.25 2.88e-04 2.25e-04 1   1.40 46 -0.58  0.40 3.26e-04 2.18e-04 1   0.41 85 -0.30  0.10 1.79e-04 1.61e-04 0 0
20090407201255351.YV.TUPA..BH  78.3/-0.00 1   0.81 83 -0.18 -0.12 1.05e-04 1.18e-04 1   0.47 92 -0.18 -0.20 8.21e-05 1.01e-04 0   0.00 92  3.34  0.35 1.79e-04 1.26e-04 0   0.00 38  3.34  1.05 3.79e-04 1.33e-04 0   0.00 80  0.42  0.44 2.94e-04 1.89e-04 0 0
20090407201255351.YV.LSUM..BH  88.3/-0.00 1   1.13 51  1.88  0.37 9.13e-05 6.29e-05 1   1.19 65  1.88  0.62 1.02e-04 5.46e-05 1   0.28 95  2.46  0.45 1.36e-04 8.70e-05 1   0.45 73  2.46  0.05 1.41e-04 1.34e-04 1   0.33 90  0.52  0.04 1.73e-04 1.66e-04 0 0
20090407201255351.YV.MPEN..BH  89.5/-0.00 1   0.08  0  1.92  -inf 0.00e+00 6.58e-06 1   0.67 61  1.92  2.19 4.61e-05 5.14e-06 1   0.31  0  2.96  -inf 0.00e+00 7.08e-05 1   0.48 95  2.96  0.58 2.08e-04 1.16e-04 1   0.34 62  0.70  0.25 6.47e-05 5.03e-05 0 0
20090407201255351.YV.DEVL..BH 101.0/-0.00 1   0.97 56  1.84  0.68 8.74e-05 4.42e-05 1   0.84 64  1.84  0.46 6.12e-05 3.88e-05 1   0.36 87  1.92  0.50 1.25e-04 7.55e-05 1   0.18 96  1.92 -0.18 1.20e-04 1.44e-04 1   0.13 98  0.02 -0.12 1.32e-04 1.49e-04 0 0
20090407201255351.YV.BLAK..BH 104.1/-0.00 1   2.44 79 -0.04  0.52 3.42e-04 2.03e-04 1   2.66 88 -0.04  0.72 3.70e-04 1.81e-04 1   0.39 94  2.58  0.47 1.80e-04 1.12e-04 1   0.54 90  2.58  0.12 2.83e-04 2.51e-04 1   0.27 93  0.78 -0.25 1.27e-04 1.63e-04 0 0
20090407201255351.YV.LSKI..BH 115.0/-0.00 1   0.75 44  1.06  2.99 5.95e-05 2.99e-06 1   1.00 62  1.06  3.26 7.69e-05 2.96e-06 0   0.00 93  2.92  0.47 1.14e-04 7.14e-05 0   0.00 77  2.92  0.09 1.39e-04 1.27e-04 0   0.00 38  7.42  2.27 9.25e-05 9.60e-06 0 0
20090407201255351.YV.NSKI..BH 121.0/-0.00 0   0.00 57  0.80  1.12 1.26e-04 4.11e-05 0   0.00  0  0.80  0.78 8.04e-05 3.67e-05 1   0.52 89  4.40  0.90 1.96e-04 7.98e-05 1   1.24 93  4.40  1.08 4.49e-04 1.53e-04 1   1.16 85  2.62  0.71 3.14e-04 1.55e-04 0 0
20090407201255351.YV.AVAL..BH 122.1/-0.00 1   0.47 80 -0.12  0.08 6.23e-05 5.74e-05 1   0.58 77 -0.12  0.43 7.89e-05 5.14e-05 1   0.40 88  2.70  0.61 1.55e-04 8.43e-05 1   0.31 89  2.70 -0.21 1.34e-04 1.64e-04 1   0.28 93 -0.58 -0.02 1.70e-04 1.73e-04 0 0
20090407201255351.YV.PERI..BH 127.3/-0.00 1   5.83 70  0.22  1.16 6.57e-04 2.06e-04 1   6.16 60  0.22  1.10 5.58e-04 1.86e-04 1   0.38 90  3.30  0.34 1.54e-04 1.09e-04 1   0.46 95  3.30  0.17 3.17e-04 2.67e-04 1   0.15 97  0.60 -0.17 1.15e-04 1.36e-04 0 0
20090407201255351.YV.SOLD..BH 132.0/-0.00 0   0.00  0  0.66  -inf 0.00e+00 1.34e-05 0   0.00 73  0.66  0.79 2.58e-05 1.17e-05 1   0.38  0  7.02  -inf 0.00e+00 8.24e-05 1   0.35 81  7.02 -0.44 8.63e-05 1.34e-04 1   0.40 74 -2.78  0.28 1.34e-04 1.02e-04 0 0
20090407201255351.AK.SWD..BH 151.2/-0.00 1   0.71 72  0.42  0.51 5.98e-05 3.60e-05 1   0.27 81  0.42  0.18 3.87e-05 3.24e-05 1   0.50 92  2.88  0.52 1.95e-04 1.16e-04 1   0.35 83  2.88 -0.67 6.93e-05 1.35e-04 1   0.26 92  1.32 -0.08 1.39e-04 1.51e-04 0 0
20090407201255351.YV.HEAD..BH 162.1/-0.00 1   0.48 55  0.30  0.20 4.22e-05 3.45e-05 1   0.55 84  0.30  0.81 7.01e-05 3.10e-05 1   0.39 85  3.12  0.22 1.65e-04 1.33e-04 1   0.33 83  3.12  0.03 1.24e-04 1.20e-04 1   0.31 88 -0.78 -0.27 1.14e-04 1.49e-04 0 0
20090407201255351.AK.DIV..BH 215.7/-0.00 1   1.38 78  0.06 -0.18 1.46e-04 1.75e-04 1   1.74 64  0.06  0.01 1.62e-04 1.60e-04 1   0.73 91  5.46  0.28 3.19e-04 2.40e-04 1   0.53 87  5.46  0.39 2.29e-04 1.55e-04 1   0.30 82 -3.44  0.55 1.07e-04 6.16e-05 0 0
20090407201255351.AK.TRF..BH 224.2/-0.00 1   0.99 29  1.40  0.82 7.42e-05 3.27e-05 1   0.78 36  1.40  0.73 6.13e-05 2.95e-05 0   0.00 90  3.84  0.19 1.92e-04 1.60e-04 0   0.00 10  3.84  1.18 3.90e-04 1.20e-04 0   0.00 86 -3.02  0.73 2.64e-04 1.27e-04 0 0
20090407201255351.AK.EYAK..BH 238.4/-0.00 1   2.16 55  2.34  0.25 2.25e-04 1.76e-04 1   1.55 68  2.34  0.15 1.86e-04 1.60e-04 1   1.51 88  6.52  0.71 4.85e-04 2.39e-04 1   0.65 87  6.52  0.46 2.82e-04 1.78e-04 1   0.14 74  0.20  0.20 4.17e-05 3.40e-05 0 0
20090407201255351.AK.PAX..BH 279.1/-0.00 0   0.00 44  1.20  0.44 7.15e-05 4.62e-05 0   0.00 53  1.20  0.86 9.87e-05 4.17e-05 1   0.36 95  4.42  0.29 2.17e-04 1.62e-04 1   0.34 88  4.42  0.11 1.39e-04 1.25e-04 1   0.39 81 -1.84 -0.28 1.15e-04 1.53e-04 0 0
20090407201255351.AK.BMR..BH 281.3/-0.00 0   0.00 44  2.08 -0.64 8.94e-05 1.70e-04 0   0.00 56  2.08 -0.24 1.22e-04 1.54e-04 1   0.81 89  7.60  0.40 3.29e-04 2.20e-04 1   0.63 79  7.60 -0.02 2.00e-04 2.04e-04 1   0.53 82 -2.90  0.93 1.57e-04 6.20e-05 0 0
20090407201255351.IU.COLA.00.BH 392.7/-0.00 1   0.37 73 -0.04  1.48 2.56e-05 5.80e-06 1   0.45 67 -0.04  1.98 3.63e-05 4.99e-06 1   0.36 79  6.00 -0.04 1.21e-04 1.26e-04 1   0.15 95  6.00  0.05 1.15e-04 1.09e-04 1   0.18 85  0.66  0.52 5.88e-05 3.51e-05 0 0
20090407201255351.II.KDAK.00.BH 439.2/-0.00 1   1.42 68  0.04  1.59 1.19e-04 2.43e-05 1   1.25  0  0.04  1.26 7.63e-05 2.16e-05 1   0.77 59 10.00  0.61 2.24e-04 1.21e-04 1   0.57 54 10.00  0.40 1.53e-04 1.02e-04 1   0.23 72 10.00  1.05 6.95e-05 2.43e-05 0 0
20090407201255351.AV.KAKN..BH 460.8/-0.00 1   1.61 61  1.24  2.93 9.06e-05 4.84e-06 1   0.77 48  1.24  2.51 5.35e-05 4.36e-06 1   1.77 65 10.00  0.88 3.06e-04 1.27e-04 1   1.16 34 10.00  0.54 1.93e-04 1.12e-04 1   0.96 28 10.00  0.20 1.51e-04 1.23e-04 0 0
20090407201255351.AV.KABU..BH 471.1/-0.00 1   1.20 18 -3.00  2.49 7.95e-05 6.63e-06 1   0.91 50 -3.00  2.23 5.47e-05 5.89e-06 1   3.00 43 -10.00  1.44 5.34e-04 1.26e-04 1   1.90 33 -10.00  1.15 3.52e-04 1.12e-04 1   2.65 26 10.00  1.62 6.30e-04 1.25e-04 0 0
INPUT_PAR scak_41 P_win 15 S_win 120 P 1 p 1 NCOM 5 spiB 20 spiS 60 Body:2.00-5.00. Surf:16.67-40.00 FMT false
