Event 266672 Model tactmod_10 FM 120.3 36.9 69.4 Mw 4.65 rms 2.588e-02  5486 ERR 0.6 0.6 2.7
COLA_IU    71.5/-0.00 1 2.16e-04 98  0.38 1 1.96e-04 88  0.38 1 5.19e-07 97 -1.16 1 2.13e-06 98 -1.16 1 1.11e-06 99 -0.22
MCK_AK     91.5/-0.00 1 1.44e-03 83 -0.22 1 9.03e-04 93 -0.22 1 1.31e-05 94  0.34 1 3.62e-05 95  0.34 1 1.58e-04 26  1.56
LMW_XR    148.5/-0.00 1 4.93e-05 95  0.70 1 4.56e-05 96  0.70 1 6.65e-06 93  0.26 1 3.66e-06 96  0.26 1 2.32e-06 99  0.00
TRF_AK    164.1/-0.00 1 4.84e-04 90 -0.20 1 2.25e-03 84 -0.20 1 8.59e-06 97  0.82 1 7.77e-05 79  0.82 1 1.32e-05 99 -0.34
BPAW_AK   170.8/-0.00 1 1.99e-04 89 -0.62 1 3.27e-04 90 -0.62 1 6.99e-06 98 -0.22 1 7.97e-06 92 -0.22 1 1.84e-05 97 -0.96
PAX_AK    174.6/-0.00 1 2.17e-04 80 -0.36 1 2.15e-04 54 -0.36 0 3.44e-05 25 -3.00 0 5.64e-05 43 -3.00 1 2.27e-05 78  0.46
DOT_AK    180.7/-0.00 1 1.97e-05 97 -1.02 1 1.13e-04 77 -1.02 1 8.79e-06 87  0.82 1 2.66e-05 61  0.82 1 1.97e-04 75 -0.94
KTH_AK    185.7/-0.00 1 1.80e-04 93 -0.64 1 1.42e-03 82 -0.64 1 1.14e-05 96  0.54 1 5.98e-06 95  0.54 1 1.73e-05 99 -0.74
YRT_XR    200.2/-0.00 1 6.83e-05 89  0.66 1 1.09e-04 81  0.66 1 7.15e-06 98  0.92 1 7.26e-05 42  0.92 1 5.17e-05 85  0.34
CHUM_AK   239.1/-0.00 1 1.08e-04 88 -1.46 1 3.67e-04 87 -1.46 1 1.64e-05 79 -1.30 1 2.82e-05 87 -1.30 1 5.67e-05 90 -2.94
CAST_AK   244.4/-0.00 1 2.04e-04 82 -0.68 1 2.49e-04 93 -0.68 0 5.30e-05 22 -3.00 0 8.61e-05 33 -3.00 1 2.59e-05 97 -1.06
CBM_XR    253.5/-0.00 1 4.17e-05 86  0.62 1 5.03e-05 87  0.62 1 4.52e-06 97  1.36 1 2.52e-06 94  1.36 1 5.09e-06 99 -0.42
SAW_AK    275.8/-0.00 1 5.38e-04 46  0.76 1 2.16e-03 26  0.76 0 1.04e-04  0 -3.00 0 2.67e-02  0 -3.00 0 7.56e-04 15 -3.00
PPLA_AK   278.0/-0.00 1 5.05e-04 60 -1.56 1 1.60e-03 73 -1.56 0 8.05e-05 21 -3.00 0 1.42e-04 15 -3.00 1 3.84e-05 94 -0.12
PMR_AT    307.9/-0.00 1 3.00e-04 47 -0.42 1 5.38e-04 74 -0.42 1 1.54e-05 86  1.40 1 7.67e-06 90  1.40 1 2.00e-05 98 -1.26
GBN_XR    311.9/-0.00 1 2.24e-05 86  0.82 1 2.76e-05 91  0.82 0 1.91e-05 22 -3.00 0 2.15e-05  4 -3.00 1 4.66e-06 99 -0.44
NANC_YV   312.7/-0.00 1 3.36e-04 48 -0.86 1 5.72e-04 79 -0.86 0 3.95e-05 49 -3.00 0 3.89e-05 58 -3.00 1 4.87e-05 77 -2.46
COLD_AK   354.2/-0.00 1 2.37e-05 85  0.86 1 3.49e-05 85  0.86 0 2.60e-05  0 -3.00 0 1.25e-05 28 -3.00 1 4.47e-05 90 -0.74
WSM_XR    368.8/-0.00 1 2.97e-05 78  1.14 1 3.58e-05 86  1.14 1 5.26e-06 84  1.96 1 5.78e-06 66  1.96 1 1.41e-05 97 -0.92
FIB_AK    370.4/-0.00 1 6.93e-04 43 -0.04 1 2.14e-03 78 -0.04 0 1.00e-03 14 -3.00 0 2.15e-04 46 -3.00 1 1.03e-03 52 -0.08
RC01_AK   370.8/-0.00 1 2.84e-04 65 -0.86 1 5.91e-04 74 -0.86 0 5.22e-05 34 -3.00 0 3.57e-05  6 -3.00 1 4.95e-05 86 -0.94
PORT_YV   391.3/-0.00 1 1.71e-04 62 -0.26 1 7.53e-04 49 -0.26 0 6.05e-05 15 -3.00 0 3.99e-05  0 -3.00 1 3.07e-05 94 -1.18
MCAR_XZ   392.3/-0.00 1 1.79e-05 71  2.22 1 2.93e-05 57  2.22 0 1.10e-04  0 -3.00 0 4.01e-05  0 -3.00 0 1.32e-04  4 -3.00
BMR_AK    394.8/-0.00 1 7.92e-05 59  0.66 1 2.32e-04 51  0.66 1 1.62e-05 49  3.00 1 1.99e-05 27  3.00 1 1.46e-05 96 -0.54
VRDI_XZ   395.1/-0.00 1 3.15e-05 70  1.54 1 7.89e-05 44  1.54 0 5.77e-05  0 -3.00 0 1.02e-04  0 -3.00 1 1.09e-04 77 -1.78
HOPJ_YV   400.0/-0.00 1 2.40e-04 48  0.00 1 4.58e-04 62  0.00 0 7.45e-05 15 -3.00 0 3.75e-05  5 -3.00 1 1.92e-05 96 -1.10
SPCG_AV   402.9/-0.00 1 2.34e-04 74  0.02 1 3.26e-04 94  0.02 0 1.35e-03  0 -3.00 0 2.17e-03 35 -3.00 0 2.79e-04  0 -3.00
BMQ_XR    415.0/-0.00 1 3.22e-05 70  0.64 1 5.81e-05 75  0.64 0 2.44e-05 10 -3.00 0 1.56e-05  0 -3.00 1 8.24e-06 98 -1.30
EYAK_AK   422.4/-0.00 1 7.75e-05 79  1.52 1 2.72e-04 61  1.52 0 6.80e-05  0 -3.00 0 2.01e-05  0 -3.00 1 4.66e-05 97 -0.18
PTPK_XZ   427.2/-0.00 0 1.10e-04  0 -3.00 0 1.78e-04  0 -3.00 0 1.18e-04  0 -3.00 0 7.10e-05  0 -3.00 1 1.20e-05 86  2.30
GOAT_XZ   433.3/-0.00 1 1.88e-04 81  1.90 1 2.22e-04 54  1.90 0 6.99e-05  0 -3.00 0 5.04e-05  0 -3.00 1 2.59e-05 98  0.04
CHS_XR    437.0/-0.00 1 1.86e-05 82  0.24 1 7.65e-05 63  0.24 0 2.75e-05  0 -3.00 0 3.08e-05  0 -3.00 0 1.06e-04 81 -3.00
