Event 289317 Model scak_150 FM 58.4 66.0 31.1 Mw 5.01 rms 7.834e-03  6578 ERR 0.2 0.3 0.5
NSKI_YV    87.1/-0.00 0 7.83e-04  0 -2.00 0 1.33e-04 39 -2.00 1 1.26e-05 90  0.58 1 6.32e-05 92  0.58 1 6.67e-04 94  1.78
COOK_YV    93.1/-0.00 0 9.69e-04  0 -2.00 0 3.43e-04  0 -2.00 1 1.75e-05 89  1.36 1 1.56e-04 76  1.36 1 2.12e-04 90  1.70
SOLD_YV   108.7/-0.00 1 1.70e-04 91  0.82 1 9.00e-05 52  0.82 1 1.14e-05 79  0.52 1 5.52e-05 93  0.52 1 3.61e-04 97  1.02
SKN_AK    117.0/-0.00 1 8.01e-05 86  0.00 1 3.58e-05 97  0.00 1 2.92e-05 99  0.84 1 3.23e-05 95  0.84 1 4.31e-05 99  0.78
BING_YV   122.3/-0.00 1 1.09e-04 86  0.70 1 3.72e-04 57  0.70 1 6.95e-06 87  1.22 1 1.98e-05 95  1.22 1 1.54e-04 89  0.06
MPEN_YV   123.0/-0.00 1 1.59e-04 81  0.82 1 8.88e-04 47  0.82 1 7.76e-06 88  0.94 1 1.41e-05 94  0.94 1 4.18e-05 82 -0.08
LSKI_YV   135.7/-0.00 1 4.56e-06 98 -0.12 1 1.11e-04 71 -0.12 0 2.50e-05 17 -5.00 0 2.78e-04  0 -5.00 0 3.32e-04 16 -5.00
USKI_YV   150.0/-0.00 1 3.83e-05 91  0.02 1 6.61e-05 69  0.02 0 2.23e-05  0 -5.00 0 2.35e-04  0 -5.00 0 1.62e-04 33 -5.00
NANC_YV   155.8/-0.00 1 3.14e-05 87  0.00 1 5.79e-05 91  0.00 1 4.07e-06 91  1.70 1 4.84e-05 94  1.70 1 2.16e-05 98  0.38
RUSS_YV   156.3/-0.00 1 2.97e-05 94  0.24 1 1.54e-04 62  0.24 0 3.20e-05  0 -5.00 0 5.65e-03  0 -5.00 0 2.49e-03  0 -5.00
RC01_AK   156.6/-0.00 1 4.46e-05 89  0.36 1 1.16e-04 48  0.36 1 4.15e-06 87  1.58 1 1.61e-05 88  1.58 1 2.15e-05 90  0.44
BIGB_YV   161.8/-0.00 1 1.32e-04 69  1.12 1 2.79e-04 34  1.12 1 5.18e-06 89  1.56 1 9.35e-06 97  1.56 1 1.70e-05 98  0.70
KASH_YV   162.3/-0.00 1 1.92e-05 88  0.06 1 6.20e-05 89  0.06 1 2.35e-06 97  1.70 1 1.94e-04 78  1.70 1 4.55e-05 96  0.10
HOPE_YV   166.2/-0.00 1 4.67e-05 90  0.24 1 1.28e-04 64  0.24 0 3.69e-05  0 -5.00 0 1.54e-04  0 -5.00 0 2.78e-05  0 -5.00
KNIK_YV   165.8/-0.00 1 1.54e-05 96  0.52 1 1.26e-04 70  0.52 1 7.37e-06 81  1.28 1 4.39e-06 94  1.28 1 2.44e-05 97  0.66
ALPI_YV   168.0/-0.00 1 1.90e-05 94  0.36 1 6.88e-05 67  0.36 1 3.69e-06 85  3.36 1 1.43e-05 87  3.36 1 2.20e-05 94  0.10
MCDC_YV   169.0/-0.00 1 2.10e-05 94  0.28 1 6.69e-05 72  0.28 1 4.82e-06 79  2.10 1 1.30e-05 88  2.10 1 4.67e-05 92  0.78
INDI_YV   170.0/-0.00 1 4.09e-05 91  0.46 1 3.87e-05 86  0.46 0 3.55e-05  0 -5.00 0 2.69e-04  0 -5.00 0 2.25e-04  6 -5.00
CASW_YV   172.4/-0.00 1 2.94e-05 81  0.00 1 3.73e-05 95  0.00 1 5.82e-06 96  0.46 1 2.03e-05 97  0.46 1 1.82e-05 98  0.48
DEVL_YV   175.7/-0.00 1 2.26e-05 95  0.16 1 3.38e-05 87  0.16 1 9.61e-06 63  2.04 1 1.74e-05 90  2.04 1 6.81e-06 91 -0.34
HOPJ_YV   177.4/-0.00 1 9.46e-06 98  0.34 1 3.23e-05 91  0.34 0 3.84e-05  0 -5.00 0 1.82e-04  0 -5.00 0 3.33e-05 10 -5.00
LSUM_YV   177.3/-0.00 1 1.31e-05 97  0.38 1 6.72e-05 90  0.38 0 3.87e-05  0 -5.00 0 3.69e-04  0 -5.00 0 4.10e-05  0 -5.00
MOOP_YV   190.0/-0.00 1 1.69e-05 96  0.48 1 1.08e-04 68  0.48 1 6.77e-06 80  3.88 1 1.95e-05 91  3.88 1 4.60e-06 93 -0.20
AVAL_YV   195.8/-0.00 1 1.89e-05 95  0.54 1 3.74e-05 82  0.54 1 3.77e-06 89  4.26 1 2.71e-05 84  4.26 1 1.49e-05 87  0.28
PMR_AT    196.6/-0.00 1 4.13e-05 80  0.00 1 9.18e-06 95  0.00 1 6.12e-06 86  2.12 1 1.18e-05 81  2.12 1 2.54e-05 96  0.64
PORT_YV   203.2/-0.00 1 5.16e-05 88  0.62 1 5.65e-05 73  0.62 1 4.62e-06 84  3.94 1 1.77e-05 92  3.94 1 8.19e-06 78 -0.64
PPLA_AK   204.5/-0.00 0 4.52e-04  1 -2.00 0 1.06e-03 14 -2.00 1 2.52e-05 94  1.50 1 6.98e-05 98  1.50 1 8.69e-06 90  1.70
SWD_AK    205.3/-0.00 1 4.63e-05 87  0.26 1 2.51e-05 88  0.26 0 4.65e-05  0 -5.00 0 2.70e-05 75 -5.00 0 2.59e-04 36 -5.00
HEAD_YV   213.3/-0.00 1 3.55e-05 89  0.22 1 1.02e-04 53  0.22 1 3.61e-06 94  3.00 1 5.73e-06 94  3.00 1 6.06e-05 91  0.42
BYR_YV    220.2/-0.00 1 9.65e-06 95 -0.20 1 6.70e-05 86 -0.20 1 1.31e-05 91  0.96 1 2.27e-05 95  0.96 1 9.53e-06 98  0.66
CAST_AK   263.0/-0.00 0 2.95e-04 34 -2.00 0 1.04e-04 64 -2.00 1 8.52e-06 97  2.02 1 5.46e-05 97  2.02 1 4.44e-05 91  0.06
KTH_AK    290.3/-0.00 0 3.14e-04 11 -2.00 0 1.49e-04 42 -2.00 1 6.19e-06 97  2.70 1 4.10e-05 97  2.70 1 1.13e-05 97  1.20
TRF_AK    291.7/-0.00 1 3.70e-05 86  0.24 1 8.34e-05 68  0.24 1 6.66e-06 96  2.48 1 7.81e-05 72  2.48 1 3.24e-05 89  3.40
BPAW_AK   347.8/-0.00 1 1.66e-05 97 -0.18 1 3.19e-05 86 -0.18 1 5.07e-05 93  2.64 1 2.98e-05 98  2.64 1 1.61e-05 93  1.52
MCK_AK    352.7/-0.00 1 3.23e-05 85  0.86 1 2.49e-05 77  0.86 1 1.73e-05 92  2.92 1 1.65e-05 94  2.92 1 8.09e-06 99  1.94
KDAK_II   366.6/-0.00 0 2.82e-04  0 -2.00 0 1.66e-04  8 -2.00 1 4.04e-05 74  3.22 1 3.98e-05 96  3.22 1 8.92e-06 91  1.32
PAX_AK    430.5/-0.00 0 1.59e-05 45 -2.00 0 1.14e-05 62 -2.00 1 5.44e-06 76  4.22 1 8.90e-05 95  4.22 1 2.37e-05 94  2.94
COLA_IU   487.7/-0.00 1 1.89e-05 93 -0.02 1 3.03e-05 73 -0.02 1 2.43e-05 92  2.88 1 2.57e-05 94  2.88 1 6.70e-06 96  0.84
