Event 319798 Model scak_45 FM 204 49 -79 Mw 4.54 rms 3.579e-03  5925 ERR   0   1   1
BMR       281.1/-0.00 1 3.11e-05 48  2.98 1 9.14e-05 21  2.98 2 9.39e-06 82  6.36 2 6.03e-06 76  6.36 2 5.30e-06 70 -4.78
DHY       218.8/-0.00 0 1.50e-05 17 -4.00 0 5.36e-05 42 -4.00 2 1.24e-06 94  2.02 2 9.65e-07 89  2.02 2 1.18e-06 89 -2.26
DIV       215.5/-0.00 1 3.34e-05 65 -0.58 1 1.85e-04 80 -0.58 2 9.76e-06 85  3.52 2 9.85e-06 64  3.52 2 2.23e-06 76 -6.24
EYAK      238.1/-0.00 1 5.01e-05 44  0.72 1 5.64e-05 73  0.72 2 3.18e-05 82  5.52 2 7.61e-06 81  5.52 2 6.95e-07 70 -0.94
MCK       257.6/-0.00 0 2.11e-05 12 -4.00 0 3.66e-05 47 -4.00 2 1.00e-06 98  3.56 2 8.56e-07 91  3.56 2 1.10e-06 93  2.20
PAX       279.3/-0.00 0 1.20e-05 18 -4.00 0 3.57e-05 49 -4.00 2 1.44e-06 93  3.30 2 8.93e-07 92  3.30 2 2.51e-06 80  1.40
PPLA      205.6/-0.00 1 1.23e-05 82 -0.40 1 2.74e-05 89 -0.40 2 5.36e-06 93  3.32 2 4.71e-06 88  3.32 2 1.21e-06 94 -0.80
RND       222.6/-0.00 1 3.04e-05 51 -2.48 1 2.89e-05 81 -2.48 2 7.27e-07 98  1.92 2 6.58e-07 94  1.92 2 4.35e-07 93  0.96
AVAL      121.6/-0.00 1 1.17e-05 56 -0.30 1 8.96e-06 90 -0.30 2 4.18e-06 88  1.92 2 3.55e-06 86  1.92 2 4.63e-06 85 -1.58
BLAK      103.7/-0.00 1 1.75e-05 86  0.68 1 1.96e-05 91  0.68 2 5.59e-06 90  1.40 2 1.35e-05 86  1.40 2 5.03e-06 92  0.00
DEVL      100.5/-0.00 1 9.34e-06 57 -0.36 1 4.70e-06 93 -0.36 2 3.96e-06 89  1.22 2 8.19e-07 96  1.22 2 5.84e-07 97 -0.90
HOPE       64.7/-0.00 1 3.01e-06 85  0.00 1 1.57e-05 93  0.00 0 6.02e-05  0 -7.00 0 1.14e-05 25 -7.00 0 2.02e-04  0 -7.00
KASH       49.5/-0.00 1 1.79e-05 92 -1.28 1 1.14e-04 91 -1.28 0 1.44e-04 35 -7.00 0 4.90e-04  0 -7.00 0 9.61e-05  0 -7.00
LSKI      114.6/-0.00 1 1.19e-05 45 -0.06 1 6.83e-06 95 -0.06 0 1.62e-05  0 -7.00 0 3.78e-05  0 -7.00 0 1.24e-05  0 -7.00
LSUM       87.8/-0.00 1 2.74e-06 85 -0.42 1 3.92e-06 95 -0.42 0 2.61e-05  0 -7.00 0 6.18e-05  0 -7.00 0 4.43e-05  0 -7.00
RUSS      108.3/-0.00 1 1.03e-05 38 -0.82 1 7.88e-06 87 -0.82 0 1.91e-05  0 -7.00 0 1.03e-04  0 -7.00 0 5.04e-05 32 -7.00
TUPA       77.9/-0.00 1 4.15e-06 90  0.18 1 1.33e-05 85  0.18 0 5.34e-05  0 -7.00 0 3.51e-04  0 -7.00 0 1.38e-04 10 -7.00
HEAD      161.6/-0.00 1 5.74e-06 80 -0.66 1 8.02e-06 90 -0.66 2 3.01e-06 85  2.36 2 3.19e-06 77  2.36 2 2.13e-06 82 -1.74
NSKI      120.8/-0.00 0 7.70e-05  0 -4.00 0 5.42e-05 44 -4.00 2 1.01e-05 68  3.92 2 6.45e-05 84  3.92 2 3.69e-05 85  1.96
PERI      126.9/-0.00 1 2.28e-05 78  0.92 1 6.02e-05 81  0.92 2 3.35e-06 90  2.12 2 9.07e-06 91  2.12 2 2.21e-06 96 -0.18
SOLD      131.7/-0.00 0 9.00e-05  0 -4.00 0 3.72e-05 54 -4.00 2 1.08e-06 93  4.24 2 1.89e-05 98  4.24 2 6.73e-06 74  1.52
BIGB       16.3/-0.00 1 1.21e-05 81 -0.42 1 2.24e-05 86 -0.42 2 1.06e-04 96 -2.02 2 2.17e-05 94 -2.02 2 4.01e-07 94 -4.80
CAST      250.6/-0.00 1 2.70e-05 60 -0.94 1 1.81e-05 77 -0.94 2 2.15e-06 94  3.86 2 9.31e-06 73  3.86 2 1.93e-06 89 -2.04
CHUM      301.5/-0.00 1 4.14e-06 52  0.18 1 1.65e-05 27  0.18 0 2.08e-05  0 -7.00 0 2.62e-05  0 -7.00 0 1.20e-05  0 -7.00
DOT       380.7/-0.00 1 7.38e-06 68  1.86 1 3.99e-06 25  1.86 0 1.20e-05 15 -7.00 0 1.03e-05  0 -7.00 0 5.50e-06 21 -7.00
MID       292.9/-0.00 1 7.22e-05  0  0.26 1 1.42e-04 40  0.26 2 1.31e-05 41  5.30 2 2.60e-05 72  5.30 2 1.06e-05 85  4.96
PMR        36.1/-0.00 1 1.08e-05 95 -0.18 1 3.01e-05 92 -0.18 2 1.06e-05 96 -0.50 2 7.25e-06 97 -0.50 2 2.27e-06 98  0.16
PS09      343.0/-0.00 1 1.93e-05 74  3.28 1 6.27e-05 57  3.28 2 2.82e-06 84  5.10 2 6.30e-06 62  5.10 2 1.71e-05 44  0.32
PS10      300.5/-0.00 1 1.48e-05 56  2.68 1 2.02e-05 46  2.68 2 2.34e-06 93  3.90 2 4.70e-06 67  3.90 2 1.30e-05 62 -0.26
PS11      235.8/-0.00 1 7.52e-05 73  0.00 1 1.60e-04 77  0.00 2 5.03e-06 86  2.62 2 1.20e-05 64  2.62 2 2.27e-06 90 -2.68
PS12      244.9/-0.00 1 3.74e-05 29 -0.88 1 1.30e-04 73 -0.88 2 5.42e-06 87  3.48 2 5.80e-06 64  3.48 2 1.29e-05 52 -3.58
RAG       299.0/-0.00 1 2.09e-05 45  2.46 1 4.10e-05 22  2.46 0 6.43e-05  0 -7.00 0 4.87e-05  0 -7.00 0 9.30e-06  0 -7.00
RC01       40.2/-0.00 1 3.27e-06 97  0.00 1 1.36e-05 91  0.00 0 1.10e-04  1 -7.00 0 1.72e-03 41 -7.00 0 4.99e-03  0 -7.00
RDWB      199.4/-0.00 1 1.98e-05 43 -0.76 1 1.05e-05 88 -0.76 2 6.98e-06 77  2.48 2 6.20e-06 79  2.48 2 1.64e-05 43 -4.04
SAW        84.6/-0.00 1 1.90e-05 54 -1.04 1 8.23e-05 68 -1.04 2 1.53e-05 79 -3.54 2 9.48e-06 59 -3.54 2 2.92e-05 55 -4.46
SWD       150.8/-0.00 1 2.52e-06 94 -0.14 1 1.74e-05 81 -0.14 2 6.03e-06 88  0.54 2 2.66e-06 83  0.54 2 4.45e-07 97 -1.76
TRF       224.8/-0.00 1 3.34e-05 68 -2.74 1 3.56e-05 89 -2.74 2 3.97e-06 82  3.18 2 3.18e-05 43  3.18 2 1.01e-06 87 -2.70
