Event HOYA Model HOYA_wes_001 FM  263 51.554272   -6 Mw 4.70 rms 4.839e-01  3140 CLVD 0.49 ISO  68.866493 VR  76.579407 data2 1.465e-07 pol_wt 999.00
# Hypocenter_sac_header elat 3.722600e+01 elon -1.164290e+02 edep 6.580000e-01
# tensor = 1.413e+23  0.7331 -0.2775  0.0364  0.8243  0.2207  0.7274
# norm L1    # Pwin 5 Swin 300    # N 21 Np 20 Ns 52
HOYA.LL.TPH..LH 116.9/0.92  0   0.00 23  0.25  1.02 2.88e-03 1.04e-03 0   0.00 61  0.25  1.22 2.96e-03 8.71e-04 1   1.62 92  2.85 -0.44 5.97e-03 9.30e-03 1   1.95 81  2.85 -0.44 5.10e-03 7.93e-03 1   0.97 74  1.35  0.13 3.12e-03 2.75e-03 0   1.03
HOYA.LL.DAC..LH 148.4/0.64  0   0.00  0  0.25  0.28 2.86e-03 2.16e-03 0   0.00  0  0.25  1.07 3.45e-03 1.19e-03 1   0.71 87  1.50 -0.61 1.92e-03 3.51e-03 1   1.00 77  1.50 -0.93 1.33e-03 3.35e-03 1   0.48 58  4.00  0.02 1.07e-03 1.05e-03 0   0.51
HOYA.LL.MNV..BB 202.5/-0.67 0   0.00  0 -0.25  0.43 1.59e-03 1.04e-03 0   0.00  0 -0.25  0.44 1.06e-03 6.83e-04 1   0.82 93  4.95 -0.09 5.23e-03 5.74e-03 1   1.06 91  4.95 -0.19 5.27e-03 6.38e-03 1   0.66  7  3.15  0.43 8.83e-04 5.75e-04 0   0.68
HOYA.LL.MNV..HF 202.5/-0.67 1   7.37 30 -0.20  0.10 1.15e-03 1.04e-03 1   4.91 26 -0.20  0.15 7.93e-04 6.83e-04 0   0.00 42  6.00 -3.84 1.23e-04 5.74e-03 0   0.00 71  6.00 -4.06 1.10e-04 6.38e-03 0   0.00  7  2.70 -2.77 3.62e-05 5.75e-04 0   0.68
HOYA.TS.GSC..BH 216.1/-0.00 0   0.00  0 -0.05 -0.18 8.29e-04 9.96e-04 0   0.00  0 -0.05  0.77 7.72e-04 3.58e-04 0   0.00 90 -0.12  0.10 3.30e-03 2.99e-03 0   0.00 85 -0.12  0.03 3.52e-03 3.42e-03 0   0.00 65 -0.48 -0.01 1.87e-03 1.88e-03 0   0.65
HOYA.TS.GSC..LH 216.1/-0.00 0   0.00 18 -0.25 -2.47 8.38e-05 9.96e-04 0   0.00 33 -0.25 -1.31 9.64e-05 3.58e-04 0   0.00 90  0.83  0.09 3.28e-03 2.99e-03 0   0.00 86  0.83  0.02 3.50e-03 3.42e-03 0   0.00 65  0.48 -0.01 1.86e-03 1.88e-03 0   0.65
HOYA.CI.GSC..BH 216.1/-0.71 1   4.45 69 -0.25 -0.35 7.01e-04 9.96e-04 1   3.19 76 -0.25  0.71 7.28e-04 3.58e-04 1   0.53 90  0.58  0.12 3.37e-03 2.99e-03 1   0.71 86  0.58  0.05 3.59e-03 3.42e-03 1   0.91 65  0.22  0.01 1.90e-03 1.88e-03 0   0.65
HOYA.LL.NEL..LH 220.4/-0.00 0   0.00 54  0.25 -0.50 6.29e-04 1.04e-03 0   0.00 52  0.25  0.11 5.27e-04 4.70e-04 1   1.27 90  1.88 -0.69 2.57e-03 5.12e-03 1   1.70 86  1.88 -1.51 1.29e-03 5.83e-03 1   0.88 62  0.52  1.16 2.33e-03 7.27e-04 0   0.89
HOYA.TS.ISA..BH 252.3/-0.00 0   0.00 12  0.25  0.25 9.29e-04 7.21e-04 0   0.00  0  0.25  1.11 8.73e-04 2.87e-04 0   0.00 87 -1.60 -0.25 1.65e-03 2.11e-03 0   0.00 79 -1.60 -0.42 1.48e-03 2.25e-03 0   0.00 36 -1.55 -0.07 4.39e-04 4.69e-04 0   0.53
HOYA.CI.ISA..BH 252.3/-0.75 1   3.07 87  0.00  0.25 9.26e-04 7.21e-04 1   4.02 58  0.00  1.09 8.54e-04 2.87e-04 1   0.42 87 -0.95 -0.23 1.68e-03 2.11e-03 1   0.55 78 -0.95 -0.40 1.50e-03 2.25e-03 1   0.37 37 -1.10 -0.06 4.41e-04 4.69e-04 0   0.53
HOYA.TS.ISA..LH 252.3/-0.00 0   0.00 18  0.10 -2.57 5.51e-05 7.21e-04 0   0.00 46  0.10 -1.32 7.68e-05 2.87e-04 0   0.00 86 -0.25 -0.25 1.64e-03 2.11e-03 0   0.00 77 -0.25 -0.42 1.47e-03 2.25e-03 0   0.00 36 -0.60 -0.08 4.34e-04 4.69e-04 0   0.53
HOYA.LL.LDS..LH 273.1/-0.00 0   0.00 70 -0.25  0.56 1.28e-03 7.30e-04 0   0.00 55 -0.25  0.76 8.42e-04 3.94e-04 1   1.01 70  2.05 -0.46 2.21e-03 3.48e-03 1   1.32 55  2.05 -0.67 1.78e-03 3.47e-03 1   1.03 40 -0.45 -0.35 1.26e-03 1.78e-03 0   0.93
HOYA.LL.LAC..HF 314.8/-1.40 1   2.93 27 -0.15 -1.24 1.42e-04 4.89e-04 1   1.95 10 -0.15 -0.41 1.24e-04 1.87e-04 0   0.00 58  4.50 -3.81 6.27e-05 2.82e-03 0   0.00 60  4.50 -3.65 6.55e-05 2.52e-03 0   0.00 30  3.50 -4.25 2.62e-05 1.83e-03 0   0.70
HOYA.LL.LAC..BB 314.8/-1.40 0   0.00  6 -0.25 -0.48 3.02e-04 4.89e-04 0   0.00  0 -0.25  0.34 2.63e-04 1.87e-04 1   0.62 87  3.60  0.17 3.35e-03 2.82e-03 1   0.59 86  3.60  0.09 2.75e-03 2.52e-03 1   0.84 63  2.60 -0.24 1.44e-03 1.83e-03 0   0.70
HOYA.LL.KNB..BB 321.3/-0.62 0   0.00  9  0.25  0.54 9.42e-04 5.50e-04 0   0.00  9  0.25 -0.62 1.63e-04 3.03e-04 0   0.00 78  1.65 -0.55 1.89e-03 3.28e-03 0   0.00 26  1.65 -3.00 1.43e-04 2.87e-03 1   0.69 71  1.60 -0.30 1.23e-03 1.66e-03 0   0.93
HOYA.LL.KNB..HF 321.3/-0.62 1   5.70  1 -0.25  0.10 6.10e-04 5.50e-04 1   3.49  0 -0.25 -0.09 2.78e-04 3.03e-04 0   0.00 49  3.20 -4.89 2.48e-05 3.28e-03 0   0.00 56  3.20 -4.56 3.00e-05 2.87e-03 0   0.00 39  2.45 -4.22 2.44e-05 1.66e-03 0   0.93
HOYA.DW.CMB..LH 360.5/-0.00 0   0.00  1 -0.25 -3.07 1.97e-05 4.24e-04 0   0.00  0 -0.25 -1.91 2.15e-05 1.46e-04 1   0.43 95 -1.20  0.14 3.71e-03 3.22e-03 1   0.51 94 -1.20  0.13 3.57e-03 3.15e-03 1   0.36 86  0.50  0.36 1.37e-03 9.51e-04 0   0.61
HOYA.LL.BMN..LH 362.5/-0.00 0   0.00 78 -0.10  0.03 4.16e-04 4.04e-04 0   0.00 47 -0.10  1.02 4.12e-04 1.49e-04 1   0.57 86  4.05 -0.17 2.29e-03 2.72e-03 1   0.68 80  4.05 -0.28 2.05e-03 2.71e-03 1   0.76 50  1.45 -0.30 9.49e-04 1.28e-03 0   0.75
HOYA.TS.PAS..BH 376.1/-0.00 0   0.00  0 -0.25  0.73 7.05e-04 3.40e-04 0   0.00  0 -0.25  1.40 5.66e-04 1.40e-04 0   0.00 86 -2.45 -0.22 1.19e-03 1.48e-03 0   0.00 81 -2.45 -0.29 1.19e-03 1.58e-03 0   0.00 58 -3.25 -0.10 5.24e-04 5.80e-04 0   0.58
HOYA.TS.PAS..LH 376.1/-0.00 0   0.00 43 -0.25 -1.84 5.40e-05 3.40e-04 0   0.00 73 -0.25 -1.02 5.02e-05 1.40e-04 0   0.00 86 -1.50 -0.22 1.18e-03 1.48e-03 0   0.00 81 -1.50 -0.30 1.18e-03 1.58e-03 0   0.00 58 -2.30 -0.11 5.21e-04 5.80e-04 0   0.58
HOYA.CI.PAS..BH 376.1/-1.19 1   3.14 61  0.25  0.49 5.55e-04 3.40e-04 1   2.00 84  0.25  1.08 4.10e-04 1.40e-04 1   0.32 86 -1.30 -0.21 1.20e-03 1.48e-03 1   0.38 82 -1.30 -0.28 1.20e-03 1.58e-03 1   0.39 58 -2.10 -0.08 5.35e-04 5.80e-04 0   0.58
HOYA.TS.PFO..BH 401.3/-0.00 0   0.00  4 -0.25  0.09 3.48e-04 3.18e-04 0   0.00  0 -0.25  1.04 3.66e-04 1.30e-04 1   0.50 83 -1.40  0.17 2.30e-03 1.94e-03 1   0.49 84 -1.40 -0.31 1.60e-03 2.18e-03 1   0.45 75 -2.50 -0.04 9.11e-04 9.49e-04 0   0.70
HOYA.TS.PFO..LH 401.3/-0.00 0   0.00 52 -0.25 -2.06 4.06e-05 3.18e-04 0   0.00 63 -0.25 -0.87 5.44e-05 1.30e-04 0   0.00 83 -0.45  0.16 2.28e-03 1.94e-03 0   0.00 84 -0.45 -0.32 1.58e-03 2.18e-03 0   0.00 75 -1.55 -0.05 9.06e-04 9.49e-04 0   0.70
HOYA.II.PFO.00.BH 401.3/-0.00 0   0.00 92  0.10 19.25 7.28e+04 3.18e-04 0   0.00 78  0.10 20.98 1.67e+05 1.30e-04 0   0.00 31 -5.30 19.52 5.80e+05 1.94e-03 0   0.00 31 -5.30 19.73 8.07e+05 2.18e-03 0   0.00 46 -5.45 19.98 4.54e+05 9.49e-04 0   0.70
HOYA.II.PFO.00.LH 401.3/-0.00 0   0.00 40  0.00 18.24 2.64e+04 3.18e-04 0   0.00 11  0.00 19.95 5.99e+04 1.30e-04 0   0.00 32 -5.35 20.89 2.29e+06 1.94e-03 0   0.00 30 -5.35 21.10 3.17e+06 2.18e-03 0   0.00 45 -5.45 21.31 1.70e+06 9.49e-04 0   0.70
HOYA.CI.PFO..LH 401.3/-0.00 0   0.00  0  0.25 -3.98 5.95e-06 3.18e-04 0   0.00  0  0.25 -2.80 7.89e-06 1.30e-04 0   0.00 83 -1.60 -2.12 2.33e-04 1.94e-03 0   0.00 84 -1.60 -2.58 1.66e-04 2.18e-03 0   0.00 75 -2.70 -2.35 9.04e-05 9.49e-04 0   0.70
HOYA.CI.PFO..BH 401.3/-1.78 1   2.57  0  0.25 -0.13 2.80e-04 3.18e-04 1   1.95  0  0.25  0.54 2.22e-04 1.30e-04 1   0.51 83  0.30  0.19 2.35e-03 1.94e-03 1   0.49 84  0.30 -0.27 1.67e-03 2.18e-03 1   0.45 75 -0.80 -0.04 9.09e-04 9.49e-04 0   0.70
HOYA.TS.SBC..BH 428.3/-0.00 0   0.00 47  0.10  0.95 7.61e-04 2.95e-04 0   0.00 26  0.10  1.07 3.18e-04 1.09e-04 0   0.00 75 -0.75 -0.48 7.07e-04 1.15e-03 0   0.00 72 -0.75 -0.56 7.21e-04 1.27e-03 0   0.00 18 -3.60  0.98 6.89e-04 2.58e-04 0   0.53
HOYA.CI.SBC..BH 428.3/-0.42 1   3.77 34  0.25  0.86 6.97e-04 2.95e-04 1   1.87  0  0.25  0.98 2.91e-04 1.09e-04 1   0.34 75 -0.35 -0.46 7.22e-04 1.15e-03 1   0.37 72 -0.35 -0.54 7.37e-04 1.27e-03 1   0.59 18 -3.20  1.00 7.04e-04 2.58e-04 0   0.53
HOYA.CI.SBC..LH 428.3/-0.00 0   0.00 38  0.10 -1.50 6.58e-05 2.95e-04 0   0.00 41  0.10  0.06 1.17e-04 1.09e-04 0   0.00 75 -0.95 -0.47 7.15e-04 1.15e-03 0   0.00 72 -0.95 -0.56 7.22e-04 1.27e-03 0   0.00 18 -3.75  1.00 7.02e-04 2.58e-04 0   0.53
HOYA.TS.SBC..LH 428.3/-0.00 0   0.00  0  0.25 -1.47 6.75e-05 2.95e-04 0   0.00  0  0.25 -0.03 1.06e-04 1.09e-04 0   0.00 76  0.20 -0.49 7.00e-04 1.15e-03 0   0.00 72  0.20 -0.58 7.06e-04 1.27e-03 0   0.00 18 -2.65  0.98 6.86e-04 2.58e-04 0   0.53
HOYA.BK.STAN..LH 509.7/-0.00 0   0.00  0 -0.25 -0.79 1.13e-04 2.49e-04 0   0.00 20 -0.25  0.97 2.14e-04 8.10e-05 0   0.00 22  0.00 -0.80 8.96e-04 1.99e-03 0   0.00 25  0.00 -0.19 1.48e-03 1.79e-03 0   0.00 27  0.55 -0.18 8.07e-04 9.67e-04 0   0.58
HOYA.BK.STAN..BH 509.7/-0.00 0   0.00  0 -0.05 -0.20 2.03e-04 2.49e-04 0   0.00  0 -0.05  1.67 4.30e-04 8.10e-05 1   0.92 22 -0.70 -0.80 8.95e-04 1.99e-03 1   1.21 25 -0.70 -0.19 1.49e-03 1.79e-03 1   0.92 27 -0.15 -0.19 8.00e-04 9.67e-04 0   0.58
HOYA.BK.BKS..BH 518.1/-1.18 1   1.63 24  0.05 -0.02 1.96e-04 2.01e-04 1   0.83 57  0.05  0.29 1.10e-04 8.24e-05 1   1.15 14 -1.00 -0.71 1.03e-03 2.08e-03 1   1.29 19 -1.00 -0.28 1.38e-03 1.84e-03 1   0.74  2  0.55 -0.10 7.60e-04 8.41e-04 0   0.59
HOYA.BK.BKS..LH 518.1/-0.00 0   0.00  4 -0.25 -0.68 1.02e-04 2.01e-04 0   0.00 19 -0.25 -0.79 3.74e-05 8.24e-05 0   0.00 14 -1.55 -0.71 1.03e-03 2.08e-03 0   0.00 19 -1.55 -0.29 1.38e-03 1.84e-03 0   0.00  4  0.55 -0.10 7.60e-04 8.41e-04 0   0.59
HOYA.LL.ANMO..LH 932.0/-1.94 0   0.00 26 -0.25 15.32 6.37e+02 1.41e-04 0   0.00 17 -0.25 14.87 3.06e+02 1.07e-04 0   0.00 40  1.05 17.62 3.06e+04 6.77e-04 0   0.00  0  1.05 17.42 2.92e+04 7.91e-04 0   0.00  0 -1.10 17.78 1.47e+04 2.79e-04 0   0.94
HOYA.LL.ANMO..BH 932.0/-1.94 0   0.00  0 -0.25 -1.53 3.06e-05 1.41e-04 0   0.00  8 -0.25 -1.69 1.98e-05 1.07e-04 0   0.00 59  4.05  0.12 7.63e-04 6.77e-04 0   0.00 37  4.05 -0.00 7.88e-04 7.91e-04 0   0.00  6  4.90 -0.18 2.34e-04 2.79e-04 0   0.94
HOYA.IU.ANMO..BH 932.5/-2.07 1   1.27  0 -0.25 -0.76 7.17e-05 1.53e-04 1   1.20  0 -0.25 -0.86 4.53e-05 1.07e-04 1   0.36 59  3.85  0.21 7.87e-04 6.35e-04 1   0.49 37  3.85  0.05 8.24e-04 7.85e-04 1   0.29  6  4.90 -0.16 2.40e-04 2.82e-04 0   0.94
HOYA.IU.ANMO..LH 932.5/-0.00 0   0.00  0 -0.25 -1.41 3.75e-05 1.53e-04 0   0.00 66 -0.25 -1.66 2.03e-05 1.07e-04 0   0.00 59  1.65  0.20 7.79e-04 6.36e-04 0   0.00 37  1.65  0.04 8.16e-04 7.85e-04 0   0.00  8  3.50 -0.17 2.38e-04 2.82e-04 0   0.94
HOYA.LL.COR..LH 1000.9/0.82  0   0.00  0  0.25 18.36 6.25e+03 6.62e-05 0   0.00 40  0.25 18.42 4.83e+03 4.83e-05 0   0.00  0  5.80 19.34 3.72e+04 1.48e-04 0   0.00  0  5.80 19.63 3.97e+04 1.19e-04 0   0.00  6  5.80 18.16 2.00e+04 2.60e-04 0   0.71
HOYA.LL.COR..BH 1000.9/0.82  0   0.00 52  0.25  1.10 2.00e-04 6.62e-05 0   0.00  0  0.25  1.37 1.91e-04 4.83e-05 0   0.00 12  1.90  1.84 9.30e-04 1.48e-04 0   0.00 11  1.90  2.13 9.95e-04 1.19e-04 0   0.00 23  2.85  0.65 5.00e-04 2.60e-04 0   0.71
HOYA.IU.COR..BH 1000.9/-0.00 0   0.00  0 -0.25  1.73 3.74e-04 6.62e-05 0   0.00  0 -0.25  2.22 4.44e-04 4.83e-05 0   0.00 12  3.00  1.79 8.85e-04 1.48e-04 0   0.00 11  3.00  2.08 9.49e-04 1.19e-04 0   0.00 24  3.65  0.60 4.75e-04 2.60e-04 0   0.71
HOYA.IU.COR..LH 1000.9/-0.00 0   0.00  8  0.00  1.66 3.47e-04 6.62e-05 0   0.00  0  0.00  2.07 3.84e-04 4.83e-05 0   0.00 12  2.90  1.78 8.77e-04 1.48e-04 0   0.00 11  2.90  2.07 9.41e-04 1.19e-04 0   0.00 24  3.55  0.59 4.72e-04 2.60e-04 0   0.71
HOYA.DW.LON..LH 1147.3/-0.00 0   0.00 15 -0.25  0.46 9.25e-05 5.83e-05 0   0.00 29 -0.25  3.22 3.21e-03 1.28e-04 0   0.00  6  4.90  3.05 9.83e-04 4.64e-05 0   0.00  7  4.90  3.32 1.03e-03 3.75e-05 0   0.00  4  0.00  1.23 5.53e-04 1.62e-04 0   0.73
INPUT_PAR wes_1 P_win 5 S_win 300 P 1 p 1 NCOM 5 spiB 5 spiS 100 Body:0.10-3.33. Surf:6.67-33.33 FMT true
