Event 20190326212718519 Model 20190326212718519_tactmod_023 FM  344 81.281921   18 Mw 5.00 rms 3.539e-01 14082 CLVD 0.00 ISO   0.000000 VR  87.475433 data2 1.647e-06 pol_wt 999.00
# Hypocenter_sac_header elat 6.629960e+01 elon -1.572445e+02 edep 9.790000e+00
# tensor = 3.981e+23  0.4915  0.7703 -0.2210 -0.5854 -0.2475  0.0939
# norm L1    # Pwin 15 Swin 120    # N 84 Np 86 Ns 224
20190326212718519.TA.G19K..BH  18.8/-1.30 1   0.68 31 -1.60  0.97 1.21e-03 4.57e-04 1   0.84  7 -1.60  1.22 1.27e-03 3.72e-04 1   0.30 24 10.00  0.31 1.06e-03 7.74e-04 1   0.23 52 10.00  0.17 9.51e-04 8.00e-04 1   0.22 97 -1.58  0.67 1.94e-03 9.92e-04 0  -0.14
20190326212718519.TA.F19K..BH  64.0/-0.34 1   0.37 47 -0.64 -1.10 2.44e-04 7.31e-04 1   0.51 70 -0.64 -1.59 2.08e-04 1.02e-03 1   0.10 91  5.62 -0.68 3.90e-04 7.70e-04 1   0.13 86  5.62  0.90 7.70e-04 3.14e-04 1   0.26 98 -0.98 -0.22 3.10e-03 3.87e-03 0  -0.21
20190326212718519.TA.G18K..BH  78.1/0.31  1   1.23 78  0.61 -1.11 9.64e-04 2.93e-03 1   1.85 70  0.61 -1.42 9.51e-04 3.92e-03 1   0.16 98 -2.21  0.26 2.25e-03 1.73e-03 1   0.24 67 -2.21  0.90 1.15e-03 4.70e-04 1   0.15 99  0.55 -0.15 2.69e-03 3.12e-03 0   0.67
20190326212718519.TA.H19K..BH  93.4/0.60  1   0.55  0  0.90 -0.04 6.32e-04 6.55e-04 1   0.84  0  0.90 -0.10 8.46e-04 9.39e-04 1   0.17 24 -1.46  0.58 6.24e-04 3.48e-04 1   0.17 65 -1.46 -0.58 5.25e-04 9.39e-04 1   0.15 98  0.54 -0.02 3.77e-03 3.86e-03 0  -0.07
20190326212718519.TA.F20K..BH 107.2/0.58  1   1.23 17  0.28 -0.21 1.47e-03 1.81e-03 1   1.39 37  0.28 -0.96 9.91e-04 2.59e-03 1   0.42 83  4.94  0.57 2.71e-03 1.53e-03 1   0.53 46  4.94 -0.66 1.17e-03 2.27e-03 1   0.11 98 -0.94 -0.32 1.07e-03 1.47e-03 0   0.24
20190326212718519.TA.F18K..BH 112.5/1.31  1   1.25  0  1.01 -0.50 1.14e-03 1.88e-03 1   1.48 45  1.01 -2.26 2.80e-04 2.68e-03 1   0.09 97  3.24 -0.37 8.53e-04 1.24e-03 1   0.23 96  3.24 -0.47 1.20e-03 1.92e-03 1   0.26 98  1.53  0.55 2.45e-03 1.41e-03 0  -0.39
20190326212718519.TA.E19K..BH 129.1/1.72  1   0.23 81  2.00  0.29 8.12e-04 6.08e-04 1   0.36 76  2.00  0.19 1.12e-03 9.25e-04 1   0.25 75  6.66  0.20 1.45e-03 1.19e-03 1   0.32 45  6.66 -0.13 1.07e-03 1.22e-03 1   0.12 98 -0.34  0.00 3.35e-03 3.35e-03 0   0.13
20190326212718519.TA.H18K..BH 137.8/2.00  1   1.17 33  2.30  0.68 2.17e-03 1.10e-03 1   1.32  6  2.30  0.34 1.93e-03 1.37e-03 1   0.35 89 -3.92  0.69 2.44e-03 1.22e-03 1   0.39 74 -3.92  0.58 1.65e-03 9.26e-04 1   0.13 97  1.30  0.45 1.32e-03 8.38e-04 0   0.87
20190326212718519.TA.H20K..BH 140.4/2.06  1   0.96 51  2.36  0.86 2.09e-03 8.83e-04 1   1.59 22  2.36  0.81 2.84e-03 1.27e-03 1   0.22 66 10.00  0.04 1.16e-03 1.12e-03 1   0.24 24 10.00 -0.80 4.69e-04 1.04e-03 1   0.16 98  1.36 -0.49 1.12e-03 1.83e-03 0  -0.59
20190326212718519.TA.G21K..BH 168.7/2.08  1   1.94 30  1.78  2.29 4.03e-03 4.10e-04 1   1.50 41  1.78  1.90 3.03e-03 4.53e-04 1   0.18 78  0.94 -0.23 9.26e-04 1.16e-03 1   0.20 58  0.94 -0.04 9.12e-04 9.50e-04 1   0.27 97 -0.80  0.17 4.67e-03 3.94e-03 0  -0.42
20190326212718519.AK.GCSA..BH 174.0/2.75  1   1.48 76  3.05  2.08 3.05e-03 3.82e-04 1   1.36 53  3.05  1.89 2.67e-03 4.04e-04 1   0.15 92 -3.52  0.52 1.36e-03 8.15e-04 1   0.30 72 -3.52  1.01 1.40e-03 5.11e-04 1   0.36 97  1.39  0.27 5.06e-03 3.86e-03 0   0.43
20190326212718519.TA.G17K..BH 179.0/2.27  1   1.25 47  2.57  1.66 2.40e-03 4.54e-04 1   1.21 11  2.57  1.42 1.98e-03 4.80e-04 1   0.20 90 -1.56  0.38 1.96e-03 1.34e-03 1   0.28 78 -1.56  0.47 1.54e-03 9.63e-04 1   0.20 98  1.17  0.11 4.23e-03 3.80e-03 0   0.53
20190326212718519.TA.F17K..BH 179.9/2.58  1   0.45 61  2.88  1.46 1.03e-03 2.39e-04 1   0.37 58  2.88  0.93 8.85e-04 3.50e-04 1   0.25 86  3.76 -0.66 9.10e-04 1.75e-03 1   0.11 93  3.76 -0.03 1.20e-03 1.24e-03 1   0.45 97  1.46  0.52 4.70e-03 2.80e-03 0  -0.22
20190326212718519.TA.E18K..BH 193.2/3.17  1   0.66 35  3.47  1.30 1.40e-03 3.81e-04 1   0.67 42  3.47  1.29 1.45e-03 4.00e-04 1   0.15 88  8.84  0.04 1.32e-03 1.27e-03 1   0.20 59  8.84 -0.29 6.59e-04 8.81e-04 1   0.17 96 -0.37 -0.28 1.59e-03 2.10e-03 0  -0.47
20190326212718519.TA.F21K..BH 195.0/2.21  1   1.34  7  2.23  3.32 2.50e-03 9.06e-05 1   0.90 45  2.23  2.79 1.91e-03 1.18e-04 1   0.22 90  6.78  0.26 2.19e-03 1.69e-03 1   0.32 59  6.78 -0.09 1.24e-03 1.36e-03 1   0.17 97 -0.59  0.05 3.58e-03 3.40e-03 0   0.00
20190326212718519.TA.H17K..BH 195.4/2.52  1   1.57 59  2.82  1.65 3.35e-03 6.44e-04 1   1.65 53  2.82  1.56 3.23e-03 6.78e-04 1   0.28 94 -2.28  0.54 2.60e-03 1.52e-03 1   0.38 65 -2.28  0.57 1.61e-03 9.07e-04 1   0.09 98  1.40  0.11 1.92e-03 1.72e-03 0   0.86
20190326212718519.TA.I20K..BH 210.8/2.93  1   0.35 52  2.83  0.80 5.74e-04 2.58e-04 1   0.55  0  2.83  0.96 7.09e-04 2.71e-04 1   0.18 69 -3.20 -0.03 8.80e-04 9.09e-04 1   0.14 76 -3.20  0.30 9.61e-04 7.15e-04 1   0.16 98  1.41  0.07 3.32e-03 3.09e-03 0  -0.37
20190326212718519.TA.H21K..BH 214.0/2.14  1   0.31 46  2.34  0.26 6.12e-04 4.73e-04 1   0.37 54  2.34  0.60 9.06e-04 4.97e-04 1   0.16 89 -2.06 -0.08 1.10e-03 1.19e-03 1   0.14 86 -2.06 -0.24 6.23e-04 7.90e-04 1   0.23 98 -1.84  0.47 2.51e-03 1.57e-03 0  -0.71
20190326212718519.TA.E17K..BH 220.3/2.69  1   0.12 73  2.97 -0.18 2.48e-04 2.97e-04 1   0.14 68  2.97 -0.21 2.52e-04 3.12e-04 1   0.17 88  9.02 -0.23 1.07e-03 1.34e-03 1   0.29 60  9.02 -1.13 3.89e-04 1.21e-03 1   0.08 98  3.21  0.34 1.23e-03 8.72e-04 0  -0.46
20190326212718519.TA.E20K..BH 223.0/3.70  1   2.65 26  4.00  3.49 4.94e-03 1.51e-04 1   2.05 13  4.00  3.23 4.00e-03 1.58e-04 1   0.37 85  9.86  0.59 2.48e-03 1.37e-03 0   0.00 54  9.86  0.33 1.78e-03 1.28e-03 1   0.37 98 -0.52  0.51 3.66e-03 2.19e-03 0   0.25
20190326212718519.TA.D19K..BH 247.6/3.51  1   0.82 33  3.81  4.17 1.48e-03 2.29e-05 1   0.53 18  3.81  3.60 9.17e-04 2.51e-05 1   0.17 82 10.00  0.42 1.19e-03 7.81e-04 0   0.00 59 10.00  0.63 1.36e-03 7.22e-04 1   0.50 98  0.13  0.42 5.73e-03 3.75e-03 0   0.01
20190326212718519.TA.G16K..BH 254.2/1.66  1   0.27  5  1.36  0.76 4.84e-04 2.25e-04 1   0.30  9  1.36  0.92 5.77e-04 2.30e-04 1   0.12 94 -0.54  0.14 1.59e-03 1.39e-03 1   0.22 67 -0.54  0.12 1.15e-03 1.02e-03 1   0.22 98  0.64  0.16 4.44e-03 3.77e-03 0   0.38
20190326212718519.TA.F22K..BH 259.4/2.69  1   0.61  0  2.99  3.49 1.06e-03 3.23e-05 1   0.58  0  2.99  3.50 1.05e-03 3.18e-05 1   0.42 62  5.78  0.49 2.31e-03 1.42e-03 1   0.56 50  5.78  0.70 2.62e-03 1.30e-03 1   0.36 89 -1.37 -0.16 2.75e-03 3.22e-03 0   0.00
20190326212718519.TA.J19K..BH 268.1/2.61  1   0.10 60  2.91  1.05 2.45e-04 8.59e-05 1   0.07 62  2.91  0.75 1.83e-04 8.64e-05 1   0.09 91 -2.52  0.30 8.64e-04 6.39e-04 1   0.17 69 -2.52  0.61 8.96e-04 4.85e-04 1   0.24 98  0.87  0.20 4.75e-03 3.90e-03 0   0.14
20190326212718519.TA.H22K..BH 269.1/2.36  1   0.30  6  2.06  0.03 3.90e-04 3.78e-04 1   0.29  2  2.06 -0.16 3.23e-04 3.80e-04 1   0.09 95 -0.84 -0.23 9.78e-04 1.23e-03 1   0.12 86 -0.84  0.06 9.16e-04 8.66e-04 1   0.28 98 -1.26  0.35 3.69e-03 2.61e-03 0  -0.65
20190326212718519.TA.D20K..BH 270.5/3.29  1   0.54  0  3.59  2.23 9.36e-04 1.01e-04 1   0.38  0  3.59  1.85 6.44e-04 1.01e-04 1   0.32 81 10.00  0.65 2.02e-03 1.05e-03 0   0.00 53 10.00  0.71 2.22e-03 1.10e-03 1   0.77 98  0.65  0.76 5.82e-03 2.73e-03 0   0.19
20190326212718519.TA.I21K..BH 271.6/2.23  1   0.22 52  2.29 -0.15 3.49e-04 4.04e-04 1   0.30 13  2.29 -0.37 2.80e-04 4.06e-04 1   0.07 95 -2.36  0.13 1.13e-03 9.97e-04 1   0.15 84 -2.36  0.02 8.80e-04 8.65e-04 1   0.14 97 -3.97  0.44 1.49e-03 9.59e-04 0  -0.71
20190326212718519.TA.E21K..BH 277.1/3.10  1   0.54 13  2.82  1.97 1.08e-03 1.51e-04 1   0.47 23  2.82  1.82 9.32e-04 1.51e-04 1   0.43 80  9.12  0.66 2.69e-03 1.39e-03 0   0.00 57  9.12  0.52 2.45e-03 1.46e-03 1   0.09 81 -3.18  0.49 6.01e-04 3.68e-04 0   0.29
20190326212718519.TA.J20K..BH 277.4/2.42  1   0.10  9  2.72 -0.28 1.03e-04 1.36e-04 1   0.13  0  2.72 -0.04 1.31e-04 1.36e-04 1   0.09 86 -2.66  0.48 7.87e-04 4.85e-04 1   0.14 70 -2.66  0.33 8.65e-04 6.23e-04 1   0.12 99  1.18  0.00 3.45e-03 3.43e-03 0  -0.25
20190326212718519.TA.H16K..BH 296.4/1.30  1   0.20 27  1.60 -1.74 6.20e-05 3.54e-04 1   0.21 14  1.60 -1.25 9.97e-05 3.48e-04 1   0.21 95 -1.16  0.37 2.14e-03 1.48e-03 1   0.29 82 -1.16  0.64 1.89e-03 9.99e-04 1   0.23 97  1.18  0.17 3.67e-03 3.10e-03 0   0.69
20190326212718519.TA.D17K..BH 298.5/2.54  1   0.11 63  2.84 -0.76 1.10e-04 2.36e-04 1   0.13 34  2.84 -1.01 8.41e-05 2.32e-04 1   0.20 70 10.00  0.52 1.24e-03 7.38e-04 1   0.27 36 10.00 -0.17 8.20e-04 9.73e-04 1   0.18 98  0.90 -0.74 6.14e-04 1.29e-03 0  -0.49
20190326212718519.TA.E22K..BH 311.3/3.39  1   0.71 51  3.69  3.23 1.44e-03 5.73e-05 1   0.55 28  3.69  2.96 1.13e-03 5.88e-05 1   0.38 79  9.50  0.53 2.58e-03 1.51e-03 1   0.39 61  9.50  0.45 2.03e-03 1.30e-03 1   0.16 96 -0.79  0.02 2.50e-03 2.45e-03 0   0.15
20190326212718519.TA.C18K..BH 311.6/2.49  1   0.07 73  2.79 -1.17 4.31e-05 1.39e-04 1   0.08 71  2.79 -1.72 2.43e-05 1.36e-04 1   0.17 20 10.00  0.31 6.89e-04 5.07e-04 1   0.13 49 10.00  0.19 5.33e-04 4.41e-04 1   0.39 99  0.73  0.35 5.17e-03 3.66e-03 0  -0.32
20190326212718519.AK.RDOG..BH 313.5/3.51  1   0.16 60  3.81  0.51 3.29e-04 1.97e-04 1   0.15 44  3.81  0.23 2.49e-04 1.97e-04 1   0.17 58 -3.98  0.52 1.05e-03 6.22e-04 1   0.21 43 -3.98 -0.26 6.03e-04 7.83e-04 1   0.16 95 -0.31 -0.19 1.68e-03 2.02e-03 0  -0.48
20190326212718519.TA.I17K..BH 314.1/2.49  1   0.49  0  2.19  0.51 6.38e-04 3.81e-04 1   0.35  0  2.19  0.12 4.16e-04 3.69e-04 1   0.30 96 -1.90  0.57 2.51e-03 1.41e-03 1   0.35 78 -1.90  0.71 1.96e-03 9.68e-04 1   0.09 87  1.57  0.03 7.74e-04 7.53e-04 0   0.89
20190326212718519.TA.J18K..BH 317.0/2.36  1   0.17  8  2.66  0.33 2.59e-04 1.86e-04 1   0.17  0  2.66  0.29 2.40e-04 1.80e-04 1   0.18 95 -2.24  0.56 1.50e-03 8.58e-04 1   0.21 87 -2.24  0.84 1.34e-03 5.77e-04 1   0.28 98  0.70  0.22 4.62e-03 3.70e-03 0   0.45
20190326212718519.TA.G23K..BH 324.4/1.33  1   0.09 49  1.63 -0.30 1.13e-04 1.52e-04 1   0.10 29  1.63 -0.31 1.12e-04 1.52e-04 1   0.20 67  3.90 -0.38 8.78e-04 1.28e-03 1   0.20 65  3.90  0.16 1.05e-03 8.95e-04 1   0.29 99 -0.45  0.21 4.92e-03 3.98e-03 0  -0.39
20190326212718519.AK.COLD..BH 326.7/1.52  1   0.08 64  1.64  0.85 1.94e-04 8.29e-05 1   0.09 66  1.64  0.99 2.16e-04 8.03e-05 1   0.26 75  7.38  0.22 1.71e-03 1.38e-03 1   0.25 56  7.38  0.07 1.06e-03 9.81e-04 1   0.18 98 -0.58  0.03 4.16e-03 4.02e-03 0  -0.21
20190326212718519.TA.J17K..BH 335.1/2.62  1   0.35  0  2.32  0.41 4.29e-04 2.85e-04 1   0.29  0  2.32  0.34 3.82e-04 2.73e-04 1   0.28 94 -2.44  0.59 2.11e-03 1.17e-03 1   0.29 87 -2.44  0.80 1.81e-03 8.13e-04 1   0.29 97  1.06  0.57 2.97e-03 1.68e-03 0   0.82
20190326212718519.TA.C21K..BH 335.2/2.31  1   0.09  0  2.01  0.13 1.03e-04 9.01e-05 1   0.07  0  2.01 -0.56 5.20e-05 9.10e-05 1   0.41 63 10.00  0.46 2.14e-03 1.35e-03 1   0.48 34 10.00  0.59 2.00e-03 1.10e-03 1   0.46 97  2.27  0.88 3.75e-03 1.55e-03 0   0.28
20190326212718519.TA.F15K..BH 342.3/1.49  1   0.02 72  1.79  0.46 6.38e-05 4.02e-05 1   0.02 67  1.79  0.42 5.70e-05 3.73e-05 1   0.10 93  2.40 -0.05 1.22e-03 1.28e-03 1   0.13 85  2.40  0.13 1.08e-03 9.55e-04 1   0.23 98  0.17  0.11 4.34e-03 3.89e-03 0   0.08
20190326212718519.TA.G15K..BH 344.7/0.88  1   0.09 67  0.76 -1.78 2.67e-05 1.59e-04 1   0.08 69  0.76 -2.02 1.94e-05 1.45e-04 1   0.14 89 -0.62  0.02 1.35e-03 1.33e-03 1   0.21 66 -0.62  0.15 1.12e-03 9.71e-04 1   0.19 98  0.08  0.01 4.11e-03 4.07e-03 0   0.40
20190326212718519.TA.D22K..BH 347.0/2.82  1   0.26  0  2.52  1.66 4.73e-04 8.96e-05 1   0.23 10  2.52  1.69 4.39e-04 8.11e-05 1   0.40 79 10.00  0.54 2.57e-03 1.50e-03 1   0.46 53 10.00  0.72 2.36e-03 1.15e-03 1   0.14 81 -0.52  0.36 9.69e-04 6.75e-04 0   0.28
20190326212718519.TA.C17K..BH 351.5/2.88  0   0.00 47  2.58  0.24 2.14e-04 1.69e-04 0   0.00 54  2.58  0.06 1.63e-04 1.54e-04 1   0.17 45 -2.26  0.49 8.70e-04 5.35e-04 1   0.12 65 -2.26 -0.11 5.53e-04 6.20e-04 1   0.11 98  0.88  0.01 2.71e-03 2.69e-03 0  -0.45
20190326212718519.TA.H23K..BH 352.6/1.81  0   0.00 25  2.11  0.00 2.54e-04 2.53e-04 0   0.00 21  2.11 -0.38 1.58e-04 2.31e-04 1   0.12 86 -0.22  0.01 1.06e-03 1.05e-03 1   0.15 78 -0.22  0.32 1.07e-03 7.74e-04 1   0.26 98 -1.33  0.27 3.94e-03 3.00e-03 0  -0.63
20190326212718519.AK.CHUM..BH 355.2/2.63  0   0.00 60  2.37  0.67 3.50e-04 1.80e-04 0   0.00 47  2.37  0.66 3.17e-04 1.64e-04 1   0.13 73 -2.76  0.64 9.96e-04 5.23e-04 1   0.11 85 -2.76  0.50 9.92e-04 6.01e-04 1   0.10 98  1.29 -0.07 2.55e-03 2.74e-03 0  -0.46
20190326212718519.TA.K20K..BH 360.9/2.46  0   0.00 82  2.76  1.36 1.11e-04 2.83e-05 0   0.00 80  2.76  1.62 1.30e-04 2.56e-05 1   0.09 85 -3.06  0.32 7.33e-04 5.35e-04 1   0.13 79 -3.06  0.73 9.12e-04 4.40e-04 1   0.17 98  0.74  0.08 4.36e-03 4.03e-03 0  -0.08
20190326212718519.TA.J16K..BH 372.0/2.35  0   0.00 77  2.29  0.61 7.94e-04 4.33e-04 0   0.00 72  2.29  0.25 5.16e-04 4.02e-04 1   0.33 95 -1.96  0.78 2.49e-03 1.14e-03 1   0.31 89 -1.96  0.82 1.91e-03 8.44e-04 1   0.11 95  4.25  0.95 8.91e-04 3.45e-04 0   0.89
20190326212718519.XV.F7TV..HH 378.2/1.46  0   0.00 66  1.58 -0.44 2.31e-04 3.58e-04 0   0.00 75  1.58  0.11 3.75e-04 3.35e-04 1   0.09 85 -1.64 -0.02 7.99e-04 8.12e-04 0   0.00 94 -1.64  0.07 7.71e-04 7.21e-04 0   0.00 97 -3.18  0.42 1.79e-03 1.18e-03 0  -0.71
20190326212718519.XV.F8KN..HH 378.7/1.45  0   0.00 83  1.31 -0.47 2.25e-04 3.59e-04 0   0.00 67  1.31 -0.76 1.57e-04 3.36e-04 1   0.10 82 -1.76  0.02 8.08e-04 7.92e-04 1   0.06 94 -1.76  0.07 7.71e-04 7.16e-04 1   0.14 96 -3.83  0.43 1.56e-03 1.02e-03 0  -0.71
20190326212718519.AK.BPAW..BH 381.8/1.97  0   0.00 83  1.73  0.54 5.43e-04 3.15e-04 0   0.00 76  1.73  0.09 3.24e-04 2.96e-04 1   0.14 62 -2.28  0.30 8.31e-04 6.13e-04 1   0.08 89 -2.28  0.18 7.82e-04 6.53e-04 1   0.21 99  0.37 -0.89 6.63e-04 1.62e-03 0  -0.61
20190326212718519.TA.I23K..BH 383.6/1.36  0   0.00 88  1.56 -0.45 2.40e-04 3.77e-04 0   0.00 72  1.56 -0.92 1.42e-04 3.55e-04 1   0.07 92 -1.16  0.16 9.94e-04 8.49e-04 1   0.08 90 -1.16  0.21 8.68e-04 7.04e-04 1   0.28 98 -2.16  0.43 2.84e-03 1.85e-03 0  -0.71
20190326212718519.TA.E23K..BH 383.8/2.32  0   0.00 68  2.62  2.40 1.74e-04 1.58e-05 0   0.00 49  2.62  1.62 8.89e-05 1.75e-05 1   0.29 79 10.00  0.43 2.11e-03 1.37e-03 1   0.36 52 10.00  0.54 1.66e-03 9.72e-04 1   0.22 96 -0.74 -0.06 3.28e-03 3.49e-03 0   0.01
20190326212718519.TA.B21K..BH 386.4/1.50  0   0.00 45  1.26 -0.98 4.88e-05 1.30e-04 0   0.00 42  1.26 -1.49 2.74e-05 1.22e-04 1   0.34 49 10.00  0.10 1.41e-03 1.28e-03 1   0.47  0 10.00  0.36 1.36e-03 9.53e-04 1   0.34 93  4.00  0.68 3.57e-03 1.81e-03 0   0.27
20190326212718519.XV.F6TP..HH 388.4/1.57  0   0.00 87  1.43 -0.22 3.16e-04 3.95e-04 0   0.00  0  1.43 -0.34 2.65e-04 3.74e-04 1   0.09 83 -1.38 -0.05 7.45e-04 7.84e-04 0   0.00 91 -1.38  0.25 8.91e-04 6.94e-04 0   0.00 97 -2.75  0.46 2.06e-03 1.30e-03 0  -0.71
20190326212718519.TA.B18K..BH 391.8/2.42  0   0.00  0  2.12 -0.62 8.39e-05 1.56e-04 0   0.00 13  2.12 -1.02 5.35e-05 1.48e-04 1   0.11 21 -6.36 -0.50 2.54e-04 4.17e-04 1   0.11 52 -6.36  0.14 3.86e-04 3.36e-04 1   0.59 95  5.02  0.57 7.18e-03 4.06e-03 0  -0.27
20190326212718519.TA.K17K..BH 402.7/1.88  0   0.00 78  1.58 -0.43 2.96e-04 4.55e-04 0   0.00 76  1.58 -0.60 2.40e-04 4.37e-04 1   0.19 94 -2.28  0.54 1.37e-03 8.00e-04 1   0.25 90 -2.28  0.88 1.57e-03 6.54e-04 1   0.21 98  0.44  0.28 3.58e-03 2.71e-03 0   0.70
20190326212718519.AK.CAST..BH 403.5/2.21  0   0.00 67  1.93  0.27 3.22e-04 2.44e-04 0   0.00 70  1.93  0.23 2.95e-04 2.35e-04 1   0.12 53 -2.72  0.46 7.08e-04 4.45e-04 1   0.08 89 -2.72  0.46 7.76e-04 4.92e-04 1   0.11 98  0.67 -0.11 2.78e-03 3.09e-03 0  -0.39
20190326212718519.XV.F5MN..HH 403.6/1.81  0   0.00 87  1.93 -0.03 4.42e-04 4.56e-04 0   0.00 12  1.93 -0.31 3.22e-04 4.39e-04 1   0.08 84 -1.56  0.01 7.26e-04 7.22e-04 0   0.00 83 -1.56  0.69 1.27e-03 6.37e-04 0   0.00 93 -2.55  0.64 2.78e-03 1.46e-03 0  -0.71
20190326212718519.TA.D23K..BH 407.2/2.88  0   0.00 50  2.58  1.41 4.97e-04 1.22e-04 0   0.00 62  2.58  0.78 2.57e-04 1.18e-04 1   0.33 60 10.00  0.08 1.46e-03 1.35e-03 1   0.41 27 10.00  0.51 1.58e-03 9.45e-04 1   0.36 95  1.60  0.62 3.30e-03 1.77e-03 0   0.22
20190326212718519.XV.F4TN..HH 407.4/-0.00 0   0.00 53 -0.04 -0.28 3.55e-04 4.69e-04 0   0.00 17 -0.04 -1.30 1.24e-04 4.52e-04 1   0.09 83 -1.34 -0.07 6.96e-04 7.43e-04 0   0.00 67 -1.34  0.94 1.62e-03 6.35e-04 0   0.00 90 -2.72  0.73 2.91e-03 1.40e-03 0  -0.71
20190326212718519.XV.FNN2..HH 409.4/-0.00 0   0.00 53 -0.14 -0.26 3.64e-04 4.71e-04 0   0.00  0 -0.14 -1.65 8.73e-05 4.56e-04 1   0.10 77 -1.92 -0.06 6.54e-04 6.93e-04 0   0.00 89 -1.92  0.45 9.81e-04 6.24e-04 0   0.00 91 -4.20  0.68 1.92e-03 9.67e-04 0  -0.71
20190326212718519.XV.F3TN..HH 410.9/-0.00 0   0.00 44 -0.02 -0.16 4.13e-04 4.84e-04 0   0.00  0 -0.02 -1.29 1.28e-04 4.69e-04 1   0.10 79 -1.42 -0.13 6.28e-04 7.18e-04 0   0.00 60 -1.42  0.88 1.50e-03 6.22e-04 0   0.00 93 -3.04  0.70 2.64e-03 1.31e-03 0  -0.71
20190326212718519.TA.C16K..BH 412.3/2.82  0   0.00 22  2.52 -0.65 1.67e-04 3.22e-04 0   0.00 52  2.52 -1.41 7.65e-05 3.12e-04 1   0.19 22 -3.10 -0.18 5.64e-04 6.76e-04 1   0.11 66 -3.10 -0.09 5.85e-04 6.40e-04 1   0.21 90  2.78 -0.80 6.75e-04 1.50e-03 0  -0.49
20190326212718519.TA.B20K..BH 413.6/2.23  0   0.00 58  1.93  1.71 4.38e-04 7.89e-05 0   0.00 53  1.93  0.90 1.87e-04 7.64e-05 1   0.22 45 10.00 -0.14 7.79e-04 8.95e-04 1   0.30  0 10.00  0.28 8.18e-04 6.17e-04 1   0.41 93  6.11  0.39 5.11e-03 3.47e-03 0   0.13
20190326212718519.XV.F2TN..HH 414.8/2.09  0   0.00 85  1.95  0.10 5.55e-04 5.00e-04 0   0.00 85  1.95 -1.25 1.39e-04 4.85e-04 1   0.09 76 -1.54 -0.09 5.89e-04 6.43e-04 0   0.00 59 -1.54  0.45 9.31e-04 5.92e-04 0   0.00 88 -3.59  1.10 3.60e-03 1.20e-03 0  -0.71
20190326212718519.XV.F1TN..HH 416.7/2.09  0   0.00 66  1.97 -0.22 4.05e-04 5.07e-04 0   0.00 56  1.97 -1.49 1.11e-04 4.93e-04 1   0.10 74 -1.80 -0.02 6.14e-04 6.26e-04 0   0.00 35 -1.80  0.69 1.16e-03 5.83e-04 0   0.00 87 -2.91  0.87 2.68e-03 1.12e-03 0  -0.71
20190326212718519.TA.TOLK..BH 418.9/2.45  0   0.00 78  2.35  1.76 4.14e-04 7.12e-05 0   0.00 83  2.35  1.37 2.75e-04 6.94e-05 1   0.26 73 10.00  0.23 1.62e-03 1.29e-03 1   0.33 34 10.00  0.44 1.38e-03 8.87e-04 1   0.38 96  0.61  0.41 4.12e-03 2.72e-03 0   0.13
20190326212718519.XV.FNN1..HH 418.9/2.02  0   0.00 60  1.72 -0.50 3.10e-04 5.13e-04 0   0.00 11  1.72 -0.00 4.99e-04 4.99e-04 1   0.10 69 -2.12  0.04 6.30e-04 6.08e-04 0   0.00 57 -2.12  0.20 7.01e-04 5.75e-04 0   0.00 78 -3.96  0.66 1.93e-03 1.00e-03 0  -0.71
20190326212718519.XV.FPAP..HH 421.5/-0.00 0   0.00  2 -0.30 -1.00 1.92e-04 5.23e-04 0   0.00 59 -0.30 -1.43 1.22e-04 5.10e-04 1   0.09 79 -1.52  0.01 6.63e-04 6.56e-04 0   0.00 86 -1.52  0.22 7.31e-04 5.87e-04 0   0.00 97 -3.00  0.37 1.62e-03 1.11e-03 0  -0.71
20190326212718519.AK.ANM..BH 423.5/0.56  0   0.00 40  0.86 -2.46 2.92e-05 3.41e-04 0   0.00  1  0.86 -2.66 2.34e-05 3.34e-04 1   0.14 86 -0.56  0.02 1.06e-03 1.04e-03 1   0.20 86 -0.56  0.40 1.25e-03 8.40e-04 1   0.23 96 -0.38 -0.02 4.00e-03 4.07e-03 0   0.43
20190326212718519.DE.UAF02..HH 423.9/-0.00 0   0.00  0 -0.30 -0.86 2.26e-04 5.34e-04 0   0.00  0 -0.30 -1.38 1.32e-04 5.22e-04 1   0.10 76 -1.40 -0.02 6.24e-04 6.39e-04 1   0.07 92 -1.40  0.27 7.62e-04 5.79e-04 1   0.12 97 -3.50  0.37 1.59e-03 1.10e-03 0  -0.71
20190326212718519.AK.NEA2..BH 423.9/1.22  0   0.00 75  1.10 -0.86 2.25e-04 5.34e-04 0   0.00 57  1.10 -1.37 1.32e-04 5.22e-04 1   0.10 72 -1.26 -0.01 6.04e-04 6.11e-04 1   0.05 93 -1.26  0.19 6.72e-04 5.58e-04 1   0.13 96 -3.44  0.39 1.60e-03 1.09e-03 0  -0.71
20190326212718519.TA.F14K..BH 424.0/1.20  0   0.00 18  1.50 -0.73 4.20e-05 8.70e-05 0   0.00  0  1.50 -0.70 4.22e-05 8.51e-05 1   0.09 92  2.84  0.03 1.08e-03 1.05e-03 1   0.11 81  2.84  0.06 8.52e-04 8.02e-04 1   0.23 97 -0.40  0.08 4.30e-03 3.97e-03 0   0.09
20190326212718519.DE.UAF01..HH 425.7/-0.00 0   0.00  0 -0.30 -0.85 2.31e-04 5.41e-04 0   0.00 54 -0.30 -0.47 3.31e-04 5.29e-04 1   0.10 73 -1.56 -0.10 5.69e-04 6.26e-04 1   0.06 91 -1.56  0.16 6.69e-04 5.70e-04 1   0.13 96 -3.96  0.39 1.55e-03 1.05e-03 0  -0.71
20190326212718519.XV.FAPT..HH 425.7/-0.00 0   0.00  0 -0.30 -0.86 2.28e-04 5.41e-04 0   0.00 54 -0.30 -0.49 3.24e-04 5.29e-04 1   0.10 75 -2.00 -0.09 5.72e-04 6.26e-04 0   0.00 85 -2.00  0.19 6.89e-04 5.70e-04 0   0.00 93 -3.88  0.33 1.46e-03 1.05e-03 0  -0.71
20190326212718519.TA.H24K..BH 426.9/1.50  0   0.00 22  1.20 -0.52 2.79e-04 4.70e-04 0   0.00 56  1.20 -1.02 1.66e-04 4.60e-04 1   0.11 76  0.66 -0.02 7.59e-04 7.74e-04 1   0.13 70  0.66  0.32 8.67e-04 6.28e-04 1   0.29 98 -1.22  0.28 4.32e-03 3.27e-03 0  -0.60
20190326212718519.TA.E24K..BH 427.1/2.03  0   0.00 15  2.33  0.84 1.04e-04 4.51e-05 0   0.00  0  2.33  0.76 9.55e-05 4.45e-05 1   0.26 73 10.00  0.40 1.75e-03 1.18e-03 1   0.31 45 10.00  0.45 1.28e-03 8.14e-04 1   0.26 95 -0.69 -0.03 3.55e-03 3.67e-03 0  -0.03
20190326212718519.AK.KTH..BH 427.7/1.81  0   0.00 83  1.99  0.25 5.17e-04 4.05e-04 0   0.00 86  1.99  0.53 6.75e-04 3.96e-04 1   0.13 44 -2.82  0.48 6.44e-04 4.00e-04 1   0.08 92 -2.82  0.46 7.54e-04 4.76e-04 1   0.15 99  0.27 -0.35 1.59e-03 2.26e-03 0  -0.53
20190326212718519.XV.FTGH..HH 428.5/0.91  0   0.00 71  1.07 -1.23 1.62e-04 5.56e-04 0   0.00 83  1.07 -1.17 1.69e-04 5.44e-04 1   0.10 73 -1.21 -0.06 5.78e-04 6.13e-04 1   0.11 81 -1.21  0.50 8.92e-04 5.44e-04 1   0.15 96 -3.21  0.38 1.91e-03 1.30e-03 0  -0.71
20190326212718519.TA.F24K..BH 431.2/1.22  0   0.00  0  0.92 -0.22 1.36e-04 1.70e-04 0   0.00  0  0.92 -0.36 1.16e-04 1.66e-04 1   0.23 68  9.40  0.30 1.45e-03 1.07e-03 1   0.22 57  9.40  0.40 1.17e-03 7.78e-04 1   0.23 97 -1.10  0.02 4.21e-03 4.12e-03 0  -0.19
20190326212718519.TA.G24K..BH 436.7/0.68  0   0.00  0  0.38 -1.01 1.29e-04 3.53e-04 0   0.00  0  0.38 -1.28 9.67e-05 3.47e-04 1   0.15 65  4.44 -0.05 8.50e-04 8.96e-04 1   0.18 62  4.44  0.49 1.15e-03 7.05e-04 1   0.35 97 -1.22  0.23 5.12e-03 4.08e-03 0  -0.41
20190326212718519.AK.BWN..BH 440.2/1.44  0   0.00  0  1.74 -0.98 2.17e-04 5.75e-04 0   0.00 64  1.74 -0.68 2.88e-04 5.67e-04 1   0.11 52 -2.64 -0.06 4.51e-04 4.81e-04 0   0.00 34 -2.64  0.80 1.06e-03 4.78e-04 0   0.00 34 -5.08  0.57 1.43e-03 8.06e-04 0  -0.69
20190326212718519.AK.PPLA..BH 449.8/2.67  0   0.00 85  2.63  0.91 6.25e-04 2.51e-04 0   0.00 68  2.63  0.38 3.63e-04 2.48e-04 1   0.10 41 -2.88  0.38 5.33e-04 3.64e-04 1   0.08 65 -2.88  0.30 4.33e-04 3.21e-04 1   0.12 98  0.55 -0.04 3.28e-03 3.41e-03 0  -0.29
INPUT_PAR tactmod_23 P_win 15 S_win 120 P 0.6 p 1 NCOM 5 spiB 15 spiS 60 Body:1.50-3.00. Surf:16.00-40.00 FMT false
