Event 20090407201255351 Model 20090407201255351_scak_039 FM   29 37.237637  -90 Mw 4.50 rms 3.953e-01  4445 CLVD 7.14 ISO -17.962240 VR  84.369865 data2 2.511e-07 pol_wt 999.00
# Hypocenter_sac_header elat 6.145420e+01 elon -1.497428e+02 edep 3.303360e+01
# tensor = 7.079e+22  0.0461 -0.2960  0.1168  0.4280 -0.2241 -1.2295
# norm L1    # Pwin 15 Swin 120    # N 25 Np 49 Ns 68
20090407201255351.YV.BIGB..BH  15.9/-0.00 1   3.99 88 -0.36  1.13 7.09e-04 2.29e-04 1   1.21  0 -0.36  0.12 8.54e-05 7.58e-05 1   0.35 99 -0.30  0.09 5.23e-04 4.79e-04 1   0.25 99 -0.30 -0.26 2.03e-04 2.64e-04 0   0.00 93  0.90  1.92 3.39e-05 4.96e-06 0  -1.09
20090407201255351.YV.ALPI..BH  25.7/-0.00 1   1.18 78 -0.14  0.44 1.88e-04 1.21e-04 1   1.72 26 -0.14  0.72 1.88e-04 9.17e-05 0   0.00  0  5.20  0.66 4.92e-04 2.54e-04 0   0.00 76  5.20  6.45 1.51e-01 2.39e-04 0   0.00 66 -2.24  6.54 6.95e-02 1.01e-04 0  -0.41
20090407201255351.AT.PMR..BH  36.0/-0.00 1   1.14 65 -0.84  0.35 1.34e-04 9.48e-05 1   2.16  0 -0.84  1.62 3.32e-04 6.55e-05 1   0.34 98  0.40  0.26 2.72e-04 2.10e-04 1   0.30 99  0.40  0.29 2.64e-04 1.97e-04 1   0.27 96  1.38  0.38 1.93e-04 1.32e-04 0  -0.29
20090407201255351.AK.RC01..BH  40.7/-0.00 1   1.01 73 -0.36  0.52 1.51e-04 8.97e-05 1   0.93 59 -0.36  0.73 1.28e-04 6.15e-05 1   0.14 98  0.88 -0.04 1.87e-04 1.95e-04 0   0.00 93  0.88  1.71 1.02e-03 1.84e-04 0   0.00 25 -10.00  1.81 8.06e-04 1.32e-04 0  -0.28
20090407201255351.YV.KASH..BH  49.0/-0.00 1   2.81 64 -1.12  1.49 3.43e-04 7.76e-05 1   1.99  0 -1.12  1.55 2.72e-04 5.75e-05 1   0.45 93 -1.06  0.11 2.99e-04 2.68e-04 1   0.92 60 -1.06  0.23 2.84e-04 2.25e-04 1   0.42 84  0.08  0.70 1.86e-04 9.25e-05 0  -0.24
20090407201255351.YV.HOPE..BH  65.1/-0.00 1   0.86 63  1.46  1.29 1.04e-04 2.87e-05 1   1.80 77  1.46  2.27 2.24e-04 2.30e-05 1   0.26 94  0.92  0.08 1.74e-04 1.61e-04 1   0.34 44  0.92 -0.42 5.96e-05 9.04e-05 1   0.80 61  2.38  0.51 2.61e-04 1.56e-04 0   0.05
20090407201255351.YV.TUPA..BH  78.3/-0.00 1   0.42 90 -0.16  0.04 1.07e-04 1.03e-04 1   0.34 93 -0.16  0.21 1.14e-04 9.25e-05 1   0.29 94  2.36  0.21 1.91e-04 1.54e-04 1   1.31 50  2.36  0.46 3.29e-04 2.08e-04 1   0.73 86  0.46  0.55 2.74e-04 1.58e-04 0   0.30
20090407201255351.AK.SAW..BH  84.5/-0.00 1   0.20 84 -0.84  0.27 4.91e-05 3.74e-05 1   0.15 84 -0.84  0.16 3.90e-05 3.32e-05 1   0.29 94 -0.22 -0.83 5.50e-05 1.26e-04 1   0.50 70 -0.22 -0.83 7.09e-05 1.62e-04 1   0.44 73 -0.90 -0.60 8.38e-05 1.52e-04 0   0.09
20090407201255351.YV.LSUM..BH  88.3/-0.00 1   0.68 66 -0.40  0.68 1.07e-04 5.42e-05 1   0.83 74 -0.40  0.94 1.26e-04 4.91e-05 1   0.13 98  2.10  0.15 1.47e-04 1.26e-04 1   0.47 78  2.10 -0.19 1.49e-04 1.81e-04 1   0.21 95  0.42 -0.01 1.58e-04 1.60e-04 0   0.15
20090407201255351.YV.DEVL..BH 101.0/-0.00 1   0.71 64 -0.42  1.04 1.06e-04 3.73e-05 1   0.57 74 -0.42  1.00 9.26e-05 3.40e-05 1   0.27 89  1.88  0.14 1.30e-04 1.13e-04 1   0.38 91  1.88 -0.40 1.31e-04 1.96e-04 1   0.08 99 -0.26 -0.07 1.40e-04 1.50e-04 0   0.10
20090407201255351.YV.BLAK..BH 104.1/-0.00 1   3.11 75  0.08  1.19 5.08e-04 1.55e-04 1   2.89 90  0.08  1.30 5.34e-04 1.45e-04 1   0.31 97  2.14  0.40 1.99e-04 1.33e-04 1   0.55 91  2.14 -0.02 3.06e-04 3.12e-04 1   0.28 94  0.46  0.47 1.47e-04 9.13e-05 0   0.56
20090407201255351.YV.RUSS..BH 108.8/-0.00 1   0.73 54  0.84  2.35 9.79e-05 9.37e-06 0   0.00 46  0.84  2.85 1.55e-04 8.99e-06 1   0.38 76  5.20  0.19 1.30e-04 1.07e-04 1   1.24  0  5.20 -0.17 1.53e-04 1.81e-04 1   0.59 85 -0.14  0.54 1.84e-04 1.07e-04 0  -0.03
20090407201255351.YV.LSKI..BH 115.0/-0.00 1   0.43 59  0.62  1.03 6.34e-05 2.26e-05 1   0.50 39  0.62  1.21 7.42e-05 2.21e-05 1   0.13 97  3.58  0.12 1.20e-04 1.07e-04 1   0.28 91  3.58 -0.17 1.46e-04 1.74e-04 0   0.00 35 -10.00  0.25 6.93e-05 5.40e-05 0  -0.11
20090407201255351.YV.NSKI..BH 121.0/-0.00 1   1.39 36  2.00  2.33 2.02e-04 1.97e-05 1   0.74  0  2.00  1.30 6.96e-05 1.89e-05 1   0.56 78  5.58  0.60 2.18e-04 1.19e-04 1   1.20 91  5.58  0.85 4.35e-04 1.85e-04 1   1.27 88  3.40  1.28 2.95e-04 8.22e-05 0  -0.10
20090407201255351.YV.AVAL..BH 122.1/-0.00 1   0.45 80 -0.22  0.79 1.08e-04 4.89e-05 1   0.84 67 -0.22  1.06 1.32e-04 4.57e-05 1   0.29 93  2.58  0.33 1.65e-04 1.19e-04 1   0.55 79  2.58 -0.48 1.37e-04 2.22e-04 1   0.20 96 -0.84  0.11 1.71e-04 1.53e-04 0   0.18
20090407201255351.YV.PERI..BH 127.3/-0.00 1   7.76 62  0.36  2.04 1.13e-03 1.47e-04 1   5.58 55  0.36  1.73 7.80e-04 1.39e-04 1   0.25 94  2.82  0.14 1.67e-04 1.46e-04 1   0.46 95  2.82  0.17 3.53e-04 3.00e-04 1   0.28 95  0.02  0.65 1.14e-04 5.92e-05 0   0.59
20090407201255351.AK.SWD..BH 151.2/-0.00 1   0.56 73  0.14  1.21 9.48e-05 2.82e-05 1   0.54 56  0.14  1.01 7.29e-05 2.65e-05 1   0.43 90  2.72  0.26 2.00e-04 1.54e-04 1   0.48 85  2.72 -0.94 7.21e-05 1.84e-04 1   0.22 94  0.10  0.05 1.45e-04 1.38e-04 0   0.13
20090407201255351.YV.HEAD..BH 162.1/-0.00 1   0.43 54  0.18  0.78 5.94e-05 2.73e-05 1   0.54 78  0.18  1.26 9.06e-05 2.57e-05 1   0.39 85  3.26 -0.03 1.69e-04 1.75e-04 1   0.38 83  3.26 -0.30 1.24e-04 1.67e-04 1   0.20 93 -1.62 -0.04 1.31e-04 1.36e-04 0   0.13
20090407201255351.AK.DIV..BH 215.7/-0.00 1   1.26 77 -0.02  0.98 2.45e-04 9.21e-05 1   1.36 76 -0.02  1.08 2.58e-04 8.75e-05 1   0.65 92  4.78  0.15 3.25e-04 2.81e-04 1   0.52 85  4.78  0.21 2.35e-04 1.91e-04 1   0.24 87 -2.64  0.29 1.12e-04 8.38e-05 0   0.52
20090407201255351.AK.TRF..BH 224.2/-0.00 1   1.03 55  1.58  1.51 1.31e-04 2.88e-05 1   0.71 48  1.58  1.20 9.07e-05 2.72e-05 1   0.30 94  3.20 -0.04 2.00e-04 2.08e-04 1   1.24 32  3.20  0.66 2.96e-04 1.53e-04 1   0.56 93 -1.64  0.65 2.47e-04 1.29e-04 0   0.11
20090407201255351.AK.EYAK..BH 238.4/-0.00 1   1.24 17 -0.22  0.33 1.42e-04 1.02e-04 1   1.23 26 -0.22  0.69 1.93e-04 9.73e-05 1   1.32 89  6.26  0.62 5.00e-04 2.69e-04 1   0.58 87  6.26  0.31 3.04e-04 2.22e-04 1   0.18 54  8.88  0.80 5.03e-05 2.26e-05 0   0.60
20090407201255351.AK.PAX..BH 279.1/-0.00 1   0.80 37 -0.24  1.94 9.84e-05 1.41e-05 1   0.74 47 -0.24  1.93 8.94e-05 1.30e-05 1   0.32 96  3.48  0.20 2.23e-04 1.83e-04 1   0.24 93  3.48  0.03 1.49e-04 1.45e-04 1   0.29 83 -3.18  0.16 1.16e-04 9.86e-05 0  -0.01
20090407201255351.AK.BMR..BH 281.3/-0.00 1   1.55 13  0.78  1.05 2.35e-04 8.25e-05 1   1.08 17  0.78  0.54 1.34e-04 7.81e-05 1   0.68 91  7.02  0.35 3.45e-04 2.43e-04 1   0.57 83  7.02 -0.09 2.05e-04 2.23e-04 1   0.41 82 -1.62  0.67 1.63e-04 8.38e-05 0   0.52
20090407201255351.XZ.GOAT..BH 288.0/-0.00 1   0.52 65  1.74 -0.45 5.89e-05 9.20e-05 1   0.59 46  1.74 -0.17 7.34e-05 8.69e-05 1   0.66 79  7.88 -0.02 2.45e-04 2.50e-04 1   0.68 81  7.88  0.25 2.93e-04 2.29e-04 1   0.72 84  4.50  1.36 1.94e-04 4.99e-05 0   0.58
20090407201255351.AT.MID..BH 293.3/-0.00 1   1.51  1 -0.46  0.59 1.46e-04 8.08e-05 1   0.95 44 -0.46  0.11 8.54e-05 7.63e-05 1   0.97 46  6.34 -0.30 1.81e-04 2.44e-04 1   1.16 80  6.34  0.65 4.21e-04 2.19e-04 1   1.07 89  4.74  1.43 3.65e-04 8.72e-05 0   0.52
INPUT_PAR scak_39 P_win 15 S_win 120 P 1 p 1 NCOM 5 spiB 15 spiS 60 Body:1.50-4.00. Surf:16.00-40.00 FMT true
