Event 20090407201255351 Model 20090407201255351_scak_039 FM   22 37.741516  -90 Mw 4.50 rms 3.825e-01  3816 CLVD 0.00 ISO   0.000000 VR  85.373116 data2 2.191e-07 pol_wt 999.00
# Hypocenter_sac_header elat 6.145420e+01 elon -1.497428e+02 edep 3.303360e+01
# tensor = 7.079e+22  0.1360 -0.3364  0.0934  0.8321 -0.2326 -0.9681
# norm L1    # Pwin 15 Swin 150    # N 20 Np 29 Ns 48
20090407201255351.YV.BIGB..BH  15.9/-0.00 1   7.73 87 -0.38  1.39 7.09e-04 1.77e-04 1   1.96  0 -0.38  0.37 8.54e-05 5.89e-05 1   0.49 99 -0.32  0.13 5.23e-04 4.60e-04 1   0.22 99 -0.32 -0.20 2.03e-04 2.48e-04 0   0.00 95 -2.16  1.02 3.38e-05 1.22e-05 0  -0.84
20090407201255351.YV.ALPI..BH  25.7/-0.00 0   0.00 75 -0.14  0.96 1.88e-04 7.20e-05 0   0.00 18 -0.14  0.73 1.87e-04 9.06e-05 0   0.00  0  5.20  0.63 4.92e-04 2.62e-04 0   0.00 76  5.20  6.48 1.51e-01 2.31e-04 0   0.00 66 -2.08  6.27 6.94e-02 1.31e-04 0  -0.23
20090407201255351.AT.PMR..BH  36.0/-0.00 1   2.38 50  0.36  0.89 1.34e-04 5.49e-05 1   3.17 48  0.36  1.60 3.32e-04 6.73e-05 1   0.44 97  0.42  0.28 2.72e-04 2.06e-04 1   0.57 98  0.42  0.56 2.64e-04 1.51e-04 1   0.25 95  1.42  0.14 1.93e-04 1.68e-04 0   0.02
20090407201255351.AK.RC01..BH  40.7/-0.00 0   0.00 70 -0.36  1.01 1.51e-04 5.48e-05 0   0.00 53 -0.36  1.17 1.28e-04 4.00e-05 0   0.00 90  0.32 -0.03 1.87e-04 1.92e-04 0   0.00 94  0.32  1.56 1.02e-03 2.16e-04 0   0.00 29 -10.00  1.71 8.07e-04 1.46e-04 0  -0.17
20090407201255351.YV.KASH..BH  49.0/-0.00 0   0.00 31 -0.98  3.14 3.43e-04 1.48e-05 0   0.00 37 -0.98  2.52 2.72e-04 2.18e-05 1   0.53 94 -0.98  0.17 2.99e-04 2.53e-04 1   1.05 59 -0.98  0.28 2.85e-04 2.15e-04 1   0.43 84  0.02  0.31 1.85e-04 1.36e-04 0  -0.04
20090407201255351.YV.HOPE..BH  65.1/-0.00 0   0.00 79  1.58  0.59 1.04e-04 5.75e-05 0   0.00 87  1.58  1.48 2.24e-04 5.10e-05 0   0.00 94  1.36  0.25 1.74e-04 1.35e-04 0   0.00 62  1.36 -0.49 5.94e-05 9.65e-05 0   0.00 60  2.42  0.34 2.61e-04 1.86e-04 0   0.16
20090407201255351.YV.TUPA..BH  78.3/-0.00 1   0.84 90 -0.12 -0.33 1.07e-04 1.48e-04 1   0.64 93 -0.12 -0.17 1.14e-04 1.35e-04 0   0.00 95  2.70  0.35 1.90e-04 1.34e-04 0   0.00 50  2.70  0.54 3.29e-04 1.92e-04 0   0.00 86  0.50  0.23 2.74e-04 2.18e-04 0   0.47
20090407201255351.AK.SAW..BH  84.5/-0.00 0   0.00 86 -0.76 -0.90 4.91e-05 1.21e-04 0   0.00 84 -0.76 -1.05 3.90e-05 1.11e-04 0   0.00 93 -0.42 -0.73 5.49e-05 1.14e-04 0   0.00 63 -0.42 -0.90 7.32e-05 1.80e-04 0   0.00 45 -0.90 -0.53 1.26e-04 2.16e-04 0   0.39
20090407201255351.YV.LSUM..BH  88.3/-0.00 1   1.16 67 -0.36  0.27 1.07e-04 8.17e-05 1   1.32 74 -0.36  0.51 1.26e-04 7.54e-05 1   0.25 97  2.62  0.36 1.46e-04 1.01e-04 1   0.52 74  2.62 -0.06 1.49e-04 1.59e-04 1   0.33 94  0.44 -0.23 1.58e-04 1.98e-04 0   0.26
20090407201255351.YV.MPEN..BH  89.5/-0.00 0   0.00  0  0.62  -inf 0.00e+00 8.99e-06 1   0.81 18  0.62  2.18 5.72e-05 6.45e-06 0   0.00  0  4.44  -inf 0.00e+00 1.03e-04 1   0.49 94  4.44  0.45 2.39e-04 1.52e-04 1   0.39 71  3.06  0.97 7.45e-05 2.81e-05 0  -0.05
20090407201255351.YV.DEVL..BH 101.0/-0.00 1   1.19 63 -0.36  0.57 1.06e-04 5.98e-05 1   0.87 77 -0.36  0.51 9.26e-05 5.58e-05 1   0.38 88  2.30  0.38 1.29e-04 8.88e-05 1   0.26 95  2.30 -0.25 1.31e-04 1.68e-04 1   0.20 99 -0.24 -0.24 1.40e-04 1.78e-04 0   0.20
20090407201255351.YV.BLAK..BH 104.1/-0.00 1   5.09 74  0.10  0.81 5.08e-04 2.26e-04 1   4.42 90  0.10  0.92 5.34e-04 2.13e-04 1   0.42 97  2.16  0.51 1.98e-04 1.19e-04 1   0.71 88  2.16 -0.06 3.02e-04 3.21e-04 1   0.32 91  0.48 -0.12 1.43e-04 1.61e-04 0   0.83
20090407201255351.YV.RUSS..BH 108.8/-0.00 0   0.00 85  1.74  1.66 9.79e-05 1.87e-05 0   0.00 89  1.74  2.20 1.55e-04 1.73e-05 0   0.00  0 -10.00  0.44 1.30e-04 8.33e-05 0   0.00 37 -10.00 -0.01 1.53e-04 1.54e-04 0   0.00 85 -0.20  0.56 1.82e-04 1.04e-04 0   0.05
20090407201255351.YV.LSKI..BH 115.0/-0.00 1   0.89 40  1.16  2.57 6.34e-05 4.84e-06 1   0.96 21  1.16  2.88 7.42e-05 4.16e-06 0   0.00 97  4.28  0.35 1.20e-04 8.52e-05 0   0.00 88  4.28 -0.06 1.44e-04 1.53e-04 0   0.00 29 -10.00  0.82 6.99e-05 3.08e-05 0  -0.01
20090407201255351.YV.NSKI..BH 121.0/-0.00 0   0.00 74  1.08  1.86 2.02e-04 3.13e-05 0   0.00  0  1.08  0.86 6.96e-05 2.94e-05 1   0.64 82  5.98  0.73 2.18e-04 1.05e-04 1   1.43 90  5.98  0.94 4.53e-04 1.77e-04 1   1.31 85  3.00  0.72 3.04e-04 1.48e-04 0   0.10
20090407201255351.YV.AVAL..BH 122.1/-0.00 1   0.78 77 -0.18  0.36 1.08e-04 7.50e-05 1   1.44 63 -0.18  0.63 1.32e-04 7.09e-05 1   0.43 88  2.78  0.53 1.66e-04 9.72e-05 1   0.52 80  2.78 -0.30 1.40e-04 1.88e-04 1   0.25 96 -0.78 -0.15 1.67e-04 1.93e-04 0   0.29
20090407201255351.YV.PERI..BH 127.3/-0.00 1  13.30 63  0.36  1.63 1.13e-03 2.22e-04 1   9.57 55  0.36  1.31 7.80e-04 2.11e-04 1   0.36 91  2.82  0.21 1.66e-04 1.35e-04 1   0.54 94  2.82  0.15 3.51e-04 3.01e-04 1   0.19 94  0.12 -0.08 1.14e-04 1.24e-04 0   0.91
20090407201255351.YV.SOLD..BH 132.0/-0.00 0   0.00  0  0.84  -inf 0.00e+00 1.10e-05 0   0.00 20  0.84  1.42 4.21e-05 1.02e-05 0   0.00  0  7.92  -inf 0.00e+00 9.66e-05 1   0.56 66  7.92 -0.56 9.11e-05 1.59e-04 1   0.46 78 -1.80  0.44 1.41e-04 9.14e-05 0   0.02
20090407201255351.AV.SPBG..BH 142.3/-0.00 0   0.00  0  0.74 -11.28 2.15e-09 1.70e-04 0   0.00 69  0.74 -2.21 1.77e-05 1.61e-04 0   0.00 34  2.98 -0.82 6.69e-05 1.51e-04 0   0.00 63  2.98  0.27 3.28e-04 2.51e-04 0   0.00 25 10.00  0.40 2.72e-04 1.82e-04 0   0.68
20090407201255351.AK.SWD..BH 151.2/-0.00 1   0.86 73  0.30  0.61 9.48e-05 5.13e-05 1   0.92 55  0.30  0.40 7.30e-05 4.87e-05 1   0.57 89  3.06  0.40 1.99e-04 1.33e-04 1   0.41 87  3.06 -0.75 7.12e-05 1.51e-04 1   0.26 94  0.44 -0.15 1.47e-04 1.70e-04 0   0.23
20090407201255351.YV.HEAD..BH 162.1/-0.00 1   0.78 54  0.24  0.18 5.94e-05 4.96e-05 1   0.81 79  0.24  0.65 9.06e-05 4.71e-05 1   0.47 83  3.36  0.11 1.70e-04 1.53e-04 1   0.41 80  3.36 -0.09 1.22e-04 1.33e-04 1   0.30 93 -1.54 -0.24 1.31e-04 1.67e-04 0   0.23
20090407201255351.AK.DIV..BH 215.7/-0.00 1   1.96 76  0.00  0.36 2.45e-04 1.70e-04 1   2.11 75  0.00  0.46 2.58e-04 1.63e-04 1   0.83 89  4.74  0.10 3.25e-04 2.93e-04 1   0.64 82  4.74  0.17 2.35e-04 1.99e-04 1   0.29 86 -2.44  0.31 1.13e-04 8.28e-05 0   0.93
20090407201255351.AK.TRF..BH 224.2/-0.00 1   1.78 52  1.48  1.02 1.31e-04 4.74e-05 1   1.26 47  1.48  0.70 9.04e-05 4.51e-05 0   0.00 93  2.92  0.11 1.99e-04 1.78e-04 0   0.00 27  2.92  0.81 2.97e-04 1.32e-04 0   0.00 92 -2.00  0.47 2.49e-04 1.56e-04 0   0.22
20090407201255351.AK.EYAK..BH 238.4/-0.00 1   2.91 15 -0.34 -0.17 1.48e-04 1.74e-04 1   2.75 25 -0.34  0.20 2.03e-04 1.66e-04 1   1.68 85  6.08  0.61 5.00e-04 2.73e-04 1   0.82 81  6.08  0.29 3.01e-04 2.26e-04 1   0.24 62 -1.78  1.88 4.89e-05 7.48e-06 0   0.98
20090407201255351.AK.PAX..BH 279.1/-0.00 0   0.00 57  0.88  1.06 9.84e-05 3.42e-05 0   0.00 48  0.88  1.01 8.90e-05 3.24e-05 1   0.44 94  3.04  0.28 2.24e-04 1.69e-04 1   0.34 90  3.04  0.11 1.48e-04 1.32e-04 1   0.41 82 -2.70 -0.30 1.15e-04 1.55e-04 0   0.23
20090407201255351.AK.BMR..BH 281.3/-0.00 0   0.00 28  2.00  0.40 2.43e-04 1.64e-04 0   0.00  0  2.00 -0.14 1.34e-04 1.54e-04 1   0.93 87  6.80  0.35 3.47e-04 2.44e-04 1   0.79 78  6.80 -0.11 2.06e-04 2.29e-04 1   0.56 75 -1.64  0.70 1.61e-04 8.00e-05 0   0.93
INPUT_PAR scak_39 P_win 15 S_win 150 P 1 p 1 NCOM 5 spiB 15 spiS 60 Body:1.50-4.00. Surf:16.00-40.00 FMT false
