         20090407201255351.YV.BIGB..BH   15.9  345.5   61.5919 -149.8174  10.0000   0.0000 -10.0000  10.0000  -0.3200 1 1  -2.7200 0
          20090407201255351.AT.PMR..BH   36.0   64.5   61.5922 -149.1308  10.0000   0.0000 -10.0000  10.0000   0.4600 1 1   1.4400 1
         20090407201255351.AK.RC01..BH   40.7  179.7   61.0889 -149.7390  10.0000   0.0000 -10.0000  10.0000   1.3400 0 1 -10.0000 0
         20090407201255351.YV.KASH..BH   49.0  338.7   61.8636 -150.0817  10.0000   0.0000 -10.0000  10.0000  -1.0600 1 1   0.0000 1
         20090407201255351.YV.HOPE..BH   65.1  173.1   60.8738 -149.5977  10.0000   0.0000 -10.0000  10.0000   1.3000 1 1   2.4400 1
         20090407201255351.YV.TUPA..BH   78.3  157.3   60.8045 -149.1872  10.0000   0.0000 -10.0000  10.0000   2.6200 1 1   0.5200 1
          20090407201255351.AK.SAW..BH   84.5   61.7   61.8070 -148.3316  10.0000   0.0000 -10.0000  10.0000  -0.1000 1 1  -0.8000 1
         20090407201255351.YV.LSUM..BH   88.3  170.7   60.6717 -149.4810  10.0000   0.0000 -10.0000  10.0000   2.4600 1 1   0.5000 1
         20090407201255351.YV.DEVL..BH  101.0  175.4   60.5508 -149.5941  10.0000   0.0000 -10.0000  10.0000   2.1600 1 1  -0.1800 1
         20090407201255351.YV.BLAK..BH  104.1  136.1   60.7746 -148.4171  10.0000   0.0000 -10.0000  10.0000   2.1800 1 1   0.5400 1
         20090407201255351.YV.RUSS..BH  108.8  188.4   60.4881 -150.0316  10.0000   0.0000 -10.0000  10.0000 -10.0000 0 0   0.0000 0
         20090407201255351.YV.LSKI..BH  115.0  200.1   60.4832 -150.4617  10.0000   0.0000 -10.0000  10.0000   4.1000 1 1 -10.0000 0
         20090407201255351.YV.NSKI..BH  121.0  223.9   60.6622 -151.2770  10.0000   0.0000 -10.0000  10.0000   5.9400 1 1   2.9800 1
         20090407201255351.YV.AVAL..BH  122.1  169.7   60.3755 -149.3468  10.0000   0.0000 -10.0000  10.0000   2.7000 1 1  -0.7200 1
         20090407201255351.YV.PERI..BH  127.3  129.9   60.7098 -147.9534  10.0000   0.0000 -10.0000  10.0000   2.8200 1 1   0.1400 1
          20090407201255351.AK.SWD..BH  151.2  173.9   60.1043 -149.4526  10.0000   0.0000 -10.0000  10.0000   2.7200 1 1   0.2600 1
         20090407201255351.YV.HEAD..BH  162.1  173.4   60.0084 -149.4095  10.0000   0.0000 -10.0000  10.0000   3.2800 1 1  -1.4200 1
          20090407201255351.AK.DIV..BH  215.7   97.9   61.1292 -145.7749  10.0000   0.0000 -10.0000  10.0000   4.8000 1 1  -2.4800 1
          20090407201255351.AK.TRF..BH  224.2  353.0   63.4502 -150.2893  10.0000   0.0000 -10.0000  10.0000   3.1600 1 1  -1.8600 1
         20090407201255351.AK.EYAK..BH  238.4  113.3   60.5487 -145.7500  10.0000   0.0000 -10.0000  10.0000   6.3200 1 1   8.8400 0
          20090407201255351.AK.PAX..BH  279.1   50.9   62.9699 -145.4699  10.0000   0.0000 -10.0000  10.0000   3.4400 1 1  -2.5400 1
          20090407201255351.AK.BMR..BH  281.3   98.8   60.9677 -144.6051  10.0000   0.0000 -10.0000  10.0000   7.0600 1 1  -1.4600 1
         20090407201255351.XZ.GOAT..BH  288.0  107.5   60.5805 -144.7292  10.0000   0.0000 -10.0000  10.0000   7.9600 1 1   4.6000 1
          20090407201255351.AT.MID..BH  293.3  138.8   59.4278 -146.3388  10.0000   0.0000 -10.0000  10.0000   6.4000 1 1   4.9600 1
