Event 20090407201255351 Model 20090407201255351_scak_039 FM  206 51.884117  -90 Mw 4.50 rms 3.958e-01  4161 CLVD 0.00 ISO   0.000000 VR  84.336563 data2 2.493e-07 pol_wt 999.00
# Hypocenter_sac_header elat 6.145420e+01 elon -1.497428e+02 edep 3.303360e+01
# tensor = 7.079e+22  0.1794 -0.3769  0.1044  0.7918 -0.2139 -0.9713
# norm L1    # Pwin 15 Swin 120    # N 24 Np 43 Ns 64
20090407201255351.YV.BIGB..BH  15.9/-0.00 1   4.83 87 -0.38  1.39 7.09e-04 1.76e-04 1   1.23  0 -0.38  0.37 8.54e-05 5.87e-05 1   0.48 99 -0.32  0.13 5.23e-04 4.57e-04 1   0.21 99 -0.32 -0.19 2.03e-04 2.47e-04 0   0.00 95 -2.72  0.65 3.39e-05 1.78e-05 0  -0.83
20090407201255351.AT.PMR..BH  36.0/-0.00 1   1.60 24  0.34  0.90 1.34e-04 5.47e-05 1   2.03 42  0.34  1.64 3.32e-04 6.47e-05 1   0.40 98  0.46  0.27 2.72e-04 2.08e-04 1   0.46 99  0.46  0.44 2.64e-04 1.69e-04 1   0.24 95  1.44  0.14 1.93e-04 1.67e-04 0  -0.04
20090407201255351.AK.RC01..BH  40.7/-0.00 1   1.37 65 -0.50  1.43 1.51e-04 3.62e-05 1   1.15 45 -0.50  1.36 1.28e-04 3.29e-05 1   0.14 98  1.34  0.00 1.87e-04 1.86e-04 0   0.00 88  1.34  1.69 1.02e-03 1.89e-04 0   0.00 26 -10.00  1.65 8.06e-04 1.54e-04 0  -0.11
20090407201255351.YV.KASH..BH  49.0/-0.00 0   0.00  6 -0.68  3.23 3.43e-04 1.36e-05 0   0.00 55 -0.68  2.49 2.72e-04 2.25e-05 1   0.51 93 -1.06  0.13 2.99e-04 2.62e-04 1   1.01 59 -1.06  0.36 2.84e-04 1.99e-04 1   0.41 84  0.00  0.28 1.86e-04 1.40e-04 0  -0.00
20090407201255351.YV.HOPE..BH  65.1/-0.00 1   0.70 81  1.56  0.34 1.04e-04 7.37e-05 1   1.70 87  1.56  1.24 2.24e-04 6.51e-05 1   0.32 95  1.30  0.20 1.74e-04 1.42e-04 1   0.36 51  1.30 -0.44 5.96e-05 9.22e-05 1   0.93 61  2.44  0.28 2.61e-04 1.97e-04 0   0.21
20090407201255351.YV.TUPA..BH  78.3/-0.00 1   0.61 90 -0.12 -0.44 1.07e-04 1.66e-04 1   0.48 93 -0.12 -0.28 1.14e-04 1.50e-04 1   0.34 96  2.62  0.30 1.91e-04 1.41e-04 1   1.43 52  2.62  0.47 3.29e-04 2.06e-04 1   0.71 86  0.52  0.23 2.74e-04 2.17e-04 0   0.52
20090407201255351.AK.SAW..BH  84.5/-0.00 1   0.55 86 -0.76 -0.74 4.91e-05 1.03e-04 1   0.54 84 -0.76 -0.89 3.90e-05 9.48e-05 1   0.25 93 -0.10 -0.70 5.50e-05 1.11e-04 1   0.56 70 -0.10 -0.82 7.09e-05 1.61e-04 1   0.72 73 -0.80 -0.92 8.38e-05 2.11e-04 0   0.33
20090407201255351.YV.LSUM..BH  88.3/-0.00 1   0.74 67 -0.36  0.09 1.07e-04 9.74e-05 1   0.80 74 -0.36  0.34 1.26e-04 8.99e-05 1   0.22 98  2.46  0.33 1.47e-04 1.05e-04 1   0.49 78  2.46 -0.11 1.49e-04 1.66e-04 1   0.35 95  0.50 -0.28 1.58e-04 2.09e-04 0   0.31
20090407201255351.YV.DEVL..BH 101.0/-0.00 1   0.74 62 -0.36  0.36 1.06e-04 7.35e-05 1   0.52 77 -0.36  0.30 9.26e-05 6.86e-05 1   0.35 88  2.16  0.35 1.30e-04 9.15e-05 1   0.30 94  2.16 -0.29 1.31e-04 1.75e-04 1   0.24 99 -0.18 -0.32 1.40e-04 1.92e-04 0   0.25
20090407201255351.YV.BLAK..BH 104.1/-0.00 1   3.15 74  0.10  0.76 5.08e-04 2.37e-04 1   2.70 90  0.10  0.87 5.34e-04 2.23e-04 1   0.39 97  2.18  0.50 1.99e-04 1.21e-04 1   0.64 90  2.18 -0.05 3.06e-04 3.23e-04 1   0.22 94  0.54  0.02 1.47e-04 1.43e-04 0   0.88
20090407201255351.YV.RUSS..BH 108.8/-0.00 1   0.68 89  1.74  1.28 9.79e-05 2.71e-05 1   1.25 91  1.74  1.82 1.55e-04 2.52e-05 0   0.00  0 -10.00  0.43 1.30e-04 8.44e-05 0   0.00 29 -10.00 -0.03 1.53e-04 1.58e-04 0   0.00 85  0.00  0.38 1.84e-04 1.26e-04 0   0.08
20090407201255351.YV.LSKI..BH 115.0/-0.00 1   0.54 64  1.34  2.41 6.34e-05 5.71e-06 0   0.00  0  1.34  2.69 7.42e-05 5.02e-06 1   0.21 97  4.10  0.35 1.20e-04 8.45e-05 1   0.29 90  4.10 -0.04 1.46e-04 1.53e-04 0   0.00 34 -10.00  0.36 6.93e-05 4.84e-05 0  -0.00
20090407201255351.YV.NSKI..BH 121.0/-0.00 0   0.00 74  1.08  2.17 2.02e-04 2.31e-05 0   0.00  0  1.08  1.17 6.96e-05 2.16e-05 1   0.62 84  5.94  0.77 2.18e-04 1.01e-04 1   1.39 91  5.94  0.94 4.35e-04 1.71e-04 1   1.25 88  2.98  0.82 2.95e-04 1.30e-04 0   0.06
20090407201255351.YV.AVAL..BH 122.1/-0.00 1   0.51 76 -0.18  0.20 1.08e-04 8.88e-05 1   0.89 63 -0.18  0.46 1.32e-04 8.40e-05 1   0.41 89  2.70  0.50 1.65e-04 1.00e-04 1   0.53 79  2.70 -0.37 1.37e-04 1.98e-04 1   0.28 96 -0.72 -0.17 1.71e-04 2.03e-04 0   0.35
20090407201255351.YV.PERI..BH 127.3/-0.00 1   8.28 62  0.36  1.59 1.13e-03 2.30e-04 1   5.96 55  0.36  1.27 7.80e-04 2.18e-04 1   0.32 93  2.82  0.20 1.67e-04 1.36e-04 1   0.51 95  2.82  0.15 3.53e-04 3.05e-04 1   0.18 95  0.14  0.10 1.14e-04 1.02e-04 0   0.94
20090407201255351.AK.SWD..BH 151.2/-0.00 1   0.54 72  0.18  0.42 9.48e-05 6.24e-05 1   0.59 55  0.18  0.21 7.29e-05 5.93e-05 1   0.53 89  2.72  0.35 2.00e-04 1.40e-04 1   0.41 87  2.72 -0.77 7.21e-05 1.56e-04 1   0.29 94  0.26 -0.23 1.45e-04 1.82e-04 0   0.28
20090407201255351.YV.HEAD..BH 162.1/-0.00 1   0.51 55  0.24 -0.03 5.94e-05 6.10e-05 1   0.47 79  0.24  0.45 9.06e-05 5.80e-05 1   0.45 83  3.28  0.06 1.69e-04 1.60e-04 1   0.39 81  3.28 -0.12 1.24e-04 1.39e-04 1   0.32 93 -1.42 -0.31 1.31e-04 1.79e-04 0   0.28
20090407201255351.AK.DIV..BH 215.7/-0.00 1   1.22 76  0.00  0.39 2.45e-04 1.66e-04 1   1.33 75  0.00  0.49 2.58e-04 1.58e-04 1   0.74 91  4.80  0.12 3.25e-04 2.87e-04 1   0.60 83  4.80  0.20 2.35e-04 1.92e-04 1   0.26 87 -2.48  0.10 1.12e-04 1.01e-04 0   0.90
20090407201255351.AK.TRF..BH 224.2/-0.00 1   1.09 52  1.62  0.82 1.31e-04 5.78e-05 1   0.77 47  1.62  0.50 9.07e-05 5.50e-05 1   0.34 94  3.16  0.08 2.00e-04 1.84e-04 1   1.39 28  3.16  0.78 2.96e-04 1.36e-04 1   0.50 93 -1.86  0.40 2.47e-04 1.66e-04 0   0.27
20090407201255351.AK.EYAK..BH 238.4/-0.00 1   1.78 16 -0.22 -0.22 1.42e-04 1.76e-04 1   1.66 26 -0.22  0.14 1.93e-04 1.68e-04 1   1.48 88  6.32  0.61 5.00e-04 2.73e-04 1   0.67 85  6.32  0.30 3.04e-04 2.26e-04 0   0.00 54  8.84  1.36 5.03e-05 1.29e-05 0   0.98
20090407201255351.AK.PAX..BH 279.1/-0.00 1   0.82 61  1.00  1.32 9.84e-05 2.64e-05 1   0.80 51  1.00  1.27 8.94e-05 2.50e-05 1   0.42 95  3.44  0.31 2.23e-04 1.64e-04 1   0.30 92  3.44  0.16 1.49e-04 1.27e-04 1   0.36 83 -2.54 -0.21 1.16e-04 1.43e-04 0   0.18
20090407201255351.AK.BMR..BH 281.3/-0.00 1   2.02 11  0.76  0.39 2.35e-04 1.60e-04 1   1.56 14  0.76 -0.12 1.34e-04 1.51e-04 1   0.78 90  7.06  0.36 3.45e-04 2.41e-04 1   0.67 82  7.06 -0.11 2.05e-04 2.28e-04 1   0.43 82 -1.46  0.50 1.63e-04 9.90e-05 0   0.91
20090407201255351.XZ.GOAT..BH 288.0/-0.00 1   1.18 65  1.70 -1.07 5.89e-05 1.72e-04 1   1.19 46  1.70 -0.79 7.34e-05 1.62e-04 1   0.75 79  7.96 -0.01 2.45e-04 2.48e-04 1   0.78 79  7.96  0.22 2.93e-04 2.34e-04 1   0.80 84  4.60  1.36 1.94e-04 4.97e-05 0   0.97
20090407201255351.AT.MID..BH 293.3/-0.00 1   1.97  0 -0.46 -0.00 1.46e-04 1.46e-04 1   1.22 44 -0.46 -0.48 8.54e-05 1.38e-04 1   1.06 45  6.40 -0.26 1.81e-04 2.35e-04 1   1.32 79  6.40  0.67 4.21e-04 2.14e-04 1   1.03 88  4.96  1.00 3.65e-04 1.34e-04 0   0.83
INPUT_PAR scak_39 P_win 15 S_win 120 P 1 p 1 NCOM 5 spiB 15 spiS 60 Body:1.50-4.00. Surf:16.00-40.00 FMT false
