Event 20090407201255351 Model 20090407201255351_scak_041 FM  204 47.918137  -88 Mw 4.50 rms 6.900e-07  2803 ERR -1712   0   0 CLVD 0.00 0.00 ISO   0.000000 0.00 VR 65.4 data2 1.173e-06
# Hypocenter_sac_header elat 6.145420e+01 elon -1.497428e+02 edep 3.303360e+01
# tensor = 7.079e+22  0.1425 -0.3495  0.0644  0.8516 -0.0826 -0.9941
# norm L1    # Pwin 15 Swin 120    # N 15 Np 22 Ns 44
BIGB_YV    15.9/0.00  1   9.65 83 -0.94  1.14 4.84e-04 1.55e-04 1   3.18  0 -0.94  0.63 8.29e-05 4.40e-05 1   0.49 99 -0.82 -0.03 4.92e-04 5.08e-04 1   0.69 99 -0.82 -0.35 1.88e-04 2.68e-04 0   0.00 94 -4.06 -0.36 2.99e-05 4.30e-05 0 0
PMR_AT     36.0/0.00  1   3.07 76 -1.36  1.01 1.36e-04 4.94e-05 1   3.98 27 -1.36  1.20 1.81e-04 5.48e-05 1   0.38 98  0.24 -0.07 2.58e-04 2.77e-04 1   0.33 98  0.24 -0.06 2.47e-04 2.63e-04 1   0.45 95  1.08  0.01 1.73e-04 1.71e-04 0 0
LSUM_YV    88.3/0.00  1   1.67 61  1.70 -0.09 6.42e-05 7.02e-05 1   1.61 70  1.70  0.21 7.48e-05 6.04e-05 1   0.16 99  2.80  0.02 1.38e-04 1.34e-04 1   1.00 73  2.80 -0.20 1.38e-04 1.69e-04 1   0.82 95  0.34 -0.42 1.49e-04 2.25e-04 0 0
DEVL_YV   101.0/0.00  1   1.42 63  1.66  0.12 5.97e-05 5.27e-05 1   1.26 66  1.66  0.08 4.97e-05 4.61e-05 1   0.51 91  2.46  0.11 1.23e-04 1.10e-04 1   0.63 96  2.46 -0.42 1.22e-04 1.86e-04 1   0.64 99 -0.28 -0.44 1.32e-04 2.05e-04 0 0
BLAK_YV   104.1/0.00  1   4.25 81 -0.30  0.45 3.36e-04 2.15e-04 1   4.71 90 -0.30  0.66 3.69e-04 1.90e-04 1   0.52 95  2.32  0.19 1.82e-04 1.50e-04 1   1.18 91  2.32 -0.11 2.89e-04 3.23e-04 1   0.63 95  0.42 -0.32 1.35e-04 1.85e-04 0 0
AVAL_YV   122.1/0.00  1   0.93 85 -0.36 -0.12 6.25e-05 7.08e-05 1   0.99 81 -0.36  0.22 7.86e-05 6.30e-05 1   0.56 95  2.96  0.34 1.53e-04 1.09e-04 1   1.04 84  2.96 -0.47 1.36e-04 2.18e-04 1   0.73 97 -0.78 -0.38 1.55e-04 2.27e-04 0 0
PERI_YV   127.3/0.00  1  10.66 73 -0.06  1.11 6.52e-04 2.16e-04 1   9.62 72 -0.06  1.05 5.52e-04 1.94e-04 1   0.55 93  2.98  0.09 1.54e-04 1.41e-04 1   0.84 96  2.98 -0.04 3.33e-04 3.45e-04 1   0.42 95  0.10 -0.31 1.05e-04 1.43e-04 0 0
SWD_AK    151.2/0.00  1   0.86 87  0.16  0.17 5.90e-05 4.97e-05 1   0.72 77  0.16 -0.24 3.51e-05 4.45e-05 1   0.89 93  3.18  0.40 1.92e-04 1.29e-04 1   1.07 89  3.18 -1.02 6.66e-05 1.85e-04 1   0.66 95  0.62 -0.36 1.40e-04 2.01e-04 0 0
HEAD_YV   162.1/0.00  1   0.97 63  0.02 -0.22 3.88e-05 4.83e-05 1   0.87 90  0.02  0.41 6.52e-05 4.33e-05 1   0.80 85  3.54  0.06 1.59e-04 1.50e-04 1   0.82 83  3.54 -0.36 1.16e-04 1.66e-04 1   0.80 95 -1.26 -0.49 1.21e-04 1.98e-04 0 0
PPLA_AK   205.1/0.00  1   2.62 70 -0.26 -0.17 1.18e-04 1.41e-04 1   2.19 81 -0.26  0.19 1.53e-04 1.27e-04 1   0.90 94  3.02  0.05 2.57e-04 2.45e-04 1   0.88 94  3.02  0.31 2.50e-04 1.84e-04 1   0.28 99 -0.38 -0.11 1.67e-04 1.86e-04 0 0
DIV_AK    215.7/0.00  1   2.14 86 -0.18 -0.11 1.51e-04 1.70e-04 1   2.96 71 -0.18  0.05 1.62e-04 1.54e-04 1   1.20 92  5.02  0.01 3.15e-04 3.11e-04 1   0.87 89  5.02  0.15 2.25e-04 1.94e-04 1   0.49 87 -2.70  0.07 1.04e-04 9.72e-05 0 0
DHY_AK    218.5/0.00  0   0.00 56 -0.18  2.42 4.03e-05 3.60e-06 0   0.00 38 -0.18  2.24 3.26e-05 3.48e-06 1   0.44 96  2.08 -0.01 1.74e-04 1.76e-04 1   0.40 92  2.08  0.00 1.18e-04 1.18e-04 1   0.39 84 -2.60  0.07 7.91e-05 7.39e-05 0 0
MCK_AK    257.2/0.00  0   0.00 62  1.62  2.30 5.72e-05 5.75e-06 0   0.00 61  1.62  2.51 6.18e-05 5.02e-06 1   0.36 98  2.88  0.09 2.02e-04 1.84e-04 1   0.32 96  2.88 -0.05 1.24e-04 1.30e-04 1   0.23 96  0.06 -0.16 7.97e-05 9.37e-05 0 0
PAX_AK    279.1/0.00  0   0.00 48  0.94  0.40 4.95e-05 3.32e-05 0   0.00 55  0.94  0.60 5.41e-05 2.97e-05 1   0.55 96  3.48  0.08 2.14e-04 1.97e-04 1   0.55 93  3.48 -0.07 1.38e-04 1.49e-04 1   0.82 87 -2.18 -0.45 1.12e-04 1.75e-04 0 0
BMR_AK    281.3/0.00  0   0.00 36  1.92 -0.96 6.19e-05 1.61e-04 0   0.00 42  1.92 -0.98 5.45e-05 1.45e-04 1   1.22 91  7.06  0.16 3.27e-04 2.78e-04 1   1.38 84  7.06 -0.29 1.95e-04 2.59e-04 1   0.78 82 -2.08  0.48 1.52e-04 9.41e-05 0 0
INPUT_PAR scak_41 P_win 15 S_win 120 P 1 p 1 NCOM 5 spiB 20 spiS 60 Body:2.00-5.00. Surf:16.67-40.00 FMT false
