Event 20090407201255351 Model scak_027 FM 240.0000 52.0114 -50.0000 Mw 4.50 rms 3.152e-05   282 ERR   0   0   0 ISO 0.00 0.00 CLVD 0.00 0.00 VR 44.2 data2 4.218e-05
# Hypocenter_sac_header elat 6.145420e+01 elon -1.497428e+02 edep 3.303360e+01
# tensor = 7.079e+22  0.1187 -0.5751  0.3586  0.6245  0.2498 -0.7432
# norm L1    # Pwin 15 Swin 120    # N 19 Np 19 Ns 0
BIGB_YV    15.9/-0.00 1   4.69 94  0.92  0.82 1.97e-08 8.68e-09 1   2.86  0  0.92 -0.75 2.43e-09 5.15e-09 0   2.01 99  1.20 -0.09 8.97e-09 9.82e-09 0   4.26 99  1.20 -0.63 3.43e-09 6.44e-09 0   4.37 93 -1.38 -1.85 5.44e-10 3.46e-09 0 0
PMR_AT     36.0/-0.00 1   1.31 92 -0.06  0.10 7.09e-09 6.40e-09 1   1.96 80 -0.06  0.04 5.70e-09 5.49e-09 0   4.68 81  1.64 -0.22 4.71e-09 5.85e-09 0   7.03 92  1.64 -0.69 4.51e-09 9.01e-09 0   2.83 94  3.12 -0.36 3.16e-09 4.56e-09 0 0
KASH_YV    49.0/-0.00 1   6.01 39 -1.94  0.55 1.29e-08 7.47e-09 1   5.59  0 -1.94  0.07 7.91e-09 7.40e-09 0   3.38 89 -0.92  0.08 5.07e-09 4.70e-09 0   5.91 38 -0.92  1.30 4.59e-09 1.25e-09 0   5.36 85  0.88 -0.64 3.01e-09 5.72e-09 0 0
TUPA_YV    78.3/-0.00 1   2.35 96  0.08 -0.58 5.20e-09 9.30e-09 1   2.45 96  0.08 -0.73 4.31e-09 8.99e-09 0   3.11 92  2.48  0.76 3.29e-09 1.53e-09 0   7.21 64  2.48 -0.08 5.54e-09 6.00e-09 0   4.21 84  1.90 -0.16 4.65e-09 5.43e-09 0 0
LSUM_YV    88.3/-0.00 1   1.75 64  2.10 -0.23 3.30e-09 4.16e-09 1   1.65 71  2.10 -0.02 3.86e-09 3.93e-09 0   2.89 59  0.86  0.52 2.51e-09 1.49e-09 0   3.57 83  0.86 -0.55 2.51e-09 4.35e-09 0   5.23 92  1.64 -0.82 2.71e-09 6.16e-09 0 0
MPEN_YV    89.5/-0.00 1   1.73 88  1.14  0.43 5.62e-09 3.66e-09 1   2.37 31  1.14 -0.25 2.92e-09 3.76e-09 0   3.84 38  0.48 -0.64 1.56e-09 2.96e-09 0   3.35 87  0.48  0.62 3.80e-09 2.04e-09 0   1.49 75 -8.90 -0.07 1.27e-09 1.36e-09 0 0
DEVL_YV   101.0/-0.00 1   1.39 67  1.94  0.37 2.95e-09 2.03e-09 1   1.25 68  1.94  0.32 2.54e-09 1.85e-09 0   2.93 61  0.08  0.04 2.24e-09 2.15e-09 0   2.77 85  0.08 -0.43 2.23e-09 3.42e-09 0   5.33 97  0.78 -0.95 2.40e-09 6.23e-09 0 0
BLAK_YV   104.1/-0.00 1   3.98 86  0.02  0.46 1.74e-08 1.10e-08 1   4.50 92  0.02  0.60 1.90e-08 1.05e-08 0   3.65 63  2.80  0.77 3.31e-09 1.53e-09 0   4.36 85  2.80 -0.12 5.26e-09 5.91e-09 0   1.60 93  2.22 -0.21 2.46e-09 3.04e-09 0 0
LSKI_YV   115.0/-0.00 1   1.38 61  0.40 -0.07 2.95e-09 3.17e-09 1   1.67 47  0.40 -0.16 2.70e-09 3.17e-09 0   2.72 79  0.46 -0.46 2.06e-09 3.25e-09 0   1.77 88  0.46  0.24 2.44e-09 1.91e-09 0   3.91 37 -8.10 -0.84 1.25e-09 2.89e-09 0 0
AVAL_YV   122.1/-0.00 1   0.81 86 -0.14  0.22 3.23e-09 2.60e-09 1   1.01 82 -0.14  0.53 4.04e-09 2.38e-09 0   3.35 66  0.98  0.02 2.80e-09 2.74e-09 0   3.39 68  0.98 -0.26 2.48e-09 3.21e-09 0   5.42 96  0.12 -0.86 2.82e-09 6.66e-09 0 0
PERI_YV   127.3/-0.00 1  11.26 76  0.18  1.25 3.37e-08 9.67e-09 1   9.97 75  0.18  1.14 2.85e-08 9.14e-09 0   3.58 63  3.62  0.04 2.81e-09 2.69e-09 0   3.62 92  3.62  0.30 6.07e-09 4.50e-09 0   1.22 91  2.62 -0.13 1.91e-09 2.17e-09 0 0
SWD_AK    151.2/-0.00 1   1.43 75  0.36  1.18 3.05e-09 9.39e-10 1   0.78 73  0.36  0.77 1.80e-09 8.32e-10 0   3.19 83  1.38 -0.07 3.50e-09 3.77e-09 0   1.37 89  1.38 -0.57 1.21e-09 2.15e-09 0   5.98 88  1.46 -0.95 2.56e-09 6.59e-09 0 0
HEAD_YV   162.1/-0.00 1   0.85 62  0.20  0.87 1.97e-09 8.29e-10 1   1.51 70  0.20  1.51 3.34e-09 7.41e-10 0   3.53 77  1.36 -0.33 2.89e-09 4.02e-09 0   2.17 79  1.36  0.08 2.12e-09 1.95e-09 0   6.07 95 -0.52 -1.08 2.21e-09 6.53e-09 0 0
PPLA_AK   205.1/-0.00 1   2.44 73 -0.26 -0.06 6.12e-09 6.53e-09 1   2.34 80 -0.26  0.27 7.96e-09 6.05e-09 0   4.05 86  3.84  0.22 4.68e-09 3.76e-09 0   5.22 59  3.84  0.66 4.57e-09 2.36e-09 0   1.75 96 -1.84 -0.30 3.04e-09 4.09e-09 0 0
DIV_AK    215.7/-0.00 1   2.20 86 -0.20  0.27 7.79e-09 5.93e-09 1   2.91 72 -0.20  0.43 8.41e-09 5.49e-09 0   5.65 83  7.08  0.50 5.74e-09 3.49e-09 0   4.06 71  7.08  0.47 4.10e-09 2.55e-09 0   4.41 94 -3.42 -0.92 1.90e-09 4.78e-09 0 0
RND_AK    222.2/-0.00 1   1.12 78  0.86  1.42 3.29e-09 7.94e-10 1   1.44 57  0.86  1.41 2.92e-09 7.10e-10 0   1.52 95  4.86 -0.10 3.36e-09 3.70e-09 0   2.18 88  4.86 -0.39 2.25e-09 3.32e-09 0   4.27 89 -1.22 -1.26 1.15e-09 4.06e-09 0 0
TRF_AK    224.2/-0.00 1   1.93 37 -0.58  0.23 3.47e-09 2.76e-09 1   1.45 42 -0.58 -0.09 2.31e-09 2.54e-09 0   2.41 89  4.50 -0.01 3.52e-09 3.55e-09 0   7.34 32  4.50  0.53 4.90e-09 2.87e-09 0   3.98 90 -3.62 -0.32 4.21e-09 5.83e-09 0 0
EYAK_AK   238.4/-0.00 1   2.49 68  2.18 -0.25 5.16e-09 6.61e-09 1   2.15 72  2.18 -0.09 5.54e-09 6.09e-09 0   9.71 84  7.72  0.94 8.81e-09 3.43e-09 0   4.50 75  7.72  0.48 5.15e-09 3.19e-09 0   3.24 58  5.98 -1.19 7.98e-10 2.61e-09 0 0
CAST_AK   250.1/-0.00 1   1.58 85 -0.38  0.32 7.20e-09 5.24e-09 1   1.45 92 -0.38  0.47 7.69e-09 4.81e-09 0   3.49 87  4.98  0.23 4.26e-09 3.40e-09 0   3.83 66  4.98  0.09 3.07e-09 2.80e-09 0   3.47 96 -2.46 -0.54 3.10e-09 5.29e-09 0 0
INPUT_PAR scak_27 P_win 15 S_win 120 P 3e-8 p 2 NCOM 5 spiB 20 spiS 60 Body:2.00-5.00. Surf:16.67-40.00 FMT false
