Event 20090407201255351 Model scak_041 FM   20 42.387215  -90 Mw 4.60 rms 2.623e-09  4168 ERR   0   0   0 ISO   0.000000 0.00 CLVD 0.00 0.00 VR 55.9 data2 5.954e-09
# Hypocenter_sac_header elat 6.145420e+01 elon -1.497428e+02 edep 3.303360e+01
# tensor = 1.000e+23  0.1165 -0.3201  0.0312  0.8794 -0.0856 -0.9958
# norm L2    # Pwin 15 Swin 120    # N 25 Np 36 Ns 65
BIGB_YV    15.9/-0.00 1   7.33 87 -0.64  1.11 7.03e-04 2.31e-04 1   0.69  0 -0.64  0.44 1.14e-04 7.35e-05 1   0.25 99 -0.62 -0.14 5.13e-04 5.89e-04 1   0.46 98 -0.62 -0.46 1.99e-04 3.16e-04 0   0.00 93 -3.84 -0.34 3.33e-05 4.67e-05 0 0
PMR_AT     36.0/-0.00 1   1.52 12 -0.08  0.85 1.79e-04 7.65e-05 1   2.46 46 -0.08  1.53 4.19e-04 9.07e-05 1   0.14 98  0.44 -0.20 2.71e-04 3.30e-04 1   0.08 99  0.44 -0.14 2.62e-04 3.00e-04 1   0.14 95  1.20 -0.04 1.92e-04 1.99e-04 0 0
KASH_YV    49.0/-0.00 0   0.00 19 -0.90  3.20 3.60e-04 1.47e-05 0   0.00 57 -0.90  2.59 3.32e-04 2.48e-05 1   0.40 94 -1.32 -0.09 2.93e-04 3.22e-04 1   1.77 61 -1.32  0.12 2.78e-04 2.45e-04 1   0.45 86 -0.36 -0.15 1.82e-04 2.11e-04 0 0
TUPA_YV    78.3/-0.00 1   0.16 90 -0.26 -0.44 1.06e-04 1.64e-04 1   0.12 90 -0.26 -0.26 1.13e-04 1.46e-04 0   0.00 95  3.40 -0.16 1.88e-04 2.20e-04 0   0.00 37  3.40  0.54 3.13e-04 1.83e-04 0   0.00 87  0.46 -0.09 2.67e-04 2.92e-04 0 0
LSUM_YV    88.3/-0.00 1   0.23 64 -0.48  0.24 1.06e-04 8.33e-05 1   0.29 72 -0.48  0.50 1.25e-04 7.54e-05 1   0.04 98  3.38 -0.13 1.44e-04 1.64e-04 1   0.69 69  3.38 -0.32 1.45e-04 1.99e-04 1   0.50 95  0.50 -0.51 1.54e-04 2.57e-04 0 0
MPEN_YV    89.5/-0.00 1   0.41 90  1.36  2.03 1.41e-04 1.85e-05 1   0.11 10  1.36  1.37 5.81e-05 1.48e-05 1   0.17 92  4.08 -0.52 8.78e-05 1.47e-04 1   0.22 94  4.08  0.15 2.34e-04 2.01e-04 1   0.10 83  0.84  0.20 7.56e-05 6.16e-05 0 0
DEVL_YV   101.0/-0.00 1   0.24 59 -0.46  0.54 1.05e-04 6.11e-05 1   0.13 73 -0.46  0.49 9.17e-05 5.60e-05 1   0.11 91  3.06 -0.07 1.28e-04 1.37e-04 1   0.31 96  3.06 -0.53 1.30e-04 2.20e-04 1   0.29 99 -0.10 -0.51 1.38e-04 2.29e-04 0 0
BLAK_YV   104.1/-0.00 1   3.65 73  0.00  0.52 5.04e-04 2.99e-04 1   2.39 88  0.00  0.65 5.30e-04 2.78e-04 1   0.11 95  2.76  0.07 1.96e-04 1.84e-04 1   0.85 92  2.76 -0.20 3.04e-04 3.72e-04 1   0.44 95  0.56 -0.47 1.47e-04 2.36e-04 0 0
LSKI_YV   115.0/-0.00 1   0.11 64  0.80  1.99 6.28e-05 8.60e-06 1   0.14 33  0.80  2.25 7.48e-05 7.92e-06 0   0.00 99  4.32 -0.02 1.19e-04 1.21e-04 0   0.00 91  4.32 -0.41 1.41e-04 2.11e-04 0   0.00 33 10.00  1.77 6.80e-05 1.16e-05 0 0
NSKI_YV   121.0/-0.00 0   0.00 70  1.02  1.37 2.02e-04 5.13e-05 0   0.00  0  1.02  0.35 6.77e-05 4.77e-05 1   0.53 81  5.44  0.45 2.16e-04 1.38e-04 1   2.17 91  5.44  0.57 4.29e-04 2.42e-04 1   1.58 87  2.50  0.29 2.92e-04 2.18e-04 0 0
AVAL_YV   122.1/-0.00 1   0.12 74 -0.24  0.19 1.07e-04 8.89e-05 1   0.34 60 -0.24  0.46 1.31e-04 8.31e-05 1   0.11 95  3.50  0.19 1.63e-04 1.34e-04 1   0.70 84  3.50 -0.65 1.34e-04 2.55e-04 1   0.39 96 -0.58 -0.43 1.67e-04 2.57e-04 0 0
PERI_YV   127.3/-0.00 1  25.83 61  0.30  1.29 1.12e-03 3.10e-04 1  13.63 55  0.30  0.98 7.74e-04 2.91e-04 1   0.16 93  3.34 -0.07 1.65e-04 1.78e-04 1   0.47 96  3.34 -0.14 3.48e-04 4.00e-04 1   0.24 95  0.22 -0.51 1.13e-04 1.88e-04 0 0
SOLD_YV   132.0/-0.00 0   0.00  9  0.28  2.06 1.29e-04 1.64e-05 0   0.00 48  0.28  1.39 5.97e-05 1.49e-05 1   0.03 97  5.62 -0.02 1.29e-04 1.31e-04 1   1.07 95  5.62  0.63 4.15e-04 2.21e-04 1   0.23 87  2.44 -0.06 1.29e-04 1.37e-04 0 0
SWD_AK    151.2/-0.00 1   0.12 71  0.28  0.43 9.48e-05 6.19e-05 1   0.14 54  0.28  0.23 7.30e-05 5.82e-05 1   0.36 91  3.72  0.24 1.99e-04 1.57e-04 1   0.79 88  3.72 -1.11 7.19e-05 2.18e-04 1   0.30 94  0.76 -0.44 1.44e-04 2.23e-04 0 0
HEAD_YV   162.1/-0.00 1   0.11 54  0.20 -0.04 5.89e-05 6.13e-05 1   0.10 76  0.20  0.44 8.99e-05 5.77e-05 1   0.35 85  4.04 -0.07 1.67e-04 1.79e-04 1   0.43 83  4.04 -0.46 1.23e-04 1.95e-04 1   0.40 94 -1.10 -0.53 1.30e-04 2.20e-04 0 0
PPLA_AK   205.1/-0.00 1   0.38 82 -0.12 -0.09 1.84e-04 2.00e-04 1   0.61 65 -0.12 -0.49 1.17e-04 1.90e-04 1   0.48 93  3.20 -0.14 2.66e-04 3.05e-04 1   0.36 93  3.20  0.20 2.62e-04 2.14e-04 1   0.13 98 -0.08 -0.28 1.73e-04 2.29e-04 0 0
DIV_AK    215.7/-0.00 1   0.86 76  0.00 -0.06 2.45e-04 2.61e-04 1   0.86 74  0.00  0.04 2.58e-04 2.48e-04 1   0.90 91  5.28 -0.16 3.24e-04 3.81e-04 1   0.50 88  5.28 -0.06 2.34e-04 2.49e-04 1   0.12 86 -2.20  0.12 1.11e-04 9.81e-05 0 0
DHY_AK    218.5/-0.00 0   0.00 53  1.88  2.13 9.50e-05 1.13e-05 0   0.00 61  1.88  1.76 5.98e-05 1.03e-05 1   0.16 96  2.04 -0.19 1.81e-04 2.18e-04 1   0.09 92  2.04 -0.15 1.22e-04 1.42e-04 1   0.15 81 -2.26 -0.19 8.66e-05 1.04e-04 0 0
RND_AK    222.2/-0.00 1   0.23 56  1.80  3.38 1.09e-04 3.69e-06 1   0.11 53  1.80  3.09 7.68e-05 3.50e-06 1   0.09 97  1.86 -0.07 1.97e-04 2.12e-04 1   0.04 97  1.86 -0.09 1.32e-04 1.44e-04 1   0.03 94  0.32 -0.16 6.44e-05 7.52e-05 0 0
TRF_AK    224.2/-0.00 1   0.50 52  1.50  0.87 1.31e-04 5.49e-05 1   0.26 45  1.50  0.55 9.04e-05 5.19e-05 0   0.00 95  2.42 -0.18 2.00e-04 2.38e-04 0   0.00 29  2.42  0.54 2.87e-04 1.67e-04 0   0.00 94 -2.38  0.23 2.43e-04 1.94e-04 0 0
EYAK_AK   238.4/-0.00 1   2.47 14 -0.32 -0.58 1.49e-04 2.66e-04 1   2.08 24 -0.32 -0.21 2.04e-04 2.52e-04 1   2.58 89  6.58  0.32 4.99e-04 3.63e-04 1   0.60 90  6.58  0.06 3.02e-04 2.85e-04 1   0.06 66 -1.54  0.66 5.01e-05 2.60e-05 0 0
CAST_AK   250.1/-0.00 1   0.95 64 -0.02  0.44 2.33e-04 1.50e-04 1   0.94 71 -0.02  0.61 2.61e-04 1.42e-04 1   0.37 94  3.72 -0.19 2.39e-04 2.89e-04 1   0.70 80  3.72 -0.21 1.74e-04 2.15e-04 1   0.29 95 -1.04 -0.26 1.78e-04 2.32e-04 0 0
MCK_AK    257.2/-0.00 0   0.00 62  2.00  2.81 8.58e-05 5.18e-06 0   0.00 30  2.00  2.91 8.52e-05 4.62e-06 1   0.07 97  2.92  0.00 2.14e-04 2.13e-04 1   0.06 96  2.92 -0.15 1.31e-04 1.52e-04 1   0.03 96  0.38 -0.13 8.03e-05 9.12e-05 0 0
PAX_AK    279.1/-0.00 0   0.00 54  0.90  0.46 9.83e-05 6.20e-05 0   0.00 48  0.90  0.42 8.89e-05 5.84e-05 1   0.17 95  3.52 -0.07 2.22e-04 2.38e-04 1   0.26 92  3.52 -0.23 1.48e-04 1.86e-04 1   0.59 84 -1.98 -0.61 1.16e-04 2.13e-04 0 0
BMR_AK    281.3/-0.00 0   0.00 25  2.00 -0.06 2.43e-04 2.59e-04 0   0.00  0  2.00 -0.60 1.34e-04 2.44e-04 1   0.81 90  7.44  0.03 3.43e-04 3.33e-04 1   1.57 81  7.44 -0.41 2.04e-04 3.09e-04 1   0.33 81 -1.48  0.56 1.61e-04 9.20e-05 0 0
INPUT_PAR scak_41 P_win 15 S_win 120 P 1 p 1 NCOM 5 spiB 15 spiS 60 Body:1.50-4.00. Surf:16.00-40.00 FMT false
