Event 20090407201255351 Model scak_041 FM   40 30.491236  -70 Mw 4.50 rms 7.246e-04 13062 ERR   0   0   0 ISO   0.000000 0.00 CLVD 0.00 0.00 VR 3.2 data2 7.363e-04
# Hypocenter_sac_header elat 6.145420e+01 elon -1.497428e+02 edep 3.303360e+01
# tensor = 7.079e+22  0.1686 -0.3745  0.0672  0.6531 -0.5386 -0.8217
# norm L1    # Pwin 15 Swin 120    # N 67 Np 67 Ns 67
PS06_PS   490.5/-0.00 1   0.01 15  0.56  0.95 2.63e-09 1.02e-09 1   0.00 48  0.56  0.08 9.77e-10 9.03e-10 1   0.01 78  7.66  0.32 2.48e-09 1.80e-09 1   0.02 10  7.66  0.13 1.95e-09 1.72e-09 1   0.03 23 -10.00  0.10 2.63e-09 2.37e-09 0   0.11
MCK_AK    257.2/-0.00 1   0.00 61  2.96  1.69 2.02e-09 3.72e-10 1   0.01 41  2.96  2.38 3.57e-09 3.31e-10 1   0.01 96  4.68  0.49 3.68e-09 2.26e-09 1   0.01 96  4.68  0.41 2.26e-09 1.50e-09 1   0.01 93  3.86 -0.46 1.45e-09 2.31e-09 0   0.06
PS07_PS   435.9/-0.00 1   0.00 52  0.78  2.48 1.54e-09 1.29e-10 1   0.00 14  0.78 -0.99 4.12e-11 1.11e-10 1   0.02 40 -10.00 -0.15 1.56e-09 1.82e-09 1   0.01 15 -10.00 -3.19 6.76e-11 1.64e-09 1   0.02 32 -10.00 -3.12 9.32e-11 2.11e-09 0   0.01
MDM_AK    398.1/-0.00 1   0.01 44 -2.94  2.41 2.04e-09 1.84e-10 1   0.00  0 -2.94  2.22 1.46e-09 1.60e-10 1   0.01 68  5.42 -0.03 1.88e-09 1.94e-09 1   0.01 88  5.42  0.35 2.27e-09 1.61e-09 1   0.01 68  2.70 -0.80 9.57e-10 2.13e-09 0  -0.00
RND_AK    222.2/-0.00 1   0.01 73  2.14  2.49 2.81e-09 2.32e-10 1   0.01 37  2.14  2.40 2.19e-09 1.99e-10 1   0.01 96  2.48  0.42 3.35e-09 2.21e-09 1   0.01 97  2.48  0.50 2.25e-09 1.36e-09 1   0.01 90  2.64 -0.62 1.15e-09 2.14e-09 0   0.04
COLA_IU   392.7/-0.00 1   0.01 56 -0.32  1.37 1.73e-09 4.40e-10 1   0.01 30 -0.32  1.43 1.64e-09 3.92e-10 1   0.01 70  4.10 -0.09 1.78e-09 1.94e-09 1   0.01 93  4.10  0.26 2.01e-09 1.56e-09 1   0.01 84  2.88 -0.53 1.15e-09 1.97e-09 0  -0.04
PS08_PS   374.6/-0.00 1   0.00 23  0.14 -2.20 1.31e-10 1.18e-09 1   0.00 43  0.14  0.41 1.59e-09 1.05e-09 1   0.01 34  5.00 -1.24 5.93e-10 2.06e-09 1   0.01 85  5.00  0.48 2.41e-09 1.49e-09 1   0.01 49 10.00 -0.61 8.12e-10 1.50e-09 0  -0.12
DHY_AK    218.5/-0.00 1   0.00 47 -1.00  0.96 1.99e-09 7.63e-10 1   0.00 32 -1.00  0.85 1.61e-09 6.87e-10 1   0.01 95  1.20  0.18 3.17e-09 2.66e-09 1   0.01 90  1.20  0.52 2.16e-09 1.28e-09 1   0.00 93 -5.84  0.16 1.45e-09 1.24e-09 0  -0.01
PS09_PS   342.7/-0.00 1   0.01 61  1.78  0.86 3.61e-09 1.52e-09 1   0.01  0  1.78  0.54 2.33e-09 1.36e-09 1   0.02 89  4.14  0.46 3.85e-09 2.43e-09 1   0.02 66  4.14  0.47 2.78e-09 1.73e-09 1   0.02 29 -2.14  0.39 2.08e-09 1.41e-09 0  -0.17
PS10_PS   300.3/-0.00 1   0.01 51  0.60  0.72 2.50e-09 1.22e-09 1   0.01 34  0.60  0.67 2.10e-09 1.08e-09 1   0.01 97  2.64  0.46 4.15e-09 2.63e-09 1   0.02 73  2.64  0.17 2.46e-09 2.08e-09 1   0.03 43 -2.26  0.54 2.88e-09 1.67e-09 0  -0.16
SCRK_AK   406.8/-0.00 1   0.01 55  0.70  0.11 1.54e-09 1.39e-09 1   0.00 31  0.70 -0.14 1.07e-09 1.23e-09 1   0.01 85  3.94  0.02 2.68e-09 2.62e-09 1   0.01 75  3.94  0.04 2.18e-09 2.09e-09 1   0.01 70 -1.28  0.08 2.07e-09 1.91e-09 0  -0.15
DOT_AK    380.5/-0.00 1   0.00 26 -2.64 -0.08 1.07e-09 1.15e-09 1   0.01 38 -2.64  0.68 2.02e-09 1.02e-09 1   0.05 37  1.90  0.46 4.51e-09 2.83e-09 1   0.02 50  1.90  0.64 4.18e-09 2.20e-09 1   0.02 32 -0.82 -0.60 1.17e-09 2.13e-09 0  -0.13
PAX_AK    279.1/-0.00 1   0.01 45  2.10  1.35 2.18e-09 5.69e-10 1   0.01 46  2.10  1.45 1.95e-09 4.59e-10 1   0.01 95  7.20  0.25 3.91e-09 3.04e-09 1   0.01 92  7.20 -0.01 2.50e-09 2.53e-09 1   0.01 87  2.06 -0.07 2.01e-09 2.16e-09 0   0.12
SAW_AK     84.5/-0.00 1   0.01 93 -0.02 -1.27 1.80e-09 6.45e-09 1   0.01 92 -0.02 -1.42 1.31e-09 5.44e-09 1   0.01 92 -1.30 -0.51 9.81e-10 1.64e-09 1   0.02 72 -1.30 -1.06 1.30e-09 3.74e-09 1   0.02 77  0.50 -0.80 1.56e-09 3.47e-09 0   0.39
PMR_AT     36.0/-0.00 1   0.00 97  0.40  0.04 7.14e-09 6.86e-09 1   0.01 59  0.40 -0.04 5.61e-09 5.86e-09 1   0.01 98  4.38 -0.13 4.71e-09 5.36e-09 1   0.01 93  4.38  0.08 4.51e-09 4.15e-09 1   0.01 96  3.58  0.20 3.16e-09 2.59e-09 0  -0.29
PS11_PS   235.8/-0.00 1   0.02 59  2.72  1.17 9.43e-09 2.93e-09 1   0.01 61  2.72  0.66 5.18e-09 2.67e-09 1   0.01 94  5.20 -0.02 4.34e-09 4.43e-09 1   0.01 93  5.20  0.14 3.52e-09 3.05e-09 1   0.01 94  2.26  0.13 3.00e-09 2.62e-09 0   0.42
PS12_PS   245.0/-0.00 1   0.01 43  0.92 -0.24 3.93e-09 4.97e-09 1   0.01 81  0.92  0.32 6.24e-09 4.54e-09 1   0.01 96  5.08  0.04 4.95e-09 4.74e-09 1   0.01 93  5.08 -0.32 2.80e-09 3.85e-09 1   0.01 80  0.02  0.29 3.10e-09 2.32e-09 0   0.67
MCAR_AK   358.7/-0.00 1   0.01 58  3.00 -0.47 2.29e-09 3.65e-09 1   0.01 27  3.00 -0.53 1.94e-09 3.31e-09 1   0.02 86  6.12  0.01 4.37e-09 4.31e-09 1   0.02 83  6.12  0.02 3.78e-09 3.71e-09 1   0.01 80  0.74 -0.26 1.90e-09 2.47e-09 0   0.33
LOGN_AK   475.6/-0.00 1   0.01 56  0.56  0.03 3.41e-09 3.31e-09 1   0.01 52  0.56  0.34 4.17e-09 2.96e-09 1   0.02 84  8.80 -0.53 2.42e-09 4.11e-09 1   0.02 66  8.80 -0.70 1.70e-09 3.43e-09 1   0.01 86  3.94 -0.07 1.80e-09 1.94e-09 0   0.25
DIV_AK    215.7/-0.00 1   0.01 77  1.46  0.07 7.56e-09 7.05e-09 1   0.01 68  1.46  0.25 8.26e-09 6.45e-09 1   0.02 92  6.28  0.03 5.76e-09 5.59e-09 1   0.02 82  6.28  0.12 4.07e-09 3.62e-09 1   0.01 88  0.64  0.02 1.91e-09 1.87e-09 0   0.81
BMR_AK    281.3/-0.00 1   0.01 40 -2.90 -0.55 3.24e-09 5.61e-09 1   0.01 49 -2.90 -0.65 2.68e-09 5.11e-09 1   0.02 93  6.00  0.31 5.97e-09 4.39e-09 1   0.02 88  6.00 -0.22 3.52e-09 4.39e-09 1   0.01 82 -0.62  0.48 2.78e-09 1.72e-09 0   0.45
TABL_AK   479.1/-0.00 1   0.01 66  0.22 -0.48 2.30e-09 3.71e-09 1   0.01 68  0.22 -0.32 2.40e-09 3.32e-09 1   0.02 80 10.00 -0.41 2.76e-09 4.17e-09 1   0.03  0 10.00 -0.86 1.48e-09 3.48e-09 1   0.01 76  5.64  0.01 1.58e-09 1.57e-09 0   0.30
ISLE_AK   411.0/-0.00 1   0.01  0 -0.56 -0.50 2.69e-09 4.43e-09 1   0.01 55 -0.56 -0.05 3.79e-09 3.99e-09 1   0.02 83  8.96 -0.12 3.79e-09 4.29e-09 1   0.02 65  8.96 -0.30 2.82e-09 3.83e-09 1   0.01 87  4.12 -0.11 1.49e-09 1.67e-09 0   0.46
BAGL_AK   427.8/-0.00 1   0.01 67 -0.38 -0.46 2.74e-09 4.34e-09 1   0.01 23 -0.38 -0.56 2.22e-09 3.90e-09 1   0.02 61 10.00 -0.31 3.13e-09 4.25e-09 1   0.03 48 10.00 -0.26 2.93e-09 3.81e-09 1   0.01 81  5.28  0.49 2.55e-09 1.56e-09 0   0.47
VMT_PS    185.6/-0.00 1   0.09 22  0.60  1.07 2.83e-08 9.73e-09 1   0.05 14  0.60  0.18 1.06e-08 8.87e-09 1  25.37 33 -3.34  6.51 3.45e-06 5.14e-09 1  12.83  0 -3.34  5.60 1.21e-06 4.46e-09 1  24.54  8 -10.00  7.19 2.47e-06 1.86e-09 0   0.86
RKAV_AK   473.4/-0.00 1   0.01 55 -1.96 -0.21 3.19e-09 3.94e-09 1   0.01 24 -1.96  0.35 5.00e-09 3.52e-09 1   0.02 85 10.00 -0.42 2.77e-09 4.20e-09 1   0.03 28 10.00 -0.74 1.69e-09 3.55e-09 1   0.01 72  6.62 -0.50 8.64e-10 1.42e-09 0   0.32
BARK_AK   410.0/-0.00 1   0.01 34 -3.00 -0.48 2.90e-09 4.70e-09 1   0.01 25 -3.00 -0.43 2.75e-09 4.23e-09 1   0.02 64  9.76 -0.34 3.06e-09 4.31e-09 1   0.02 59  9.76 -0.24 3.04e-09 3.86e-09 1   0.01 74  6.36  0.32 1.93e-09 1.40e-09 0   0.49
KHIT_AK   369.3/-0.00 1   0.01 59  1.12 -0.26 4.04e-09 5.22e-09 1   0.01 39  1.12 -0.48 2.91e-09 4.71e-09 1   0.02 79  7.90 -0.10 4.08e-09 4.49e-09 1   0.02 82  7.90  0.17 4.64e-09 3.93e-09 1   0.01 70  5.50 -0.02 1.27e-09 1.30e-09 0   0.50
MESA_AK   446.9/-0.00 1   0.01 43 -0.72  0.09 4.82e-09 4.42e-09 1   0.01 40 -0.72 -0.18 3.33e-09 3.97e-09 1   0.02 83  9.24 -0.55 2.45e-09 4.24e-09 1   0.03 42  9.24 -0.53 2.20e-09 3.75e-09 1   0.01 63  9.44 -0.03 1.18e-09 1.22e-09 0   0.50
KULT_AK   404.3/-0.00 1   0.01 53 -3.00 -0.51 2.97e-09 4.97e-09 1   0.03 48 -3.00  0.84 1.04e-08 4.47e-09 1   0.02 70  9.32 -0.39 2.94e-09 4.34e-09 1   0.02 64  9.32 -0.10 3.52e-09 3.88e-09 1   0.01 60  6.94 -0.14 1.01e-09 1.16e-09 0   0.51
BERG_AK   348.1/-0.00 1   0.02 11  1.64 -0.67 2.86e-09 5.57e-09 1   0.01 43  1.64 -0.90 2.05e-09 5.04e-09 1   0.02 61  7.96 -0.26 3.52e-09 4.57e-09 1   0.02 71  7.96 -0.20 3.29e-09 4.02e-09 1   0.02 57 -10.00  0.69 2.21e-09 1.11e-09 0   0.51
GOAT_AK   288.0/-0.00 1   0.01 69  2.50 -1.38 1.60e-09 6.37e-09 1   0.01 35  2.50 -0.91 2.33e-09 5.80e-09 1   0.02 79  8.08 -0.08 4.13e-09 4.49e-09 1   0.02 82  8.08  0.05 4.76e-09 4.52e-09 1   0.02 87  7.24  1.12 3.28e-09 1.06e-09 0   0.52
GRIN_AK   372.4/-0.00 1   0.02 43 -2.80 -0.08 4.97e-09 5.38e-09 1   0.02 39 -2.80 -0.00 4.83e-09 4.85e-09 1   0.03 53  8.60 -0.41 2.98e-09 4.49e-09 1   0.02 82  8.60  0.18 4.72e-09 3.93e-09 1   0.01 59  7.74  0.40 1.58e-09 1.06e-09 0   0.52
BGLC_AK   381.7/-0.00 1   0.03  0 -2.60  0.59 9.77e-09 5.40e-09 1   0.04 61 -2.60  1.08 1.43e-08 4.86e-09 1   0.03 53  8.50 -0.23 3.51e-09 4.43e-09 1   0.03 75  8.50  0.30 5.25e-09 3.89e-09 1   0.01 51 -6.04  0.80 1.93e-09 8.68e-10 0   0.53
NICH_AK   341.9/-0.00 1   0.02 26 -0.52 -0.31 4.26e-09 5.82e-09 1   0.02 56 -0.52  0.03 5.42e-09 5.27e-09 1   0.03 49  7.74 -0.10 4.12e-09 4.57e-09 1   0.02 89  7.74  0.39 5.98e-09 4.06e-09 1   0.01 85  8.48  0.49 1.33e-09 8.17e-10 0   0.54
RAG_AK    299.3/-0.00 1   0.02 16 -2.06 -0.89 2.63e-09 6.42e-09 1   0.01 47 -2.06 -0.60 3.20e-09 5.84e-09 1   0.03 75  9.06  0.33 6.27e-09 4.52e-09 1   0.02 75  9.06  0.15 5.19e-09 4.47e-09 1   0.01 53 -6.00  0.75 1.68e-09 7.96e-10 0   0.54
SUCK_AK   359.5/-0.00 1   0.01 54 -2.26 -0.18 4.80e-09 5.73e-09 1   0.02  0 -2.26 -0.38 3.54e-09 5.17e-09 1   0.03 51  8.28 -0.39 3.06e-09 4.51e-09 1   0.03 84  8.28  0.32 5.48e-09 3.96e-09 1   0.02 64 -4.98  1.29 2.48e-09 6.82e-10 0   0.54
EYAK_AK   238.4/-0.00 1   0.01 53  2.94 -0.45 4.57e-09 7.14e-09 1   0.01 68  2.94 -0.49 4.00e-09 6.52e-09 1   0.04 90  5.54  0.55 8.80e-09 5.10e-09 1   0.02 83  5.54  0.22 5.13e-09 4.13e-09 1   0.00 80 -9.58  0.22 7.99e-10 6.44e-10 0   0.90
PERI_YV   127.3/-0.00 1   0.05 80  0.86  1.07 3.37e-08 1.15e-08 1   0.04 78  0.86  1.00 2.83e-08 1.04e-08 1   0.01 91  2.96  0.02 2.80e-09 2.74e-09 1   0.02 93  2.96  0.07 6.06e-09 5.63e-09 1   0.01 94  0.42  0.30 1.90e-09 1.41e-09 0   0.92
BLAK_YV   104.1/-0.00 1   0.02 88  0.34  0.36 1.74e-08 1.22e-08 1   0.02 95  0.34  0.57 1.90e-08 1.08e-08 1   0.01 91  1.74  0.53 3.31e-09 1.96e-09 1   0.02 89  1.74 -0.12 5.26e-09 5.94e-09 1   0.01 94  0.72  0.12 2.46e-09 2.18e-09 0   0.88
MID_AT    293.3/-0.00 1   0.03  1  0.50  0.51 9.82e-09 5.88e-09 1   0.02 29  0.50 -0.14 4.66e-09 5.35e-09 1   0.03 49  6.24 -0.32 2.89e-09 3.96e-09 1   0.03 79  6.24  0.62 7.23e-09 3.90e-09 1   0.03 90  4.72  1.12 6.19e-09 2.02e-09 0   0.50
ALPI_YV    25.7/-0.00 1   0.02  0  1.68  1.69 9.19e-09 1.70e-09 1   0.02 54  1.68  0.90 8.32e-09 3.39e-09 1   0.08  0  6.20  1.02 8.38e-09 3.02e-09 1  21.55 72  6.20  6.83 2.56e-06 2.77e-09 1  10.12 67 -2.78  5.98 1.17e-06 2.98e-09 0  -0.04
TUPA_YV    78.3/-0.00 1   0.01 90  1.38 -0.61 5.26e-09 9.63e-09 1   0.01 88  1.38 -0.59 4.33e-09 7.80e-09 1   0.01 91  4.48  0.19 3.28e-09 2.70e-09 1   0.03 64  4.48  0.55 5.55e-09 3.20e-09 1   0.02 86  2.84  0.10 4.65e-09 4.22e-09 0   0.50
AVAL_YV   122.1/-0.00 1   0.01 83  0.00 -0.26 3.24e-09 4.22e-09 1   0.01 80  0.00  0.06 4.03e-09 3.80e-09 1   0.01 91  2.48  0.69 2.80e-09 1.40e-09 1   0.01 79  2.48 -0.18 2.48e-09 2.98e-09 1   0.01 96 -1.00 -0.18 2.82e-09 3.38e-09 0   0.34
LSUM_YV    88.3/-0.00 1   0.01 68 -0.16 -0.36 3.29e-09 4.74e-09 1   0.01 73 -0.16 -0.06 3.86e-09 4.10e-09 1   0.01 98  2.72  0.45 2.51e-09 1.61e-09 1   0.01 82  2.72  0.07 2.52e-09 2.35e-09 1   0.01 96  0.78 -0.35 2.71e-09 3.85e-09 0   0.30
HOPE_YV    65.1/-0.00 1   0.01 30  0.92  0.37 2.68e-09 1.86e-09 1   0.01 70  0.92  1.23 5.43e-09 1.59e-09 1   0.01 96  5.66  0.05 3.01e-09 2.87e-09 1   0.01 80  5.66 -0.29 1.02e-09 1.36e-09 1   0.03 64  5.32 -0.02 4.37e-09 4.45e-09 0   0.08
HEAD_YV   162.1/-0.00 1   0.01 52  1.62 -0.33 2.26e-09 3.16e-09 1   0.01 76  1.62  0.22 3.57e-09 2.87e-09 1   0.01 83  6.12  0.40 2.91e-09 1.94e-09 1   0.01 84  6.12 -0.15 2.12e-09 2.45e-09 1   0.01 94  0.58 -0.34 2.21e-09 3.10e-09 0   0.28
SWD_AK    151.2/-0.00 1   0.01 77  1.40 -0.04 3.06e-09 3.19e-09 1   0.01 70  1.40 -0.31 2.12e-09 2.88e-09 1   0.02 92  4.92  0.74 3.51e-09 1.67e-09 1   0.01 86  4.92 -0.77 1.20e-09 2.60e-09 1   0.01 96  1.80 -0.20 2.56e-09 3.14e-09 0   0.27
DEVL_YV   101.0/-0.00 1   0.01 70  0.98 -0.28 2.88e-09 3.81e-09 1   0.01 76  0.98 -0.27 2.54e-09 3.32e-09 1   0.01 85  5.20  0.36 2.24e-09 1.57e-09 1   0.01 89  5.20 -0.03 2.22e-09 2.30e-09 1   0.01 99  2.12 -0.46 2.40e-09 3.81e-09 0   0.22
RC01_AK    40.7/-0.00 1   0.01 85 -0.16  0.73 7.53e-09 3.61e-09 1   0.01 64 -0.16  0.84 5.98e-09 2.58e-09 1   0.01 89  1.16 -0.03 3.21e-09 3.31e-09 1   0.11 93  1.16  1.57 1.74e-08 3.61e-09 1   0.13 30 -10.00  1.33 1.40e-08 3.70e-09 0  -0.21
RUSS_YV   108.8/-0.00 1   0.01 86  2.20  1.63 3.80e-09 7.45e-10 1   0.01 90  2.20  2.22 5.85e-09 6.34e-10 1   0.02  0 -10.00  0.45 2.20e-09 1.41e-09 1   0.02 46 -10.00  0.20 2.63e-09 2.16e-09 1   0.01 87  0.56  0.20 3.18e-09 2.60e-09 0   0.03
BRLK_AK   200.2/-0.00 1   0.01 50  0.44  2.56 2.77e-09 2.13e-10 1   0.01 39  0.44  2.88 3.33e-09 1.86e-10 1   0.01 81  7.82  0.27 2.61e-09 1.99e-09 1   0.01 90  7.82  0.01 1.74e-09 1.73e-09 1   0.01 85 -9.56 -0.42 9.49e-10 1.44e-09 0  -0.03
LSKI_YV   115.0/-0.00 1   0.01 76  1.26  0.98 2.47e-09 9.28e-10 1   0.01 39  1.26  1.24 2.77e-09 8.03e-10 1   0.00 99  7.32  0.20 2.06e-09 1.69e-09 1   0.01 87  7.32  0.03 2.45e-09 2.37e-09 1   0.01 37 -10.00 -0.13 1.28e-09 1.46e-09 0  -0.09
KDAK_II   439.2/-0.00 1   0.02 38  0.30  2.81 5.11e-09 3.06e-10 1   0.02  0  0.30  3.04 5.55e-09 2.66e-10 1   0.01 48 -6.34  0.24 2.40e-09 1.88e-09 1   0.02  4 -6.34 -0.12 1.48e-09 1.67e-09 1   0.01 21 -6.42 -0.61 8.47e-10 1.55e-09 0  -0.00
MPEN_YV    89.5/-0.00 1   0.01 88  1.10  0.94 5.66e-09 2.21e-09 1   0.01 27  1.10  0.41 2.81e-09 1.86e-09 1   0.01 90  5.82 -0.34 1.56e-09 2.19e-09 1   0.01 91  5.82  0.27 3.80e-09 2.91e-09 1   0.01 78  9.74  0.25 1.27e-09 9.84e-10 0  -0.18
SOLD_YV   132.0/-0.00 1   0.01 70  2.46  1.72 5.79e-09 1.04e-09 1   0.02  0  2.46  2.06 7.17e-09 9.16e-10 1   0.01 91  8.76  0.03 2.12e-09 2.06e-09 1   0.03 90  8.76  0.91 6.92e-09 2.80e-09 1   0.01 88  6.76  0.94 2.41e-09 9.39e-10 0  -0.11
KAKN_AV   460.8/-0.00 1   0.01 44  1.46  1.69 3.86e-09 7.14e-10 1   0.02 19  1.46  1.92 4.21e-09 6.19e-10 1   0.06  7 10.00  0.97 6.52e-09 2.47e-09 1   0.05 26 10.00  0.94 5.50e-09 2.15e-09 1   0.04 13 10.00  1.01 4.30e-09 1.56e-09 0   0.12
KABU_AV   471.1/-0.00 1   0.02 43 -1.32  2.03 6.02e-09 7.94e-10 1   0.01  0 -1.32  1.45 2.94e-09 6.87e-10 1   0.20 21 -6.28  2.11 2.05e-08 2.48e-09 1   0.05 17 -6.28  1.12 6.65e-09 2.16e-09 1   0.04 13  2.26  0.82 3.61e-09 1.60e-09 0   0.13
NSKI_YV   121.0/-0.00 1   0.01 63  0.62  1.71 5.47e-09 9.89e-10 1   0.02  0  0.62  1.93 5.52e-09 8.00e-10 1   0.01 78  9.28  0.28 3.55e-09 2.67e-09 1   0.03 84  9.28  0.82 7.12e-09 3.14e-09 1   0.04 91  5.04  1.16 5.35e-09 1.69e-09 0  -0.10
RDWB_AV   199.4/-0.00 1   0.01  9  2.18 -0.93 8.85e-10 2.24e-09 1   0.00 57  2.18 -0.29 1.50e-09 2.02e-09 1   0.03 38 10.00 -0.04 2.92e-09 3.04e-09 1   0.02 57 10.00 -0.27 2.45e-09 3.21e-09 1   0.02 43  2.88 -0.11 2.58e-09 2.88e-09 0   0.13
SPBG_AV   142.3/-0.00 1   0.01  0  1.90 -8.58 1.14e-12 6.04e-09 1   0.01 75  1.90 -1.49 1.24e-09 5.46e-09 1   0.05 56  5.62  0.91 9.22e-09 3.70e-09 1   0.15 70  5.62  1.59 2.06e-08 4.22e-09 1   0.09 46  8.52  1.15 1.01e-08 3.19e-09 0   0.39
PPLA_AK   205.1/-0.00 1   0.01 77  0.60 -0.18 6.12e-09 7.34e-09 1   0.01 77  0.60  0.12 7.55e-09 6.70e-09 1   0.02 89  6.04  0.31 4.70e-09 3.44e-09 1   0.01 93  6.04  0.39 4.55e-09 3.09e-09 1   0.01 98  2.24  0.21 3.05e-09 2.47e-09 0   0.65
CAST_AK   250.1/-0.00 1   0.01 87  0.52  0.15 7.05e-09 6.08e-09 1   0.01 92  0.52  0.33 7.66e-09 5.52e-09 1   0.01 91  6.22  0.16 4.24e-09 3.61e-09 1   0.01 85  6.22  0.08 3.09e-09 2.85e-09 1   0.01 96  1.42  0.12 3.12e-09 2.78e-09 0   0.55
CHUM_AK   301.0/-0.00 1   0.01 65 -0.24 -0.44 3.64e-09 5.67e-09 1   0.01 70 -0.24 -0.17 4.28e-09 5.10e-09 1   0.02 61  4.00 -0.15 2.85e-09 3.30e-09 1   0.03 53  4.00  0.30 3.92e-09 2.89e-09 1   0.02 51 -0.72 -0.34 2.09e-09 2.93e-09 0   0.60
KASH_YV    49.0/-0.00 1   0.02 81 -0.48  0.95 1.29e-08 4.98e-09 1   0.02 23 -0.48  0.86 7.93e-09 3.35e-09 1   0.01 97  1.10  0.05 5.07e-09 4.82e-09 1   0.03 66  1.10 -0.13 4.59e-09 5.23e-09 1   0.02 80  2.76  1.39 3.01e-09 7.50e-10 0  -0.26
BIGB_YV    15.9/-0.00 1   0.05 88 -0.72  1.21 2.59e-08 7.71e-09 1   0.02  0 -0.72  0.69 4.44e-09 2.23e-09 1   0.02 99 -0.56  0.29 8.97e-09 6.69e-09 1   0.00 99 -0.56 -0.01 3.43e-09 3.45e-09 1   0.01 69  5.78 -0.56 5.45e-10 9.57e-10 0  -0.77
TRF_AK    224.2/-0.00 1   0.01 34  0.02  0.30 3.55e-09 2.62e-09 1   0.01 42  0.02  0.05 2.51e-09 2.38e-09 1   0.01 93  3.98  0.29 3.52e-09 2.62e-09 1   0.04 21  3.98  0.93 4.98e-09 1.96e-09 1   0.01 92 -0.48  0.34 4.25e-09 3.01e-09 0   0.25
INPUT_PAR scak_41 P_win 15 S_win 120 P 3e-8 p 2 NCOM 5 spiB 20 spiS 60 Body:2.00-5.00. Surf:16.67-40.00 FMT false
