Event 20090407201255351 Model 20090407201255351_scak_039 FM  206 50.321182  -81 Mw 4.50 rms 4.389e-01  3813 CLVD 0.00 ISO   0.000000 VR 80.7 data2 2.555e-07
# Hypocenter_sac_header elat 6.145420e+01 elon -1.497428e+02 edep 3.303360e+01
# tensor = 7.079e+22  0.0923 -0.3079  0.1667  0.8791 -0.1221 -0.9714
# norm L1    # Pwin 15 Swin 150    # N 20 Np 29 Ns 48
20090407201255351.YV.BIGB..BH  15.9/-0.00 1   7.33 88 -0.36  1.37 7.30e-04 1.86e-04 1   2.99  0 -0.36  0.23 1.72e-04 1.36e-04 1   0.37 99 -0.30  0.10 5.37e-04 4.85e-04 1   0.21 99 -0.30 -0.21 2.10e-04 2.60e-04 0   0.00 92 -3.40 -0.02 3.46e-05 3.52e-05 0  -0.88
20090407201255351.AT.PMR..BH  36.0/-0.00 1   3.24 67  0.28  0.61 3.51e-04 1.90e-04 1   5.39 61  0.28  0.89 7.86e-04 3.24e-04 1   0.27 98  0.58  0.15 2.74e-04 2.37e-04 1   0.28 98  0.58  0.25 2.69e-04 2.08e-04 1   0.21 95  1.42  0.11 1.95e-04 1.75e-04 0  -0.08
20090407201255351.YV.KASH..BH  49.0/-0.00 0   0.00  0 -0.02  2.15 1.41e-03 1.65e-04 0   0.00 92 -0.02  1.86 1.95e-03 3.05e-04 1   0.41 95 -0.86  0.17 3.00e-04 2.54e-04 1   0.87 62 -0.86  0.13 2.87e-04 2.52e-04 1   0.35 85 -0.14  0.17 1.86e-04 1.57e-04 0  -0.11
20090407201255351.YV.TUPA..BH  78.3/-0.00 1   1.06 77 -0.14 -0.25 1.07e-04 1.38e-04 1   0.75 85 -0.14 -0.09 1.14e-04 1.25e-04 0   0.00 94  2.56  0.40 1.90e-04 1.27e-04 0   0.00 51  2.56  0.52 3.27e-04 1.95e-04 0   0.00 85  0.60  0.26 2.73e-04 2.10e-04 0   0.43
20090407201255351.YV.LSUM..BH  88.3/-0.00 1   1.20 59 -0.36  0.37 1.08e-04 7.46e-05 1   1.56 59 -0.36  0.76 1.47e-04 6.87e-05 1   0.26 95  2.22  0.45 1.44e-04 9.25e-05 1   0.44 74  2.22 -0.05 1.51e-04 1.60e-04 1   0.26 93  0.54 -0.17 1.56e-04 1.84e-04 0   0.23
20090407201255351.YV.MPEN..BH  89.5/-0.00 0   0.00  0 -0.50  -inf 0.00e+00 1.23e-05 1   0.92 56 -0.50  1.46 7.05e-05 1.63e-05 0   0.00  0  3.48  -inf 0.00e+00 8.21e-05 1   0.44 95  3.48  0.54 2.41e-04 1.40e-04 1   0.29 75  1.44  0.43 7.61e-05 4.96e-05 0  -0.00
20090407201255351.YV.DEVL..BH 101.0/-0.00 1   1.27 55 -0.40  0.70 1.06e-04 5.28e-05 1   1.12 52 -0.40  0.62 9.10e-05 4.91e-05 1   0.33 86  1.80  0.43 1.30e-04 8.42e-05 1   0.22 94  1.80 -0.25 1.30e-04 1.66e-04 1   0.12 98 -0.12 -0.16 1.40e-04 1.64e-04 0   0.17
20090407201255351.YV.BLAK..BH 104.1/-0.00 1   4.43 72  0.10  0.85 5.06e-04 2.17e-04 1   4.39 84  0.10  0.96 5.33e-04 2.04e-04 1   0.36 96  2.28  0.50 1.97e-04 1.19e-04 1   0.68 85  2.28 -0.15 2.79e-04 3.24e-04 1   0.45 78  0.62 -0.11 1.58e-04 1.77e-04 0   0.80
20090407201255351.YV.LSKI..BH 115.0/-0.00 1   0.83 16  0.74  1.79 6.17e-05 1.03e-05 1   0.96 24  0.74  1.95 7.77e-05 1.10e-05 0   0.00 93  3.30  0.42 1.22e-04 7.98e-05 0   0.00 81  3.30  0.11 1.62e-04 1.45e-04 0   0.00 28  9.44  1.54 7.89e-05 1.70e-05 0  -0.00
20090407201255351.YV.NSKI..BH 121.0/-0.00 0   0.00 57  1.16  1.61 2.16e-04 4.33e-05 0   0.00  0  1.16  1.26 1.44e-04 4.08e-05 1   0.51 88  5.08  0.86 2.18e-04 9.22e-05 1   1.34 86  5.08  1.03 4.82e-04 1.72e-04 1   1.21 78  2.84  0.70 3.38e-04 1.68e-04 0   0.16
20090407201255351.YV.AVAL..BH 122.1/-0.00 1   0.72 72 -0.18  0.50 1.07e-04 6.48e-05 1   1.37 60 -0.18  0.78 1.34e-04 6.11e-05 1   0.37 85  2.40  0.52 1.66e-04 9.89e-05 1   0.49 73  2.40 -0.21 1.49e-04 1.83e-04 1   0.20 96 -0.60 -0.14 1.64e-04 1.87e-04 0   0.25
20090407201255351.YV.PERI..BH 127.3/-0.00 1  11.33 60  0.36  1.66 1.13e-03 2.16e-04 1   9.40 41  0.36  1.34 7.80e-04 2.05e-04 1   0.33 90  2.96  0.23 1.66e-04 1.31e-04 1   0.48 93  2.96  0.15 3.47e-04 2.99e-04 1   0.20 93  0.42 -0.21 1.18e-04 1.46e-04 0   0.88
20090407201255351.YV.SOLD..BH 132.0/-0.00 0   0.00  0  0.70  -inf 0.00e+00 1.60e-05 0   0.00 21  0.70  1.26 5.27e-05 1.50e-05 0   0.00  0  7.18  -inf 0.00e+00 9.25e-05 1   0.41 69  7.18 -0.50 9.05e-05 1.50e-04 1   0.39 74 -2.18  0.23 1.41e-04 1.12e-04 0   0.06
20090407201255351.AK.SWD..BH 151.2/-0.00 1   1.02 65  0.34  0.86 9.51e-05 4.04e-05 1   0.92 46  0.34  0.64 7.26e-05 3.83e-05 1   0.45 89  2.66  0.32 1.98e-04 1.44e-04 1   0.32 85  2.66 -0.74 6.95e-05 1.45e-04 1   0.21 94  0.68 -0.08 1.50e-04 1.63e-04 0   0.19
20090407201255351.YV.HEAD..BH 162.1/-0.00 1   0.76 54  0.26  0.41 5.76e-05 3.84e-05 1   0.87 70  0.26  0.93 9.28e-05 3.65e-05 1   0.39 83  2.92  0.06 1.72e-04 1.63e-04 1   0.36 76  2.92 -0.02 1.25e-04 1.28e-04 1   0.22 93 -1.24 -0.21 1.31e-04 1.61e-04 0   0.19
20090407201255351.AK.DIV..BH 215.7/-0.00 1   1.90 72  0.00  0.33 2.50e-04 1.80e-04 1   2.20 64  0.00  0.42 2.61e-04 1.72e-04 1   0.71 88  5.08  0.15 3.25e-04 2.80e-04 1   0.48 85  5.08  0.20 2.34e-04 1.91e-04 1   0.27 85 -3.22  0.49 1.14e-04 7.00e-05 0   0.96
20090407201255351.AK.TRF..BH 224.2/-0.00 1   1.72 40 -0.28  1.21 1.34e-04 3.98e-05 1   1.54 41 -0.28  1.10 1.13e-04 3.78e-05 0   0.00 91  3.40  0.10 1.99e-04 1.80e-04 0   0.00 14  3.40  0.93 3.54e-04 1.40e-04 0   0.00 85 -2.38  0.63 2.72e-04 1.45e-04 0   0.16
20090407201255351.AK.EYAK..BH 238.4/-0.00 1   3.67 15 -0.64  0.50 2.94e-04 1.79e-04 1   3.70 23 -0.64  0.72 3.52e-04 1.71e-04 1   1.40 84  6.36  0.63 5.01e-04 2.67e-04 1   0.66 82  6.36  0.32 2.98e-04 2.16e-04 1   0.17 64  0.14  0.42 4.87e-05 3.20e-05 0   0.99
20090407201255351.AK.PAX..BH 279.1/-0.00 0   0.00 44  0.86  0.91 1.21e-04 4.87e-05 0   0.00 35  0.86  1.11 1.40e-04 4.60e-05 1   0.36 94  3.84  0.29 2.26e-04 1.70e-04 1   0.30 89  3.84  0.14 1.48e-04 1.28e-04 1   0.37 82 -2.56 -0.40 1.13e-04 1.69e-04 0   0.26
20090407201255351.AK.BMR..BH 281.3/-0.00 0   0.00 26  2.00  0.41 2.66e-04 1.76e-04 0   0.00 13  2.00 -0.02 1.62e-04 1.66e-04 1   0.79 86  7.20  0.37 3.48e-04 2.40e-04 1   0.68 75  7.20 -0.07 2.03e-04 2.19e-04 1   0.53 71 -2.40  0.87 1.65e-04 6.89e-05 0   0.96
INPUT_PAR scak_39 P_win 15 S_win 150 P 1 p 1 NCOM 5 spiB 15 spiS 60 Body:1.50-4.00. Surf:16.00-40.00 FMT false
