Event 20090407201255351/ Model scak_041 FM  207 47.697765  -80 Mw 4.50 rms 6.436e-07  4168 ERR -2147483648   0 -2147483648 CLVD 0.00 0.00 ISO   0.000000 0.00 VR 64.2 data2 1.076e-06
# Hypocenter_sac_header elat 6.145420e+01 elon -1.497428e+02 edep 3.303360e+01
# tensor = 7.079e+22  0.0968 -0.3178  0.1421  0.8847 -0.0327 -0.9815
# norm L1    # Pwin 15 Swin 120    # N 25 Np 36 Ns 65
BIGB_YV    15.9/-0.00 1   6.41 88 -0.70  1.08 4.84e-04 1.64e-04 1   2.26  0 -0.70  0.56 8.29e-05 4.74e-05 1   0.65 99 -0.56  0.16 4.92e-04 4.19e-04 1   0.21 99 -0.56 -0.15 1.88e-04 2.18e-04 0   0.00 93 -3.94 -0.43 2.99e-05 4.58e-05 0 0
PMR_AT     36.0/-0.00 1   1.99 78 -1.08  0.76 1.36e-04 6.38e-05 1   2.86 23 -1.08  1.04 1.81e-04 6.40e-05 1   0.35 98  0.56  0.08 2.58e-04 2.37e-04 1   0.28 98  0.56  0.06 2.47e-04 2.33e-04 1   0.30 95  1.30  0.16 1.73e-04 1.48e-04 0 0
KASH_YV    49.0/-0.00 0   0.00 65 -1.20  2.08 2.51e-04 3.15e-05 0   0.00 46 -1.20  1.92 1.90e-04 2.79e-05 1   0.64 95 -0.98  0.21 2.78e-04 2.25e-04 1   1.24 62 -0.98  0.19 2.52e-04 2.09e-04 1   0.51 86 -0.26  0.05 1.65e-04 1.56e-04 0 0
TUPA_YV    78.3/-0.00 1   0.65 95 -0.20 -0.17 1.01e-04 1.20e-04 1   0.49 96 -0.20 -0.21 8.25e-05 1.02e-04 0   0.00 95  2.96  0.32 1.80e-04 1.31e-04 0   0.00 46  2.96  0.83 3.04e-04 1.32e-04 0   0.00 87  0.56  0.29 2.55e-04 1.90e-04 0 0
LSUM_YV    88.3/-0.00 1   1.03 68  1.92 -0.00 6.42e-05 6.45e-05 1   1.10 73  1.92  0.29 7.48e-05 5.60e-05 1   0.32 98  2.52  0.41 1.38e-04 9.10e-05 1   0.60 75  2.52  0.03 1.38e-04 1.34e-04 1   0.32 95  0.66 -0.13 1.49e-04 1.69e-04 0 0
MPEN_YV    89.5/-0.00 1   2.08 74  1.94  3.00 1.11e-04 5.50e-06 1   1.35 42  1.94  2.60 5.19e-05 3.86e-06 1   0.21 92  2.98  0.14 8.58e-05 7.47e-05 1   0.64 96  2.98  0.57 2.08e-04 1.18e-04 1   0.33 86  0.98  0.43 6.96e-05 4.53e-05 0 0
DEVL_YV   101.0/-0.00 1   0.92 70  1.88  0.26 5.97e-05 4.61e-05 1   0.86 68  1.88  0.20 4.97e-05 4.05e-05 1   0.45 91  2.06  0.46 1.23e-04 7.76e-05 1   0.24 96  2.06 -0.17 1.22e-04 1.45e-04 1   0.14 99  0.04 -0.14 1.32e-04 1.51e-04 0 0
BLAK_YV   104.1/-0.00 1   2.73 86 -0.06  0.50 3.36e-04 2.05e-04 1   3.21 94 -0.06  0.70 3.69e-04 1.82e-04 1   0.49 96  2.48  0.47 1.82e-04 1.14e-04 1   0.74 91  2.48  0.13 2.89e-04 2.53e-04 1   0.32 95  0.78 -0.17 1.35e-04 1.60e-04 0 0
LSKI_YV   115.0/-0.00 1   0.99 52  1.16  2.85 5.81e-05 3.35e-06 1   1.11 58  1.16  2.90 5.70e-05 3.14e-06 0   0.00 96  3.20  0.46 1.13e-04 7.15e-05 0   0.00 92  3.20  0.04 1.34e-04 1.29e-04 0   0.00 38  8.56  2.30 6.82e-05 6.85e-06 0 0
NSKI_YV   121.0/-0.00 0   0.00 68  0.84  1.00 1.07e-04 3.93e-05 0   0.00  0  0.84  1.13 1.09e-04 3.51e-05 1   0.72 89  4.56  0.88 1.95e-04 8.04e-05 1   1.68 92  4.56  0.94 3.90e-04 1.53e-04 1   1.43 89  2.52  0.67 2.95e-04 1.51e-04 0 0
AVAL_YV   122.1/-0.00 1   0.59 84 -0.14  0.04 6.25e-05 6.02e-05 1   0.69 81 -0.14  0.38 7.86e-05 5.40e-05 1   0.53 91  2.68  0.60 1.53e-04 8.45e-05 1   0.58 82  2.68 -0.20 1.36e-04 1.67e-04 1   0.26 97 -0.44 -0.12 1.55e-04 1.74e-04 0 0
PERI_YV   127.3/-0.00 1   7.38 77  0.20  1.15 6.52e-04 2.08e-04 1   6.67 76  0.20  1.08 5.52e-04 1.88e-04 1   0.46 94  3.18  0.34 1.54e-04 1.10e-04 1   0.65 96  3.18  0.21 3.33e-04 2.69e-04 1   0.24 96  0.54 -0.23 1.05e-04 1.31e-04 0 0
SOLD_YV   132.0/-0.00 0   0.00 71  2.82  2.30 1.29e-04 1.30e-05 0   0.00  0  2.82  2.58 1.50e-04 1.14e-05 1   0.26 95  4.84  0.36 1.16e-04 8.16e-05 1   1.33 97  4.84  1.03 3.79e-04 1.35e-04 1   0.53 89  2.42  0.30 1.31e-04 9.72e-05 0 0
SWD_AK    151.2/-0.00 1   0.72 83  0.40  0.41 5.90e-05 3.90e-05 1   0.45 77  0.40  0.00 3.51e-05 3.51e-05 1   0.71 93  2.86  0.53 1.92e-04 1.13e-04 1   0.49 88  2.86 -0.73 6.66e-05 1.38e-04 1   0.30 95  0.98 -0.08 1.40e-04 1.52e-04 0 0
HEAD_YV   162.1/-0.00 1   0.60 60  0.26  0.03 3.88e-05 3.75e-05 1   0.74 87  0.26  0.66 6.52e-05 3.38e-05 1   0.55 85  3.22  0.20 1.59e-04 1.30e-04 1   0.50 81  3.22 -0.05 1.16e-04 1.23e-04 1   0.30 95 -0.88 -0.21 1.21e-04 1.50e-04 0 0
PPLA_AK   205.1/-0.00 1   1.61 75 -0.04 -0.10 1.18e-04 1.31e-04 1   1.66 78 -0.04  0.25 1.53e-04 1.20e-04 1   0.80 93  3.46  0.32 2.57e-04 1.87e-04 1   0.76 94  3.46  0.54 2.50e-04 1.46e-04 1   0.18 98 -0.38  0.07 1.67e-04 1.56e-04 0 0
DIV_AK    215.7/-0.00 1   1.58 85  0.04 -0.14 1.51e-04 1.74e-04 1   2.05 72  0.04  0.02 1.62e-04 1.59e-04 1   0.98 92  5.42  0.26 3.15e-04 2.43e-04 1   0.65 90  5.42  0.37 2.25e-04 1.55e-04 1   0.37 86 -3.18  0.49 1.04e-04 6.38e-05 0 0
DHY_AK    218.5/-0.00 0   0.00 60  0.00  1.68 4.03e-05 7.51e-06 0   0.00 22  0.00  1.61 3.26e-05 6.51e-06 1   0.41 95  2.98  0.20 1.74e-04 1.43e-04 1   0.32 91  2.98  0.12 1.18e-04 1.05e-04 1   0.27 84 -2.18  0.06 7.91e-05 7.43e-05 0 0
RND_AK    222.2/-0.00 1   0.90 68  0.72  2.92 6.26e-05 3.36e-06 1   1.05 42  0.72  2.86 5.40e-05 3.08e-06 1   0.31 98  2.68  0.25 1.84e-04 1.43e-04 1   0.26 95  2.68  0.14 1.24e-04 1.08e-04 1   0.20 95  0.12  0.30 6.33e-05 4.70e-05 0 0
TRF_AK    224.2/-0.00 1   1.21 36 -0.36  0.67 6.78e-05 3.49e-05 1   0.83 44 -0.36  0.38 4.60e-05 3.15e-05 0   0.00 94  3.28  0.19 1.93e-04 1.60e-04 0   0.00 20  3.28  0.82 2.70e-04 1.19e-04 0   0.00 94 -2.56  0.59 2.32e-04 1.29e-04 0 0
EYAK_AK   238.4/-0.00 1   2.29 68  2.48 -0.59 9.75e-05 1.76e-04 1   1.95 73  2.48 -0.47 9.97e-05 1.60e-04 1   1.92 91  6.46  0.70 4.83e-04 2.41e-04 1   0.72 91  6.46  0.45 2.82e-04 1.80e-04 1   0.20 76  0.30  0.43 4.38e-05 2.84e-05 0 0
CAST_AK   250.1/-0.00 1   0.99 87 -0.08  0.35 1.39e-04 9.85e-05 1   1.01 93 -0.08  0.51 1.49e-04 8.94e-05 1   0.58 95  4.10  0.18 2.33e-04 1.95e-04 1   0.59 83  4.10  0.15 1.68e-04 1.45e-04 1   0.32 95 -1.38  0.05 1.70e-04 1.62e-04 0 0
MCK_AK    257.2/-0.00 0   0.00 50  1.62  2.62 5.72e-05 4.17e-06 0   0.00 55  1.62  2.75 6.18e-05 3.94e-06 1   0.38 98  3.70  0.31 2.02e-04 1.49e-04 1   0.31 94  3.70  0.11 1.24e-04 1.11e-04 1   0.21 96  0.14  0.29 7.97e-05 5.99e-05 0 0
PAX_AK    279.1/-0.00 0   0.00 48  1.08  0.12 4.95e-05 4.39e-05 0   0.00 48  1.08  0.31 5.41e-05 3.96e-05 1   0.52 95  4.26  0.29 2.14e-04 1.61e-04 1   0.37 92  4.26  0.13 1.38e-04 1.22e-04 1   0.46 87 -2.02 -0.29 1.12e-04 1.50e-04 0 0
BMR_AK    281.3/-0.00 0   0.00 37  2.20 -1.00 6.19e-05 1.68e-04 0   0.00 43  2.20 -1.03 5.45e-05 1.53e-04 1   1.00 91  7.48  0.39 3.27e-04 2.21e-04 1   0.76 84  7.48 -0.05 1.95e-04 2.05e-04 1   0.63 82 -2.64  0.87 1.52e-04 6.36e-05 0 0
INPUT_PAR scak_41 P_win 15 S_win 120 P 1 p 1 NCOM 5 spiB 20 spiS 60 Body:2.00-5.00. Surf:16.67-40.00 FMT false
