Event 20090407201255351 Model scak_047 FM   20 42.387215  -90 Mw 4.60 rms 3.467e-07  3720 ERR   0   0   0 ISO   0.000000 0.00 CLVD 0.00 0.00 VR 81.1 data2 7.971e-07
# Hypocenter_sac_header elat 6.145420e+01 elon -1.497428e+02 edep 3.303360e+01
# tensor = 1.000e+23  0.1165 -0.3201  0.0312  0.8794 -0.0856 -0.9958
# norm L1    # Pwin 15 Swin 120    # N 21 Np 0 Ns 62
BIGB_YV    15.9/-0.00 0   0.00 83 -1.42  0.86 4.83e-07 2.04e-07 0   0.00  8 -1.42  0.99 1.40e-07 5.19e-08 1   1.13 99 -1.38  0.03 4.91e-07 4.78e-07 1   1.04 98 -1.38 -0.24 1.88e-07 2.39e-07 0   0.00 94 -4.96 -0.06 2.99e-08 3.19e-08 0 0
PMR_AT     36.0/-0.00 0   0.00 55 -1.58  0.49 1.69e-07 1.03e-07 0   0.00 41 -1.58  1.64 2.98e-07 5.77e-08 1   0.77 99  0.04 -0.12 2.58e-07 2.90e-07 1   1.18 98  0.04 -0.20 2.47e-07 3.02e-07 1   0.89 96  0.42  0.07 1.73e-07 1.61e-07 0 0
KASH_YV    49.0/-0.00 0   0.00 65  2.48  1.41 2.74e-07 6.71e-08 0   0.00 11  2.48  1.92 3.09e-07 4.51e-08 1   1.67 95 -1.38 -0.01 2.78e-07 2.80e-07 1   4.22 62 -1.38 -0.06 2.53e-07 2.69e-07 1   1.62 86 -0.92 -0.02 1.65e-07 1.68e-07 0 0
MPEN_YV    89.5/-0.00 0   0.00 89  0.82  0.90 1.12e-07 4.56e-08 0   0.00 31  0.82  0.24 4.66e-08 3.67e-08 1   1.14 95  4.04 -0.47 8.58e-08 1.37e-07 1   1.88 89  4.04  0.34 2.08e-07 1.49e-07 1   0.96 86  0.62  0.37 6.96e-08 4.81e-08 0 0
DEVL_YV   101.0/-0.00 0   0.00 62  1.60  0.50 6.19e-08 3.74e-08 0   0.00 67  1.60  0.56 5.28e-08 3.01e-08 1   0.99 91  3.14 -0.02 1.23e-07 1.25e-07 1   1.04 95  3.14 -0.26 1.22e-07 1.58e-07 1   1.21 99 -0.24 -0.40 1.32e-07 1.96e-07 0 0
BLAK_YV   104.1/-0.00 0   0.00 84 -0.22  0.23 3.35e-07 2.66e-07 0   0.00 92 -0.22  0.49 3.69e-07 2.27e-07 1   1.66 87  2.38  0.07 1.82e-07 1.70e-07 1   2.11 92  2.38 -0.02 2.89e-07 2.94e-07 1   1.59 95  0.46 -0.39 1.35e-07 2.00e-07 0 0
NSKI_YV   121.0/-0.00 0   0.00 58  0.60  1.11 1.06e-07 3.50e-08 0   0.00  2  0.60  1.31 1.07e-07 2.90e-08 1   2.48 68  5.08  0.51 1.95e-07 1.17e-07 1   4.65 90  5.08  0.74 3.90e-07 1.87e-07 1   4.00 88  2.32  0.49 2.95e-07 1.81e-07 0 0
AVAL_YV   122.1/-0.00 0   0.00 85 -0.26 -0.18 6.21e-08 7.43e-08 0   0.00 83 -0.26  0.21 7.89e-08 6.41e-08 1   1.06 98  3.42  0.34 1.53e-07 1.09e-07 1   1.89 87  3.42 -0.41 1.36e-07 2.05e-07 1   1.45 97 -0.62 -0.34 1.55e-07 2.18e-07 0 0
PERI_YV   127.3/-0.00 0   0.00 76  0.10  0.82 6.52e-07 2.89e-07 0   0.00 73  0.10  0.78 5.53e-07 2.54e-07 1   1.65 85  3.02  0.10 1.54e-07 1.40e-07 1   1.69 96  3.02 -0.04 3.33e-07 3.45e-07 1   1.16 95  0.28 -0.41 1.05e-07 1.58e-07 0 0
SOLD_YV   132.0/-0.00 0   0.00 71  2.24  2.35 1.31e-07 1.26e-08 0   0.00  0  2.24  2.84 1.49e-07 8.72e-09 1   0.82 92  5.40  0.11 1.16e-07 1.04e-07 1   3.33 95  5.40  0.75 3.79e-07 1.78e-07 1   1.49 88  2.22  0.14 1.31e-07 1.13e-07 0 0
SWD_AK    151.2/-0.00 0   0.00 87  0.30  0.05 5.92e-08 5.61e-08 0   0.00 78  0.30 -0.35 3.46e-08 4.92e-08 1   2.07 95  3.76  0.50 1.92e-07 1.17e-07 1   2.44 89  3.76 -1.07 6.66e-08 1.94e-07 1   1.11 96  0.86 -0.29 1.40e-07 1.87e-07 0 0
HEAD_YV   162.1/-0.00 0   0.00 65  0.18 -0.39 3.84e-08 5.69e-08 0   0.00 89  0.18  0.26 6.49e-08 5.03e-08 1   1.51 88  4.08  0.20 1.59e-07 1.30e-07 1   1.75 87  4.08 -0.44 1.16e-07 1.81e-07 1   1.50 94 -0.92 -0.41 1.21e-07 1.82e-07 0 0
PPLA_AK   205.1/-0.00 0   0.00 72 -0.02 -0.52 1.19e-07 2.00e-07 0   0.00 78 -0.02 -0.16 1.53e-07 1.80e-07 1   1.90 94  2.98  0.11 2.57e-07 2.29e-07 1   1.76 93  2.98  0.31 2.51e-07 1.84e-07 1   0.70 98  0.06 -0.11 1.67e-07 1.87e-07 0 0
DIV_AK    215.7/-0.00 0   0.00 85  0.06 -0.57 1.51e-07 2.67e-07 0   0.00 71  0.06 -0.40 1.62e-07 2.41e-07 1   2.31 94  5.12  0.02 3.15e-07 3.08e-07 1   1.80 90  5.12  0.13 2.25e-07 1.97e-07 1   1.13 83 -2.16  0.28 1.04e-07 7.91e-08 0 0
DHY_AK    218.5/-0.00 0   0.00 40 -3.00  1.56 4.03e-08 8.44e-09 0   0.00 41 -3.00  1.47 3.26e-08 7.46e-09 1   0.84 97  1.94 -0.01 1.74e-07 1.75e-07 1   0.89 91  1.94  0.02 1.18e-07 1.16e-07 1   0.98 83 -1.74 -0.05 7.91e-08 8.29e-08 0 0
RND_AK    222.2/-0.00 0   0.00 77  0.68  2.57 6.26e-08 4.79e-09 0   0.00 51  0.68  2.53 5.40e-08 4.32e-09 1   0.63 98  1.66  0.06 1.84e-07 1.74e-07 1   0.71 95  1.66  0.05 1.24e-07 1.17e-07 1   0.41 96  0.40  0.03 6.33e-08 6.12e-08 0 0
EYAK_AK   238.4/-0.00 0   0.00 66  2.54 -1.04 9.63e-08 2.74e-07 0   0.00 73  2.54 -0.94 9.63e-08 2.47e-07 1   4.79 91  6.26  0.42 4.83e-07 3.18e-07 1   1.66 94  6.26  0.29 2.82e-07 2.12e-07 1   0.68 69 -1.28  0.74 4.38e-08 2.09e-08 0 0
CAST_AK   250.1/-0.00 0   0.00 87 -0.04 -0.09 1.39e-07 1.52e-07 0   0.00 93 -0.04  0.08 1.49e-07 1.37e-07 1   1.39 96  3.52 -0.06 2.33e-07 2.48e-07 1   1.74 85  3.52 -0.05 1.69e-07 1.77e-07 1   1.36 93 -0.96 -0.09 1.70e-07 1.86e-07 0 0
MCK_AK    257.2/-0.00 0   0.00 61  1.56  2.54 5.63e-08 4.46e-09 0   0.00 53  1.56  2.70 6.28e-08 4.20e-09 1   0.81 97  2.76  0.10 2.02e-07 1.83e-07 1   0.71 96  2.76 -0.00 1.24e-07 1.24e-07 1   0.43 97  0.56  0.09 7.97e-08 7.32e-08 0 0
PAX_AK    279.1/-0.00 0   0.00 45  1.16 -0.26 4.80e-08 6.22e-08 0   0.00 46  1.16 -0.05 5.30e-08 5.60e-08 1   1.09 96  3.48  0.05 2.14e-07 2.05e-07 1   1.16 93  3.48 -0.10 1.38e-07 1.52e-07 1   1.65 88 -1.50 -0.40 1.12e-07 1.67e-07 0 0
BMR_AK    281.3/-0.00 0   0.00 33 -3.00 -1.43 6.14e-08 2.57e-07 0   0.00 48 -3.00 -1.48 5.26e-08 2.31e-07 1   2.58 91  7.22  0.12 3.27e-07 2.89e-07 1   2.88 84  7.22 -0.29 1.94e-07 2.59e-07 1   1.85 78 -1.72  0.75 1.52e-07 7.21e-08 0 0
INPUT_PAR scak_47 P_win 15 S_win 120 P 1 p 2 NCOM 5 spiB 20 spiS 60 Body:2.00-5.00. Surf:16.67-40.00 FMT false
