         20090407201255351.YV.BIGB..BH   15.9  345.5   61.5919 -149.8174  10.0000   0.0000 -10.0000  10.0000  -0.3000 1 1  -3.4000 0
          20090407201255351.AT.PMR..BH   36.0   64.5   61.5922 -149.1308  10.0000   0.0000 -10.0000  10.0000   0.5800 1 1   1.4200 1
         20090407201255351.YV.KASH..BH   49.0  338.7   61.8636 -150.0817  10.0000   0.0000 -10.0000  10.0000  -0.8600 1 1  -0.1400 1
         20090407201255351.YV.TUPA..BH   78.3  157.3   60.8045 -149.1872  10.0000   0.0000 -10.0000  10.0000   2.5600 0 0   0.6000 0
         20090407201255351.YV.LSUM..BH   88.3  170.7   60.6717 -149.4810  10.0000   0.0000 -10.0000  10.0000   2.2200 1 1   0.5400 1
         20090407201255351.YV.MPEN..BH   89.5  206.8   60.7352 -150.4823  10.0000   0.0000 -10.0000  10.0000   3.4800 1 0   1.4400 1
         20090407201255351.YV.DEVL..BH  101.0  175.4   60.5508 -149.5941  10.0000   0.0000 -10.0000  10.0000   1.8000 1 1  -0.1200 1
         20090407201255351.YV.BLAK..BH  104.1  136.1   60.7746 -148.4171  10.0000   0.0000 -10.0000  10.0000   2.2800 1 1   0.6200 1
         20090407201255351.YV.LSKI..BH  115.0  200.1   60.4832 -150.4617  10.0000   0.0000 -10.0000  10.0000   3.3000 0 0   9.4400 0
         20090407201255351.YV.NSKI..BH  121.0  223.9   60.6622 -151.2770  10.0000   0.0000 -10.0000  10.0000   5.0800 1 1   2.8400 1
         20090407201255351.YV.AVAL..BH  122.1  169.7   60.3755 -149.3468  10.0000   0.0000 -10.0000  10.0000   2.4000 1 1  -0.6000 1
         20090407201255351.YV.PERI..BH  127.3  129.9   60.7098 -147.9534  10.0000   0.0000 -10.0000  10.0000   2.9600 1 1   0.4200 1
         20090407201255351.YV.SOLD..BH  132.0  213.9   60.4641 -151.0815  10.0000   0.0000 -10.0000  10.0000   7.1800 1 0  -2.1800 1
          20090407201255351.AK.SWD..BH  151.2  173.9   60.1043 -149.4526  10.0000   0.0000 -10.0000  10.0000   2.6600 1 1   0.6800 1
         20090407201255351.YV.HEAD..BH  162.1  173.4   60.0084 -149.4095  10.0000   0.0000 -10.0000  10.0000   2.9200 1 1  -1.2400 1
          20090407201255351.AK.DIV..BH  215.7   97.9   61.1292 -145.7749  10.0000   0.0000 -10.0000  10.0000   5.0800 1 1  -3.2200 1
          20090407201255351.AK.TRF..BH  224.2  353.0   63.4502 -150.2893  10.0000   0.0000 -10.0000  10.0000   3.4000 0 0  -2.3800 0
         20090407201255351.AK.EYAK..BH  238.4  113.3   60.5487 -145.7500  10.0000   0.0000 -10.0000  10.0000   6.3600 1 1   0.1400 1
          20090407201255351.AK.PAX..BH  279.1   50.9   62.9699 -145.4699  10.0000   0.0000 -10.0000  10.0000   3.8400 1 1  -2.5600 1
          20090407201255351.AK.BMR..BH  281.3   98.8   60.9677 -144.6051  10.0000   0.0000 -10.0000  10.0000   7.2000 1 1  -2.4000 1
