Event 20090407201255351 Model scak_041 FM    0 75.747124  -50 Mw 5.00 rms 3.452e-05 13062 ERR   0   0   0 ISO   0.000000 0.00 CLVD 0.00 0.00 VR 0.8 data2 3.480e-05
# Hypocenter_sac_header elat 6.145420e+01 elon -1.497428e+02 edep 3.303360e+01
# tensor = 3.981e+23 -0.0000  0.6230 -0.1583  0.3656  0.6732 -0.3656
# norm L2    # Pwin 15 Swin 120    # N 67 Np 134 Ns 201
BIGB_YV    15.9/-0.00 1   0.00 94 -0.64  1.42 1.22e-07 2.93e-08 1   0.00  4 -0.64 -0.14 2.08e-08 2.39e-08 1   0.00 98 -0.96  0.23 1.24e-07 9.80e-08 1   0.00 78 -0.96 -0.45 4.72e-08 7.44e-08 1   0.00 91 -4.46 -2.59 7.51e-09 1.00e-07 0 0
ALPI_YV    25.7/-0.00 1   0.00 80 -0.44 -1.88 4.39e-08 2.87e-07 1   0.00 76 -0.44 -1.18 3.97e-08 1.29e-07 1   0.00  0  1.84 -1.37 1.15e-07 4.54e-07 1  23.28 87  1.84  4.43 3.52e-05 4.20e-07 1   5.15 63  8.64  4.33 1.62e-05 2.13e-07 0 0
PMR_AT     36.0/-0.00 1   0.00 96  0.44 -2.34 3.35e-08 3.47e-07 1   0.00 88  0.44 -1.33 2.63e-08 1.00e-07 1   0.00 91  4.72 -2.17 6.49e-08 5.65e-07 1   0.00 49  4.72 -1.47 6.21e-08 2.71e-07 1   0.00 89 -6.28 -1.61 4.36e-08 2.19e-07 0 0
RC01_AK    40.7/-0.00 1   0.00 84 -0.10 -1.45 3.67e-08 1.56e-07 1   0.00 82 -0.10 -1.14 2.91e-08 9.06e-08 1   0.00 51  0.70 -1.56 4.43e-08 2.10e-07 1   0.00 94  0.70 -0.14 2.39e-07 2.75e-07 1   0.00 52 -1.54 -0.76 1.93e-07 4.12e-07 0 0
KASH_YV    49.0/-0.00 1   0.00 62 -1.86  1.71 6.27e-08 1.13e-08 1   0.00  8 -1.86  1.47 3.86e-08 8.89e-09 1   0.00 63 -6.82  0.13 6.99e-08 6.11e-08 1   0.00 69 -6.82 -0.17 6.32e-08 7.52e-08 1   0.00 95 -1.88  0.10 4.15e-08 3.76e-08 0 0
HOPE_YV    65.1/-0.00 1   0.00 83  2.00 -2.92 1.31e-08 2.42e-07 1   0.00 84  2.00 -1.86 2.65e-08 1.70e-07 1   0.00 89  8.40 -1.59 4.15e-08 2.03e-07 1   0.00 53  8.40 -3.36 1.40e-08 4.04e-07 1   0.00 88 -5.16 -2.00 6.03e-08 4.45e-07 0 0
TUPA_YV    78.3/-0.00 1   0.00 80  0.02 -2.59 2.56e-08 3.42e-07 1   0.00 81  0.02 -2.56 2.11e-08 2.73e-07 1   0.00 30 -10.00 -1.46 4.51e-08 1.94e-07 1   0.00 69 -10.00 -2.01 7.64e-08 5.70e-07 1   0.00 49 -8.22 -1.45 6.40e-08 2.73e-07 0 0
SAW_AK     84.5/-0.00 1   0.00 90 -0.06 -3.05 8.78e-09 1.85e-07 1   0.00 88 -0.06 -3.22 6.39e-09 1.60e-07 1   0.00 94  4.70 -3.35 1.35e-08 3.86e-07 1   0.00 61  4.70 -1.59 1.79e-08 8.80e-08 1   0.00 65 -10.00 -2.05 2.15e-08 1.67e-07 0 0
LSUM_YV    88.3/-0.00 1   0.00 64  1.10 -2.12 1.60e-08 1.33e-07 1   0.00 80  1.10 -1.80 1.88e-08 1.14e-07 1   0.00 73  8.72 -1.32 3.45e-08 1.30e-07 1   0.00 57  8.72 -2.04 3.46e-08 2.66e-07 1   0.00 69 -10.00 -2.28 3.73e-08 3.66e-07 0 0
MPEN_YV    89.5/-0.00 1   0.00 59  2.46 -2.16 2.76e-08 2.38e-07 1   0.00 20  2.46 -2.72 1.37e-08 2.07e-07 1   0.00 79 -0.16 -1.48 2.15e-08 9.49e-08 1   0.00 60 -0.16 -1.71 5.23e-08 2.90e-07 1   0.00 87  0.24 -3.01 1.75e-08 3.54e-07 0 0
DEVL_YV   101.0/-0.00 1   0.00 70  2.26 -1.85 1.40e-08 8.92e-08 1   0.00 76  2.26 -1.82 1.24e-08 7.66e-08 1   0.00 92  9.96 -1.39 3.08e-08 1.24e-07 1   0.00 97  9.96 -1.87 3.06e-08 1.99e-07 1   0.00 74 -8.32 -2.52 3.31e-08 4.12e-07 0 0
BLAK_YV   104.1/-0.00 1   0.00 55  1.64 -1.05 8.47e-08 2.43e-07 1   0.00 73  1.64 -0.84 9.24e-08 2.14e-07 1   0.00 79 10.00 -1.72 4.56e-08 2.54e-07 1   0.00 92 10.00 -1.80 7.24e-08 4.37e-07 1   0.00 92  2.82 -0.85 3.38e-08 7.94e-08 0 0
RUSS_YV   108.8/-0.00 1   0.00 86  2.30 -1.18 1.85e-08 6.03e-08 1   0.00 89  2.30 -0.63 2.85e-08 5.38e-08 1   0.00 85  8.66 -0.96 3.04e-08 7.91e-08 1   0.00  0  8.66 -0.98 3.62e-08 9.66e-08 1   0.00 51 -10.00 -2.25 4.38e-08 4.15e-07 0 0
LSKI_YV   115.0/-0.00 1   0.00 50 -0.44 -2.65 1.20e-08 1.71e-07 1   0.00 32 -0.44 -2.43 1.35e-08 1.53e-07 1   0.00 76  2.90 -0.85 2.84e-08 6.64e-08 1   0.00 87  2.90 -1.73 3.38e-08 1.91e-07 1   0.00 59  3.96 -3.07 1.76e-08 3.79e-07 0 0
NSKI_YV   121.0/-0.00 1   0.00 71  1.68 -2.48 2.67e-08 3.17e-07 1   0.00  0  1.68 -2.36 2.69e-08 2.85e-07 1   0.00 72  3.10 -1.03 4.89e-08 1.37e-07 1   0.00 79  3.10 -1.34 9.80e-08 3.74e-07 1   0.00 87  1.96 -0.73 7.38e-08 1.53e-07 0 0
AVAL_YV   122.1/-0.00 1   0.00 76 -1.36 -1.75 1.58e-08 9.09e-08 1   0.00 80 -1.36 -1.43 1.96e-08 8.19e-08 1   0.00 94  8.30 -1.27 3.85e-08 1.37e-07 1   0.00 88  8.30 -1.69 3.42e-08 1.85e-07 1   0.00 74  9.80 -2.08 3.89e-08 3.12e-07 0 0
PERI_YV   127.3/-0.00 1   0.00 55  2.16 -0.11 1.64e-07 1.83e-07 1   0.00 63  2.16 -0.18 1.38e-07 1.65e-07 1   0.00 92 10.00 -2.03 3.86e-08 2.95e-07 1   0.00 83 10.00 -1.48 8.35e-08 3.69e-07 1   0.00 96  2.20 -1.86 2.62e-08 1.67e-07 0 0
SOLD_YV   132.0/-0.00 1   0.00  0 -1.78 -2.18 2.82e-08 2.50e-07 1   0.00 32 -1.78 -1.87 3.49e-08 2.26e-07 1   0.00 77  3.48 -1.44 2.92e-08 1.24e-07 1   0.00 89  3.48 -1.09 9.54e-08 2.85e-07 1   0.00 89  1.92 -2.02 3.31e-08 2.50e-07 0 0
SPBG_AV   142.3/-0.00 1   0.00  0  1.96 -10.56 5.54e-12 2.14e-07 1   0.00 74  1.96 -3.47 6.02e-09 1.94e-07 1   0.00 64 -1.90 -0.92 1.27e-07 3.20e-07 1   0.00 80 -1.90 -0.28 2.84e-07 3.73e-07 1   0.00  8 -1.36 -0.84 1.39e-07 3.22e-07 0 0
SWD_AK    151.2/-0.00 1   0.00 81  0.08 -1.24 1.49e-08 5.14e-08 1   0.00 67  0.08 -1.51 1.03e-08 4.68e-08 1   0.00 94 10.00 -0.89 4.84e-08 1.18e-07 1   0.00 93 10.00 -2.18 1.65e-08 1.47e-07 1   0.00 79 -9.86 -2.23 3.53e-08 3.30e-07 0 0
HEAD_YV   162.1/-0.00 1   0.00 75  0.26 -1.53 1.10e-08 5.08e-08 1   0.00 74  0.26 -0.98 1.74e-08 4.64e-08 1   0.00 93 10.00 -1.09 4.01e-08 1.20e-07 1   0.00 79 10.00 -1.61 2.92e-08 1.46e-07 1   0.00 79 -10.00 -2.35 3.05e-08 3.21e-07 0 0
VMT_PS    185.6/-0.00 1   0.00 23 -0.06  1.31 1.38e-07 3.72e-08 1   0.00  0 -0.06  0.49 5.19e-08 3.16e-08 1  32.57 60  4.70  4.96 4.75e-05 3.33e-07 1   8.36  7  4.70  3.98 1.66e-05 3.11e-07 1  30.46 45  8.88  4.53 3.41e-05 3.66e-07 0 0
RDWB_AV   199.4/-0.00 1   0.00 42 -0.70 -4.00 4.31e-09 2.36e-07 1   0.00 25 -0.70 -3.38 7.32e-09 2.16e-07 1   0.00 50  6.36 -2.18 4.03e-08 3.58e-07 1   0.00 72  6.36 -2.07 3.37e-08 2.68e-07 1   0.00 47 -5.66 -1.16 3.56e-08 1.14e-07 0 0
BRLK_AK   200.2/-0.00 1   0.00 46  1.38 -2.12 1.35e-08 1.12e-07 1   0.00 78  1.38 -1.85 1.62e-08 1.03e-07 1   0.00 79  4.96 -1.40 3.59e-08 1.46e-07 1   0.00 94  4.96 -1.38 2.40e-08 9.55e-08 1   0.00 83  3.80 -3.12 1.31e-08 2.96e-07 0 0
PPLA_AK   205.1/-0.00 1   0.00 64 -0.84 -1.56 2.98e-08 1.41e-07 1   0.00 70 -0.84 -1.26 3.68e-08 1.30e-07 1   0.00 92 -0.50 -1.25 6.48e-08 2.27e-07 1   0.00 44 -0.50 -0.92 6.27e-08 1.57e-07 1   0.00 93 -4.90 -0.67 4.20e-08 8.20e-08 0 0
DIV_AK    215.7/-0.00 1   0.00 81  1.32 -0.69 3.68e-08 7.36e-08 1   0.00 70  1.32 -0.49 4.02e-08 6.59e-08 1   0.00 66 -7.44 -1.37 7.93e-08 3.12e-07 1   0.00 15 -7.44 -1.64 5.60e-08 2.88e-07 1   0.00 77 10.00 -2.49 2.64e-08 3.17e-07 0 0
DHY_AK    218.5/-0.00 1   0.00 43 -2.50 -2.96 9.72e-09 1.88e-07 1   0.00 39 -2.50 -3.08 7.85e-09 1.71e-07 1   0.00 90  4.30 -1.39 4.37e-08 1.76e-07 1   0.00 94  4.30 -1.58 2.97e-08 1.44e-07 1   0.00 89  0.76 -2.52 1.99e-08 2.47e-07 0 0
RND_AK    222.2/-0.00 1   0.00 73  2.08 -1.58 1.37e-08 6.61e-08 1   0.00 49  2.08 -1.73 1.07e-08 6.03e-08 1   0.00 94  2.26 -0.90 4.62e-08 1.14e-07 1   0.00 91  2.26 -0.84 3.11e-08 7.16e-08 1   0.00 78 -9.98 -3.09 1.59e-08 3.48e-07 0 0
TRF_AK    224.2/-0.00 1   0.00 53 -1.30 -1.06 1.73e-08 4.98e-08 1   0.00 31 -1.30 -1.31 1.22e-08 4.53e-08 1   0.00 93 -0.34 -0.89 4.84e-08 1.18e-07 1   0.00 61 -0.34 -0.08 6.86e-08 7.45e-08 1   0.00 64 -10.00 -1.65 5.85e-08 3.04e-07 0 0
PS11_PS   235.8/-0.00 1   0.00 62  2.62 -1.56 4.59e-08 2.19e-07 1   0.00 62  2.62 -2.06 2.52e-08 1.99e-07 1   0.00 74 10.00 -1.58 5.98e-08 2.89e-07 1   0.00 74 10.00 -1.64 4.85e-08 2.49e-07 1   0.00 72 -9.66 -1.47 4.13e-08 1.80e-07 0 0
EYAK_AK   238.4/-0.00 1   0.00 51  1.92 -0.14 2.22e-08 2.57e-08 1   0.00 60  1.92 -0.06 1.95e-08 2.08e-08 1   0.00 59 10.00 -0.92 1.21e-07 3.03e-07 1   0.00 67 10.00 -1.42 7.07e-08 2.92e-07 1   0.00 72 -0.40 -3.15 1.10e-08 2.56e-07 0 0
PS12_PS   245.0/-0.00 1   0.00 39  0.82 -2.03 1.91e-08 1.45e-07 1   0.00 81  0.82 -1.46 3.04e-08 1.31e-07 1   0.00 69 10.00 -1.51 6.82e-08 3.09e-07 1   0.00 72 10.00 -1.96 3.86e-08 2.75e-07 1   0.00 69 -10.00 -1.87 4.27e-08 2.76e-07 0 0
CAST_AK   250.1/-0.00 1   0.00 61 -0.84 -1.43 3.44e-08 1.44e-07 1   0.00 65 -0.84 -1.25 3.73e-08 1.30e-07 1   0.00 94 -0.22 -1.13 5.85e-08 1.81e-07 1   0.00 51 -0.22 -1.25 4.25e-08 1.48e-07 1   0.00 74 -8.26 -1.23 4.29e-08 1.47e-07 0 0
MCK_AK    257.2/-0.00 1   0.00 45  0.02 -1.58 9.84e-09 4.77e-08 1   0.00 63  0.02 -0.92 1.74e-08 4.34e-08 1   0.00 94  4.02 -0.69 5.07e-08 1.02e-07 1   0.00 94  4.02 -0.93 3.12e-08 7.87e-08 1   0.00 74 -8.54 -2.84 2.00e-08 3.41e-07 0 0
PAX_AK    279.1/-0.00 1   0.00 53  1.16 -3.20 1.06e-08 2.60e-07 1   0.00 45  1.16 -3.21 9.48e-09 2.36e-07 1   0.00 63 10.00 -1.59 5.39e-08 2.63e-07 1   0.00 82 10.00 -1.86 3.44e-08 2.21e-07 1   0.00 73  7.82 -1.49 2.77e-08 1.23e-07 0 0
BMR_AK    281.3/-0.00 1   0.00 39 -3.00 -1.76 1.58e-08 9.16e-08 1   0.00 51 -3.00 -1.83 1.31e-08 8.14e-08 1   0.00 46 -9.54 -1.31 8.22e-08 3.04e-07 1   0.00 63 -9.54 -1.79 4.85e-08 2.90e-07 1   0.00 90 10.00 -2.07 3.83e-08 3.05e-07 0 0
GOAT_AK   288.0/-0.00 1   0.00 69  2.24 -1.73 7.77e-09 4.40e-08 1   0.00 35  2.24 -1.21 1.13e-08 3.79e-08 1   0.00 24 -7.90 -1.67 5.69e-08 3.01e-07 1   0.00 44 -7.90 -1.50 6.56e-08 2.95e-07 1   0.00 53 -7.00 -1.87 4.51e-08 2.92e-07 0 0
MID_AT    293.3/-0.00 1   0.00 25 -0.72 -0.59 4.78e-08 8.60e-08 1   0.00  2 -0.72 -1.24 2.27e-08 7.87e-08 1   0.00 17 -10.00 -1.80 3.98e-08 2.41e-07 1   0.00 42 -10.00 -0.95 9.95e-08 2.57e-07 1   0.00 89 10.00 -0.16 8.53e-08 1.00e-07 0 0
RAG_AK    299.3/-0.00 1   0.00 49  1.88 -0.78 1.28e-08 2.79e-08 1   0.00 18  1.88 -0.40 1.56e-08 2.33e-08 1   0.00 17 -9.30 -1.23 8.64e-08 2.95e-07 1   0.00 42 -9.30 -1.41 7.15e-08 2.94e-07 1   0.00 51  4.16 -2.49 2.32e-08 2.80e-07 0 0
PS10_PS   300.3/-0.00 1   0.00 28  2.96 -2.93 1.22e-08 2.27e-07 1   0.00 42  2.96 -3.00 1.02e-08 2.05e-07 1   0.00 90  6.96 -1.31 5.72e-08 2.12e-07 1   0.00 70  6.96 -1.76 3.39e-08 1.97e-07 1   0.00 40  3.76 -1.53 3.96e-08 1.83e-07 0 0
CHUM_AK   301.0/-0.00 1   0.00 54  0.92 -2.12 1.77e-08 1.47e-07 1   0.00 53  0.92 -1.85 2.09e-08 1.33e-07 1   0.00 41 -2.86 -1.54 3.92e-08 1.82e-07 1   0.00 17 -2.86 -1.02 5.40e-08 1.49e-07 1   0.00 74 10.00 -1.79 2.88e-08 1.73e-07 0 0
NICH_AK   341.9/-0.00 1   0.00 38 -0.78 -0.46 2.07e-08 3.30e-08 1   0.00 54 -0.78 -0.07 2.64e-08 2.83e-08 1   0.00  0 -10.00 -1.68 5.68e-08 3.05e-07 1   0.00 49 -10.00 -1.25 8.24e-08 2.88e-07 1   0.00 79 -3.60 -2.74 1.84e-08 2.86e-07 0 0
PS09_PS   342.7/-0.00 1   0.00 52  3.00 -2.43 1.76e-08 2.00e-07 1   0.00  0  3.00 -2.76 1.13e-08 1.79e-07 1   0.00 87  8.06 -1.21 5.30e-08 1.79e-07 1   0.00 54  8.06 -1.51 3.83e-08 1.73e-07 1   0.00 18  5.98 -2.09 2.87e-08 2.32e-07 0 0
BERG_AK   348.1/-0.00 1   0.00  6  1.52 -1.34 1.39e-08 5.31e-08 1   0.00 50  1.52 -1.54 1.00e-08 4.67e-08 1   0.00  6 -10.00 -1.85 4.86e-08 3.09e-07 1   0.00 41 -10.00 -1.85 4.53e-08 2.89e-07 1   0.00 67  1.20 -2.29 3.05e-08 3.01e-07 0 0
MCAR_AK   358.7/-0.00 1   0.00 61  3.00 -2.66 1.12e-08 1.60e-07 1   0.00 31  3.00 -2.71 9.45e-09 1.43e-07 1   0.00 38 -10.00 -1.65 6.02e-08 3.15e-07 1   0.00 52 -10.00 -1.70 5.20e-08 2.86e-07 1   0.00 84 -10.00 -2.45 2.61e-08 3.03e-07 0 0
SUCK_AK   359.5/-0.00 1   0.00 48  1.36 -0.05 2.34e-08 2.45e-08 1   0.00  7  1.36 -0.18 1.72e-08 2.07e-08 1   0.00  0 -10.00 -1.98 4.21e-08 3.05e-07 1   0.00 49 -10.00 -1.32 7.54e-08 2.83e-07 1   0.00 86  3.44 -2.10 3.41e-08 2.77e-07 0 0
KHIT_AK   369.3/-0.00 1   0.00 59  1.00 -1.23 1.97e-08 6.73e-08 1   0.00 40  1.00 -1.43 1.42e-08 5.94e-08 1   0.00  9 -10.00 -1.72 5.62e-08 3.13e-07 1   0.00 27 -10.00 -1.49 6.39e-08 2.85e-07 1   0.00 55 -4.70 -2.87 1.75e-08 3.09e-07 0 0
GRIN_AK   372.4/-0.00 1   0.00 41 -2.94 -0.76 2.42e-08 5.17e-08 1   0.00 34 -2.94 -0.66 2.35e-08 4.54e-08 1   0.00  0 -10.00 -2.03 4.10e-08 3.11e-07 1   0.00 35 -10.00 -1.47 6.50e-08 2.83e-07 1   0.00 63 -3.10 -2.62 2.17e-08 3.00e-07 0 0
PS08_PS   374.6/-0.00 1   0.00 27  1.58 -5.29 6.38e-10 1.27e-07 1   0.00 45  1.58 -2.69 7.75e-09 1.14e-07 1   0.00 31  7.30 -2.73 8.17e-09 1.25e-07 1   0.00 85  7.30 -1.32 3.31e-08 1.24e-07 1   0.00 68 -2.26 -3.32 1.12e-08 3.09e-07 0 0
DOT_AK    380.5/-0.00 1   0.00  2 -0.06 -3.82 5.20e-09 2.38e-07 1   0.00 46 -0.06 -3.07 9.82e-09 2.13e-07 1   0.00 46  7.88 -1.34 6.21e-08 2.37e-07 1   0.00 59  7.88 -1.34 5.75e-08 2.20e-07 1   0.00 34  5.26 -2.08 1.61e-08 1.29e-07 0 0
BGLC_AK   381.7/-0.00 1   0.00  0 -2.74  0.19 4.76e-08 3.94e-08 1   0.00 66 -2.74  0.71 6.96e-08 3.43e-08 1   0.00  0 -10.00 -1.86 4.83e-08 3.09e-07 1   0.00 47 -10.00 -1.35 7.23e-08 2.79e-07 1   0.00 45  2.78 -2.39 2.66e-08 2.90e-07 0 0
COLA_IU   392.7/-0.00 1   0.00 38  1.10 -2.08 8.43e-09 6.72e-08 1   0.00 44  1.10 -2.02 7.98e-09 6.02e-08 1   0.00 67  4.56 -1.37 2.46e-08 9.71e-08 1   0.00 93  4.56 -1.22 2.77e-08 9.33e-08 1   0.00 68 -9.32 -3.05 1.59e-08 3.35e-07 0 0
MDM_AK    398.1/-0.00 1   0.00  8  0.96 -1.58 9.94e-09 4.80e-08 1   0.00 60  0.96 -1.80 7.13e-09 4.30e-08 1   0.00 64  5.10 -1.26 2.59e-08 9.16e-08 1   0.00 89  5.10 -1.01 3.13e-08 8.56e-08 1   0.00 71 -9.66 -3.24 1.32e-08 3.38e-07 0 0
KULT_AK   404.3/-0.00 1   0.00 54 -3.00 -1.42 1.45e-08 5.99e-08 1   0.00 43 -3.00 -0.04 5.05e-08 5.27e-08 1   0.00  2 -7.04 -2.04 4.05e-08 3.13e-07 1   0.00  3 -7.04 -1.73 4.85e-08 2.74e-07 1   0.00 66 -5.50 -3.08 1.39e-08 3.02e-07 0 0
SCRK_AK   406.8/-0.00 1   0.00 39 -1.12 -3.39 7.51e-09 2.22e-07 1   0.00  1 -1.12 -3.64 5.23e-09 1.98e-07 1   0.00 84  9.22 -1.78 3.69e-08 2.20e-07 1   0.00 74  9.22 -1.95 3.00e-08 2.10e-07 1   0.00 63  4.92 -1.67 2.85e-08 1.51e-07 0 0
BARK_AK   410.0/-0.00 1   0.00 26 -3.00 -1.67 1.41e-08 7.55e-08 1   0.00 21 -3.00 -1.61 1.34e-08 6.67e-08 1   0.00  0 -10.00 -2.01 4.22e-08 3.14e-07 1   0.00  0 -10.00 -1.87 4.19e-08 2.73e-07 1   0.00 89 -5.30 -2.45 2.66e-08 3.09e-07 0 0
ISLE_AK   411.0/-0.00 1   0.00  0 -0.60 -1.96 1.31e-08 9.35e-08 1   0.00 56 -0.60 -1.50 1.85e-08 8.28e-08 1   0.00 17 -10.00 -1.80 5.22e-08 3.16e-07 1   0.00  1 -10.00 -1.95 3.89e-08 2.74e-07 1   0.00 44 -6.50 -2.73 2.06e-08 3.14e-07 0 0
BAGL_AK   427.8/-0.00 1   0.00 66 -0.40 -1.87 1.33e-08 8.64e-08 1   0.00 20 -0.40 -1.95 1.08e-08 7.64e-08 1   0.00  0 -10.00 -1.98 4.31e-08 3.13e-07 1   0.00  0 -10.00 -1.89 4.03e-08 2.68e-07 1   0.00 72 -5.62 -2.17 3.52e-08 3.09e-07 0 0
PS07_PS   435.9/-0.00 1   0.00 45  1.62 -1.58 7.48e-09 3.62e-08 1   0.00  1  1.62 -5.08 2.01e-10 3.23e-08 1   0.00 29 -10.00 -1.37 2.15e-08 8.51e-08 1   0.00 16 -10.00 -4.48 9.31e-10 8.23e-08 1   0.00 36 -1.74 -5.54 1.28e-09 3.27e-07 0 0
KDAK_II   439.2/-0.00 1   0.00  0 -3.00 -1.38 2.49e-08 9.87e-08 1   0.00 44 -3.00 -1.18 2.71e-08 8.81e-08 1   0.00 62 10.00 -1.33 3.31e-08 1.25e-07 1   0.00 55 10.00 -1.84 2.03e-08 1.28e-07 1   0.00 82  8.24 -3.29 1.17e-08 3.14e-07 0 0
MESA_AK   446.9/-0.00 1   0.00 43 -0.90 -1.01 2.35e-08 6.48e-08 1   0.00 40 -0.90 -1.26 1.62e-08 5.70e-08 1   0.00 47 -9.00 -2.21 3.37e-08 3.08e-07 1   0.00  0 -9.00 -2.14 3.04e-08 2.59e-07 1   0.00 36 -0.84 -2.90 1.62e-08 2.95e-07 0 0
KAKN_AV   460.8/-0.00 1   0.00 37  1.60 -1.99 1.88e-08 1.38e-07 1   0.00 15  1.60 -1.79 2.05e-08 1.23e-07 1   0.00 38  8.06 -0.86 8.98e-08 2.12e-07 1   0.00 10  8.06 -0.93 7.58e-08 1.92e-07 1   0.00 30  6.56 -1.06 5.92e-08 1.71e-07 0 0
KABU_AV   471.1/-0.00 1   0.00 43 -1.22 -1.53 2.93e-08 1.36e-07 1   0.00  0 -1.22 -2.13 1.43e-08 1.21e-07 1   0.00 19 -10.00  0.27 2.82e-07 2.15e-07 1   0.00 21 -10.00 -0.73 9.15e-08 1.91e-07 1   0.00 24 -1.84 -1.18 4.97e-08 1.62e-07 0 0
RKAV_AK   473.4/-0.00 1   0.00 54 -1.98 -1.61 1.55e-08 7.76e-08 1   0.00 27 -1.98 -1.03 2.44e-08 6.83e-08 1   0.00 55 -4.64 -2.06 3.82e-08 3.01e-07 1   0.00  0 -4.64 -2.38 2.33e-08 2.52e-07 1   0.00 73 -5.34 -3.20 1.19e-08 2.93e-07 0 0
LOGN_AK   475.6/-0.00 1   0.00 57  0.56 -1.91 1.66e-08 1.13e-07 1   0.00 51  0.56 -1.59 2.03e-08 9.93e-08 1   0.00 39 -7.56 -2.19 3.34e-08 2.99e-07 1   0.00  0 -7.56 -2.39 2.34e-08 2.55e-07 1   0.00 78 -7.04 -2.47 2.48e-08 2.94e-07 0 0
TABL_AK   479.1/-0.00 1   0.00 69  0.22 -2.05 1.12e-08 8.74e-08 1   0.00 67  0.22 -1.88 1.17e-08 7.70e-08 1   0.00 41 -0.40 -2.06 3.81e-08 2.99e-07 1   0.00 38 -0.40 -2.51 2.04e-08 2.51e-07 1   0.00 20 -7.24 -2.60 2.18e-08 2.93e-07 0 0
PS06_PS   490.5/-0.00 1   0.00 48 -3.00 -0.43 1.28e-08 1.98e-08 1   0.00 39 -3.00 -1.30 4.76e-09 1.74e-08 1   0.00 78  4.30 -0.96 3.42e-08 8.89e-08 1   0.00 10  4.30 -0.93 2.69e-08 6.83e-08 1   0.00 34  9.38 -2.08 3.62e-08 2.91e-07 0 0
INPUT_PAR scak_41 P_win 15 S_win 120 P 2e-6 p 2 NCOM 5 spiB 20 spiS 60 Body:2.00-5.00. Surf:16.67-40.00 FMT false
