Event 20090407201255351 Model scak_035 FM 40.0000 30.4912 -70.0000 Mw 4.40 rms 7.238e-04 13060 ERR   0   0   0 ISO 0.00 0.00 CLVD 0.00 0.00 VR 3.2 data2 7.359e-04
# Hypocenter_sac_header elat 6.145420e+01 elon -1.497428e+02 edep 3.303360e+01
# tensor = 5.012e+22  0.1686 -0.3745  0.0672  0.6531 -0.5386 -0.8217
# norm L1    # Pwin 15 Swin 120    # N 67 Np 67 Ns 67
BIGB_YV    15.9/-0.00 1   0.05 91 -0.02  1.50 3.72e-08 8.32e-09 1   0.01  0 -0.02  0.37 4.39e-09 3.04e-09 1   0.03 99  0.22  0.48 1.27e-08 7.82e-09 1   0.00 99  0.22  0.09 4.84e-09 4.41e-09 1   0.00 71  6.46 -0.10 7.69e-10 8.49e-10 0 0
ALPI_YV    25.7/-0.00 1   0.02 36  1.60  1.50 1.32e-08 2.94e-09 1   0.02 17  1.60  1.15 1.15e-08 3.64e-09 1   0.07 12  7.62  1.34 1.18e-08 3.09e-09 1  21.58 70  7.62  7.37 3.61e-06 2.27e-09 1  10.14 68 -1.80  6.22 1.66e-06 3.30e-09 0 0
PMR_AT     36.0/-0.00 1   0.01 92  1.12  0.43 7.70e-09 5.00e-09 1   0.01 43  1.12 -0.21 5.89e-09 7.28e-09 1   0.01 99  5.08  0.17 6.65e-09 5.61e-09 1   0.01 94  5.08  0.42 6.37e-09 4.18e-09 1   0.01 95  4.72  0.41 4.47e-09 2.97e-09 0 0
RC01_AK    40.7/-0.00 1   0.01 77  0.36  1.55 9.60e-09 2.03e-09 1   0.01 53  0.36  1.06 8.52e-09 2.96e-09 1   0.01 88  1.44  0.31 4.54e-09 3.32e-09 1   0.11 94  1.44  1.96 2.45e-08 3.44e-09 1   0.12 51 -12.00  1.61 1.98e-08 3.95e-09 0 0
KASH_YV    49.0/-0.00 1   0.03 58  0.10  1.84 1.81e-08 2.87e-09 1   0.02 59  0.10  1.06 1.12e-08 3.87e-09 1   0.02 95  1.40  0.34 7.17e-09 5.12e-09 1   0.02 65  1.40  0.28 6.48e-09 4.88e-09 1   0.02 80  3.18  1.16 4.25e-09 1.33e-09 0 0
HOPE_YV    65.1/-0.00 1   0.01 30  1.18 -0.15 3.27e-09 3.79e-09 1   0.01 55  1.18  0.77 6.58e-09 3.04e-09 1   0.01 94  5.78  0.39 4.26e-09 2.89e-09 1   0.00 75  5.78  0.31 1.44e-09 1.05e-09 1   0.02 64  5.90  0.27 6.18e-09 4.73e-09 0 0
TUPA_YV    78.3/-0.00 1   0.01 86  1.60 -0.35 7.26e-09 1.03e-08 1   0.01 85  1.60 -0.41 5.92e-09 8.91e-09 1   0.01 92  4.78  0.59 4.62e-09 2.57e-09 1   0.03 65  4.78  0.58 7.84e-09 4.39e-09 1   0.02 86  3.18  0.37 6.56e-09 4.52e-09 0 0
SAW_AK     84.5/-0.00 1   0.01 92  0.14 -0.81 2.54e-09 5.71e-09 1   0.01 90  0.14 -0.99 1.86e-09 5.02e-09 1   0.00 85 -1.06 -0.27 1.39e-09 1.82e-09 1   0.02 70 -1.06 -0.86 1.84e-09 4.35e-09 1   0.01 77  0.76 -0.54 2.22e-09 3.80e-09 0 0
LSUM_YV    88.3/-0.00 1   0.01 67  0.00 -0.02 4.64e-09 4.75e-09 1   0.01 71  0.00  0.25 5.45e-09 4.26e-09 1   0.01 97  2.86  0.85 3.54e-09 1.52e-09 1   0.01 82  2.86  0.22 3.56e-09 2.86e-09 1   0.01 95  0.92 -0.08 3.82e-09 4.16e-09 0 0
MPEN_YV    89.5/-0.00 1   0.01 85  1.30  1.85 7.93e-09 1.25e-09 1   0.01 23  1.30  1.35 4.15e-09 1.08e-09 1   0.00 90  5.82  0.02 2.21e-09 2.17e-09 1   0.01 95  5.82  0.49 5.37e-09 3.30e-09 1   0.01 75  9.12  0.49 1.79e-09 1.09e-09 0 0
DEVL_YV   101.0/-0.00 1   0.01 68  1.12  0.04 4.05e-09 3.88e-09 1   0.00 74  1.12  0.02 3.56e-09 3.48e-09 1   0.01 84  5.24  0.75 3.16e-09 1.49e-09 1   0.01 89  5.24  0.13 3.14e-09 2.77e-09 1   0.00 99  2.16 -0.20 3.39e-09 4.13e-09 0 0
BLAK_YV   104.1/-0.00 1   0.02 88  0.44  0.81 2.46e-08 1.09e-08 1   0.03 94  0.44  0.99 2.68e-08 9.96e-09 1   0.02 81  1.98  0.87 4.68e-09 1.96e-09 1   0.02 88  1.98  0.14 7.42e-09 6.48e-09 1   0.01 94  0.64  0.36 3.47e-09 2.41e-09 0 0
RUSS_YV   108.8/-0.00 1   0.01 84  2.34  1.62 5.14e-09 1.01e-09 1   0.01 88  2.34  2.17 7.79e-09 8.90e-10 1   0.02 15 -12.00  0.80 3.11e-09 1.40e-09 1   0.02 41 -12.00  0.37 3.71e-09 2.56e-09 1   0.02 86  0.44  0.44 4.49e-09 2.89e-09 0 0
LSKI_YV   115.0/-0.00 1   0.01 64  1.58  2.01 3.50e-09 4.66e-10 1   0.01 34  1.58  2.39 3.88e-09 3.55e-10 1   0.01 98  7.24  0.54 2.91e-09 1.69e-09 1   0.01 89  7.24  0.21 3.47e-09 2.80e-09 1   0.01 37 -10.60  0.07 1.81e-09 1.69e-09 0 0
NSKI_YV   121.0/-0.00 1   0.01 55  1.16  2.49 7.60e-09 6.33e-10 1   0.01  3  1.16  2.86 7.68e-09 4.42e-10 1   0.01 82  9.26  0.62 5.01e-09 2.70e-09 1   0.04 88  9.26  1.03 1.01e-08 3.61e-09 1   0.04 91  5.32  1.28 7.56e-09 2.11e-09 0 0
AVAL_YV   122.1/-0.00 1   0.00 86  0.04  0.19 4.60e-09 3.79e-09 1   0.00 82  0.04  0.49 5.68e-09 3.47e-09 1   0.01 81  2.56  0.92 3.95e-09 1.57e-09 1   0.01 77  2.56  0.12 3.50e-09 3.12e-09 1   0.01 96 -1.16  0.03 3.98e-09 3.86e-09 0 0
PERI_YV   127.3/-0.00 1   0.06 80  0.90  1.56 4.75e-08 9.99e-09 1   0.05 77  0.90  1.47 3.99e-08 9.18e-09 1   0.01 87  3.10  0.20 3.96e-09 3.24e-09 1   0.02 93  3.10  0.40 8.56e-09 5.73e-09 1   0.01 94  0.14  0.50 2.68e-09 1.62e-09 0 0
SOLD_YV   132.0/-0.00 1   0.01 62  2.74  2.74 7.96e-09 5.11e-10 1   0.02  0  2.74  3.23 9.92e-09 3.91e-10 1   0.01 96  8.84  0.34 3.00e-09 2.14e-09 1   0.03 92  8.84  1.15 9.78e-09 3.10e-09 1   0.02 86  6.90  0.97 3.40e-09 1.29e-09 0 0
SPBG_AV   142.3/-0.00 1   0.01  0  1.96 -8.33 1.65e-12 6.82e-09 1   0.01 75  1.96 -1.29 1.74e-09 6.31e-09 1   0.06 55  5.58  1.24 1.30e-08 3.77e-09 1   0.15 69  5.58  1.81 2.91e-08 4.73e-09 1   0.09 47  8.68  1.35 1.43e-08 3.70e-09 0 0
SWD_AK    151.2/-0.00 1   0.01 77  1.42  0.43 4.32e-09 2.82e-09 1   0.00 71  1.42  0.15 3.01e-09 2.58e-09 1   0.02 87  4.88  0.86 4.96e-09 2.09e-09 1   0.01 86  4.88 -0.42 1.69e-09 2.57e-09 1   0.01 94  1.60 -0.02 3.62e-09 3.70e-09 0 0
HEAD_YV   162.1/-0.00 1   0.00 53  1.64  0.15 3.21e-09 2.77e-09 1   0.01 76  1.64  0.68 5.01e-09 2.54e-09 1   0.01 78  6.06  0.54 4.11e-09 2.40e-09 1   0.01 80  6.06  0.24 2.99e-09 2.36e-09 1   0.01 95  0.34 -0.17 3.13e-09 3.69e-09 0 0
VMT_PS    185.6/-0.00 1   0.09 22  0.56  1.62 4.05e-08 8.03e-09 1   0.04 13  0.56  0.71 1.51e-08 7.41e-09 1  25.39 30 -3.10  6.72 4.87e-06 5.88e-09 1  12.82  0 -3.10  5.97 1.70e-06 4.34e-09 1  24.54 11 -12.00  7.37 3.48e-06 2.18e-09 0 0
RDWB_AV   199.4/-0.00 1   0.01  8  2.18 -0.82 1.22e-09 2.77e-09 1   0.00 56  2.18 -0.17 2.13e-09 2.53e-09 1   0.02 52 12.00  0.17 4.13e-09 3.48e-09 1   0.02 69 12.00  0.02 3.45e-09 3.40e-09 1   0.02 43  2.82  0.08 3.66e-09 3.39e-09 0 0
BRLK_AK   200.2/-0.00 1   0.01 53  1.06  2.88 3.88e-09 2.17e-10 1   0.01 60  1.06  3.24 4.65e-09 1.82e-10 1   0.01 79  7.80  0.49 3.68e-09 2.25e-09 1   0.01 88  7.80  0.29 2.46e-09 1.84e-09 1   0.00 86 -9.40 -0.31 1.34e-09 1.82e-09 0 0
PPLA_AK   205.1/-0.00 1   0.01 78  0.54  0.18 8.64e-09 7.24e-09 1   0.01 77  0.54  0.47 1.06e-08 6.68e-09 1   0.02 88  6.18  0.54 6.64e-09 3.85e-09 1   0.02 92  6.18  0.70 6.43e-09 3.21e-09 1   0.01 97  2.24  0.39 4.31e-09 2.91e-09 0 0
DIV_AK    215.7/-0.00 1   0.01 76  1.42  0.61 1.07e-08 5.80e-09 1   0.01 67  1.42  0.78 1.17e-08 5.34e-09 1   0.02 91  6.30  0.30 8.14e-09 6.03e-09 1   0.02 77  6.30  0.36 5.74e-09 4.00e-09 1   0.01 91  0.56  0.19 2.70e-09 2.23e-09 0 0
DHY_AK    218.5/-0.00 1   0.00 45 -1.00  1.21 2.80e-09 8.32e-10 1   0.00 40 -1.00  1.08 2.26e-09 7.68e-10 1   0.01 94  1.28  0.44 4.48e-09 2.87e-09 1   0.01 80  1.28  0.73 3.05e-09 1.46e-09 1   0.00 94 -5.78  0.28 2.04e-09 1.55e-09 0 0
RND_AK    222.2/-0.00 1   0.01 64  2.10  2.65 3.94e-09 2.77e-10 1   0.01 37  2.10  2.57 3.06e-09 2.35e-10 1   0.01 95  2.64  0.68 4.73e-09 2.40e-09 1   0.01 91  2.64  0.78 3.19e-09 1.46e-09 1   0.01 87  2.66 -0.44 1.63e-09 2.53e-09 0 0
TRF_AK    224.2/-0.00 1   0.01 32 -0.02  0.66 5.01e-09 2.59e-09 1   0.01 40 -0.02  0.40 3.56e-09 2.38e-09 1   0.01 94  3.90  0.56 4.97e-09 2.84e-09 1   0.04 26  3.90  1.22 7.04e-09 2.09e-09 1   0.02 91 -0.56  0.52 6.00e-09 3.56e-09 0 0
PS11_PS   235.8/-0.00 1   0.02 56  2.68  1.78 1.33e-08 2.24e-09 1   0.01 59  2.68  1.28 7.30e-09 2.04e-09 1   0.02 93  5.24  0.27 6.13e-09 4.68e-09 1   0.02 92  5.24  0.37 4.98e-09 3.43e-09 1   0.01 95  2.08  0.28 4.24e-09 3.21e-09 0 0
EYAK_AK   238.4/-0.00 1   0.01 52  2.86  0.07 6.41e-09 5.95e-09 1   0.01 66  2.86  0.01 5.57e-09 5.49e-09 1   0.04 90  5.60  0.86 1.24e-08 5.24e-09 1   0.02 78  5.60  0.45 7.25e-09 4.61e-09 1   0.00 81 -9.66  0.38 1.13e-09 7.74e-10 0 0
PS12_PS   245.0/-0.00 1   0.01 42  0.86  0.32 5.55e-09 4.03e-09 1   0.01 79  0.86  0.87 8.81e-09 3.70e-09 1   0.02 95  5.08  0.35 7.00e-09 4.91e-09 1   0.01 93  5.08 -0.08 3.96e-09 4.30e-09 1   0.01 83 -0.10  0.43 4.38e-09 2.84e-09 0 0
CAST_AK   250.1/-0.00 1   0.01 86  0.44  0.53 9.96e-09 5.83e-09 1   0.01 92  0.44  0.70 1.08e-08 5.35e-09 1   0.02 90  6.42  0.44 5.99e-09 3.84e-09 1   0.01 81  6.42  0.36 4.36e-09 3.06e-09 1   0.01 96  1.38  0.27 4.40e-09 3.36e-09 0 0
MCK_AK    257.2/-0.00 1   0.00 61  0.02  1.86 2.85e-09 4.44e-10 1   0.01 56  0.02  2.54 5.04e-09 3.98e-10 1   0.01 96  4.80  0.77 5.20e-09 2.40e-09 1   0.01 95  4.80  0.69 3.20e-09 1.61e-09 1   0.01 91  3.82 -0.30 2.05e-09 2.78e-09 0 0
PAX_AK    279.1/-0.00 1   0.01 44  2.12  1.37 3.08e-09 7.85e-10 1   0.01 46  2.12  1.41 2.75e-09 6.70e-10 1   0.01 95  7.18  0.52 5.53e-09 3.28e-09 1   0.01 90  7.18  0.24 3.53e-09 2.78e-09 1   0.01 87  1.92  0.07 2.84e-09 2.64e-09 0 0
BMR_AK    281.3/-0.00 1   0.01 41 -2.96 -0.02 4.58e-09 4.69e-09 1   0.01 49 -2.96 -0.13 3.78e-09 4.29e-09 1   0.02 91  6.00  0.59 8.43e-09 4.66e-09 1   0.01 87  6.00  0.06 4.97e-09 4.70e-09 1   0.01 84 -0.56  0.62 3.93e-09 2.11e-09 0 0
GOAT_AK   288.0/-0.00 1   0.01 68  2.40 -0.87 2.26e-09 5.38e-09 1   0.01 35  2.40 -0.40 3.29e-09 4.92e-09 1   0.02 77  8.18  0.20 5.83e-09 4.75e-09 1   0.02 81  8.18  0.33 6.72e-09 4.83e-09 1   0.02 85  7.38  1.27 4.63e-09 1.30e-09 0 0
MID_AT    293.3/-0.00 1   0.03  1  0.40  1.01 1.39e-08 5.05e-09 1   0.02 29  0.40  0.34 6.50e-09 4.63e-09 1   0.03 42  6.42 -0.02 4.08e-09 4.19e-09 1   0.04 78  6.42  0.91 1.02e-08 4.12e-09 1   0.03 89  4.86  1.26 8.75e-09 2.47e-09 0 0
RAG_AK    299.3/-0.00 1   0.01 16 -2.16 -0.39 3.72e-09 5.47e-09 1   0.01 49 -2.16 -0.11 4.49e-09 5.00e-09 1   0.03 74  9.20  0.61 8.86e-09 4.80e-09 1   0.02 74  9.20  0.44 7.35e-09 4.73e-09 1   0.01 53 -6.02  0.90 2.38e-09 9.68e-10 0 0
PS10_PS   300.3/-0.00 1   0.01 56  0.42  0.98 3.58e-09 1.34e-09 1   0.01 40  0.42  0.95 3.07e-09 1.19e-09 1   0.02 96  2.62  0.71 5.86e-09 2.89e-09 1   0.02 73  2.62  0.45 3.48e-09 2.21e-09 1   0.03 40 -2.34  0.69 4.07e-09 2.04e-09 0 0
CHUM_AK   301.0/-0.00 1   0.01 64 -0.38 -0.08 5.13e-09 5.56e-09 1   0.01 69 -0.38  0.19 6.07e-09 5.04e-09 1   0.02 60  4.36  0.15 4.03e-09 3.46e-09 1   0.03 52  4.36  0.60 5.56e-09 3.05e-09 1   0.02 55 -0.76 -0.19 2.96e-09 3.57e-09 0 0
NICH_AK   341.9/-0.00 1   0.02 22 -0.62  0.20 6.26e-09 5.11e-09 1   0.02 57 -0.62  0.47 7.47e-09 4.65e-09 1   0.03 44  7.96  0.21 5.96e-09 4.84e-09 1   0.03 87  7.96  0.68 8.54e-09 4.31e-09 1   0.01 88  8.32  0.64 1.89e-09 9.96e-10 0 0
PS09_PS   342.7/-0.00 1   0.01  9 -0.38  1.27 5.61e-09 1.58e-09 1   0.01 42 -0.38  0.83 3.23e-09 1.41e-09 1   0.02 86  3.96  0.72 5.44e-09 2.65e-09 1   0.02 63  3.96  0.76 3.95e-09 1.85e-09 1   0.02 29 -2.28  0.56 2.99e-09 1.70e-09 0 0
BERG_AK   348.1/-0.00 1   0.01 11  1.54 -0.24 3.83e-09 4.88e-09 1   0.01 45  1.54 -0.42 2.92e-09 4.45e-09 1   0.02 58  8.04  0.03 5.01e-09 4.84e-09 1   0.02 69  8.04  0.09 4.69e-09 4.28e-09 1   0.02 61 -11.84  0.85 3.18e-09 1.35e-09 0 0
MCAR_AK   358.7/-0.00 1   0.00 66  3.00  0.12 3.54e-09 3.13e-09 1   0.01 45  3.00  0.14 3.26e-09 2.84e-09 1   0.02 80  6.02  0.30 6.18e-09 4.59e-09 1   0.02 82  6.02  0.29 5.32e-09 3.98e-09 1   0.01 81  0.60 -0.12 2.69e-09 3.03e-09 0 0
SUCK_AK   359.5/-0.00 1   0.01 56 -2.34  0.31 6.96e-09 5.10e-09 1   0.02  0 -2.34  0.13 5.30e-09 4.63e-09 1   0.02 53  8.44 -0.07 4.45e-09 4.76e-09 1   0.03 80  8.44  0.62 7.84e-09 4.22e-09 1   0.02 68 -5.00  1.44 3.50e-09 8.29e-10 0 0
KHIT_AK   369.3/-0.00 1   0.01 59  1.02  0.23 5.84e-09 4.64e-09 1   0.01 38  1.02  0.01 4.27e-09 4.21e-09 1   0.02 75  8.00  0.20 5.79e-09 4.73e-09 1   0.02 79  8.00  0.46 6.64e-09 4.20e-09 1   0.01 74  5.44  0.12 1.79e-09 1.59e-09 0 0
GRIN_AK   372.4/-0.00 1   0.02 43 -2.90  0.37 6.92e-09 4.80e-09 1   0.02 41 -2.90  0.43 6.70e-09 4.36e-09 1   0.02 51  8.74 -0.09 4.33e-09 4.72e-09 1   0.02 78  8.74  0.48 6.76e-09 4.20e-09 1   0.01 63  7.58  0.55 2.24e-09 1.30e-09 0 0
PS08_PS   374.6/-0.00 1   0.00 19 -0.08 -1.78 1.95e-10 1.16e-09 1   0.00 43 -0.08  0.75 2.18e-09 1.03e-09 1   0.01 33  5.04 -0.97 8.39e-10 2.21e-09 1   0.01 88  5.04  0.75 3.42e-09 1.61e-09 1   0.01 58 11.98 -0.45 1.15e-09 1.79e-09 0 0
DOT_AK    380.5/-0.00 1   0.00 32 -2.90  0.10 1.48e-09 1.34e-09 1   0.01 41 -2.90  0.85 2.75e-09 1.17e-09 1   0.05 34  2.26  0.74 6.44e-09 3.06e-09 1   0.02 50  2.26  0.91 5.91e-09 2.37e-09 1   0.02 32 -0.88 -0.44 1.66e-09 2.58e-09 0 0
BGLC_AK   381.7/-0.00 1   0.03  0 -2.72  1.03 1.37e-08 4.87e-09 1   0.04 61 -2.72  1.54 2.06e-08 4.40e-09 1   0.02 54  8.62  0.07 5.00e-09 4.65e-09 1   0.04 67  8.62  0.58 7.40e-09 4.14e-09 1   0.01 52 -5.94  0.95 2.73e-09 1.06e-09 0 0
COLA_IU   392.7/-0.00 1   0.01 57 -0.72  1.94 2.62e-09 3.75e-10 1   0.01 22 -0.72  1.97 2.38e-09 3.31e-10 1   0.01 67  4.18  0.20 2.52e-09 2.06e-09 1   0.01 90  4.18  0.54 2.85e-09 1.66e-09 1   0.01 85  2.66 -0.37 1.63e-09 2.37e-09 0 0
MDM_AK    398.1/-0.00 1   0.01  0  2.08  3.10 2.93e-09 1.32e-10 1   0.00 19  2.08  2.94 2.06e-09 1.09e-10 1   0.01 65  5.50  0.26 2.65e-09 2.04e-09 1   0.01 86  5.50  0.64 3.23e-09 1.71e-09 1   0.01 68  2.40 -0.65 1.35e-09 2.57e-09 0 0
KULT_AK   404.3/-0.00 1   0.01 68 -3.00 -0.13 3.95e-09 4.51e-09 1   0.03 39 -3.00  1.28 1.47e-08 4.09e-09 1   0.02 69  9.40 -0.09 4.19e-09 4.57e-09 1   0.02 58  9.40  0.20 5.05e-09 4.12e-09 1   0.01 61  6.70  0.00 1.43e-09 1.42e-09 0 0
SCRK_AK   406.8/-0.00 1   0.01 58  0.48  0.29 2.05e-09 1.52e-09 1   0.00 32  0.48  0.17 1.59e-09 1.35e-09 1   0.01 83  3.86  0.29 3.79e-09 2.83e-09 1   0.01 76  3.86  0.31 3.08e-09 2.26e-09 1   0.01 69 -1.30  0.24 2.92e-09 2.31e-09 0 0
BARK_AK   410.0/-0.00 1   0.01 25 -3.00  0.01 4.33e-09 4.27e-09 1   0.01 29 -3.00  0.03 3.97e-09 3.86e-09 1   0.02 63  9.84 -0.04 4.37e-09 4.55e-09 1   0.02 58  9.84  0.07 4.37e-09 4.09e-09 1   0.01 76  6.16  0.47 2.73e-09 1.71e-09 0 0
ISLE_AK   411.0/-0.00 1   0.01  0 -0.68 -0.07 3.75e-09 4.01e-09 1   0.01 52 -0.68  0.42 5.51e-09 3.63e-09 1   0.01 81  8.98  0.17 5.40e-09 4.54e-09 1   0.02 61  8.98 -0.00 4.05e-09 4.06e-09 1   0.00 88  4.12  0.05 2.14e-09 2.03e-09 0 0
BAGL_AK   427.8/-0.00 1   0.01 66 -0.52 -0.04 3.82e-09 3.96e-09 1   0.01 24 -0.52 -0.09 3.29e-09 3.59e-09 1   0.02 63 10.48 -0.01 4.47e-09 4.51e-09 1   0.02 45 10.48  0.05 4.21e-09 4.01e-09 1   0.01 83  5.20  0.64 3.61e-09 1.90e-09 0 0
PS07_PS   435.9/-0.00 1   0.00 27 -1.00  3.24 2.14e-09 8.40e-11 1   0.00  0 -1.00 -0.34 5.75e-11 8.09e-11 1   0.01 43 -12.00  0.14 2.21e-09 1.92e-09 1   0.01 13 -12.00 -2.89 9.49e-11 1.71e-09 1   0.01 37 -11.78 -2.96 1.31e-10 2.54e-09 0 0
KDAK_II   439.2/-0.00 1   0.02 34  0.30  4.30 7.21e-09 9.75e-11 1   0.02  0  0.30  4.46 7.61e-09 8.84e-11 1   0.01 40 12.00  0.51 3.44e-09 2.06e-09 1   0.01 29 12.00  0.20 2.14e-09 1.75e-09 1   0.01 23 -5.84 -0.44 1.20e-09 1.87e-09 0 0
MESA_AK   446.9/-0.00 1   0.01 42 -0.78  0.53 6.99e-09 4.12e-09 1   0.01 37 -0.78  0.26 4.81e-09 3.70e-09 1   0.01 80  9.28 -0.25 3.50e-09 4.50e-09 1   0.02 35  9.28 -0.21 3.19e-09 3.93e-09 1   0.01 66  9.32  0.13 1.69e-09 1.48e-09 0 0
KAKN_AV   460.8/-0.00 1   0.01 40  1.38  1.63 5.20e-09 1.02e-09 1   0.02 21  1.38  1.86 5.83e-09 9.03e-10 1   0.06 29 12.00  1.21 9.07e-09 2.71e-09 1   0.05 18 12.00  1.24 7.79e-09 2.26e-09 1   0.04 33 -12.00  1.18 6.08e-09 1.87e-09 0 0
KABU_AV   471.1/-0.00 1   0.02 44 -1.42  1.96 7.73e-09 1.09e-09 1   0.01  0 -1.42  1.54 4.51e-09 9.68e-10 1   0.21 20 -6.52  2.37 2.91e-08 2.72e-09 1   0.06 15 -6.52  1.44 9.54e-09 2.25e-09 1   0.03 16  1.94  0.95 4.95e-09 1.91e-09 0 0
RKAV_AK   473.4/-0.00 1   0.01 57 -2.10  0.22 4.64e-09 3.71e-09 1   0.01 22 -2.10  0.80 7.40e-09 3.32e-09 1   0.01 86 11.30 -0.10 4.00e-09 4.44e-09 1   0.02 31 11.30 -0.42 2.46e-09 3.73e-09 1   0.01 74  6.48 -0.34 1.22e-09 1.71e-09 0 0
LOGN_AK   475.6/-0.00 1   0.01 53  0.46  0.51 5.12e-09 3.07e-09 1   0.01 48  0.46  0.81 6.20e-09 2.75e-09 1   0.01 81  8.62 -0.23 3.48e-09 4.37e-09 1   0.01 65  8.62 -0.37 2.49e-09 3.62e-09 1   0.01 87  3.80  0.09 2.55e-09 2.34e-09 0 0
TABL_AK   479.1/-0.00 1   0.01 63  0.12 -0.02 3.46e-09 3.53e-09 1   0.01 66  0.12  0.15 3.73e-09 3.20e-09 1   0.01 89 12.00 -0.10 4.00e-09 4.41e-09 1   0.02 25 12.00 -0.56 2.10e-09 3.66e-09 1   0.01 75  5.74  0.21 2.33e-09 1.89e-09 0 0
PS06_PS   490.5/-0.00 1   0.01 16  0.46  1.13 3.62e-09 1.17e-09 1   0.00 46  0.46  0.32 1.41e-09 1.03e-09 1   0.01 76  7.54  0.61 3.52e-09 1.91e-09 1   0.02 18  7.54  0.45 2.76e-09 1.76e-09 1   0.03 27 -12.00  0.25 3.65e-09 2.83e-09 0 0
INPUT_PAR scak_35 P_win 15 S_win 120 P 3e-8 p 2 NCOM 5 spiB 20 spiS 60 Body:2.00-5.00. Surf:16.67-40.00 FMT false
