Event 20090407201255351 Model scak_039 FM  200 52.011387  -90 Mw 4.50 rms 8.842e-07  4168 ERR   0   0   0 ISO   0.000000 0.00 CLVD 0.00 0.00 VR 54.5 data2 1.312e-06
# Hypocenter_sac_header elat 6.145420e+01 elon -1.497428e+02 edep 3.303360e+01
# tensor = 7.079e+22  0.1135 -0.3118  0.0829  0.8567 -0.2277 -0.9702
# norm L1    # Pwin 15 Swin 120    # N 25 Np 36 Ns 65
BIGB_YV    15.9/-0.00 1   6.44 87 -0.40  1.38 7.03e-04 1.76e-04 1   1.65  0 -0.40  0.38 8.63e-05 5.88e-05 1   0.43 99 -0.36  0.12 5.13e-04 4.55e-04 1   0.21 99 -0.36 -0.21 1.99e-04 2.46e-04 0   0.00 95 -2.12  1.06 3.33e-05 1.16e-05 0 0
PMR_AT     36.0/-0.00 1   1.97 58  0.34  0.88 1.34e-04 5.57e-05 1   2.69 51  0.34  1.59 3.39e-04 6.93e-05 1   0.39 97  0.40  0.25 2.71e-04 2.10e-04 1   0.56 97  0.40  0.57 2.62e-04 1.48e-04 1   0.23 95  1.40  0.14 1.92e-04 1.67e-04 0 0
KASH_YV    49.0/-0.00 0   0.00 41 -1.06  3.00 3.40e-04 1.69e-05 0   0.00 26 -1.06  2.52 2.78e-04 2.24e-05 1   0.46 94 -1.02  0.17 2.93e-04 2.48e-04 1   0.93 62 -1.02  0.25 2.78e-04 2.16e-04 1   0.38 85  0.00  0.29 1.82e-04 1.36e-04 0 0
TUPA_YV    78.3/-0.00 1   0.65 90 -0.14 -0.26 1.06e-04 1.37e-04 1   0.50 93 -0.14 -0.10 1.13e-04 1.25e-04 0   0.00 95  2.78  0.36 1.88e-04 1.32e-04 0   0.00 48  2.78  0.59 3.13e-04 1.74e-04 0   0.00 87  0.48  0.20 2.67e-04 2.19e-04 0 0
LSUM_YV    88.3/-0.00 1   0.97 67 -0.38  0.38 1.06e-04 7.24e-05 1   1.13 74 -0.38  0.62 1.25e-04 6.68e-05 1   0.23 97  2.74  0.37 1.44e-04 1.00e-04 1   0.47 74  2.74 -0.06 1.45e-04 1.54e-04 1   0.28 95  0.42 -0.22 1.54e-04 1.92e-04 0 0
MPEN_YV    89.5/-0.00 1   1.44 80  1.42  2.81 1.41e-04 8.45e-06 1   0.71  0  1.42  2.27 5.74e-05 5.96e-06 1   0.18 92  4.28 -0.18 8.78e-05 1.06e-04 1   0.44 95  4.28  0.43 2.34e-04 1.52e-04 1   0.29 80  2.02  0.62 7.56e-05 4.06e-05 0 0
DEVL_YV   101.0/-0.00 1   1.01 64 -0.40  0.70 1.05e-04 5.21e-05 1   0.76 76 -0.40  0.64 9.17e-05 4.85e-05 1   0.33 90  2.46  0.37 1.28e-04 8.82e-05 1   0.22 96  2.46 -0.23 1.30e-04 1.63e-04 1   0.15 99 -0.28 -0.21 1.38e-04 1.69e-04 0 0
BLAK_YV   104.1/-0.00 1   4.28 74  0.06  0.83 5.04e-04 2.19e-04 1   3.74 90  0.06  0.94 5.30e-04 2.06e-04 1   0.38 97  2.20  0.51 1.96e-04 1.18e-04 1   0.59 90  2.20  0.00 3.04e-04 3.04e-04 1   0.26 94  0.48 -0.15 1.47e-04 1.72e-04 0 0
LSKI_YV   115.0/-0.00 1   0.75 36  0.96  2.53 6.28e-05 4.99e-06 1   0.80 32  0.96  2.86 7.42e-05 4.24e-06 0   0.00 98  4.34  0.32 1.19e-04 8.64e-05 0   0.00 91  4.34 -0.09 1.41e-04 1.54e-04 0   0.00 32 10.00  1.03 6.81e-05 2.43e-05 0 0
NSKI_YV   121.0/-0.00 0   0.00 73  1.06  1.69 2.01e-04 3.71e-05 0   0.00  0  1.06  0.67 6.86e-05 3.50e-05 1   0.59 81  5.92  0.70 2.16e-04 1.07e-04 1   1.30 91  5.92  0.87 4.29e-04 1.80e-04 1   1.09 88  2.84  0.61 2.92e-04 1.59e-04 0 0
AVAL_YV   122.1/-0.00 1   0.65 77 -0.22  0.46 1.07e-04 6.73e-05 1   1.22 64 -0.22  0.73 1.31e-04 6.36e-05 1   0.40 89  2.88  0.53 1.63e-04 9.57e-05 1   0.45 81  2.88 -0.31 1.34e-04 1.83e-04 1   0.22 96 -0.82 -0.11 1.67e-04 1.87e-04 0 0
PERI_YV   127.3/-0.00 1  11.12 62  0.34  1.64 1.12e-03 2.17e-04 1   8.02 55  0.34  1.32 7.73e-04 2.06e-04 1   0.30 93  2.84  0.21 1.65e-04 1.34e-04 1   0.49 95  2.84  0.17 3.48e-04 2.94e-04 1   0.19 95  0.10 -0.18 1.13e-04 1.36e-04 0 0
SOLD_YV   132.0/-0.00 0   0.00  4  0.50  2.18 1.27e-04 1.43e-05 0   0.00 44  0.50  1.52 6.09e-05 1.33e-05 1   0.17 97  5.90  0.27 1.29e-04 9.82e-05 1   0.99 95  5.90  0.94 4.15e-04 1.62e-04 1   0.41 87  3.06  0.21 1.29e-04 1.04e-04 0 0
SWD_AK    151.2/-0.00 1   0.75 73  0.30  0.75 9.48e-05 4.50e-05 1   0.77 55  0.30  0.54 7.30e-05 4.27e-05 1   0.54 90  3.18  0.43 1.99e-04 1.29e-04 1   0.37 87  3.18 -0.72 7.19e-05 1.48e-04 1   0.23 94  0.40 -0.12 1.44e-04 1.62e-04 0 0
HEAD_YV   162.1/-0.00 1   0.64 54  0.18  0.30 5.89e-05 4.36e-05 1   0.71 79  0.18  0.78 8.99e-05 4.14e-05 1   0.43 84  3.48  0.12 1.67e-04 1.49e-04 1   0.37 81  3.48 -0.06 1.23e-04 1.30e-04 1   0.26 93 -1.56 -0.20 1.30e-04 1.59e-04 0 0
PPLA_AK   205.1/-0.00 1   1.16 82 -0.14  0.26 1.84e-04 1.41e-04 1   1.32 64 -0.14 -0.14 1.17e-04 1.35e-04 1   0.61 91  3.88  0.20 2.66e-04 2.17e-04 1   0.55 93  3.88  0.45 2.62e-04 1.66e-04 1   0.13 98  0.12  0.01 1.73e-04 1.71e-04 0 0
DIV_AK    215.7/-0.00 1   1.65 76  0.00  0.34 2.45e-04 1.74e-04 1   1.77 75  0.00  0.44 2.58e-04 1.66e-04 1   0.71 91  4.74  0.10 3.24e-04 2.94e-04 1   0.58 83  4.74  0.16 2.34e-04 1.99e-04 1   0.28 87 -2.48  0.44 1.11e-04 7.17e-05 0 0
DHY_AK    218.5/-0.00 0   0.00 54  0.06  2.33 9.50e-05 9.23e-06 0   0.00 60  0.06  1.95 5.98e-05 8.52e-06 1   0.28 95  1.84  0.13 1.81e-04 1.59e-04 1   0.25 91  1.84  0.21 1.22e-04 9.86e-05 1   0.22 82 -3.52  0.06 8.66e-05 8.13e-05 0 0
RND_AK    222.2/-0.00 1   0.98 69  1.66  2.92 1.09e-04 5.89e-06 1   0.67 64  1.66  2.66 7.67e-05 5.38e-06 1   0.25 97  2.08  0.26 1.97e-04 1.52e-04 1   0.21 96  2.08  0.22 1.32e-04 1.06e-04 1   0.16 89  1.32 -0.05 6.44e-05 6.74e-05 0 0
TRF_AK    224.2/-0.00 1   1.52 52  1.48  1.15 1.31e-04 4.18e-05 1   1.06 47  1.48  0.82 9.04e-05 3.97e-05 0   0.00 94  2.86  0.13 2.00e-04 1.75e-04 0   0.00 29  2.86  0.81 2.87e-04 1.28e-04 0   0.00 93 -1.98  0.49 2.43e-04 1.49e-04 0 0
EYAK_AK   238.4/-0.00 1   2.45 15 -0.34 -0.17 1.48e-04 1.75e-04 1   2.32 25 -0.34  0.20 2.03e-04 1.66e-04 1   1.43 88  6.04  0.61 4.99e-04 2.71e-04 1   0.66 85  6.04  0.29 3.02e-04 2.26e-04 1   0.19 65 -1.86  0.95 5.01e-05 1.93e-05 0 0
CAST_AK   250.1/-0.00 1   2.10 65 -0.06  0.77 2.33e-04 1.08e-04 1   2.18 72 -0.06  0.93 2.61e-04 1.03e-04 1   0.46 93  4.32  0.11 2.39e-04 2.14e-04 1   0.48 81  4.32  0.05 1.74e-04 1.66e-04 1   0.23 96 -0.76  0.02 1.78e-04 1.74e-04 0 0
MCK_AK    257.2/-0.00 0   0.00 60  2.00  2.49 8.58e-05 7.12e-06 0   0.00 48  2.00  2.55 8.51e-05 6.65e-06 1   0.30 98  3.14  0.33 2.14e-04 1.54e-04 1   0.21 96  3.14  0.16 1.31e-04 1.12e-04 1   0.15 94  1.34  0.04 8.03e-05 7.75e-05 0 0
PAX_AK    279.1/-0.00 0   0.00 56  0.86  0.90 9.83e-05 3.99e-05 0   0.00 48  0.86  0.86 8.89e-05 3.77e-05 1   0.38 95  3.02  0.25 2.22e-04 1.72e-04 1   0.29 92  3.02  0.07 1.48e-04 1.38e-04 1   0.39 83 -2.66 -0.33 1.16e-04 1.61e-04 0 0
BMR_AK    281.3/-0.00 0   0.00 28  2.00  0.37 2.43e-04 1.67e-04 0   0.00  0  2.00 -0.17 1.34e-04 1.58e-04 1   0.74 91  6.78  0.33 3.43e-04 2.45e-04 1   0.65 83  6.78 -0.14 2.04e-04 2.34e-04 1   0.47 82 -1.70  0.86 1.61e-04 6.84e-05 0 0
INPUT_PAR scak_39 P_win 15 S_win 120 P 1 p 2 NCOM 5 spiB 15 spiS 60 Body:1.50-4.00. Surf:16.00-40.00 FMT false
