Event 20090407201255351 Model scak_039 FM  205 49.597878  -85 Mw 4.50 rms 9.542e-07  2803 ERR   0   0   0 CLVD 0.00 0.00 ISO   0.000004 0.00 VR 56.3 data2 1.444e-06
# Hypocenter_sac_header elat 6.145420e+01 elon -1.497428e+02 edep 3.303360e+01
# tensor = 7.079e+22  0.1246 -0.3337  0.1184  0.8588 -0.1205 -0.9834
# norm L1    # Pwin 15 Swin 120    # N 15 Np 22 Ns 44
BIGB_YV    15.9/-0.00 1   9.10 87 -0.40  1.37 7.03e-04 1.79e-04 1   2.35  0 -0.40  0.37 8.63e-05 5.97e-05 1   0.58 99 -0.36  0.10 5.13e-04 4.63e-04 1   0.32 99 -0.36 -0.22 1.99e-04 2.50e-04 0   0.00 93 -3.40 -0.05 3.33e-05 3.51e-05 0 0
PMR_AT     36.0/-0.00 1   3.27  7  0.30  0.79 1.34e-04 6.09e-05 1   3.98 38  0.30  1.58 3.39e-04 7.00e-05 1   0.41 98  0.56  0.14 2.71e-04 2.35e-04 1   0.44 99  0.56  0.25 2.62e-04 2.04e-04 1   0.33 95  1.40  0.14 1.92e-04 1.67e-04 0 0
LSUM_YV    88.3/-0.00 1   1.37 67 -0.38  0.29 1.06e-04 7.93e-05 1   1.57 74 -0.38  0.53 1.25e-04 7.32e-05 1   0.32 97  2.56  0.36 1.44e-04 1.01e-04 1   0.66 76  2.56 -0.09 1.45e-04 1.59e-04 1   0.41 95  0.54 -0.23 1.54e-04 1.94e-04 0 0
DEVL_YV   101.0/-0.00 1   1.41 64 -0.38  0.59 1.05e-04 5.81e-05 1   1.04 77 -0.38  0.53 9.17e-05 5.42e-05 1   0.47 89  2.20  0.37 1.28e-04 8.84e-05 1   0.35 95  2.20 -0.26 1.30e-04 1.68e-04 1   0.24 99 -0.10 -0.23 1.38e-04 1.75e-04 0 0
BLAK_YV   104.1/-0.00 1   6.05 74  0.06  0.82 5.04e-04 2.23e-04 1   5.27 90  0.06  0.93 5.30e-04 2.10e-04 1   0.52 98  2.42  0.48 1.96e-04 1.22e-04 1   0.82 91  2.42  0.01 3.04e-04 3.00e-04 1   0.34 95  0.62 -0.13 1.47e-04 1.67e-04 0 0
AVAL_YV   122.1/-0.00 1   0.92 77 -0.22  0.39 1.07e-04 7.25e-05 1   1.71 64 -0.22  0.65 1.31e-04 6.85e-05 1   0.56 89  2.74  0.51 1.63e-04 9.81e-05 1   0.67 81  2.74 -0.34 1.34e-04 1.88e-04 1   0.33 96 -0.62 -0.15 1.67e-04 1.94e-04 0 0
PERI_YV   127.3/-0.00 1  15.75 62  0.34  1.62 1.12e-03 2.21e-04 1  11.33 56  0.34  1.30 7.73e-04 2.10e-04 1   0.44 93  3.08  0.24 1.65e-04 1.31e-04 1   0.68 95  3.08  0.17 3.48e-04 2.95e-04 1   0.25 95  0.32 -0.16 1.13e-04 1.32e-04 0 0
SWD_AK    151.2/-0.00 1   1.04 73  0.30  0.67 9.48e-05 4.87e-05 1   1.09 55  0.30  0.46 7.30e-05 4.63e-05 1   0.74 90  3.00  0.37 1.99e-04 1.37e-04 1   0.55 87  3.00 -0.74 7.19e-05 1.51e-04 1   0.36 94  0.68 -0.17 1.44e-04 1.71e-04 0 0
HEAD_YV   162.1/-0.00 1   0.92 54  0.20  0.23 5.89e-05 4.70e-05 1   0.98 79  0.20  0.70 8.99e-05 4.47e-05 1   0.61 84  3.30  0.07 1.67e-04 1.57e-04 1   0.54 80  3.30 -0.08 1.23e-04 1.32e-04 1   0.39 94 -1.22 -0.26 1.30e-04 1.68e-04 0 0
PPLA_AK   205.1/-0.00 1   1.63 82 -0.14  0.23 1.84e-04 1.46e-04 1   1.91 64 -0.14 -0.17 1.17e-04 1.39e-04 1   0.84 92  3.68  0.20 2.66e-04 2.18e-04 1   0.80 92  3.68  0.46 2.62e-04 1.65e-04 1   0.20 98 -0.18  0.03 1.73e-04 1.68e-04 0 0
DIV_AK    215.7/-0.00 1   2.32 77 -0.02  0.32 2.45e-04 1.78e-04 1   2.52 75 -0.02  0.42 2.58e-04 1.70e-04 1   1.04 91  5.12  0.14 3.24e-04 2.80e-04 1   0.78 85  5.12  0.22 2.34e-04 1.87e-04 1   0.37 87 -2.80  0.33 1.11e-04 7.96e-05 0 0
DHY_AK    218.5/-0.00 0   0.00 58  0.04  2.32 9.50e-05 9.32e-06 0   0.00 61  0.04  1.94 5.98e-05 8.64e-06 1   0.41 95  2.44  0.15 1.81e-04 1.55e-04 1   0.36 90  2.44  0.12 1.22e-04 1.08e-04 1   0.30 82 -3.06  0.16 8.66e-05 7.40e-05 0 0
MCK_AK    257.2/-0.00 0   0.00 65  1.94  2.14 8.58e-05 1.01e-05 0   0.00 57  1.94  2.20 8.51e-05 9.45e-06 1   0.40 98  3.46  0.29 2.14e-04 1.61e-04 1   0.30 95  3.46  0.08 1.31e-04 1.21e-04 1   0.19 95  0.60  0.04 8.03e-05 7.74e-05 0 0
PAX_AK    279.1/-0.00 0   0.00 56  0.84  0.84 9.83e-05 4.23e-05 0   0.00 48  0.84  0.80 8.89e-05 3.99e-05 1   0.56 95  3.68  0.27 2.22e-04 1.70e-04 1   0.40 92  3.68  0.13 1.48e-04 1.30e-04 1   0.55 83 -2.48 -0.32 1.16e-04 1.60e-04 0 0
BMR_AK    281.3/-0.00 0   0.00 28  2.00  0.33 2.43e-04 1.74e-04 0   0.00  0  2.00 -0.21 1.34e-04 1.65e-04 1   1.08 90  7.24  0.36 3.43e-04 2.40e-04 1   0.92 82  7.24 -0.10 2.04e-04 2.25e-04 1   0.64 82 -2.04  0.73 1.61e-04 7.79e-05 0 0
INPUT_PAR scak_39 P_win 15 S_win 120 P 1 p 1 NCOM 5 spiB 15 spiS 60 Body:1.50-4.00. Surf:16.00-40.00 FMT false
