Event 20090407201255351 Model scak_045 FM   20 42.387215  -90 Mw 4.60 rms 1.104e-09  3900 ERR   0   0   0 ISO   0.000000 0.00 CLVD 0.00 0.00 VR 78.0 data2 5.008e-09
# Hypocenter_sac_header elat 6.145420e+01 elon -1.497428e+02 edep 3.303360e+01
# tensor = 1.000e+23  0.1165 -0.3201  0.0312  0.8794 -0.0856 -0.9958
# norm L2    # Pwin 15 Swin 120    # N 22 Np 0 Ns 65
BIGB_YV    15.9/-0.00 0   0.00 86 -1.08  1.18 7.03e-04 2.15e-04 0   0.00 11 -1.08  0.94 1.57e-04 6.17e-05 1   0.45 99 -1.12 -0.03 5.13e-04 5.30e-04 1   0.74 98 -1.12 -0.32 1.99e-04 2.74e-04 0   0.00 93 -4.62 -0.12 3.33e-05 3.77e-05 0 0
PMR_AT     36.0/-0.00 0   0.00 32 -0.88  1.21 2.92e-04 8.71e-05 0   0.00 38 -0.88  2.24 5.58e-04 5.96e-05 1   0.33 99  0.16 -0.16 2.71e-04 3.16e-04 1   0.58 98  0.16 -0.20 2.62e-04 3.20e-04 1   0.38 95  0.58  0.06 1.92e-04 1.81e-04 0 0
KASH_YV    49.0/-0.00 0   0.00 51 -1.44  2.31 5.00e-04 4.97e-05 0   0.00 16 -1.44  2.58 4.70e-04 3.55e-05 1   1.17 95 -1.42 -0.05 2.93e-04 3.07e-04 1   7.01 62 -1.42  0.01 2.78e-04 2.75e-04 1   1.26 86 -0.84 -0.04 1.82e-04 1.89e-04 0 0
LSUM_YV    88.3/-0.00 0   0.00 54 -0.64  0.57 1.06e-04 5.97e-05 0   0.00 62 -0.64  0.87 1.25e-04 5.19e-05 1   0.13 98  3.36 -0.12 1.44e-04 1.64e-04 1   2.14 64  3.36 -0.11 1.45e-04 1.62e-04 1   1.37 95  0.30 -0.44 1.54e-04 2.39e-04 0 0
MPEN_YV    89.5/-0.00 0   0.00 91  1.04  1.28 1.41e-04 3.91e-05 0   0.00 34  1.04  0.59 6.06e-05 3.37e-05 1   0.63 93  4.06 -0.51 8.78e-05 1.46e-04 1   1.38 90  4.06  0.32 2.34e-04 1.70e-04 1   0.41 83  0.60  0.33 7.56e-05 5.45e-05 0 0
DEVL_YV   101.0/-0.00 0   0.00 66  1.52  0.89 1.05e-04 4.29e-05 0   0.00 38  1.52  0.88 9.16e-05 3.81e-05 1   0.41 91  3.06 -0.04 1.28e-04 1.33e-04 1   0.63 95  3.06 -0.38 1.30e-04 1.89e-04 1   0.75 99 -0.22 -0.43 1.38e-04 2.13e-04 0 0
BLAK_YV   104.1/-0.00 0   0.00 70 -0.06  0.56 5.04e-04 2.88e-04 0   0.00 88 -0.06  0.71 5.30e-04 2.60e-04 1   0.91 90  2.52  0.08 1.96e-04 1.81e-04 1   2.13 92  2.52 -0.08 3.05e-04 3.30e-04 1   1.20 95  0.44 -0.39 1.47e-04 2.18e-04 0 0
NSKI_YV   121.0/-0.00 0   0.00 52  0.90  1.69 2.05e-04 3.78e-05 0   0.00  0  0.90  0.65 6.52e-05 3.42e-05 1   2.68 71  5.22  0.52 2.16e-04 1.29e-04 1   9.32 90  5.22  0.68 4.29e-04 2.17e-04 1   6.52 86  2.40  0.39 2.92e-04 1.99e-04 0 0
AVAL_YV   122.1/-0.00 0   0.00 73 -0.30  0.30 1.07e-04 7.89e-05 0   0.00 65 -0.30  0.60 1.31e-04 7.24e-05 1   0.41 98  3.44  0.29 1.63e-04 1.23e-04 1   1.90 86  3.44 -0.56 1.34e-04 2.34e-04 1   1.01 96 -0.60 -0.35 1.67e-04 2.37e-04 0 0
PERI_YV   127.3/-0.00 0   0.00 62  0.24  1.29 1.12e-03 3.09e-04 0   0.00 51  0.24  1.00 7.74e-04 2.86e-04 1   0.81 90  3.14  0.02 1.65e-04 1.62e-04 1   1.39 96  3.14 -0.08 3.48e-04 3.78e-04 1   0.63 95  0.24 -0.42 1.13e-04 1.72e-04 0 0
SOLD_YV   132.0/-0.00 0   0.00 25 -0.22  2.39 1.33e-04 1.22e-05 0   0.00 45 -0.22  1.82 6.01e-05 9.79e-06 1   0.25 93  5.40  0.09 1.29e-04 1.17e-04 1   4.67 95  5.40  0.71 4.15e-04 2.03e-04 1   0.91 87  2.36  0.04 1.29e-04 1.25e-04 0 0
SWD_AK    151.2/-0.00 0   0.00 74  0.26  0.50 9.48e-05 5.75e-05 0   0.00 59  0.26  0.31 7.29e-05 5.33e-05 1   1.53 93  3.74  0.37 1.99e-04 1.38e-04 1   2.69 88  3.74 -1.08 7.19e-05 2.12e-04 1   0.68 95  0.80 -0.34 1.44e-04 2.03e-04 0 0
HEAD_YV   162.1/-0.00 0   0.00 58  0.16  0.01 5.89e-05 5.84e-05 0   0.00 78  0.16  0.51 9.01e-05 5.44e-05 1   0.99 87  4.04  0.09 1.67e-04 1.53e-04 1   1.41 85  4.04 -0.46 1.23e-04 1.94e-04 1   1.06 94 -1.00 -0.42 1.30e-04 1.98e-04 0 0
PPLA_AK   205.1/-0.00 0   0.00 81 -0.12 -0.11 1.84e-04 2.05e-04 0   0.00 65 -0.12 -0.50 1.17e-04 1.93e-04 1   1.54 93  3.06 -0.02 2.66e-04 2.71e-04 1   1.24 94  3.06  0.28 2.62e-04 1.99e-04 1   0.25 98  0.00 -0.17 1.73e-04 2.04e-04 0 0
DIV_AK    215.7/-0.00 0   0.00 76  0.00 -0.11 2.45e-04 2.74e-04 0   0.00 74  0.00 -0.00 2.58e-04 2.59e-04 1   2.71 92  5.18 -0.08 3.24e-04 3.52e-04 1   1.47 89  5.18  0.04 2.34e-04 2.24e-04 1   0.55 83 -2.14  0.25 1.11e-04 8.67e-05 0 0
DHY_AK    218.5/-0.00 0   0.00 54  0.18  2.48 9.51e-05 7.96e-06 0   0.00 41  0.18  2.11 5.99e-05 7.29e-06 1   0.38 96  1.90 -0.10 1.81e-04 2.00e-04 1   0.33 92  1.90 -0.07 1.22e-04 1.30e-04 1   0.48 80 -1.98 -0.05 8.66e-05 9.12e-05 0 0
RND_AK    222.2/-0.00 0   0.00 52  0.50  2.98 1.09e-04 5.54e-06 0   0.00 47  0.50  2.72 7.68e-05 5.06e-06 1   0.19 98  1.72  0.01 1.97e-04 1.94e-04 1   0.17 96  1.72 -0.00 1.32e-04 1.32e-04 1   0.08 95  0.36 -0.04 6.44e-05 6.72e-05 0 0
EYAK_AK   238.4/-0.00 0   0.00 14 -0.32 -0.64 1.49e-04 2.82e-04 0   0.00 24 -0.32 -0.26 2.04e-04 2.66e-04 1  10.01 89  6.44  0.36 4.99e-04 3.49e-04 1   1.51 92  6.44  0.17 3.02e-04 2.54e-04 1   0.21 66 -1.34  0.80 5.01e-05 2.26e-05 0 0
CAST_AK   250.1/-0.00 0   0.00 65  0.00  0.39 2.33e-04 1.57e-04 0   0.00 72  0.00  0.57 2.61e-04 1.48e-04 1   1.13 94  3.58 -0.12 2.39e-04 2.70e-04 1   1.73 83  3.58 -0.13 1.74e-04 1.99e-04 1   0.80 94 -0.98 -0.12 1.78e-04 2.02e-04 0 0
MCK_AK    257.2/-0.00 0   0.00 47 -1.66  2.62 8.57e-05 6.21e-06 0   0.00 62 -1.66  2.71 8.49e-05 5.68e-06 1   0.26 97  2.80  0.08 2.14e-04 1.98e-04 1   0.19 96  2.80 -0.07 1.31e-04 1.40e-04 1   0.07 96  0.48  0.01 8.03e-05 7.94e-05 0 0
PAX_AK    279.1/-0.00 0   0.00 54  0.94  0.43 9.84e-05 6.40e-05 0   0.00 50  0.94  0.40 8.93e-05 5.99e-05 1   0.54 96  3.48  0.01 2.22e-04 2.21e-04 1   0.70 93  3.48 -0.15 1.48e-04 1.72e-04 1   1.49 85 -1.72 -0.47 1.16e-04 1.85e-04 0 0
BMR_AK    281.3/-0.00 0   0.00  9 -0.66 -0.14 2.37e-04 2.73e-04 0   0.00 16 -0.66 -0.65 1.33e-04 2.56e-04 1   2.96 90  7.38  0.10 3.43e-04 3.11e-04 1   4.68 81  7.38 -0.34 2.04e-04 2.87e-04 1   1.40 79 -1.56  0.71 1.62e-04 7.98e-05 0 0
INPUT_PAR scak_45 P_win 15 S_win 120 P 1 p 1 NCOM 5 spiB 15 spiS 60 Body:1.50-4.00. Surf:16.00-40.00 FMT false
