Event 20090407201255351 Model scak_041 FM   20 42.387215  -90 Mw 4.50 rms 6.301e-07  5008 ERR   0   0   0 ISO   0.000000 0.00 CLVD 0.00 0.00 VR 62.7 data2 1.032e-06
# Hypocenter_sac_header elat 6.145420e+01 elon -1.497428e+02 edep 3.303360e+01
# tensor = 7.079e+22  0.1165 -0.3201  0.0312  0.8794 -0.0856 -0.9958
# norm L1    # Pwin 15 Swin 120    # N 31 Np 44 Ns 78
MCK_AK    257.2/-0.00 0   0.00 30  1.88  3.08 5.72e-05 2.63e-06 0   0.00 51  1.88  3.20 6.18e-05 2.52e-06 1   0.34 97  2.92  0.34 2.02e-04 1.44e-04 1   0.23 96  2.92  0.22 1.24e-04 9.93e-05 1   0.17 96  0.40  0.24 7.97e-05 6.30e-05 0 0
RND_AK    222.2/-0.00 0   0.00 35 -0.40  3.36 6.26e-05 2.18e-06 0   0.00 62 -0.40  3.26 5.40e-05 2.08e-06 1   0.28 97  1.88  0.27 1.84e-04 1.41e-04 1   0.23 97  1.88  0.28 1.24e-04 9.37e-05 1   0.16 95  0.34  0.22 6.33e-05 5.07e-05 0 0
COLA_IU   392.7/-0.00 1   0.63 54 -0.28  1.38 3.36e-05 8.47e-06 1   0.66 34 -0.28  1.43 3.18e-05 7.62e-06 1   0.46 72  4.80 -0.24 9.78e-05 1.25e-04 1   0.22 92  4.80  0.08 1.10e-04 1.02e-04 1   0.22 83  1.02  0.41 6.32e-05 4.21e-05 0 0
DHY_AK    218.5/-0.00 0   0.00 56  0.06  1.88 4.03e-05 6.12e-06 0   0.00 27  0.06  1.82 3.26e-05 5.27e-06 1   0.31 96  2.10  0.20 1.74e-04 1.42e-04 1   0.27 93  2.10  0.25 1.18e-04 9.22e-05 1   0.22 84 -2.10  0.12 7.91e-05 7.04e-05 0 0
PAX_AK    279.1/-0.00 1   0.78 48  1.10  0.25 4.95e-05 3.87e-05 1   0.92 47  1.10  0.43 5.41e-05 3.50e-05 1   0.42 96  3.56  0.29 2.14e-04 1.60e-04 1   0.30 93  3.56  0.11 1.38e-04 1.24e-04 1   0.37 87 -1.82 -0.26 1.12e-04 1.45e-04 0 0
PMR_AT     36.0/-0.00 1   1.90 73 -1.14  1.23 1.36e-04 3.98e-05 1   2.47 14 -1.14  1.08 1.81e-04 6.17e-05 1   0.32 98  0.48  0.16 2.58e-04 2.19e-04 1   0.32 99  0.48  0.22 2.47e-04 1.98e-04 1   0.29 95  1.34  0.27 1.73e-04 1.32e-04 0 0
PS11_PS   235.8/-0.00 1   2.49 80  1.14  0.92 2.61e-04 1.04e-04 1   1.18 71  1.14  0.22 1.19e-04 9.50e-05 0   0.00 92  4.12  0.16 2.37e-04 2.02e-04 0   0.00 94  4.12  0.37 1.95e-04 1.35e-04 0   0.00 94 -0.04  0.07 1.66e-04 1.54e-04 0 0
PS12_PS   245.0/-0.00 1   2.01 40  0.00 -0.77 6.87e-05 1.49e-04 1   1.18 79  0.00 -0.11 1.22e-04 1.36e-04 1   0.63 93  5.12  0.20 2.71e-04 2.22e-04 1   0.38 92  5.12 -0.14 1.50e-04 1.72e-04 1   0.62 80 -1.54  0.40 1.68e-04 1.13e-04 0 0
DIV_AK    215.7/-0.00 1   1.33 85  0.04 -0.13 1.51e-04 1.72e-04 1   1.73 72  0.04  0.03 1.62e-04 1.58e-04 1   0.81 92  5.26  0.23 3.15e-04 2.50e-04 1   0.55 89  5.26  0.36 2.25e-04 1.56e-04 1   0.30 87 -2.28  0.45 1.04e-04 6.63e-05 0 0
BMR_AK    281.3/-0.00 0   0.00 36  2.22 -0.99 6.19e-05 1.66e-04 0   0.00 43  2.22 -1.01 5.45e-05 1.50e-04 1   0.83 91  7.32  0.38 3.27e-04 2.23e-04 1   0.65 85  7.32 -0.07 1.95e-04 2.09e-04 1   0.53 82 -1.62  0.89 1.52e-04 6.27e-05 0 0
EYAK_AK   238.4/-0.00 1   1.93 68  2.48 -0.59 9.75e-05 1.75e-04 1   1.65 73  2.48 -0.47 9.97e-05 1.60e-04 1   1.61 91  6.44  0.69 4.83e-04 2.43e-04 1   0.61 91  6.44  0.44 2.82e-04 1.81e-04 1   0.20 70 -1.56  0.89 4.38e-05 1.81e-05 0 0
PERI_YV   127.3/-0.00 1   6.25 77  0.20  1.14 6.52e-04 2.08e-04 1   5.63 76  0.20  1.08 5.52e-04 1.88e-04 1   0.40 92  3.32  0.32 1.54e-04 1.11e-04 1   0.55 96  3.32  0.21 3.33e-04 2.69e-04 1   0.20 95  0.30 -0.19 1.05e-04 1.26e-04 0 0
BLAK_YV   104.1/-0.00 1   2.32 86 -0.06  0.50 3.36e-04 2.04e-04 1   2.73 94 -0.06  0.71 3.69e-04 1.82e-04 1   0.41 95  2.70  0.41 1.82e-04 1.21e-04 1   0.62 92  2.70  0.15 2.89e-04 2.48e-04 1   0.27 95  0.62 -0.16 1.35e-04 1.59e-04 0 0
TUPA_YV    78.3/-0.00 1   0.47 95 -0.22 -0.10 1.01e-04 1.11e-04 1   0.40 95 -0.22 -0.14 8.25e-05 9.47e-05 1   0.33 95  3.48  0.19 1.80e-04 1.48e-04 1   1.67 37  3.48  0.93 3.04e-04 1.20e-04 1   0.76 87  0.48  0.27 2.55e-04 1.95e-04 0 0
AVAL_YV   122.1/-0.00 1   0.49 85 -0.16  0.03 6.25e-05 6.04e-05 1   0.59 80 -0.16  0.37 7.86e-05 5.42e-05 1   0.42 96  3.52  0.57 1.53e-04 8.68e-05 1   0.45 85  3.52 -0.21 1.36e-04 1.68e-04 1   0.22 97 -0.56 -0.11 1.55e-04 1.74e-04 0 0
LSUM_YV    88.3/-3.84 1   0.80 34  0.84 -0.32 4.12e-05 5.69e-05 1   0.66 47  0.84 -0.03 4.80e-05 4.95e-05 1   0.18 98  7.28  0.23 1.38e-04 1.10e-04 1   0.56 69  7.28  0.06 1.38e-04 1.30e-04 1   0.27 95  4.60 -0.13 1.49e-04 1.70e-04 0 0
HEAD_YV   162.1/-0.00 1   0.52 62  0.24 -0.06 3.88e-05 4.11e-05 1   0.59 88  0.24  0.56 6.52e-05 3.71e-05 1   0.48 85  4.08  0.35 1.59e-04 1.12e-04 1   0.39 84  4.08 -0.12 1.16e-04 1.31e-04 1   0.26 95 -1.04 -0.20 1.21e-04 1.49e-04 0 0
SWD_AK    151.2/-0.00 1   0.58 84  0.38  0.34 5.90e-05 4.20e-05 1   0.39 77  0.38 -0.07 3.51e-05 3.78e-05 1   0.65 93  3.72  0.65 1.92e-04 1.00e-04 1   0.44 89  3.72 -0.78 6.66e-05 1.45e-04 1   0.24 95  0.84 -0.07 1.40e-04 1.51e-04 0 0
DEVL_YV   101.0/-3.45 1   0.39 76  3.00  0.02 4.26e-05 4.19e-05 1   0.42 67  3.00  0.09 4.02e-05 3.69e-05 1   0.33 91  6.56  0.30 1.23e-04 9.07e-05 1   0.21 96  6.56 -0.16 1.22e-04 1.44e-04 1   0.12 99  3.50 -0.14 1.32e-04 1.52e-04 0 0
RC01_AK    40.7/-0.00 1   1.36 82 -0.54  0.52 1.47e-04 8.75e-05 1   1.32 66 -0.54  0.72 1.16e-04 5.63e-05 0   0.00 86  0.22 -0.12 1.76e-04 1.99e-04 0   0.00 94  0.22  1.35 9.52e-04 2.47e-04 0   0.00 26 -10.00  2.03 7.68e-04 1.01e-04 0 0
BRLK_AK   200.2/-0.00 0   0.00 42 -0.30  2.79 5.47e-05 3.36e-06 0   0.00 25 -0.30  3.09 6.77e-05 3.08e-06 1   0.46 83  6.06  0.10 1.43e-04 1.29e-04 1   0.23 88  6.06  0.03 9.57e-05 9.28e-05 0   0.00 83 -10.00  1.43 5.19e-05 1.24e-05 0 0
LSKI_YV   115.0/-0.00 1   0.80 66  0.80  2.20 5.81e-05 6.45e-06 1   0.93 52  0.80  2.40 5.70e-05 5.18e-06 1   0.21 99  4.38  0.34 1.13e-04 8.01e-05 1   0.31 91  4.38 -0.03 1.34e-04 1.37e-04 0   0.00 35 10.00  2.17 6.82e-05 7.76e-06 0 0
MPEN_YV    89.5/-0.00 0   0.00 86  1.20  2.31 1.11e-04 1.10e-05 0   0.00 25  1.20  1.88 5.19e-05 7.88e-06 1   0.17 94  4.04 -0.13 8.58e-05 9.79e-05 1   0.49 94  4.04  0.45 2.08e-04 1.32e-04 1   0.29 86  1.02  0.53 6.96e-05 4.10e-05 0 0
SOLD_YV   132.0/-0.00 0   0.00 73  2.72  2.35 1.29e-04 1.24e-05 0   0.00  0  2.72  2.65 1.50e-04 1.06e-05 1   0.19 98  5.68  0.31 1.16e-04 8.52e-05 1   1.08 96  5.68  0.96 3.79e-04 1.45e-04 1   0.47 89  2.38  0.35 1.31e-04 9.21e-05 0 0
NSKI_YV   121.0/-0.00 0   0.00 67  0.80  1.11 1.07e-04 3.54e-05 0   0.00  0  0.80  1.24 1.09e-04 3.15e-05 1   0.63 83  5.36  0.77 1.95e-04 9.04e-05 1   1.40 92  5.36  0.90 3.90e-04 1.58e-04 1   1.23 89  2.46  0.70 2.95e-04 1.46e-04 0 0
PPLA_AK   205.1/-0.00 1   1.35 75 -0.04 -0.11 1.18e-04 1.32e-04 1   1.42 77 -0.04  0.24 1.53e-04 1.21e-04 1   0.65 94  3.18  0.28 2.57e-04 1.95e-04 1   0.67 93  3.18  0.56 2.50e-04 1.42e-04 1   0.15 99 -0.08  0.07 1.67e-04 1.55e-04 0 0
CAST_AK   250.1/-0.00 1   0.83 87 -0.08  0.35 1.39e-04 9.85e-05 1   0.86 92 -0.08  0.51 1.49e-04 8.95e-05 1   0.46 95  3.74  0.19 2.33e-04 1.94e-04 1   0.52 81  3.74  0.18 1.68e-04 1.41e-04 1   0.27 95 -1.08  0.06 1.70e-04 1.60e-04 0 0
CHUM_AK   301.0/-0.00 1   0.96 66 -0.24 -0.21 7.05e-05 8.73e-05 1   0.89 69 -0.24  0.05 8.31e-05 7.89e-05 0   0.00 57  2.98 -0.14 1.56e-04 1.80e-04 0   0.00 47  2.98  0.37 2.15e-04 1.49e-04 0   0.00 47 -2.18 -0.38 1.15e-04 1.68e-04 0 0
KASH_YV    49.0/-0.00 0   0.00 60 -1.00  3.22 2.51e-04 1.01e-05 0   0.00 75 -1.00  2.27 1.90e-04 1.97e-05 1   0.60 94 -1.24  0.27 2.78e-04 2.13e-04 1   1.03 60 -1.24  0.43 2.52e-04 1.65e-04 1   0.42 86 -0.18  0.16 1.65e-04 1.40e-04 0 0
BIGB_YV    15.9/-0.00 1   5.54 89 -0.70  1.16 4.84e-04 1.52e-04 1   1.89  0 -0.70  0.61 8.29e-05 4.51e-05 1   0.65 99 -0.58  0.21 4.92e-04 3.97e-04 1   0.17 99 -0.58 -0.11 1.88e-04 2.10e-04 0   0.00 94 -3.78 -0.04 2.99e-05 3.11e-05 0 0
TRF_AK    224.2/-0.00 1   1.04 34 -0.34  0.65 6.78e-05 3.55e-05 1   0.71 44 -0.34  0.36 4.60e-05 3.21e-05 0   0.00 96  2.52  0.20 1.93e-04 1.58e-04 0   0.00 24  2.52  0.91 2.70e-04 1.08e-04 0   0.00 94 -2.34  0.57 2.32e-04 1.31e-04 0 0
INPUT_PAR scak_41 P_win 15 S_win 120 P 1 p 2 NCOM 5 spiB 20 spiS 60 Body:2.00-5.00. Surf:16.67-40.00 FMT false
