Event 20090407201255351 Model scak_037 FM  210 68.327370  -80 Mw 4.70 rms 4.665e-09   268 ERR   0   0   0 ISO   0.000000 0.00 CLVD 0.00 0.00 VR 37.4 data2 7.447e-09
# Hypocenter_sac_header elat 6.145420e+01 elon -1.497428e+02 edep 3.303360e+01
# tensor = 1.413e+23  0.0292 -0.2120  0.4136  0.6467 -0.5882 -0.6760
# norm L2    # Pwin 15 Swin 120    # N 18 Np 36 Ns 0
BIGB_YV    15.9/-0.00 1   6.62 87 -0.16  0.54 7.03e-04 4.10e-04 1   1.87  0 -0.16 -0.89 5.90e-05 1.43e-04 0   0.00 98  0.04 -0.67 5.13e-04 1.00e-03 0   0.00 93  0.04 -1.04 1.99e-04 5.63e-04 0   0.00 66  6.04 -1.27 3.33e-05 1.19e-04 0 0
PMR_AT     36.0/-0.00 1   0.61 82  0.62 -0.37 1.34e-04 1.94e-04 1   1.39 60  0.62  0.59 2.46e-04 1.36e-04 0   0.00 85 -0.94 -0.16 2.71e-04 3.19e-04 0   0.00  0 -0.94  0.52 2.62e-04 1.56e-04 0   0.00 96  1.48 -0.89 1.92e-04 4.69e-04 0 0
TUPA_YV    78.3/-0.00 1   1.71 90 -0.06 -1.05 1.06e-04 3.03e-04 1   1.24 94 -0.06 -0.89 1.13e-04 2.74e-04 0   0.00 49  0.50 -0.47 1.88e-04 2.99e-04 0   0.00 59  0.50 -0.76 3.13e-04 6.69e-04 0   0.00 87  0.30 -0.37 2.67e-04 3.85e-04 0 0
LSUM_YV    88.3/-0.00 1   0.55 71 -0.30 -0.41 1.06e-04 1.60e-04 1   0.45 74 -0.30 -0.15 1.25e-04 1.45e-04 0   0.00 66 -0.66 -0.67 1.44e-04 2.82e-04 0   0.00 80 -0.66 -1.14 1.45e-04 4.52e-04 0   0.00 96 -0.04 -0.78 1.54e-04 3.35e-04 0 0
MPEN_YV    89.5/-0.00 1   0.74 74  2.00  2.82 1.40e-04 8.33e-06 1   0.17 10  2.00  2.02 5.64e-05 7.51e-06 0   0.00 79  3.00 -0.18 8.78e-05 1.05e-04 0   0.00 96  3.00  0.16 2.34e-04 1.99e-04 0   0.00 71  5.02 -0.49 7.56e-05 1.24e-04 0 0
DEVL_YV   101.0/-0.00 1   0.30 70 -0.30  0.05 1.05e-04 9.98e-05 1   0.14 81 -0.30  0.01 9.18e-05 9.10e-05 0   0.00 72 -0.84 -0.84 1.28e-04 2.98e-04 0   0.00 87 -0.84 -1.02 1.30e-04 3.59e-04 0   0.00 99 -1.08 -0.74 1.38e-04 2.89e-04 0 0
BLAK_YV   104.1/-0.00 1   5.09 75  0.12  0.33 5.04e-04 3.63e-04 1   2.68 90  0.12  0.44 5.30e-04 3.40e-04 0   0.00 65  0.32 -0.82 1.96e-04 4.47e-04 0   0.00 88  0.32 -0.91 3.04e-04 7.53e-04 0   0.00 94  0.40 -0.71 1.47e-04 2.98e-04 0 0
LSKI_YV   115.0/-0.00 1   0.18 46  0.18  1.65 6.29e-05 1.20e-05 1   0.23  9  0.18  1.84 7.36e-05 1.17e-05 0   0.00 83  2.04 -0.32 1.19e-04 1.63e-04 0   0.00 92  2.04 -0.36 1.41e-04 2.02e-04 0   0.00 32 10.00 -0.80 6.81e-05 1.51e-04 0 0
AVAL_YV   122.1/-0.00 1   0.13 82 -0.12  0.11 1.07e-04 9.57e-05 1   0.41 72 -0.12  0.40 1.31e-04 8.84e-05 0   0.00 78 -0.08 -0.88 1.63e-04 3.92e-04 0   0.00 73 -0.08 -1.01 1.34e-04 3.68e-04 0   0.00 95 -1.72 -0.60 1.67e-04 3.06e-04 0 0
PERI_YV   127.3/-0.00 1  39.75 64  0.40  1.26 1.12e-03 3.17e-04 1  21.35 54  0.40  0.94 7.73e-04 3.01e-04 0   0.00 84  1.06 -1.23 1.65e-04 5.68e-04 0   0.00 94  1.06 -0.60 3.48e-04 6.34e-04 0   0.00 95  0.12 -0.77 1.13e-04 2.44e-04 0 0
SWD_AK    151.2/-0.00 1   0.19 79  0.48  0.84 9.48e-05 4.08e-05 1   0.18 68  0.48  0.68 7.30e-05 3.69e-05 0   0.00 89  0.82 -0.77 1.99e-04 4.31e-04 0   0.00 84  0.82 -1.36 7.19e-05 2.81e-04 0   0.00 93 -1.00 -0.64 1.44e-04 2.74e-04 0 0
HEAD_YV   162.1/-0.00 1   0.14 57  0.44  0.60 5.89e-05 3.22e-05 1   0.21 80  0.44  1.13 8.99e-05 2.91e-05 0   0.00 85  0.78 -1.00 1.67e-04 4.54e-04 0   0.00 85  0.78 -0.78 1.23e-04 2.68e-04 0   0.00 92 -3.16 -0.74 1.30e-04 2.73e-04 0 0
PPLA_AK   205.1/-0.00 1   0.73 81 -0.18 -0.17 1.84e-04 2.19e-04 1   1.08 67 -0.18 -0.58 1.17e-04 2.10e-04 0   0.00 86  6.44 -0.74 2.66e-04 5.56e-04 0   0.00 90  6.44 -0.61 2.62e-04 4.83e-04 0   0.00 98  0.46 -0.56 1.73e-04 3.04e-04 0 0
DIV_AK    215.7/-0.00 1   1.07 76  0.02  0.11 2.45e-04 2.20e-04 1   1.16 75  0.02  0.21 2.58e-04 2.10e-04 0   0.00 91  3.20 -0.70 3.24e-04 6.55e-04 0   0.00 72  3.20 -0.78 2.33e-04 5.11e-04 0   0.00 92 -5.28 -0.21 1.11e-04 1.37e-04 0 0
RND_AK    222.2/-0.00 1   0.30 60  1.38  1.95 1.09e-04 1.55e-05 1   0.13 68  1.38  1.69 7.67e-05 1.41e-05 0   0.00 96  4.20 -0.43 1.97e-04 3.02e-04 0   0.00 91  4.20 -0.69 1.32e-04 2.62e-04 0   0.00 74  3.56 -1.29 6.44e-05 2.35e-04 0 0
TRF_AK    224.2/-0.00 1   0.82 46  1.38  0.63 1.31e-04 6.98e-05 1   0.44 42  1.38  0.31 9.04e-05 6.64e-05 0   0.00 86  5.66 -0.75 2.00e-04 4.21e-04 0   0.00 34  5.66 -0.26 2.87e-04 3.71e-04 0   0.00 89 -0.78 -0.18 2.43e-04 2.92e-04 0 0
EYAK_AK   238.4/-0.00 1   2.49 18 -0.40 -0.32 1.48e-04 2.04e-04 1   2.20 27 -0.40  0.04 2.03e-04 1.94e-04 0   0.00 89  4.26 -0.22 4.99e-04 6.20e-04 0   0.00 75  4.26 -0.65 3.02e-04 5.76e-04 0   0.00 70  0.28 -0.46 5.01e-05 7.94e-05 0 0
CAST_AK   250.1/-0.00 1   1.70 60 -0.14  0.25 2.33e-04 1.81e-04 1   1.54 68 -0.14  0.41 2.61e-04 1.73e-04 0   0.00 86  6.80 -0.82 2.39e-04 5.41e-04 0   0.00 81  6.80 -1.00 1.74e-04 4.72e-04 0   0.00 96 -0.04 -0.55 1.78e-04 3.09e-04 0 0
INPUT_PAR scak_37 P_win 15 S_win 120 P 1 p 2 NCOM 5 spiB 15 spiS 60 Body:1.50-4.00. Surf:16.00-40.00 FMT false
