Event 20090407201255351 Model scak_041 FM 20.0000 42.3872 -90.0000 Mw 4.50 rms 3.041e-05  3383 ERR   0   0   0 ISO 0.00 0.00 CLVD 0.00 0.00 VR 71.9 data2 5.737e-05
# Hypocenter_sac_header elat 6.145420e+01 elon -1.497428e+02 edep 3.303360e+01
# tensor = 7.079e+22  0.1165 -0.3201  0.0312  0.8794 -0.0856 -0.9958
# norm L1    # Pwin 15 Swin 100    # N 25 Np 19 Ns 21
MCK_AK    257.2/-0.00 0   0.51 30  1.88  3.08 2.95e-09 1.36e-10 0   0.87 51  1.88  3.20 3.19e-09 1.30e-10 1   0.63 98  2.92  0.34 4.07e-09 2.89e-09 1   0.50 94  2.92  0.19 2.38e-09 1.97e-09 1   0.33 97  0.32  0.24 1.59e-09 1.26e-09  0  -1.00
RND_AK    222.2/-0.00 1   0.55 35 -0.40  3.36 3.23e-09 1.13e-10 1   0.61 62 -0.40  3.26 2.79e-09 1.07e-10 1   0.55 98  1.86  0.27 3.68e-09 2.82e-09 1   0.47 95  1.86  0.29 2.49e-09 1.86e-09 1   0.31 96  0.24  0.22 1.26e-09 1.01e-09  0  -1.00
DHY_AK    218.5/-0.00 0   0.38 56  0.06  1.88 2.08e-09 3.16e-10 0   0.37 27  0.06  1.82 1.68e-09 2.72e-10 1   0.55 97  1.98  0.20 3.49e-09 2.84e-09 1   0.56 91  1.98  0.24 2.34e-09 1.83e-09 1   0.42 87 -2.10  0.12 1.58e-09 1.40e-09  0  -1.00
PAX_AK    279.1/-0.00 0   0.54 48  1.10  0.25 2.55e-09 2.00e-09 0   0.64 47  1.10  0.43 2.79e-09 1.81e-09 1   0.78 96  3.50  0.28 4.24e-09 3.21e-09 1   0.58 93  3.50  0.10 2.77e-09 2.51e-09 1   0.67 90 -1.96 -0.25 2.25e-09 2.89e-09  0  -1.00
PMR_AT     36.0/-0.00 1   1.31 73 -1.14  1.23 7.02e-09 2.05e-09 1   1.71 14 -1.14  1.08 9.34e-09 3.18e-09 1   0.62 99  0.50  0.16 5.15e-09 4.38e-09 1   0.71 99  0.50  0.23 4.93e-09 3.92e-09 1   0.63 95  1.36  0.26 3.46e-09 2.67e-09  0  -1.00
DIV_AK    215.7/-0.00 1   0.92 85  0.04 -0.13 7.81e-09 8.89e-09 1   1.20 72  0.04  0.03 8.37e-09 8.13e-09 1   1.41 94  5.18  0.23 6.27e-09 4.98e-09 1   1.15 86  5.18  0.31 4.24e-09 3.10e-09 1   0.60 89 -2.18  0.46 2.08e-09 1.32e-09  0  -1.00
BMR_AK    281.3/-0.00 0   1.63 36  2.22 -0.99 3.19e-09 8.55e-09 0   1.37 43  2.22 -1.01 2.81e-09 7.75e-09 1   1.56 87  7.08  0.31 6.09e-09 4.47e-09 1   1.28 86  7.08 -0.30 3.14e-09 4.22e-09 1   0.92 87 -1.52  0.85 2.93e-09 1.25e-09  0  -1.00
EYAK_AK   238.4/-0.00 1   1.34 68  2.48 -0.59 5.03e-09 9.05e-09 1   1.14 73  2.48 -0.47 5.14e-09 8.25e-09 1   2.67 93  6.36  0.67 9.44e-09 4.83e-09 1   0.95 92  6.36  0.25 4.70e-09 3.65e-09 1   0.38 76 -1.46  0.85 8.44e-10 3.60e-10  0  -1.00
PERI_YV   127.3/-0.00 1   4.32 77  0.20  1.14 3.37e-08 1.07e-08 1   3.90 76  0.20  1.08 2.85e-08 9.71e-09 1   0.84 92  3.32  0.32 3.07e-09 2.23e-09 1   1.10 97  3.32  0.23 6.70e-09 5.31e-09 1   0.41 95  0.30 -0.17 2.12e-09 2.52e-09  0  -1.00
BLAK_YV   104.1/-0.00 1   1.60 86 -0.06  0.50 1.73e-08 1.05e-08 1   1.89 94 -0.06  0.71 1.90e-08 9.37e-09 1   0.86 95  2.72  0.42 3.65e-09 2.39e-09 1   1.10 94  2.72  0.17 5.83e-09 4.90e-09 1   0.51 96  0.66 -0.15 2.73e-09 3.18e-09  0  -1.00
TUPA_YV    78.3/-0.00 1   0.33 95 -0.22 -0.10 5.19e-09 5.72e-09 1   0.28 95 -0.22 -0.14 4.26e-09 4.89e-09 0   0.65 96  3.56  0.20 3.61e-09 2.95e-09 0   3.33 40  3.56  0.94 6.06e-09 2.38e-09 0   1.44 89  0.50  0.26 5.09e-09 3.93e-09  0  -1.00
AVAL_YV   122.1/-0.00 1   0.34 85 -0.16  0.03 3.23e-09 3.12e-09 1   0.41 80 -0.16  0.37 4.05e-09 2.80e-09 1   0.88 96  3.54  0.57 3.06e-09 1.73e-09 1   1.05 82  3.54 -0.17 2.82e-09 3.34e-09 1   0.50 96 -0.54 -0.11 3.12e-09 3.46e-09  0  -1.00
LSUM_YV    88.3/-0.00 1   0.61 66  1.92  0.12 3.31e-09 2.94e-09 1   0.66 73  1.92  0.41 3.86e-09 2.55e-09 0   0.43 97  3.46  0.24 2.76e-09 2.18e-09 0   1.10 72  3.46  0.06 2.73e-09 2.57e-09 0   0.59 95  0.60 -0.15 2.98e-09 3.46e-09  0  -1.00
HEAD_YV   162.1/-0.00 1   0.36 62  0.24 -0.06 2.00e-09 2.12e-09 1   0.41 88  0.24  0.56 3.36e-09 1.91e-09 1   1.00 85  4.06  0.34 3.14e-09 2.24e-09 1   0.83 83  4.06 -0.11 2.32e-09 2.60e-09 1   0.53 95 -1.02 -0.20 2.41e-09 2.96e-09  0  -1.00
SWD_AK    151.2/-0.00 1   0.40 84  0.38  0.34 3.04e-09 2.16e-09 1   0.27 77  0.38 -0.07 1.81e-09 1.95e-09 1   1.34 93  3.68  0.65 3.84e-09 2.01e-09 1   0.96 89  3.68 -0.75 1.36e-09 2.89e-09 1   0.57 94  0.82 -0.08 2.79e-09 3.01e-09  0  -1.00
DEVL_YV   101.0/-0.00 1   0.55 69  1.86  0.35 3.08e-09 2.16e-09 1   0.52 67  1.86  0.30 2.56e-09 1.90e-09 1   0.70 91  3.08  0.30 2.45e-09 1.81e-09 1   0.43 96  3.08 -0.15 2.46e-09 2.85e-09 1   0.26 99 -0.04 -0.16 2.64e-09 3.08e-09  0  -1.00
LSKI_YV   115.0/-0.00 1   0.55 66  0.80  2.20 3.00e-09 3.33e-10 1   0.64 52  0.80  2.40 2.94e-09 2.67e-10 0   0.47 98  4.38  0.33 2.24e-09 1.60e-09 0   0.58 92  4.38 -0.05 2.60e-09 2.74e-09 0   1.02 36 10.00  2.15 1.33e-09 1.55e-10  0  -1.00
MPEN_YV    89.5/-0.00 1   1.16 86  1.20  2.31 5.70e-09 5.68e-10 1   0.79 25  1.20  1.88 2.68e-09 4.07e-10 1   0.39 93  4.08 -0.13 1.73e-09 1.96e-09 1   1.03 94  4.08  0.47 4.17e-09 2.61e-09 1   0.55 91  1.00  0.52 1.39e-09 8.23e-10  0  -1.00
SOLD_YV   132.0/-0.00 0   1.20 73  2.72  2.35 6.67e-09 6.37e-10 0   2.03  0  2.72  2.65 7.73e-09 5.45e-10 1   0.37 98  5.72  0.31 2.33e-09 1.70e-09 1   2.37 93  5.72  0.97 7.59e-09 2.89e-09 1   0.89 91  2.40  0.33 2.56e-09 1.84e-09  0  -1.00
NSKI_YV   121.0/-0.00 0   1.06 67  0.80  1.11 5.53e-09 1.83e-09 0   1.23  0  0.80  1.24 5.62e-09 1.63e-09 1   1.27 83  5.44  0.76 3.89e-09 1.81e-09 1   3.15 88  5.44  0.89 7.66e-09 3.14e-09 1   2.44 92  2.46  0.72 6.00e-09 2.92e-09  0  -1.00
PPLA_AK   205.1/-0.00 1   0.94 75 -0.04 -0.11 6.11e-09 6.82e-09 1   0.98 77 -0.04  0.24 7.89e-09 6.23e-09 1   1.29 94  3.10  0.27 5.10e-09 3.90e-09 1   1.24 93  3.10  0.57 4.97e-09 2.81e-09 1   0.31 99 -0.06  0.08 3.33e-09 3.08e-09  0  -1.00
CAST_AK   250.1/-0.00 1   0.57 87 -0.08  0.35 7.18e-09 5.08e-09 1   0.60 92 -0.08  0.51 7.69e-09 4.62e-09 1   0.85 96  3.62  0.18 4.66e-09 3.89e-09 1   1.08 78  3.62  0.14 3.20e-09 2.78e-09 1   0.62 94 -1.02  0.05 3.36e-09 3.20e-09  0  -1.00
KASH_YV    49.0/-0.00 1   2.88 60 -1.00  3.22 1.30e-08 5.19e-10 1   2.00 75 -1.00  2.27 9.80e-09 1.02e-09 1   1.21 94 -1.24  0.26 5.55e-09 4.28e-09 1   2.29 57 -1.24  0.44 5.05e-09 3.25e-09 1   0.91 85 -0.16  0.15 3.30e-09 2.83e-09  0  -1.00
BIGB_YV    15.9/-0.00 1   3.70 89 -0.70  1.16 2.59e-08 8.16e-09 1   1.26  0 -0.70  0.61 4.44e-09 2.41e-09 1   1.40 99 -0.56  0.22 9.82e-09 7.85e-09 1   0.36 98 -0.56 -0.11 3.75e-09 4.17e-09 0   0.12 94 -3.76 -0.05 5.96e-10 6.28e-10  0  -1.00
TRF_AK    224.2/-0.00 1   0.72 34 -0.34  0.65 3.50e-09 1.83e-09 1   0.49 44 -0.34  0.36 2.37e-09 1.66e-09 0   0.71 96  2.56  0.18 3.80e-09 3.17e-09 0   3.03 29  2.56  0.89 5.24e-09 2.15e-09 0   1.23 95 -2.38  0.56 4.55e-09 2.60e-09  0  -1.00
INPUT_PAR scak_41 P_win 15 S_win 100 P 3e-8 p 2 NCOM 5 spiB 20 spiS 60 Body:2.00-5.00. Surf:16.67-40.00 FMT false
