Event 20090407201255351 Model scak_041 FM 40.0000 30.4912 -70.0000 Mw 4.50 rms 4.176e-05 10752 ERR   0   0   0 ISO 0.00 0.00 CLVD 0.00 0.00 VR 35.8 data2 5.213e-05
# Hypocenter_sac_header elat 6.145420e+01 elon -1.497428e+02 edep 3.303360e+01
# tensor = 7.079e+22  0.1686 -0.3745  0.0672  0.6531 -0.5386 -0.8217
# norm L1    # Pwin 15 Swin 100    # N 67 Np 67 Ns 65
BIGB_YV    15.9/-0.00 1   0.83 88 -0.72  1.21 2.59e-08 7.71e-09 1   0.27  0 -0.72  0.69 4.44e-09 2.23e-09 1   0.38 99 -0.52  0.30 9.82e-09 7.25e-09 1   0.05 99 -0.52  0.00 3.75e-09 3.75e-09 1   0.10 69  5.84 -0.57 5.96e-10 1.06e-09  0  -0.82
ALPI_YV    25.7/-0.00 1   0.43  0  1.68  1.69 9.19e-09 1.70e-09 1   0.38 54  1.68  0.90 8.32e-09 3.39e-09 0   1.36  0  6.26  1.02 9.17e-09 3.31e-09 0 392.63 75  6.26  6.83 2.80e-06 3.04e-09 0 184.63 69 -2.74  5.96 1.29e-06 3.30e-09  0  -0.82
PMR_AT     36.0/-0.00 1   0.06 97  0.40  0.04 7.14e-09 6.86e-09 1   0.20 59  0.40 -0.04 5.61e-09 5.86e-09 1   0.14 98  4.42 -0.12 5.15e-09 5.83e-09 1   0.22 93  4.42  0.08 4.93e-09 4.56e-09 1   0.13 95  3.60  0.19 3.46e-09 2.87e-09  0  -0.82
RC01_AK    40.7/-0.00 1   0.20 85 -0.16  0.73 7.53e-09 3.61e-09 1   0.20 64 -0.16  0.84 5.98e-09 2.58e-09 1   0.20 90  1.22 -0.03 3.52e-09 3.61e-09 1   2.08 93  1.22  1.58 1.90e-08 3.91e-09 1   2.51 28 -10.00  1.32 1.53e-08 4.10e-09  0  -0.82
KASH_YV    49.0/-0.00 1   0.39 81 -0.48  0.95 1.29e-08 4.98e-09 1   0.36 23 -0.48  0.86 7.93e-09 3.35e-09 1   0.14 98  1.10  0.05 5.56e-09 5.27e-09 1   0.57 63  1.10 -0.12 5.02e-09 5.66e-09 1   0.31 80  2.76  1.39 3.30e-09 8.26e-10  0  -0.82
HOPE_YV    65.1/-0.00 1   0.12 30  0.92  0.37 2.68e-09 1.86e-09 1   0.18 70  0.92  1.23 5.43e-09 1.59e-09 1   0.14 94  5.72  0.04 3.29e-09 3.16e-09 1   0.11 83  5.72 -0.28 1.12e-09 1.48e-09 1   0.49 67  5.36 -0.03 4.78e-09 4.92e-09  0  -0.82
TUPA_YV    78.3/-0.00 1   0.25 90  1.38 -0.61 5.26e-09 9.63e-09 1   0.19 88  1.38 -0.59 4.33e-09 7.80e-09 1   0.18 92  4.52  0.20 3.59e-09 2.94e-09 1   0.61 66  4.52  0.58 6.07e-09 3.41e-09 1   0.34 86  2.88  0.09 5.08e-09 4.66e-09  0  -0.82
SAW_AK     84.5/-0.00 1   0.21 93 -0.02 -1.27 1.80e-09 6.45e-09 1   0.18 92 -0.02 -1.42 1.31e-09 5.44e-09 1   0.11 93 -1.32 -0.51 1.07e-09 1.78e-09 1   0.38 74 -1.32 -1.08 1.35e-09 4.00e-09 1   0.31 86  0.58 -0.82 1.68e-09 3.83e-09  0  -0.82
LSUM_YV    88.3/-0.00 1   0.15 68 -0.16 -0.36 3.29e-09 4.74e-09 1   0.13 73 -0.16 -0.06 3.86e-09 4.10e-09 1   0.14 98  2.72  0.46 2.76e-09 1.75e-09 1   0.18 85  2.72  0.07 2.74e-09 2.56e-09 1   0.20 96  0.82 -0.35 2.98e-09 4.23e-09  0  -0.82
MPEN_YV    89.5/-0.00 1   0.19 88  1.10  0.94 5.66e-09 2.21e-09 1   0.18 27  1.10  0.41 2.81e-09 1.86e-09 1   0.14 89  5.86 -0.34 1.73e-09 2.41e-09 1   0.22 91  5.86  0.29 4.17e-09 3.13e-09 1   0.13 80  9.74  0.25 1.39e-09 1.08e-09  0  -0.82
DEVL_YV   101.0/-0.00 1   0.12 70  0.98 -0.28 2.88e-09 3.81e-09 1   0.09 76  0.98 -0.27 2.54e-09 3.32e-09 1   0.19 84  5.20  0.36 2.46e-09 1.71e-09 1   0.13 90  5.20 -0.02 2.45e-09 2.50e-09 1   0.20 99  2.14 -0.46 2.64e-09 4.19e-09  0  -0.82
BLAK_YV   104.1/-0.00 1   0.32 88  0.34  0.36 1.74e-08 1.22e-08 1   0.35 95  0.34  0.57 1.90e-08 1.08e-08 1   0.22 91  1.76  0.54 3.65e-09 2.14e-09 1   0.31 92  1.76 -0.08 5.82e-09 6.30e-09 1   0.09 96  0.76  0.13 2.73e-09 2.40e-09  0  -0.82
RUSS_YV   108.8/-0.00 1   0.14 86  2.20  1.63 3.80e-09 7.45e-10 1   0.22 90  2.20  2.22 5.85e-09 6.34e-10 1   0.40  0 -10.00  0.44 2.39e-09 1.54e-09 1   0.36 56 -10.00  0.20 2.86e-09 2.35e-09 1   0.21 90  0.58  0.21 3.52e-09 2.85e-09  0  -0.82
LSKI_YV   115.0/-0.00 1   0.09 76  1.26  0.98 2.47e-09 9.28e-10 1   0.12 39  1.26  1.24 2.77e-09 8.03e-10 1   0.08 96  7.32  0.18 2.24e-09 1.86e-09 1   0.16 87  7.32  0.03 2.65e-09 2.58e-09 1   0.24 40 -10.00 -0.13 1.40e-09 1.60e-09  0  -0.82
NSKI_YV   121.0/-0.00 1   0.22 63  0.62  1.71 5.47e-09 9.89e-10 1   0.27  0  0.62  1.93 5.52e-09 8.00e-10 1   0.26 78  9.44  0.28 3.88e-09 2.94e-09 1   0.73 78  9.44  0.80 7.58e-09 3.42e-09 1   0.66 91  5.04  1.19 6.06e-09 1.85e-09  0  -0.82
AVAL_YV   122.1/-0.00 1   0.10 83  0.00 -0.26 3.24e-09 4.22e-09 1   0.10 80  0.00  0.06 4.03e-09 3.80e-09 1   0.22 91  2.46  0.69 3.06e-09 1.54e-09 1   0.25 79  2.46 -0.14 2.82e-09 3.24e-09 1   0.14 95 -0.98 -0.17 3.12e-09 3.70e-09  0  -0.82
PERI_YV   127.3/-0.00 1   0.89 80  0.86  1.07 3.37e-08 1.15e-08 1   0.74 78  0.86  1.00 2.83e-08 1.04e-08 1   0.15 93  2.96  0.01 3.08e-09 3.05e-09 1   0.24 95  2.96  0.10 6.70e-09 6.09e-09 1   0.12 94  0.44  0.31 2.11e-09 1.54e-09  0  -0.82
SOLD_YV   132.0/-0.00 1   0.20 70  2.46  1.72 5.79e-09 1.04e-09 1   0.44  0  2.46  2.06 7.17e-09 9.16e-10 1   0.12 90  8.80  0.02 2.33e-09 2.27e-09 1   0.55 84  8.80  0.91 7.60e-09 3.05e-09 1   0.26 89  6.66  0.92 2.58e-09 1.03e-09  0  -0.82
SPBG_AV   142.3/-0.00 1   0.26  0  1.90 -8.58 1.14e-12 6.04e-09 1   0.20 75  1.90 -1.49 1.24e-09 5.46e-09 1   1.05 53  5.50  0.89 9.87e-09 4.05e-09 1   2.70 68  5.50  1.60 2.26e-08 4.57e-09 1   1.31 51  8.78  1.08 1.03e-08 3.49e-09  0  -0.82
SWD_AK    151.2/-0.00 1   0.10 77  1.40 -0.04 3.06e-09 3.19e-09 1   0.09 70  1.40 -0.31 2.12e-09 2.88e-09 1   0.30 93  4.88  0.74 3.86e-09 1.84e-09 1   0.20 87  4.88 -0.74 1.34e-09 2.83e-09 1   0.14 94  1.80 -0.21 2.78e-09 3.43e-09  0  -0.82
HEAD_YV   162.1/-0.00 1   0.12 52  1.62 -0.33 2.26e-09 3.16e-09 1   0.09 76  1.62  0.22 3.57e-09 2.87e-09 1   0.22 84  6.12  0.39 3.17e-09 2.14e-09 1   0.18 84  6.12 -0.13 2.34e-09 2.67e-09 1   0.17 94  0.62 -0.33 2.42e-09 3.38e-09  0  -0.82
VMT_PS    185.6/-0.00 1   1.51 22  0.60  1.07 2.83e-08 9.73e-09 1   0.80 14  0.60  0.18 1.06e-08 8.87e-09 0 520.47 36 -3.44  6.49 3.71e-06 5.65e-09 0 195.88  0 -3.44  5.41 1.08e-06 4.81e-09 0 357.91 16 -10.00  6.99 2.22e-06 2.04e-09  0  -0.82
RDWB_AV   199.4/-0.00 1   0.11  9  2.18 -0.93 8.85e-10 2.24e-09 1   0.08 57  2.18 -0.29 1.50e-09 2.02e-09 1   0.56 29 10.00 -0.02 3.27e-09 3.33e-09 1   0.47 47 10.00 -0.28 2.65e-09 3.51e-09 1   0.43 48  2.92 -0.15 2.70e-09 3.14e-09  0  -0.82
BRLK_AK   200.2/-0.00 1   0.17 50  0.44  2.56 2.77e-09 2.13e-10 1   0.17 39  0.44  2.88 3.33e-09 1.86e-10 1   0.22 80  7.74  0.27 2.86e-09 2.19e-09 1   0.15 77  7.74 -0.06 1.79e-09 1.89e-09 1   0.09 91 -9.58 -0.44 1.02e-09 1.57e-09  0  -0.82
PPLA_AK   205.1/-0.00 1   0.21 77  0.60 -0.18 6.12e-09 7.34e-09 1   0.21 77  0.60  0.12 7.55e-09 6.70e-09 1   0.39 86  6.00  0.30 5.11e-09 3.79e-09 1   0.25 90  6.00  0.38 4.90e-09 3.36e-09 1   0.12 98  2.26  0.21 3.33e-09 2.69e-09  0  -0.82
DIV_AK    215.7/-0.00 1   0.21 77  1.46  0.07 7.56e-09 7.05e-09 1   0.25 68  1.46  0.25 8.26e-09 6.45e-09 1   0.24 95  6.30  0.00 6.13e-09 6.12e-09 1   0.28 82  6.30 -0.04 3.79e-09 3.94e-09 1   0.11 91  0.76  0.02 2.07e-09 2.04e-09  0  -0.82
DHY_AK    218.5/-0.00 1   0.08 47 -1.00  0.96 1.99e-09 7.63e-10 1   0.08 32 -1.00  0.85 1.61e-09 6.87e-10 1   0.14 96  1.14  0.18 3.49e-09 2.92e-09 1   0.14 90  1.14  0.51 2.32e-09 1.40e-09 1   0.05 95 -5.86  0.16 1.58e-09 1.35e-09  0  -0.82
RND_AK    222.2/-0.00 1   0.11 73  2.14  2.49 2.81e-09 2.32e-10 1   0.13 37  2.14  2.40 2.19e-09 1.99e-10 1   0.16 97  2.44  0.42 3.68e-09 2.42e-09 1   0.13 95  2.44  0.51 2.47e-09 1.48e-09 1   0.16 90  2.50 -0.62 1.26e-09 2.34e-09  0  -0.82
TRF_AK    224.2/-0.00 1   0.16 34  0.02  0.30 3.55e-09 2.62e-09 1   0.12 42  0.02  0.05 2.51e-09 2.38e-09 1   0.21 93  4.02  0.28 3.80e-09 2.89e-09 1   0.68 26  4.02  0.92 5.32e-09 2.12e-09 1   0.23 94 -0.50  0.33 4.58e-09 3.28e-09  0  -0.82
PS11_PS   235.8/-0.00 1   0.36 59  2.72  1.17 9.43e-09 2.93e-09 1   0.17 61  2.72  0.66 5.18e-09 2.67e-09 1   0.17 96  5.22 -0.04 4.64e-09 4.85e-09 1   0.18 95  5.22  0.12 3.77e-09 3.35e-09 1   0.13 94  2.32  0.16 3.38e-09 2.87e-09  0  -0.82
EYAK_AK   238.4/-0.00 1   0.26 53  2.94 -0.45 4.57e-09 7.14e-09 1   0.21 68  2.94 -0.49 4.00e-09 6.52e-09 1   0.49 95  5.54  0.52 9.34e-09 5.56e-09 1   0.27 88  5.54 -0.01 4.49e-09 4.55e-09 1   0.06 82 -9.64  0.18 8.47e-10 7.05e-10  0  -0.82
PS12_PS   245.0/-0.00 1   0.22 43  0.92 -0.24 3.93e-09 4.97e-09 1   0.13 81  0.92  0.32 6.24e-09 4.54e-09 1   0.16 97  5.08  0.02 5.25e-09 5.17e-09 1   0.18 95  5.08 -0.32 3.08e-09 4.24e-09 1   0.26 82  0.22  0.29 3.41e-09 2.54e-09  0  -0.82
CAST_AK   250.1/-0.00 1   0.13 87  0.52  0.15 7.05e-09 6.08e-09 1   0.11 92  0.52  0.33 7.66e-09 5.52e-09 1   0.27 89  6.08  0.16 4.65e-09 3.98e-09 1   0.24 76  6.08  0.02 3.14e-09 3.09e-09 1   0.10 96  1.46  0.11 3.38e-09 3.04e-09  0  -0.82
MCK_AK    257.2/-0.00 1   0.08 61  2.96  1.69 2.02e-09 3.72e-10 1   0.19 41  2.96  2.38 3.57e-09 3.31e-10 1   0.17 97  4.68  0.49 4.06e-09 2.49e-09 1   0.13 93  4.68  0.32 2.25e-09 1.63e-09 1   0.15 92  3.74 -0.47 1.58e-09 2.53e-09  0  -0.82
PAX_AK    279.1/-0.00 1   0.11 45  2.10  1.35 2.18e-09 5.69e-10 1   0.09 46  2.10  1.45 1.95e-09 4.59e-10 1   0.17 93  7.22  0.13 3.82e-09 3.35e-09 1   0.12 94  7.22 -0.02 2.74e-09 2.79e-09 1   0.14 88  1.96 -0.06 2.21e-09 2.35e-09  0  -0.82
BMR_AK    281.3/-0.00 1   0.26 40 -2.90 -0.55 3.24e-09 5.61e-09 1   0.21 49 -2.90 -0.65 2.68e-09 5.11e-09 1   0.25 93  5.86  0.21 5.95e-09 4.81e-09 1   0.28 93  5.86 -0.44 3.14e-09 4.85e-09 1   0.16 88 -0.50  0.45 2.95e-09 1.88e-09  0  -0.82
GOAT_AK   288.0/-0.00 1   0.23 69  2.50 -1.38 1.60e-09 6.37e-09 1   0.24 35  2.50 -0.91 2.33e-09 5.80e-09 1   0.37 78  7.92 -0.23 3.91e-09 4.91e-09 1   0.34 88  7.92 -0.31 3.67e-09 5.00e-09 1   0.26 85  7.16  1.01 3.18e-09 1.16e-09  0  -0.82
MID_AT    293.3/-0.00 1   0.53  1  0.50  0.51 9.82e-09 5.88e-09 1   0.32 29  0.50 -0.14 4.66e-09 5.35e-09 1   0.50 45  5.88 -0.32 3.14e-09 4.34e-09 1   0.49 82  5.88  0.33 6.03e-09 4.31e-09 1   0.52 84  4.80  1.05 6.28e-09 2.19e-09  0  -0.82
RAG_AK    299.3/-0.00 1   0.29 16 -2.06 -0.89 2.63e-09 6.42e-09 1   0.24 47 -2.06 -0.60 3.20e-09 5.84e-09 1   0.42 71  8.66  0.04 5.15e-09 4.93e-09 1   0.40 80  8.66 -0.31 3.61e-09 4.95e-09 1   0.25 51 -6.06  0.81 1.95e-09 8.71e-10  0  -0.82
PS10_PS   300.3/-0.00 1   0.11 51  0.60  0.72 2.50e-09 1.22e-09 1   0.10 34  0.60  0.67 2.10e-09 1.08e-09 1   0.20 98  2.66  0.44 4.44e-09 2.87e-09 1   0.35 66  2.66  0.14 2.64e-09 2.30e-09 1   0.60 54 -3.06  0.65 3.41e-09 1.79e-09  0  -0.82
CHUM_AK   301.0/-0.00 1   0.18 65 -0.24 -0.44 3.64e-09 5.67e-09 1   0.16 70 -0.24 -0.17 4.28e-09 5.10e-09 1   0.40 58  3.80 -0.29 2.71e-09 3.61e-09 1   0.54 44  3.80  0.14 3.62e-09 3.14e-09 1   0.31 60 -0.28 -0.52 1.91e-09 3.20e-09  0  -0.82
NICH_AK   341.9/-0.00 1   0.32 26 -0.52 -0.31 4.26e-09 5.82e-09 1   0.27 56 -0.52  0.03 5.42e-09 5.27e-09 1   0.58 25  6.96 -0.57 2.78e-09 4.89e-09 1   0.25 92  6.96  0.12 5.04e-09 4.45e-09 1   0.09 83  9.24  0.27 1.17e-09 8.92e-10  0  -0.82
PS09_PS   342.7/-0.00 1   0.14 61  1.78  0.86 3.61e-09 1.52e-09 1   0.20  0  1.78  0.54 2.33e-09 1.36e-09 1   0.25 85  4.30  0.42 3.99e-09 2.61e-09 1   0.41 63  4.30  0.53 3.23e-09 1.91e-09 1   0.40 40 -2.04  0.73 2.96e-09 1.43e-09  0  -0.82
BERG_AK   348.1/-0.00 1   0.28 11  1.64 -0.67 2.86e-09 5.57e-09 1   0.19 43  1.64 -0.90 2.05e-09 5.04e-09 1   0.49 41  7.20 -0.72 2.37e-09 4.86e-09 1   0.33 82  7.20 -0.67 2.27e-09 4.41e-09 1   0.27 63 -10.00  0.64 2.28e-09 1.20e-09  0  -0.82
MCAR_AK   358.7/-0.00 1   0.13 58  3.00 -0.47 2.29e-09 3.65e-09 1   0.14 27  3.00 -0.53 1.94e-09 3.31e-09 1   0.29 82  5.86 -0.19 3.78e-09 4.55e-09 1   0.41 70  5.86 -0.06 3.80e-09 4.05e-09 1   0.16 83  0.86 -0.23 2.13e-09 2.66e-09  0  -0.82
SUCK_AK   359.5/-0.00 1   0.25 54 -2.26 -0.18 4.80e-09 5.73e-09 1   0.32  0 -2.26 -0.38 3.54e-09 5.17e-09 1   0.56 20  7.76 -0.69 2.39e-09 4.77e-09 1   0.39 82  7.76  0.12 4.86e-09 4.32e-09 1   0.26 64 -4.82  1.24 2.58e-09 7.46e-10  0  -0.82
KHIT_AK   369.3/-0.00 1   0.19 59  1.12 -0.26 4.04e-09 5.22e-09 1   0.22 39  1.12 -0.48 2.91e-09 4.71e-09 1   0.38 69  7.02 -0.43 3.06e-09 4.71e-09 1   0.33 76  7.02 -0.43 2.79e-09 4.28e-09 1   0.12 70  6.46 -0.17 1.18e-09 1.41e-09  0  -0.82
GRIN_AK   372.4/-0.00 1   0.31 43 -2.80 -0.08 4.97e-09 5.38e-09 1   0.30 39 -2.80 -0.00 4.83e-09 4.85e-09 1   0.54 19  7.24 -0.85 2.01e-09 4.69e-09 1   0.30 81  7.24 -0.20 3.51e-09 4.27e-09 1   0.18 58  8.88  0.13 1.31e-09 1.15e-09  0  -0.82
PS08_PS   374.6/-0.00 1   0.05 23  0.14 -2.20 1.31e-10 1.18e-09 1   0.08 43  0.14  0.41 1.59e-09 1.05e-09 1   0.24 14  5.06 -1.12 7.14e-10 2.20e-09 1   0.12 84  5.06  0.14 1.72e-09 1.49e-09 1   0.19 39 10.00 -0.54 9.60e-10 1.64e-09  0  -0.82
DOT_AK    380.5/-0.00 1   0.07 26 -2.64 -0.08 1.07e-09 1.15e-09 1   0.11 38 -2.64  0.68 2.02e-09 1.02e-09 1   0.90 38 -8.84  0.61 5.40e-09 2.94e-09 1   0.42 31 -8.84  0.28 3.14e-09 2.39e-09 1   0.27 48 -0.54 -0.39 1.49e-09 2.19e-09  0  -0.82
BGLC_AK   381.7/-0.00 1   0.59  0 -2.60  0.59 9.77e-09 5.40e-09 1   0.74 61 -2.60  1.08 1.43e-08 4.86e-09 1   0.56 13  7.46 -0.83 2.01e-09 4.59e-09 1   0.48 74  7.46  0.26 5.48e-09 4.21e-09 1   0.26 50 -5.76  0.82 2.15e-09 9.44e-10  0  -0.82
COLA_IU   392.7/-0.00 1   0.10 56 -0.32  1.37 1.73e-09 4.40e-10 1   0.10 30 -0.32  1.43 1.64e-09 3.92e-10 1   0.20 56  3.60 -0.18 1.74e-09 2.08e-09 1   0.10 89  3.60 -0.01 1.36e-09 1.37e-09 1   0.15 80  3.10 -0.56 1.23e-09 2.15e-09  0  -0.82
MDM_AK    398.1/-0.00 1   0.13 44 -2.94  2.41 2.04e-09 1.84e-10 1   0.09  0 -2.94  2.22 1.46e-09 1.60e-10 1   0.22 47  5.22 -0.17 1.74e-09 2.07e-09 1   0.14 83  5.22  0.04 1.48e-09 1.42e-09 1   0.19 69  2.72 -0.82 1.03e-09 2.32e-09  0  -0.82
KULT_AK   404.3/-0.00 1   0.19 53 -3.00 -0.51 2.97e-09 4.97e-09 1   0.55 48 -3.00  0.84 1.04e-08 4.47e-09 1   0.47 36  8.02 -1.01 1.60e-09 4.38e-09 1   0.40 56  8.02 -0.41 2.69e-09 4.08e-09 1   0.16 54  7.54 -0.12 1.11e-09 1.25e-09  0  -0.82
SCRK_AK   406.8/-0.00 1   0.09 55  0.70  0.11 1.54e-09 1.39e-09 1   0.07 31  0.70 -0.14 1.07e-09 1.23e-09 1   0.17 80  3.64 -0.13 2.33e-09 2.64e-09 1   0.24 60  3.64  0.08 2.36e-09 2.18e-09 1   0.26 69 -1.46  0.21 2.34e-09 1.90e-09  0  -0.82
BARK_AK   410.0/-0.00 1   0.22 34 -3.00 -0.48 2.90e-09 4.70e-09 1   0.20 25 -3.00 -0.43 2.75e-09 4.23e-09 1   0.48 29 -0.58 -0.88 1.78e-09 4.30e-09 1   0.44 36 -0.58 -0.77 1.86e-09 4.02e-09 1   0.18 74  7.02  0.35 2.13e-09 1.50e-09  0  -0.82
ISLE_AK   411.0/-0.00 1   0.26  0 -0.56 -0.50 2.69e-09 4.43e-09 1   0.18 55 -0.56 -0.05 3.79e-09 3.99e-09 1   0.35 71  8.12 -0.63 2.26e-09 4.27e-09 1   0.43 37  8.12 -0.80 1.78e-09 3.99e-09 1   0.10 87  4.94 -0.41 1.17e-09 1.77e-09  0  -0.82
BAGL_AK   427.8/-0.00 1   0.15 67 -0.38 -0.46 2.74e-09 4.34e-09 1   0.19 23 -0.38 -0.56 2.22e-09 3.90e-09 1   0.47 29 -1.34 -0.91 1.65e-09 4.10e-09 1   0.38 51 -1.34 -0.64 2.03e-09 3.86e-09 1   0.21 75  6.06  0.41 2.49e-09 1.65e-09  0  -0.82
PS07_PS   435.9/-0.00 1   0.08 52  0.78  2.48 1.54e-09 1.29e-10 1   0.01 14  0.78 -0.99 4.12e-11 1.11e-10 1   0.28 36 -10.00 -0.04 1.83e-09 1.90e-09 1   0.17 17 -10.00 -2.85 7.51e-11 1.30e-09 1   0.25 33 -10.00 -3.08 1.05e-10 2.29e-09  0  -0.82
KDAK_II   439.2/-0.00 1   0.35 38  0.30  2.81 5.11e-09 3.06e-10 1   0.30  0  0.30  3.04 5.55e-09 2.66e-10 1   0.17 57 -6.64 -0.44 1.21e-09 1.88e-09 1   0.25  0 -6.64 -0.64 7.86e-10 1.49e-09 1   0.18  5 -10.00 -0.93 5.28e-10 1.34e-09  0  -0.82
MESA_AK   446.9/-0.00 1   0.23 43 -0.72  0.09 4.82e-09 4.42e-09 1   0.23 40 -0.72 -0.18 3.33e-09 3.97e-09 1   0.34 70  6.90 -0.95 1.52e-09 3.93e-09 1   0.42 35  6.90 -0.52 2.20e-09 3.71e-09 1   0.15 38 10.00 -0.36 8.92e-10 1.28e-09  0  -0.82
KAKN_AV   460.8/-0.00 1   0.23 44  1.46  1.69 3.86e-09 7.14e-10 1   0.27 19  1.46  1.92 4.21e-09 6.19e-10 1   0.96 53 -5.24  1.15 6.95e-09 2.21e-09 1   1.02  0 -5.24  1.14 6.11e-09 1.95e-09 1   0.67 28 10.00  1.04 4.77e-09 1.68e-09  0  -0.82
KABU_AV   471.1/-0.00 1   0.38 43 -1.32  2.03 6.02e-09 7.94e-10 1   0.20  0 -1.32  1.45 2.94e-09 6.87e-10 1   4.63 32 -7.42  2.46 2.56e-08 2.18e-09 1   1.22  0 -7.42  1.51 8.61e-09 1.90e-09 1   0.57 15  4.88  0.89 4.14e-09 1.71e-09  0  -0.82
RKAV_AK   473.4/-0.00 1   0.18 55 -1.96 -0.21 3.19e-09 3.94e-09 1   0.26 24 -1.96  0.35 5.00e-09 3.52e-09 1   0.32 74 10.00 -1.00 1.32e-09 3.59e-09 1   0.45  0 10.00 -0.99 1.28e-09 3.44e-09 1   0.12 63  7.34 -0.64 7.66e-10 1.45e-09  0  -0.82
LOGN_AK   475.6/-0.00 1   0.19 56  0.56  0.03 3.41e-09 3.31e-09 1   0.22 52  0.56  0.34 4.17e-09 2.96e-09 1   0.29 80  7.80 -1.14 1.11e-09 3.47e-09 1   0.36 29  7.80 -1.05 1.17e-09 3.34e-09 1   0.11 85  4.76 -0.26 1.50e-09 1.95e-09  0  -0.82
TABL_AK   479.1/-0.00 1   0.13 66  0.22 -0.48 2.30e-09 3.71e-09 1   0.12 68  0.22 -0.32 2.40e-09 3.32e-09 1   0.41 18 -5.98 -1.20 1.05e-09 3.49e-09 1   0.25 74 -5.98 -0.73 1.62e-09 3.36e-09 1   0.14 62  4.40 -0.32 1.15e-09 1.59e-09  0  -0.82
PS06_PS   490.5/-0.00 1   0.16 15  0.56  0.95 2.63e-09 1.02e-09 1   0.05 48  0.56  0.08 9.77e-10 9.03e-10 1   0.21 64  8.06  0.01 1.78e-09 1.77e-09 1   0.39  0  8.06  0.61 2.23e-09 1.21e-09 1   0.42 41 -10.00  0.02 2.54e-09 2.49e-09  0  -0.82
INPUT_PAR scak_41 P_win 15 S_win 100 P 2.5e-8 p 2 NCOM 5 spiB 20 spiS 60 Body:2.00-5.00. Surf:16.67-40.00 FMT false
