Event 20090407201255351 Model scak_031 FM 230.0000 60.5013 -50.0000 Mw 4.60 rms 1.643e-09   282 ERR   0   0   0 ISO 0.00 0.00 CLVD 0.00 0.00 VR 50.5 data2 3.320e-09
# Hypocenter_sac_header elat 6.145420e+01 elon -1.497428e+02 edep 3.303360e+01
# tensor = 1.000e+23 -0.1656 -0.4205  0.5057  0.8223 -0.0112 -0.6566
# norm L2    # Pwin 15 Swin 120    # N 19 Np 19 Ns 0
BIGB_YV    15.9/-0.00 1   3.18 95  0.42  0.33 1.70e-08 1.22e-08 1   4.16  0  0.42 -0.82 2.09e-09 4.75e-09 0  15.53 98  0.82 -0.51 6.35e-09 1.05e-08 0  19.03 95  0.82 -1.04 2.43e-09 6.84e-09 0   3.07 93 -2.04 -1.70 3.85e-10 2.11e-09 0 0
PMR_AT     36.0/-0.00 1   1.19 79 -0.36  0.77 5.00e-09 2.31e-09 1   1.43 56 -0.36  0.13 4.01e-09 3.51e-09 0   2.10 93  1.40 -0.24 3.33e-09 4.25e-09 0   2.92 95  1.40 -0.38 3.19e-09 4.65e-09 0  11.97 95  2.50 -0.89 2.24e-09 5.43e-09 0 0
KASH_YV    49.0/-0.00 1   5.93 77 -0.74  1.16 9.14e-09 2.86e-09 1   3.84 40 -0.74  0.76 5.58e-09 2.62e-09 0   3.17 94  0.16 -0.34 3.59e-09 5.06e-09 0  24.94 64  0.16 -0.73 3.25e-09 6.73e-09 0  12.66 85  0.68 -0.87 2.13e-09 5.12e-09 0 0
TUPA_YV    78.3/-0.00 1   0.65 96  0.00 -0.42 3.68e-09 5.60e-09 1   0.60 97  0.00 -0.52 3.05e-09 5.14e-09 0   5.27 46  1.02  0.08 2.33e-09 2.14e-09 0  17.95 59  1.02 -0.31 3.92e-09 5.37e-09 0   8.45 85  1.36 -0.51 3.29e-09 5.48e-09 0 0
LSUM_YV    88.3/-0.00 1   0.61 71 -0.62  0.95 2.34e-09 9.01e-10 1   0.84 63 -0.62  1.08 2.73e-09 9.26e-10 0   4.66 62 -0.88 -0.50 1.78e-09 2.93e-09 0   5.88 75 -0.88 -0.68 1.78e-09 3.53e-09 0   9.33 93  1.18 -0.95 1.92e-09 4.96e-09 0 0
MPEN_YV    89.5/-0.00 1   0.52 88  1.12  0.15 3.99e-09 3.43e-09 1   1.62 32  1.12 -0.53 2.03e-09 3.43e-09 0   6.12 47 -0.38 -0.99 1.11e-09 2.99e-09 0   2.22 86 -0.38  0.42 2.69e-09 1.77e-09 0   0.44 84  2.36 -0.36 8.98e-10 1.29e-09 0 0
DEVL_YV   101.0/-0.00 1   0.66 42  0.90  0.77 2.11e-09 9.76e-10 1   0.38 69  0.90  0.45 1.79e-09 1.14e-09 0   5.10 71 -1.16 -0.75 1.59e-09 3.34e-09 0   2.73 88 -1.16 -0.59 1.58e-09 2.86e-09 0   7.21 98  0.34 -0.98 1.70e-09 4.54e-09 0 0
BLAK_YV   104.1/-0.00 1   3.25 87  0.04  0.31 1.23e-08 9.03e-09 1   3.61 93  0.04  0.47 1.35e-08 8.42e-09 0   3.48 65  1.22  0.14 2.35e-09 2.03e-09 0   9.95 87  1.22 -0.47 3.73e-09 5.98e-09 0   8.44 94  1.40 -0.99 1.74e-09 4.69e-09 0 0
LSKI_YV   115.0/-0.00 1   1.22 61  0.42 -0.64 2.10e-09 3.96e-09 1   1.41 46  0.42 -0.67 1.97e-09 3.85e-09 0   4.49 82 -0.26 -0.85 1.46e-09 3.42e-09 0   0.62 89 -0.26  0.03 1.73e-09 1.68e-09 0   1.36 32 11.00  0.56 8.82e-10 5.02e-10 0 0
AVAL_YV   122.1/-0.00 1   0.41 70 -1.72  1.47 2.29e-09 5.23e-10 1   0.52 66 -1.72  1.74 2.87e-09 5.04e-10 0   5.26 77 -0.30 -0.63 1.98e-09 3.70e-09 0   3.79 72 -0.30 -0.51 1.76e-09 2.94e-09 0   9.95 96 -0.26 -0.97 2.00e-09 5.29e-09 0 0
PERI_YV   127.3/-0.00 1  25.97 77  0.22  1.03 2.38e-08 8.50e-09 1  20.70 76  0.22  0.93 2.02e-08 7.94e-09 0   3.87 81  2.06 -0.50 1.99e-09 3.27e-09 0   2.80 93  2.06 -0.12 4.30e-09 4.83e-09 0   6.25 95  1.20 -1.09 1.35e-09 4.03e-09 0 0
SWD_AK    151.2/-0.00 1   0.45 62 -1.20  0.13 2.15e-09 1.89e-09 1   0.30 53 -1.20 -0.34 1.28e-09 1.79e-09 0   3.64 90  0.54 -0.53 2.48e-09 4.22e-09 0   1.97 83  0.54 -1.00 8.59e-10 2.33e-09 0   8.59 91  1.08 -0.97 1.81e-09 4.77e-09 0 0
HEAD_YV   162.1/-0.00 1   0.20 73 -1.36 -0.31 1.41e-09 1.92e-09 1   0.57 50 -1.36  0.27 2.38e-09 1.81e-09 0   6.31 85  0.36 -0.76 2.05e-09 4.37e-09 0   1.02 86  0.36 -0.41 1.50e-09 2.27e-09 0   9.47 96 -0.90 -1.11 1.57e-09 4.75e-09 0 0
PPLA_AK   205.1/-0.00 1   1.96 73 -0.20 -0.33 4.33e-09 6.04e-09 1   1.39 80 -0.20  0.00 5.60e-09 5.59e-09 0   3.55 87  5.54 -0.16 3.32e-09 3.90e-09 0   2.21 87  5.54  0.03 3.23e-09 3.15e-09 0   7.56 98 -1.08 -0.83 2.15e-09 4.96e-09 0 0
DIV_AK    215.7/-0.00 1   1.52 85 -0.08 -0.23 5.53e-09 6.99e-09 1   2.57 71 -0.08 -0.09 5.93e-09 6.47e-09 0   4.92 86  5.22  0.02 4.07e-09 3.99e-09 0   4.95 71  5.22  0.01 2.90e-09 2.86e-09 0   2.34 93 -4.72 -0.72 1.35e-09 2.78e-09 0 0
RND_AK    222.2/-0.00 1   0.20 78  0.20  0.70 2.30e-09 1.14e-09 1   0.47 45  0.20  0.62 2.00e-09 1.07e-09 0   2.48 94  5.66 -0.51 2.38e-09 3.95e-09 0   5.21 87  5.66 -0.87 1.60e-09 3.80e-09 0   0.79 91  0.22 -0.71 8.17e-10 1.66e-09 0 0
TRF_AK    224.2/-0.00 1   0.70 42 -0.68  0.69 2.47e-09 1.24e-09 1   0.34 46 -0.68  0.41 1.67e-09 1.11e-09 0   3.65 88  6.16 -0.50 2.49e-09 4.11e-09 0  15.38 38  6.16 -0.07 3.49e-09 3.74e-09 0   3.81 92 -3.02 -0.35 2.99e-09 4.24e-09 0 0
EYAK_AK   238.4/-0.00 1   3.13 68  2.32 -0.64 3.57e-09 6.75e-09 1   2.41 72  2.32 -0.53 3.68e-09 6.23e-09 0  13.53 87  5.88  0.47 6.23e-09 3.89e-09 0   7.41 75  5.88 -0.04 3.65e-09 3.80e-09 0   2.05 72  1.80 -1.21 5.65e-10 1.89e-09 0 0
CAST_AK   250.1/-0.00 1   0.68 84 -0.32  0.13 5.08e-09 4.48e-09 1   0.41 91 -0.32  0.28 5.44e-09 4.10e-09 0   3.58 87  6.44 -0.31 3.01e-09 4.11e-09 0   4.13 80  6.44 -0.48 2.17e-09 3.53e-09 0  10.31 96 -1.94 -0.90 2.20e-09 5.38e-09 0 0
INPUT_PAR scak_31 P_win 15 S_win 120 P 3e-8 p 2 NCOM 5 spiB 20 spiS 60 Body:2.00-5.00. Surf:16.67-40.00 FMT false
