Event 20090407201255351 Model scak_047 FM 20.0000 42.3872 -90.0000 Mw 4.60 rms 2.685e-05  3720 ERR   0   0   0 ISO 0.00 0.00 CLVD 0.00 0.00 VR 81.1 data2 6.174e-05
# Hypocenter_sac_header elat 6.145420e+01 elon -1.497428e+02 edep 3.303360e+01
# tensor = 1.000e+23  0.1165 -0.3201  0.0312  0.8794 -0.0856 -0.9958
# norm L1    # Pwin 15 Swin 120    # N 21 Np 0 Ns 21
BIGB_YV    15.9/-0.00 0   6.35 83 -1.42  0.86 1.80e-08 7.57e-09 0   2.99  8 -1.42  0.99 5.21e-09 1.93e-09 1   1.13 99 -1.38  0.03 6.34e-09 6.17e-09 1   1.04 98 -1.38 -0.24 2.43e-09 3.09e-09 0   0.20 94 -4.96 -0.06 3.87e-10 4.12e-10 0 0
PMR_AT     36.0/-0.00 0   3.36 55 -1.58  0.49 6.15e-09 3.76e-09 0   4.10 41 -1.58  1.64 1.09e-08 2.11e-09 1   0.77 99  0.04 -0.12 3.33e-09 3.74e-09 1   1.18 98  0.04 -0.20 3.18e-09 3.89e-09 1   0.89 96  0.42  0.07 2.24e-09 2.08e-09 0 0
KASH_YV    49.0/-0.00 0   5.90 65  2.48  1.41 9.99e-09 2.45e-09 0   4.74 11  2.48  1.92 1.13e-08 1.65e-09 1   1.67 95 -1.38 -0.01 3.59e-09 3.62e-09 1   4.22 62 -1.38 -0.06 3.26e-09 3.47e-09 1   1.62 86 -0.92 -0.02 2.13e-09 2.17e-09 0 0
MPEN_YV    89.5/-0.00 0   1.66 89  0.82  0.90 4.10e-09 1.66e-09 0   1.32 31  0.82  0.24 1.70e-09 1.34e-09 1   1.14 95  4.04 -0.47 1.11e-09 1.77e-09 1   1.88 89  4.04  0.34 2.69e-09 1.92e-09 1   0.96 86  0.62  0.37 8.98e-10 6.21e-10 0 0
DEVL_YV   101.0/-0.00 0   1.12 62  1.60  0.50 2.26e-09 1.37e-09 0   0.99 67  1.60  0.56 1.93e-09 1.10e-09 1   0.99 91  3.14 -0.02 1.59e-09 1.61e-09 1   1.04 95  3.14 -0.26 1.58e-09 2.05e-09 1   1.21 99 -0.24 -0.40 1.70e-09 2.53e-09 0 0
BLAK_YV   104.1/-0.00 0   2.92 84 -0.22  0.23 1.22e-08 9.71e-09 0   2.94 92 -0.22  0.49 1.35e-08 8.30e-09 1   1.66 87  2.38  0.07 2.35e-09 2.20e-09 1   2.11 92  2.38 -0.02 3.73e-09 3.79e-09 1   1.59 95  0.46 -0.39 1.75e-09 2.59e-09 0 0
NSKI_YV   121.0/-0.00 0   2.04 58  0.60  1.11 3.88e-09 1.28e-09 0   2.19  2  0.60  1.31 3.91e-09 1.06e-09 1   2.48 68  5.08  0.51 2.51e-09 1.52e-09 1   4.65 90  5.08  0.74 5.04e-09 2.41e-09 1   4.00 88  2.32  0.49 3.81e-09 2.34e-09 0 0
AVAL_YV   122.1/-0.00 0   0.73 85 -0.26 -0.18 2.27e-09 2.71e-09 0   0.72 83 -0.26  0.21 2.88e-09 2.34e-09 1   1.06 98  3.42  0.34 1.98e-09 1.41e-09 1   1.89 87  3.42 -0.41 1.76e-09 2.65e-09 1   1.45 97 -0.62 -0.34 2.00e-09 2.82e-09 0 0
PERI_YV   127.3/-0.00 0   7.26 76  0.10  0.82 2.38e-08 1.05e-08 0   6.86 73  0.10  0.78 2.02e-08 9.27e-09 1   1.65 85  3.02  0.10 1.99e-09 1.81e-09 1   1.69 96  3.02 -0.04 4.30e-09 4.46e-09 1   1.16 95  0.28 -0.41 1.35e-09 2.04e-09 0 0
SOLD_YV   132.0/-0.00 0   2.26 71  2.24  2.35 4.79e-09 4.59e-10 0   3.70  0  2.24  2.84 5.45e-09 3.19e-10 1   0.82 92  5.40  0.11 1.50e-09 1.34e-09 1   3.33 95  5.40  0.75 4.90e-09 2.30e-09 1   1.49 88  2.22  0.14 1.69e-09 1.46e-09 0 0
SWD_AK    151.2/-0.00 0   0.63 87  0.30  0.05 2.16e-09 2.05e-09 0   0.56 78  0.30 -0.35 1.26e-09 1.79e-09 1   2.07 95  3.76  0.50 2.48e-09 1.51e-09 1   2.44 89  3.76 -1.07 8.60e-10 2.51e-09 1   1.11 96  0.86 -0.29 1.81e-09 2.41e-09 0 0
HEAD_YV   162.1/-0.00 0   0.80 65  0.18 -0.39 1.40e-09 2.08e-09 0   0.61 89  0.18  0.26 2.37e-09 1.84e-09 1   1.51 88  4.08  0.20 2.05e-09 1.67e-09 1   1.75 87  4.08 -0.44 1.50e-09 2.34e-09 1   1.50 94 -0.92 -0.41 1.56e-09 2.35e-09 0 0
PPLA_AK   205.1/-0.00 0   2.58 72 -0.02 -0.52 4.33e-09 7.31e-09 0   2.08 78 -0.02 -0.16 5.60e-09 6.59e-09 1   1.90 94  2.98  0.11 3.32e-09 2.96e-09 1   1.76 93  2.98  0.31 3.23e-09 2.38e-09 1   0.70 98  0.06 -0.11 2.15e-09 2.41e-09 0 0
DIV_AK    215.7/-0.00 0   2.83 85  0.06 -0.57 5.53e-09 9.75e-09 0   3.08 71  0.06 -0.40 5.93e-09 8.81e-09 1   2.31 94  5.12  0.02 4.07e-09 3.97e-09 1   1.80 90  5.12  0.13 2.90e-09 2.55e-09 1   1.13 83 -2.16  0.28 1.35e-09 1.02e-09 0 0
DHY_AK    218.5/-0.00 0   0.70 40 -3.00  1.56 1.47e-09 3.08e-10 0   0.65 41 -3.00  1.47 1.19e-09 2.73e-10 1   0.84 97  1.94 -0.01 2.24e-09 2.27e-09 1   0.89 91  1.94  0.02 1.53e-09 1.50e-09 1   0.98 83 -1.74 -0.05 1.02e-09 1.07e-09 0 0
RND_AK    222.2/-0.00 0   0.95 77  0.68  2.57 2.29e-09 1.75e-10 0   1.11 51  0.68  2.53 1.97e-09 1.58e-10 1   0.63 98  1.66  0.06 2.38e-09 2.25e-09 1   0.71 95  1.66  0.05 1.60e-09 1.52e-09 1   0.41 96  0.40  0.03 8.17e-10 7.91e-10 0 0
EYAK_AK   238.4/-0.00 0   4.17 66  2.54 -1.04 3.52e-09 9.99e-09 0   3.56 73  2.54 -0.94 3.52e-09 9.01e-09 1   4.79 91  6.26  0.42 6.23e-09 4.10e-09 1   1.66 94  6.26  0.29 3.64e-09 2.74e-09 1   0.68 69 -1.28  0.74 5.66e-10 2.70e-10 0 0
CAST_AK   250.1/-0.00 0   1.40 87 -0.04 -0.09 5.07e-09 5.56e-09 0   0.91 93 -0.04  0.08 5.44e-09 5.00e-09 1   1.39 96  3.52 -0.06 3.01e-09 3.20e-09 1   1.74 85  3.52 -0.05 2.18e-09 2.29e-09 1   1.36 93 -0.96 -0.09 2.20e-09 2.40e-09 0 0
MCK_AK    257.2/-0.00 0   0.87 61  1.56  2.54 2.06e-09 1.63e-10 0   1.54 53  1.56  2.70 2.29e-09 1.54e-10 1   0.81 97  2.76  0.10 2.61e-09 2.37e-09 1   0.71 96  2.76 -0.00 1.60e-09 1.60e-09 1   0.43 97  0.56  0.09 1.03e-09 9.45e-10 0 0
PAX_AK    279.1/-0.00 0   1.17 45  1.16 -0.26 1.75e-09 2.27e-09 0   1.21 46  1.16 -0.05 1.93e-09 2.04e-09 1   1.11 96  3.46  0.05 2.77e-09 2.65e-09 1   1.14 93  3.46 -0.10 1.79e-09 1.97e-09 1   1.65 88 -1.50 -0.40 1.44e-09 2.16e-09 0 0
BMR_AK    281.3/-0.00 0   4.46 33 -3.00 -1.43 2.24e-09 9.37e-09 0   3.68 48 -3.00 -1.48 1.92e-09 8.43e-09 1   2.58 91  7.22  0.12 4.22e-09 3.73e-09 1   2.88 84  7.22 -0.29 2.51e-09 3.34e-09 1   1.85 78 -1.72  0.75 1.96e-09 9.31e-10 0 0
INPUT_PAR scak_47 P_win 15 S_win 120 P 3e-8 p 2 NCOM 5 spiB 20 spiS 60 Body:2.00-5.00. Surf:16.67-40.00 FMT false
