Event 20090407201255351 Model scak_023 FM 0.0000 68.3274 -40.0000 Mw 5.20 rms 3.427e-05 13056 ERR   0   0   0 ISO 0.00 0.00 CLVD 0.00 0.00 VR 1.9 data2 3.494e-05
# Hypocenter_sac_header elat 6.145420e+01 elon -1.497428e+02 edep 3.303360e+01
# tensor = 7.943e+23 -0.0000  0.7119 -0.2829  0.4412  0.4675 -0.4412
# norm L2    # Pwin 15 Swin 120    # N 67 Np 67 Ns 67
BIGB_YV    15.9/-0.00 1   0.00 46  0.26  0.71 1.53e-09 7.53e-10 1   0.00 45  0.26 -2.14 1.40e-10 1.19e-09 1   0.00 92 -0.20 -0.15 8.00e-10 9.26e-10 1   0.00 80 -0.20 -1.18 3.05e-10 9.90e-10 1   0.00 79 -8.24 -2.63 4.85e-11 6.73e-10 0 0
ALPI_YV    25.7/-0.00 1   0.01 98  1.16 -3.49 5.76e-10 1.89e-08 1   0.01 96  1.16 -3.44 4.80e-10 1.50e-08 1   0.03  0  4.20 -2.55 7.47e-10 9.54e-09 1  21.60 84  4.20  2.70 2.28e-07 1.53e-08 1   5.10 63 11.62  3.50 1.05e-07 3.16e-09 0 0
PMR_AT     36.0/-0.00 1   0.00 30  2.46 -4.20 1.71e-10 1.15e-08 1   0.00 68  2.46 -4.48 1.21e-10 1.07e-08 1   0.03 95  6.78 -3.16 4.20e-10 9.93e-09 1   0.01 86  6.78 -2.63 4.02e-10 5.58e-09 1   0.01 90 -3.04 -2.89 2.82e-10 5.09e-09 0 0
RC01_AK    40.7/-0.00 1   0.00 94  1.00 -2.25 5.81e-10 5.50e-09 1   0.00 87  1.00 -2.41 4.85e-10 5.38e-09 1   0.01 51  2.08 -2.71 2.87e-10 4.31e-09 1   0.01 92  2.08 -1.61 1.55e-09 7.77e-09 1   0.02 51  0.94 -1.82 1.25e-09 7.75e-09 0 0
KASH_YV    49.0/-0.00 1   0.00 87  0.52 -1.44 1.15e-09 4.89e-09 1   0.00  0  0.52 -2.14 6.51e-10 5.52e-09 1   0.00 42 -5.02 -1.72 4.53e-10 2.54e-09 1   0.00 44 -5.02 -1.78 4.09e-10 2.42e-09 1   0.00 92 -5.88 -2.29 2.68e-10 2.66e-09 0 0
HOPE_YV    65.1/-0.00 1   0.00 81  2.76 -3.68 1.62e-10 6.45e-09 1   0.00 80  2.76 -3.00 3.22e-10 6.48e-09 1   0.00 84  8.66 -2.59 2.69e-10 3.56e-09 1   0.03 65  8.66 -4.64 9.05e-11 9.35e-09 1   0.02 88 -3.50 -3.03 3.90e-10 8.06e-09 0 0
TUPA_YV    78.3/-0.00 1   0.00 80  0.36 -2.93 4.42e-10 8.24e-09 1   0.00 76  0.36 -3.13 3.57e-10 8.14e-09 1   0.00 34 -9.64 -2.25 2.92e-10 2.76e-09 1   0.03 66 -9.64 -3.09 4.94e-10 1.08e-08 1   0.01 56 -7.08 -2.39 4.14e-10 4.50e-09 0 0
SAW_AK     84.5/-0.00 1   0.01 92  0.22 -4.66 1.59e-10 1.69e-08 1   0.01 90  0.22 -4.99 1.17e-10 1.72e-08 1   0.01 62  3.16 -3.93 8.74e-11 4.47e-09 1   0.01 34  3.16 -3.83 1.16e-10 5.38e-09 1   0.00 71 -10.82 -3.14 1.40e-10 3.22e-09 0 0
LSUM_YV    88.3/-0.00 1   0.00 69  1.28 -1.56 2.93e-10 1.39e-09 1   0.00 77  1.28 -1.30 3.44e-10 1.27e-09 1   0.00 65  8.58 -2.39 2.23e-10 2.44e-09 1   0.01 59  8.58 -3.19 2.24e-10 5.45e-09 1   0.02 75 -9.22 -3.41 2.41e-10 7.30e-09 0 0
MPEN_YV    89.5/-0.00 1   0.00 57  2.60 -2.96 4.97e-10 9.63e-09 1   0.00 21  2.60 -3.56 2.69e-10 9.50e-09 1   0.00 33  2.50 -2.47 1.39e-10 1.65e-09 1   0.01 54  2.50 -2.59 3.39e-10 4.52e-09 1   0.02 86  0.54 -4.18 1.13e-10 7.39e-09 0 0
DEVL_YV   101.0/-0.00 1   0.00 56 -2.30 -0.63 2.55e-10 4.79e-10 1   0.00 32 -2.30 -0.89 2.24e-10 5.45e-10 1   0.00 82 10.02 -2.52 2.00e-10 2.48e-09 1   0.01 97 10.02 -3.14 1.98e-10 4.60e-09 1   0.02 81 -7.66 -3.68 2.14e-10 8.45e-09 0 0
BLAK_YV   104.1/-0.00 1   0.00 60  1.66 -0.79 1.55e-09 3.43e-09 1   0.00 78  1.66 -0.63 1.69e-09 3.18e-09 1   0.00 60  9.88 -2.49 2.95e-10 3.57e-09 1   0.01 91  9.88 -2.69 4.68e-10 6.88e-09 1   0.00 93  2.38 -2.36 2.19e-10 2.31e-09 0 0
RUSS_YV   108.8/-0.00 1   0.00 84  2.32 -2.47 3.21e-10 3.80e-09 1   0.00 88  2.32 -2.03 4.86e-10 3.72e-09 1   0.00 39 -10.82 -2.21 1.96e-10 1.80e-09 1   0.00 29 -10.82 -2.45 2.34e-10 2.72e-09 1   0.03 56 -9.92 -3.48 2.83e-10 9.20e-09 0 0
LSKI_YV   115.0/-0.00 1   0.00 47  2.58 -3.40 2.21e-10 6.62e-09 1   0.00 34  2.58 -3.27 2.44e-10 6.40e-09 1   0.00 27  5.88 -1.97 1.84e-10 1.31e-09 1   0.00 82  5.88 -2.57 2.19e-10 2.85e-09 1   0.02 52  4.24 -4.33 1.14e-10 8.63e-09 0 0
NSKI_YV   121.0/-0.00 1   0.00 70  1.62 -3.00 4.81e-10 9.66e-09 1   0.00  0  1.62 -2.95 4.86e-10 9.25e-09 1   0.00 31  4.48 -2.12 3.16e-10 2.63e-09 1   0.01 77  4.48 -1.95 6.35e-10 4.47e-09 1   0.00 90  1.76 -2.09 4.77e-10 3.84e-09 0 0
AVAL_YV   122.1/-0.00 1   0.00 55 -1.26 -0.84 2.90e-10 6.68e-10 1   0.00 47 -1.26 -0.64 3.59e-10 6.81e-10 1   0.00 86  8.00 -2.39 2.49e-10 2.73e-09 1   0.00 84  8.00 -2.85 2.21e-10 3.83e-09 1   0.02 78 -11.16 -3.36 2.51e-10 7.21e-09 0 0
PERI_YV   127.3/-0.00 1   0.00 62 -0.44  0.49 3.00e-09 1.84e-09 1   0.00 59 -0.44  0.40 2.52e-09 1.70e-09 1   0.01 89 10.64 -2.80 2.50e-10 4.12e-09 1   0.01 89 10.64 -2.32 5.40e-10 5.50e-09 1   0.00 95  1.80 -3.20 1.69e-10 4.17e-09 0 0
SOLD_YV   132.0/-0.00 1   0.00  0  0.98 -2.72 5.12e-10 7.78e-09 1   0.00 31  0.98 -2.46 6.36e-10 7.43e-09 1   0.00 28  5.44 -2.59 1.89e-10 2.51e-09 1   0.00 86  5.44 -1.57 6.17e-10 2.95e-09 1   0.01 88  2.08 -3.37 2.14e-10 6.22e-09 0 0
SPBG_AV   142.3/-0.00 1   0.00  0  1.78 -10.53 1.01e-13 3.80e-09 1   0.00 78  1.78 -3.47 1.10e-10 3.54e-09 1   0.01 53 -1.26 -1.74 8.22e-10 4.69e-09 1   0.00 78 -1.26 -0.73 1.83e-09 3.80e-09 1   0.02 16 -0.28 -2.18 8.98e-10 7.96e-09 0 0
SWD_AK    151.2/-0.00 1   0.00 62  0.78 -1.06 2.74e-10 7.89e-10 1   0.00 51  0.78 -1.48 1.88e-10 8.27e-10 1   0.00 90 10.16 -2.18 3.13e-10 2.76e-09 1   0.00 91 10.16 -3.40 1.07e-10 3.22e-09 1   0.02 80 -9.18 -3.58 2.28e-10 8.16e-09 0 0
HEAD_YV   162.1/-0.00 1   0.00 65 -2.68 -1.37 2.01e-10 7.94e-10 1   0.00 61 -2.68 -0.95 3.20e-10 8.28e-10 1   0.00 89 11.04 -2.41 2.59e-10 2.89e-09 1   0.00 86 11.04 -2.81 1.89e-10 3.15e-09 1   0.02 88 -9.62 -3.71 1.97e-10 8.09e-09 0 0
VMT_PS    185.6/-0.00 1   0.00 11  3.00 -0.58 2.31e-09 4.12e-09 1   0.00 36  3.00 -1.43 9.34e-10 3.89e-09 1  32.82 47  4.54  4.26 3.07e-07 4.33e-09 1   8.47 13  4.54  3.33 1.09e-07 3.92e-09 1  30.43 42  9.20  3.18 2.24e-07 9.33e-09 0 0
RDWB_AV   199.4/-0.00 1   0.00  7  1.96 -4.19 8.88e-11 5.87e-09 1   0.00 55  1.96 -3.73 1.31e-10 5.47e-09 1   0.01 46  7.24 -2.84 2.61e-10 4.46e-09 1   0.00 25  7.24 -2.58 2.19e-10 2.89e-09 1   0.00 48 -5.28 -2.54 2.27e-10 2.89e-09 0 0
BRLK_AK   200.2/-0.00 1   0.00 51  1.00 -2.70 2.51e-10 3.74e-09 1   0.00 75  1.00 -2.41 3.12e-10 3.48e-09 1   0.00 56  7.26 -2.22 2.32e-10 2.14e-09 1   0.00 55  7.26 -2.14 1.56e-10 1.32e-09 1   0.02 82  3.64 -4.58 8.44e-11 8.21e-09 0 0
PPLA_AK   205.1/-0.00 1   0.00 66 -1.14 -2.50 5.44e-10 6.60e-09 1   0.00 64 -1.14 -2.20 6.87e-10 6.18e-09 1   0.00 93  0.38 -2.29 4.19e-10 4.12e-09 1   0.00 49  0.38 -1.74 4.06e-10 2.32e-09 1   0.00 89 -3.74 -1.37 2.72e-10 1.06e-09 0 0
DIV_AK    215.7/-0.00 1   0.00 86  1.04 -1.77 6.83e-10 4.02e-09 1   0.00 76  1.04 -1.63 7.33e-10 3.74e-09 1   0.00 77 12.00 -2.15 5.13e-10 4.39e-09 1   0.00 85 12.00 -2.30 3.63e-10 3.60e-09 1   0.02 86 10.14 -3.92 1.70e-10 8.55e-09 0 0
DHY_AK    218.5/-0.00 1   0.00 46 -2.84 -3.32 1.84e-10 5.10e-09 1   0.00 33 -2.84 -3.46 1.49e-10 4.74e-09 1   0.00 75  3.00 -2.15 2.83e-10 2.42e-09 1   0.00 46  3.00 -2.53 1.92e-10 2.40e-09 1   0.01 88  0.04 -3.86 1.29e-10 6.11e-09 0 0
RND_AK    222.2/-0.00 1   0.00 66  1.72 -1.09 2.74e-10 8.13e-10 1   0.00 39  1.72 -1.19 2.25e-10 7.40e-10 1   0.00 85  1.04 -2.10 2.99e-10 2.44e-09 1   0.00 47  1.04 -2.36 2.01e-10 2.13e-09 1   0.02 77 -10.24 -4.43 1.03e-10 8.63e-09 0 0
TRF_AK    224.2/-0.00 1   0.00 48 -1.66 -2.25 3.13e-10 2.98e-09 1   0.00 25 -1.66 -2.56 2.15e-10 2.78e-09 1   0.00 93 -0.50 -2.23 3.14e-10 2.90e-09 1   0.00 59 -0.50 -1.50 4.40e-10 1.98e-09 1   0.02 77 -12.00 -2.97 3.77e-10 7.35e-09 0 0
PS11_PS   235.8/-0.00 1   0.00 67  2.24 -1.99 9.78e-10 7.17e-09 1   0.00 66  2.24 -2.64 4.73e-10 6.65e-09 1   0.00 66 10.06 -2.20 3.86e-10 3.50e-09 1   0.00 72 10.06 -2.12 3.13e-10 2.61e-09 1   0.01 78 -9.30 -2.96 2.68e-10 5.19e-09 0 0
EYAK_AK   238.4/-0.00 1   0.00 55  2.26 -1.16 4.39e-10 1.40e-09 1   0.00 59  2.26 -1.09 4.32e-10 1.28e-09 1   0.00 87 12.00 -1.75 7.84e-10 4.51e-09 1   0.00 95 12.00 -2.22 4.58e-10 4.24e-09 1   0.02 71 -1.42 -4.60 7.12e-11 7.06e-09 0 0
PS12_PS   245.0/-0.00 1   0.00 38  0.44 -2.71 3.45e-10 5.19e-09 1   0.00 83  0.44 -2.15 5.58e-10 4.81e-09 1   0.00 74 11.02 -2.20 4.41e-10 3.99e-09 1   0.00 79 11.02 -2.61 2.48e-10 3.36e-09 1   0.02 77 -10.96 -3.33 2.75e-10 7.70e-09 0 0
CAST_AK   250.1/-0.00 1   0.00 55 -1.28 -2.20 6.34e-10 5.70e-09 1   0.00 58 -1.28 -2.04 6.84e-10 5.28e-09 1   0.00 92  0.60 -2.26 3.79e-10 3.62e-09 1   0.00 61  0.60 -2.26 2.74e-10 2.62e-09 1   0.00 77 12.00 -2.33 2.77e-10 2.86e-09 0 0
MCK_AK    257.2/-0.00 1   0.00 73 -0.16 -0.64 2.12e-10 4.02e-10 1   0.00 43 -0.16 -0.22 3.16e-10 3.95e-10 1   0.00 88  2.72 -1.85 3.28e-10 2.08e-09 1   0.00 73  2.72 -2.34 2.02e-10 2.08e-09 1   0.02 74 -8.82 -4.22 1.30e-10 8.79e-09 0 0
PAX_AK    279.1/-0.00 1   0.00 55  0.64 -3.49 2.18e-10 7.15e-09 1   0.00 45  0.64 -3.47 2.05e-10 6.59e-09 1   0.00 61 10.82 -1.96 3.49e-10 2.47e-09 1   0.00 69 10.82 -2.51 2.23e-10 2.74e-09 1   0.00 67  7.42 -2.82 1.80e-10 3.02e-09 0 0
BMR_AK    281.3/-0.00 1   0.00 30  2.02 -2.56 2.79e-10 3.60e-09 1   0.00 37  2.02 -2.60 2.44e-10 3.28e-09 1   0.00 73 12.00 -2.01 5.32e-10 3.98e-09 1   0.00 79 12.00 -2.50 3.16e-10 3.86e-09 1   0.02 94  9.58 -3.55 2.47e-10 8.61e-09 0 0
GOAT_AK   288.0/-0.00 1   0.00 68  1.84 -2.64 1.69e-10 2.37e-09 1   0.00 39  1.84 -2.29 2.19e-10 2.16e-09 1   0.00 57 12.00 -2.44 3.68e-10 4.21e-09 1   0.00 34 12.00 -2.26 4.31e-10 4.12e-09 1   0.02 43 -7.14 -3.34 2.92e-10 8.24e-09 0 0
MID_AT    293.3/-0.00 1   0.00 31 -1.02 -0.18 8.90e-10 1.06e-09 1   0.00  0 -1.02 -0.97 3.74e-10 9.90e-10 1   0.00 46 12.00 -2.79 2.60e-10 4.23e-09 1   0.00 63 12.00 -1.88 6.51e-10 4.25e-09 1   0.00 88  8.66 -1.12 5.54e-10 1.70e-09 0 0
RAG_AK    299.3/-0.00 1   0.00 56  1.56 -1.89 2.89e-10 1.92e-09 1   0.00 22  1.56 -1.89 2.63e-10 1.73e-09 1   0.01 19 12.00 -2.01 5.61e-10 4.20e-09 1   0.00 25 12.00 -2.17 4.73e-10 4.16e-09 1   0.02 49  3.08 -3.96 1.50e-10 7.90e-09 0 0
PS10_PS   300.3/-0.00 1   0.00 42  2.38 -3.22 2.39e-10 5.95e-09 1   0.00 51  2.38 -3.18 2.25e-10 5.41e-09 1   0.00 55  5.90 -1.73 3.69e-10 2.07e-09 1   0.00 76  5.90 -2.25 2.22e-10 2.10e-09 1   0.01 32  2.80 -2.88 2.60e-10 4.64e-09 0 0
CHUM_AK   301.0/-0.00 1   0.00 49  0.40 -2.90 3.21e-10 5.86e-09 1   0.00 52  0.40 -2.62 3.87e-10 5.33e-09 1   0.00 43 -1.80 -2.68 2.58e-10 3.77e-09 1   0.00 32 -1.80 -2.03 3.57e-10 2.72e-09 1   0.00 79  9.08 -3.00 1.87e-10 3.77e-09 0 0
NICH_AK   341.9/-0.00 1   0.00 33 -1.30 -1.66 4.11e-10 2.15e-09 1   0.00 53 -1.30 -1.48 4.37e-10 1.92e-09 1   0.01 26 12.00 -2.40 3.93e-10 4.34e-09 1   0.00 48 12.00 -1.96 5.50e-10 3.91e-09 1   0.02 82 -3.88 -4.21 1.20e-10 8.09e-09 0 0
PS09_PS   342.7/-0.00 1   0.00 70  2.52 -2.53 4.18e-10 5.23e-09 1   0.00  0  2.52 -3.10 2.13e-10 4.72e-09 1   0.00 44  6.58 -1.74 3.43e-10 1.96e-09 1   0.00 56  6.58 -1.99 2.53e-10 1.84e-09 1   0.01 17  3.42 -3.45 1.94e-10 6.11e-09 0 0
BERG_AK   348.1/-0.00 1   0.00  6  0.96 -2.43 2.38e-10 2.72e-09 1   0.00 58  0.96 -2.57 1.87e-10 2.44e-09 1   0.01  1 12.00 -2.61 3.20e-10 4.35e-09 1   0.00 79 12.00 -2.54 3.00e-10 3.82e-09 1   0.02 52  0.02 -3.72 2.07e-10 8.52e-09 0 0
MCAR_AK   358.7/-0.00 1   0.00 72  2.50 -3.07 2.62e-10 5.63e-09 1   0.00 57  2.50 -2.92 2.73e-10 5.07e-09 1   0.00 57 12.00 -2.36 3.90e-10 4.13e-09 1   0.00 44 12.00 -2.30 3.33e-10 3.33e-09 1   0.02 83 -11.06 -3.91 1.70e-10 8.52e-09 0 0
SUCK_AK   359.5/-0.00 1   0.00 49  0.98 -1.44 4.53e-10 1.91e-09 1   0.00 12  0.98 -1.52 3.73e-10 1.71e-09 1   0.01  0 12.00 -2.68 2.99e-10 4.35e-09 1   0.00 44 12.00 -2.02 5.09e-10 3.85e-09 1   0.02 92  2.92 -3.56 2.22e-10 7.83e-09 0 0
KHIT_AK   369.3/-0.00 1   0.00 61  0.40 -2.12 3.80e-10 3.15e-09 1   0.00 41  0.40 -2.29 2.84e-10 2.82e-09 1   0.00 42 12.00 -2.46 3.68e-10 4.33e-09 1   0.00 40 12.00 -2.14 4.32e-10 3.67e-09 1   0.02 68 -4.86 -4.34 1.13e-10 8.73e-09 0 0
GRIN_AK   372.4/-0.00 1   0.00 50 -0.02 -1.89 4.09e-10 2.70e-09 1   0.00 25 -0.02 -1.84 3.85e-10 2.42e-09 1   0.00  3 12.00 -2.69 2.95e-10 4.34e-09 1   0.00 36 12.00 -2.13 4.42e-10 3.71e-09 1   0.02 71 -3.54 -4.08 1.43e-10 8.47e-09 0 0
PS08_PS   374.6/-0.00 1   0.00 20  1.02 -5.33 1.37e-11 2.81e-09 1   0.00 65  1.02 -3.07 1.18e-10 2.54e-09 1   0.00 22  5.08 -3.42 5.30e-11 1.62e-09 1   0.00 83  5.08 -2.05 2.20e-10 1.71e-09 1   0.02 62 -2.32 -4.74 7.25e-11 8.27e-09 0 0
DOT_AK    380.5/-0.00 1   0.00  6 -0.62 -4.42 8.52e-11 7.07e-09 1   0.00 50 -0.62 -3.72 1.55e-10 6.35e-09 1   0.00 31  7.82 -1.78 4.18e-10 2.48e-09 1   0.00 48  7.82 -1.82 3.74e-10 2.30e-09 1   0.00 34  4.32 -3.40 1.07e-10 3.21e-09 0 0
BGLC_AK   381.7/-0.00 1   0.00 16 -3.00 -1.10 7.89e-10 2.36e-09 1   0.00 43 -3.00 -0.42 1.38e-09 2.10e-09 1   0.01  0 12.00 -2.60 3.22e-10 4.33e-09 1   0.00 42 12.00 -2.06 4.66e-10 3.68e-09 1   0.02 52  2.12 -3.86 1.72e-10 8.18e-09 0 0
COLA_IU   392.7/-0.00 1   0.00 29  0.54 -1.44 1.82e-10 7.68e-10 1   0.00 37  0.54 -1.44 1.64e-10 6.94e-10 1   0.00 43  2.54 -2.42 1.66e-10 1.87e-09 1   0.00 66  2.54 -2.23 1.82e-10 1.69e-09 1   0.02 77 -9.80 -4.46 1.03e-10 8.94e-09 0 0
MDM_AK    398.1/-0.00 1   0.00  6  0.60 -0.31 1.80e-10 2.46e-10 1   0.00 25  0.60 -0.60 1.33e-10 2.41e-10 1   0.00 47  3.32 -2.44 1.72e-10 1.98e-09 1   0.00 66  3.32 -2.12 2.06e-10 1.71e-09 1   0.02 77 -10.34 -4.67 8.41e-11 8.99e-09 0 0
KULT_AK   404.3/-0.00 1   0.00  0 -0.66 -2.64 2.12e-10 2.96e-09 1   0.00 26 -0.66 -1.10 8.77e-10 2.65e-09 1   0.00 31 -5.04 -2.76 2.70e-10 4.26e-09 1   0.00  0 -5.04 -2.35 3.32e-10 3.49e-09 1   0.02 66 -6.08 -4.54 9.06e-11 8.49e-09 0 0
SCRK_AK   406.8/-0.00 1   0.00 23  1.56 -3.76 1.55e-10 6.67e-09 1   0.00 37  1.56 -3.96 1.15e-10 5.99e-09 1   0.00 47  7.70 -2.18 2.40e-10 2.13e-09 1   0.00 61  7.70 -2.40 1.94e-10 2.14e-09 1   0.00 60  3.80 -3.04 1.85e-10 3.84e-09 0 0
BARK_AK   410.0/-0.00 1   0.00  9  1.16 -2.38 3.18e-10 3.44e-09 1   0.00 34  1.16 -2.46 2.61e-10 3.06e-09 1   0.00  1 12.00 -2.70 2.83e-10 4.21e-09 1   0.00 17 12.00 -2.47 2.88e-10 3.41e-09 1   0.02 91 -5.68 -3.92 1.72e-10 8.66e-09 0 0
ISLE_AK   411.0/-0.00 1   0.00  0 -1.24 -2.94 2.10e-10 3.96e-09 1   0.00 51 -1.24 -2.28 3.64e-10 3.54e-09 1   0.00 28 12.00 -2.48 3.48e-10 4.15e-09 1   0.00 21 12.00 -2.53 2.68e-10 3.35e-09 1   0.02 68 12.00 -4.13 1.41e-10 8.79e-09 0 0
BAGL_AK   427.8/-0.00 1   0.00 63 -1.06 -2.71 2.50e-10 3.77e-09 1   0.00 18 -1.06 -2.76 2.12e-10 3.36e-09 1   0.00 24 -1.04 -2.64 2.92e-10 4.10e-09 1   0.00  0 -1.04 -2.46 2.78e-10 3.25e-09 1   0.02 78 -5.82 -3.64 2.27e-10 8.61e-09 0 0
PS07_PS   435.9/-0.00 1   0.00 29 -0.92 -0.77 1.22e-10 2.64e-10 1   0.00 20 -0.92 -4.19 3.51e-12 2.32e-10 1   0.00 39 11.26 -2.66 1.40e-10 2.01e-09 1   0.00  0 11.26 -5.64 5.87e-12 1.66e-09 1   0.02 39 -2.90 -6.96 8.13e-12 8.59e-09 0 0
KDAK_II   439.2/-0.00 1   0.00 19  1.28 -2.22 4.22e-10 3.90e-09 1   0.00  0  1.28 -2.10 4.28e-10 3.49e-09 1   0.00 58 -5.98 -1.99 2.25e-10 1.64e-09 1   0.00 20 -5.98 -2.36 1.45e-10 1.53e-09 1   0.02 82  8.72 -4.66 7.72e-11 8.14e-09 0 0
MESA_AK   446.9/-0.00 1   0.00 42 -1.62 -1.91 4.61e-10 3.11e-09 1   0.00 39 -1.62 -2.17 3.16e-10 2.77e-09 1   0.00 48 -8.58 -2.89 2.27e-10 4.08e-09 1   0.00  2 -8.58 -2.70 2.13e-10 3.16e-09 1   0.02 48 -1.22 -4.29 1.12e-10 8.17e-09 0 0
KAKN_AV   460.8/-0.00 1   0.00 41  0.98 -2.69 3.37e-10 4.97e-09 1   0.00 27  0.98 -2.62 3.22e-10 4.44e-09 1   0.00 67 -12.00 -1.16 5.53e-10 1.76e-09 1   0.00  0 -12.00 -1.29 4.93e-10 1.80e-09 1   0.00 21  7.82 -2.41 3.85e-10 4.30e-09 0 0
KABU_AV   471.1/-0.00 1   0.00 54 -1.82 -2.41 4.43e-10 4.92e-09 1   0.00  0 -1.82 -2.64 3.13e-10 4.38e-09 1   0.00 14 10.94  0.03 1.86e-09 1.80e-09 1   0.00 30 10.94 -1.05 6.21e-10 1.77e-09 1   0.00 28 -2.48 -2.62 2.94e-10 4.03e-09 0 0
RKAV_AK   473.4/-0.00 1   0.00 55 -2.68 -2.49 2.94e-10 3.54e-09 1   0.00 23 -2.68 -1.87 4.79e-10 3.11e-09 1   0.00 51 -4.04 -2.69 2.64e-10 3.89e-09 1   0.00  0 -4.04 -2.89 1.65e-10 2.95e-09 1   0.02 76 -5.68 -4.64 7.70e-11 7.97e-09 0 0
LOGN_AK   475.6/-0.00 1   0.00 58 -0.12 -2.60 3.42e-10 4.60e-09 1   0.00 49 -0.12 -2.27 4.21e-10 4.09e-09 1   0.00 43 -6.56 -2.79 2.27e-10 3.69e-09 1   0.00 14 -6.56 -2.83 1.68e-10 2.85e-09 1   0.02 83 -7.36 -3.90 1.61e-10 7.97e-09 0 0
TABL_AK   479.1/-0.00 1   0.00 72 -0.46 -2.73 2.45e-10 3.76e-09 1   0.00 67 -0.46 -2.60 2.52e-10 3.39e-09 1   0.00 55 -1.00 -2.66 2.66e-10 3.80e-09 1   0.00 47 -1.00 -3.07 1.34e-10 2.88e-09 1   0.02 24 -7.08 -3.91 1.59e-10 7.94e-09 0 0
PS06_PS   490.5/-0.00 1   0.00 25  1.50 -2.40 2.02e-10 2.23e-09 1   0.00  9  1.50 -3.11 8.84e-11 1.98e-09 1   0.00 69  3.38 -2.31 2.24e-10 2.25e-09 1   0.00 24  3.38 -2.32 1.74e-10 1.77e-09 1   0.02 33  8.80 -3.50 2.21e-10 7.31e-09 0 0
INPUT_PAR scak_23 P_win 15 S_win 120 P 3e-8 p 2 NCOM 5 spiB 20 spiS 60 Body:2.00-5.00. Surf:16.67-40.00 FMT false
