Event 20090407201255351 Model scak_045 FM 20.0000 42.3872 -90.0000 Mw 4.60 rms 9.612e-10  3720 ERR   0   0   0 ISO 0.00 0.00 CLVD 0.00 0.00 VR 79.8 data2 4.750e-09
# Hypocenter_sac_header elat 6.145420e+01 elon -1.497428e+02 edep 3.303360e+01
# tensor = 1.000e+23  0.1165 -0.3201  0.0312  0.8794 -0.0856 -0.9958
# norm L2    # Pwin 15 Swin 120    # N 21 Np 0 Ns 21
BIGB_YV    15.9/-0.00 0  18.43 84 -1.16  0.87 1.81e-08 7.61e-09 0   3.15  4 -1.16  0.79 4.45e-09 2.02e-09 1   0.48 99 -1.08 -0.03 6.34e-09 6.52e-09 1   0.80 98 -1.08 -0.31 2.43e-09 3.32e-09 0   0.03 94 -4.56 -0.17 3.86e-10 4.58e-10 0 0
PMR_AT     36.0/-0.00 0   3.67 63 -1.38  0.60 5.45e-09 2.98e-09 0   6.12 33 -1.38  1.41 9.32e-09 2.28e-09 1   0.33 99  0.20 -0.14 3.33e-09 3.84e-09 1   0.54 98  0.20 -0.18 3.19e-09 3.83e-09 1   0.39 96  0.72  0.03 2.24e-09 2.18e-09 0 0
KASH_YV    49.0/-0.00 0  15.50 49 -1.44  1.80 9.31e-09 1.53e-09 0   7.69 50 -1.44  2.05 9.60e-09 1.23e-09 1   1.40 94 -1.32 -0.04 3.59e-09 3.72e-09 1   8.06 61 -1.32 -0.02 3.26e-09 3.34e-09 1   1.38 86 -0.66 -0.07 2.13e-09 2.29e-09 0 0
MPEN_YV    89.5/-0.00 0   1.50 88  0.94  1.15 4.07e-09 1.29e-09 0   0.84 30  0.94  0.54 1.77e-09 1.03e-09 1   0.61 95  4.04 -0.48 1.11e-09 1.78e-09 1   1.28 91  4.04  0.26 2.69e-09 2.07e-09 1   0.40 86  0.76  0.31 8.98e-10 6.62e-10 0 0
DEVL_YV   101.0/-0.00 0   0.52 65  1.68  0.30 2.23e-09 1.65e-09 0   0.43 66  1.68  0.31 1.89e-09 1.38e-09 1   0.45 92  3.10 -0.03 1.59e-09 1.63e-09 1   0.65 95  3.10 -0.35 1.58e-09 2.25e-09 1   0.82 99 -0.18 -0.43 1.70e-09 2.61e-09 0 0
BLAK_YV   104.1/-0.00 0   3.93 85 -0.16  0.20 1.23e-08 1.00e-08 0   3.59 93 -0.16  0.44 1.35e-08 8.69e-09 1   0.96 90  2.48  0.06 2.35e-09 2.21e-09 1   2.36 92  2.48 -0.08 3.73e-09 4.05e-09 1   1.35 95  0.50 -0.43 1.75e-09 2.68e-09 0 0
NSKI_YV   121.0/-0.00 0   1.81 61  0.62  0.98 3.89e-09 1.46e-09 0   2.32  2  0.62  1.15 3.93e-09 1.24e-09 1   2.49 74  5.16  0.47 2.51e-09 1.56e-09 1   9.21 91  5.16  0.67 5.04e-09 2.58e-09 1   7.04 88  2.36  0.45 3.81e-09 2.44e-09 0 0
AVAL_YV   122.1/-0.00 0   0.30 84 -0.24 -0.22 2.27e-09 2.83e-09 0   0.26 82 -0.24  0.15 2.88e-09 2.47e-09 1   0.46 98  3.46  0.30 1.98e-09 1.47e-09 1   1.99 86  3.46 -0.47 1.76e-09 2.80e-09 1   1.15 97 -0.60 -0.38 2.00e-09 2.92e-09 0 0
PERI_YV   127.3/-0.00 0  24.27 76  0.12  0.81 2.38e-08 1.06e-08 0  21.32 73  0.12  0.76 2.02e-08 9.41e-09 1   0.94 89  3.14  0.05 1.99e-09 1.90e-09 1   1.47 96  3.14 -0.08 4.30e-09 4.63e-09 1   0.73 95  0.28 -0.45 1.35e-09 2.12e-09 0 0
SOLD_YV   132.0/-0.00 0   2.28 69  2.36  2.11 4.77e-09 5.76e-10 0   6.39  0  2.36  2.49 5.46e-09 4.50e-10 1   0.20 95  5.48  0.06 1.50e-09 1.41e-09 1   4.66 96  5.48  0.70 4.90e-09 2.43e-09 1   0.98 88  2.28  0.10 1.69e-09 1.53e-09 0 0
SWD_AK    151.2/-0.00 0   0.19 86  0.32  0.05 2.16e-09 2.05e-09 0   0.15 79  0.32 -0.36 1.27e-09 1.81e-09 1   1.74 94  3.76  0.42 2.48e-09 1.62e-09 1   2.97 89  3.76 -1.09 8.60e-10 2.57e-09 1   0.73 96  0.86 -0.33 1.81e-09 2.51e-09 0 0
HEAD_YV   162.1/-0.00 0   0.31 64  0.18 -0.38 1.40e-09 2.06e-09 0   0.17 89  0.18  0.26 2.37e-09 1.82e-09 1   1.10 87  4.08  0.13 2.05e-09 1.80e-09 1   1.55 86  4.08 -0.46 1.50e-09 2.37e-09 1   1.22 95 -0.98 -0.45 1.57e-09 2.46e-09 0 0
PPLA_AK   205.1/-0.00 0   2.82 73 -0.04 -0.49 4.33e-09 7.09e-09 0   2.00 77 -0.04 -0.14 5.60e-09 6.42e-09 1   1.53 94  3.06  0.05 3.32e-09 3.14e-09 1   1.33 94  3.06  0.27 3.23e-09 2.46e-09 1   0.29 98  0.00 -0.16 2.15e-09 2.54e-09 0 0
DIV_AK    215.7/-0.00 0   3.40 85  0.06 -0.53 5.53e-09 9.41e-09 0   4.18 71  0.06 -0.36 5.93e-09 8.53e-09 1   2.61 93  5.18 -0.03 4.07e-09 4.19e-09 1   1.42 90  5.18  0.09 2.90e-09 2.66e-09 1   0.55 84 -2.22  0.22 1.35e-09 1.08e-09 0 0
DHY_AK    218.5/-0.00 0   0.23 39 -3.00  1.67 1.47e-09 2.78e-10 0   0.20 42 -3.00  1.57 1.19e-09 2.49e-10 1   0.38 97  1.98 -0.06 2.24e-09 2.38e-09 1   0.32 93  1.98 -0.03 1.53e-09 1.56e-09 1   0.49 83 -1.86 -0.11 1.02e-09 1.13e-09 0 0
RND_AK    222.2/-0.00 0   0.41 81  0.64  2.31 2.30e-09 2.29e-10 0   0.56 57  0.64  2.24 2.00e-09 2.13e-10 1   0.22 98  1.74  0.01 2.38e-09 2.36e-09 1   0.17 96  1.74  0.01 1.60e-09 1.58e-09 1   0.08 96  0.38 -0.02 8.17e-10 8.31e-10 0 0
EYAK_AK   238.4/-0.00 0   7.28 68  2.50 -1.00 3.56e-09 9.63e-09 0   5.45 73  2.50 -0.87 3.64e-09 8.72e-09 1  10.21 91  6.32  0.38 6.23e-09 4.24e-09 1   1.33 93  6.32  0.22 3.64e-09 2.94e-09 1   0.21 69 -1.38  0.67 5.66e-10 2.89e-10 0 0
CAST_AK   250.1/-0.00 0   0.85 87 -0.06 -0.05 5.08e-09 5.36e-09 0   0.37 93 -0.06  0.12 5.44e-09 4.83e-09 1   0.98 95  3.60 -0.10 3.01e-09 3.33e-09 1   1.70 84  3.60 -0.10 2.18e-09 2.39e-09 1   0.93 94 -1.00 -0.15 2.20e-09 2.56e-09 0 0
MCK_AK    257.2/-0.00 0   0.38 34 -1.70  2.29 2.07e-09 2.10e-10 0   1.07 71 -1.70  2.48 2.28e-09 1.92e-10 1   0.29 97  2.80  0.06 2.61e-09 2.46e-09 1   0.20 96  2.80 -0.05 1.60e-09 1.68e-09 1   0.08 97  0.50  0.02 1.03e-09 1.01e-09 0 0
PAX_AK    279.1/-0.00 0   0.58 47  1.14 -0.19 1.77e-09 2.14e-09 0   0.64 49  1.14  0.01 1.95e-09 1.92e-09 1   0.56 96  3.52  0.01 2.77e-09 2.75e-09 1   0.71 93  3.52 -0.15 1.79e-09 2.08e-09 1   1.53 88 -1.58 -0.47 1.44e-09 2.31e-09 0 0
BMR_AK    281.3/-0.00 0   8.84 32 -3.00 -1.41 2.22e-09 9.08e-09 0   5.99 47 -3.00 -1.45 1.93e-09 8.18e-09 1   3.04 91  7.24  0.09 4.22e-09 3.87e-09 1   4.43 85  7.24 -0.34 2.51e-09 3.52e-09 1   1.49 80 -1.68  0.68 1.96e-09 9.96e-10 0 0
INPUT_PAR scak_45 P_win 15 S_win 120 P 3e-8 p 2 NCOM 5 spiB 20 spiS 60 Body:2.00-5.00. Surf:16.67-40.00 FMT false
