Event 20090407201255351 Model scak_041 FM  20 42 -90 Mw 4.50 rms 3.518e-05  3474 ERR   0   0   0 ISO 0.00 0.00 CLVD 0.00 0.00 VR 73.0
# Hypocenter_sac_header elat 6.145420e+01 elon -1.497428e+02 edep 3.303360e+01
# tensor = 7.079e+22  0.1165 -0.3201  0.0312  0.8794 -0.0856 -0.9958
# norm L1    # Pwin 20 Swin 100    # N 25 Np 19 Ns 21
BIGB_YV    15.9/-0.00 1 4.21e-05 92  0.00 1 1.66e-05 98  0.00 1 4.42e-05 99 -0.68 1 1.21e-05 98 -0.68 0 1.93e-05  0 -12.00  0  -1.00
PMR_AT     36.0/-0.00 1 6.81e-05 97  0.00 1 5.93e-05 95  0.00 1 2.31e-05 98  0.42 1 1.86e-05 99  0.42 1 2.12e-05 95  1.26  0  -1.00
KASH_YV    49.0/-0.00 1 1.29e-04 38 -0.66 1 1.81e-04 94 -0.66 1 4.81e-05 93 -1.16 1 1.24e-04 14 -1.16 1 4.80e-05 70  0.10  0  -1.00
TUPA_YV    78.3/-0.00 1 1.76e-05 90 -0.38 1 6.02e-05 79 -0.38 0 9.85e-05  0 -12.00 0 1.87e-04  0 -12.00 0 1.74e-04  0 -12.00  0  -1.00
LSUM_YV    88.3/-0.00 1 1.52e-05 85 -0.40 1 2.79e-05 84 -0.40 0 7.27e-05  0 -12.00 0 8.00e-05  0 -12.00 0 1.14e-04  0 -12.00  0  -1.00
MPEN_YV    89.5/-0.00 1 5.08e-05 25 -1.16 1 5.00e-05  6 -1.16 1 1.22e-05 93  4.04 1 3.38e-05 93  4.04 1 2.68e-05 66  0.48  0  -1.00
DEVL_YV   101.0/-0.00 1 9.81e-06 82 -0.26 1 1.96e-05 76 -0.26 1 2.36e-05 91  3.10 1 1.33e-05 97  3.10 1 9.05e-06 99 -0.10  0  -1.00
BLAK_YV   104.1/-0.00 1 1.02e-05 98 -0.18 1 3.28e-05 89 -0.18 1 2.67e-05 95  2.82 1 4.16e-05 91  2.82 1 1.78e-05 96  0.46  0  -1.00
LSKI_YV   115.0/-0.00 1 6.72e-06 22 -1.18 1 1.32e-05 59 -1.18 0 5.04e-05  0 -12.00 0 7.95e-05  0 -12.00 0 3.02e-05 57 -12.00  0  -1.00
NSKI_YV   121.0/-0.00 0 8.88e-05  0 -3.00 0 8.42e-05  0 -3.00 1 4.29e-05 81  5.44 1 1.08e-04 91  5.44 1 8.93e-05 87  2.60  0  -1.00
AVAL_YV   122.1/-0.00 1 2.47e-05 94  0.40 1 2.67e-05 80  0.40 1 2.80e-05 94  3.66 1 2.40e-05 90  3.66 1 1.80e-05 95 -0.76  0  -1.00
PERI_YV   127.3/-0.00 1 9.49e-06 98  0.10 1 4.56e-05 91  0.10 1 2.70e-05 92  3.36 1 3.38e-05 96  3.36 1 1.15e-05 97  0.26  0  -1.00
SOLD_YV   132.0/-0.00 0 7.14e-05  0 -3.00 0 6.08e-05 58 -3.00 1 1.38e-05 97  5.72 1 7.57e-05 94  5.72 1 3.67e-05 86  2.06  0  -1.00
SWD_AK    151.2/-0.00 1 1.60e-05 48  0.26 1 3.99e-05 68  0.26 1 4.22e-05 92  3.76 1 3.15e-05 88  3.76 1 1.90e-05 93  1.18  0  -1.00
HEAD_YV   162.1/-0.00 1 1.67e-05 28  0.32 1 3.06e-05 65  0.32 1 3.01e-05 87  4.02 1 2.89e-05 81  4.02 1 2.81e-05 85 -1.30  0  -1.00
PPLA_AK   205.1/-0.00 1 2.59e-05 94  0.40 1 6.66e-05 77  0.40 1 4.33e-05 93  3.16 1 4.66e-05 92  3.16 1 1.25e-05 98 -0.14  0  -1.00
DIV_AK    215.7/-0.00 1 1.24e-05 96  0.14 1 5.94e-05 93  0.14 1 5.71e-05 91  5.24 1 4.54e-05 86  5.24 1 2.19e-05 84 -2.20  0  -1.00
DHY_AK    218.5/-0.00 0 2.17e-05 10 -3.00 0 1.46e-05 74 -3.00 1 2.43e-05 94  2.00 1 2.02e-05 92  2.00 1 1.65e-05 82 -1.92  0  -1.00
RND_AK    222.2/-0.00 1 1.78e-05  0  0.22 1 3.30e-05 55  0.22 1 1.93e-05 97  1.80 1 1.55e-05 97  1.80 1 1.01e-05 96  0.32  0  -1.00
TRF_AK    224.2/-0.00 1 1.53e-05 62 -0.20 1 4.24e-05 62 -0.20 0 1.05e-04  0 -12.00 0 1.16e-04 27 -12.00 0 1.28e-04  0 -12.00  0  -1.00
EYAK_AK   238.4/-0.00 1 2.19e-05 91  1.14 1 2.91e-05 95  1.14 1 1.17e-04 87  6.48 1 5.10e-05 87  6.48 1 1.44e-05 64 -1.36  0  -1.00
CAST_AK   250.1/-0.00 1 1.42e-05 95  0.14 1 2.12e-05 67  0.14 1 3.27e-05 94  3.76 1 5.70e-05 68  3.76 1 1.60e-05 97 -1.12  0  -1.00
MCK_AK    257.2/-0.00 0 2.16e-05  0 -3.00 0 1.23e-05  0 -3.00 1 2.28e-05 97  2.84 1 1.37e-05 97  2.84 1 1.03e-05 97  0.40  0  -1.00
PAX_AK    279.1/-0.00 0 3.53e-05  0 -3.00 0 4.99e-05  0 -3.00 1 2.95e-05 95  3.52 1 2.75e-05 88  3.52 1 2.79e-05 85 -1.62  0  -1.00
BMR_AK    281.3/-0.00 0 1.02e-04  0 -3.00 0 8.35e-05  0 -3.00 1 6.36e-05 89  7.42 1 5.06e-05 79  7.42 1 3.99e-05 79 -1.34  0  -1.00
